# Detector n:     1  
cool20    
# A/Z Isotopes:
  209   76   0.000       0.000    
  209   77   0.000       0.000    
  209   78   0.000       0.000    
  209   79   0.000       0.000    
  209   80   0.000       0.000    
  209   81   0.000       0.000    
  209   82   4.288       61.24    
  209   83   0.000       0.000    
  209   84   0.000       0.000    
  209   85   0.000       0.000    
  209   86   0.000       0.000    
  208   76   0.000       0.000    
  208   77   0.000       0.000    
  208   78   0.000       0.000    
  208   79   0.000       0.000    
  208   80   0.000       0.000    
  208   81  0.2295       99.00    
  208   82   0.000       0.000    
  208   83  1.6912E-04   15.00    
  208   84   0.000       0.000    
  208   85   0.000       0.000    
  208   86   0.000       0.000    
  207   76   0.000       0.000    
  207   77   0.000       0.000    
  207   78   0.000       0.000    
  207   79   0.000       0.000    
  207   80   0.000       0.000    
  207   81   25.48       15.61    
  207   82   0.000       0.000    
  207   83   13.87       5.645    
  207   84   0.000       0.000    
  207   85   0.000       0.000    
  207   86   0.000       0.000    
  206   76   0.000       0.000    
  206   77   0.000       0.000    
  206   78   0.000       0.000    
  206   79   0.000       0.000    
  206   80  0.9660       99.00    
  206   81   23.29       10.74    
  206   82   0.000       0.000    
  206   83   2218.      0.9283    
  206   84   0.000       0.000    
  206   85   0.000       0.000    
  206   86   0.000       0.000    
  205   76   0.000       0.000    
  205   77   0.000       0.000    
  205   78   0.000       0.000    
  205   79   0.000       0.000    
  205   80   0.000       0.000    
  205   81   0.000       0.000    
  205   82  1.1227E-04   1.255    
  205   83   3464.       1.195    
  205   84   0.000       0.000    
  205   85   0.000       0.000    
  205   86   0.000       0.000    
  204   76   0.000       0.000    
  204   77   0.000       0.000    
  204   78   0.000       0.000    
  204   79   0.000       0.000    
  204   80   0.000       0.000    
  204   81   8.526       10.54    
  204   82   0.000       0.000    
  204   83   3484.       2.701    
  204   84   0.000       0.000    
  204   85   0.000       0.000    
  204   86   0.000       0.000    
  203   76   0.000       0.000    
  203   77   0.000       0.000    
  203   78   0.000       0.000    
  203   79   0.000       0.000    
  203   80   0.000       0.000    
  203   81   0.000       0.000    
  203   82   6111.       1.502    
  203   83   3959.       2.180    
  203   84   0.000       0.000    
  203   85   0.000       0.000    
  203   86   0.000       0.000    
  202   76   0.000       0.000    
  202   77   0.000       0.000    
  202   78   0.000       0.000    
  202   79   0.000       0.000    
  202   80   0.000       0.000    
  202   81   83.24       10.31    
  202   82  3.2399E-02   3.312    
  202   83   1109.       6.150    
  202   84   0.000       0.000    
  202   85   0.000       0.000    
  202   86   0.000       0.000    
  201   76   0.000       0.000    
  201   77   0.000       0.000    
  201   78   0.000       0.000    
  201   79   0.000       0.000    
  201   80   0.000       0.000    
  201   81   3933.       1.370    
  201   82   3854.       1.393    
  201   83   1294.       3.894    
  201   84   0.000       0.000    
  201   85   0.000       0.000    
  201   86   0.000       0.000    
  200   76   0.000       0.000    
  200   77   0.000       0.000    
  200   78   0.000       0.000    
  200   79   0.000       0.000    
  200   80   0.000       0.000    
  200   81   2313.       2.340    
  200   82   2270.       2.255    
  200   83   312.3       3.085    
  200   84   0.000       0.000    
  200   85   0.000       0.000    
  200   86   0.000       0.000    
  199   76   0.000       0.000    
  199   77   0.000       0.000    
  199   78   0.000       0.000    
  199   79   0.000       0.000    
  199   80   0.000       0.000    
  199   81   1162.       2.623    
  199   82   1102.       2.296    
  199   83   464.1       2.615    
  199   84   0.000       0.000    
  199   85   0.000       0.000    
  199   86   0.000       0.000    
  198   76   0.000       0.000    
  198   77   0.000       0.000    
  198   78   0.000       0.000    
  198   79   0.000       0.000    
  198   80   0.000       0.000    
  198   81   323.5       5.156    
  198   82   285.6       6.335    
  198   83   23.81       15.79    
  198   84   0.000       0.000    
  198   85   0.000       0.000    
  198   86   0.000       0.000    
  197   76   0.000       0.000    
  197   77   0.000       0.000    
  197   78   0.000       0.000    
  197   79   0.000       0.000    
  197   80   103.3       8.434    
  197   81   100.5       8.703    
  197   82   35.35       16.26    
  197   83   13.75       28.75    
  197   84   0.000       0.000    
  197   85   0.000       0.000    
  197   86   0.000       0.000    
  196   76   0.000       0.000    
  196   77   0.000       0.000    
  196   78   0.000       0.000    
  196   79   0.000       0.000    
  196   80   0.000       0.000    
  196   81   32.31       10.44    
  196   82   7.574       47.70    
  196   83  0.5759       99.00    
  196   84   0.000       0.000    
  196   85   0.000       0.000    
  196   86   0.000       0.000    
  195   76   0.000       0.000    
  195   77   0.000       0.000    
  195   78   0.000       0.000    
  195   79   7.401       17.47    
  195   80   15.55       17.47    
  195   81   14.11       17.45    
  195   82   0.000       0.000    
  195   83   0.000       0.000    
  195   84   0.000       0.000    
  195   85   0.000       0.000    
  195   86   0.000       0.000    
  194   76   0.000       0.000    
  194   77   0.000       0.000    
  194   78   0.000       0.000    
  194   79  1.6265E-03   99.00    
  194   80  1.6482E-03   99.00    
  194   81   1.801       99.00    
  194   82   0.000       0.000    
  194   83   0.000       0.000    
  194   84   0.000       0.000    
  194   85   0.000       0.000    
  194   86   0.000       0.000    
  193   76   0.000       0.000    
  193   77   0.000       0.000    
  193   78  1.5887E-02   61.24    
  193   79   2.437       61.24    
  193   80   2.434       61.24    
  193   81   2.119       61.24    
  193   82   0.000       0.000    
  193   83   0.000       0.000    
  193   84   0.000       0.000    
  193   85   0.000       0.000    
  193   86   0.000       0.000    
  192   76   0.000       0.000    
  192   77   0.000       0.000    
  192   78   0.000       0.000    
  192   79  2.5555E-05   99.00    
  192   80  2.5495E-05   99.00    
  192   81  1.9069E-05   99.00    
  192   82   0.000       0.000    
  192   83   0.000       0.000    
  192   84   0.000       0.000    
  192   85   0.000       0.000    
  192   86   0.000       0.000    
  133   54   2.222       99.00    
  133   55   0.000       0.000    
  133   56   0.000       0.000    
  133   57   0.000       0.000    
  133   58   0.000       0.000    
  133   59   0.000       0.000    
  133   60   0.000       0.000    
  133   61   0.000       0.000    
  133   62   0.000       0.000    
  133   63   0.000       0.000    
  133   64   0.000       0.000    
  125   43   0.000       0.000    
  125   44   0.000       0.000    
  125   45   0.000       0.000    
  125   46   0.000       0.000    
  125   47   0.000       0.000    
  125   48   0.000       0.000    
  125   49   0.000       0.000    
  125   50   0.000       0.000    
  125   51  0.5003       99.00    
  125   52   0.000       0.000    
  125   53   0.000       0.000    
  124   43   0.000       0.000    
  124   44   0.000       0.000    
  124   45   0.000       0.000    
  124   46   0.000       0.000    
  124   47   0.000       0.000    
  124   48   0.000       0.000    
  124   49   0.000       0.000    
  124   50   0.000       0.000    
  124   51   1.921       99.00    
  124   52   0.000       0.000    
  124   53   0.000       0.000    
  123   43   0.000       0.000    
  123   44   0.000       0.000    
  123   45   0.000       0.000    
  123   46   0.000       0.000    
  123   47   0.000       0.000    
  123   48   0.000       0.000    
  123   49   0.000       0.000    
  123   50   0.000       0.000    
  123   51   0.000       0.000    
  123   52   0.000       0.000    
  123   53   0.000       0.000    
  122   43   0.000       0.000    
  122   44   0.000       0.000    
  122   45   0.000       0.000    
  122   46   0.000       0.000    
  122   47   0.000       0.000    
  122   48   0.000       0.000    
  122   49   0.000       0.000    
  122   50   0.000       0.000    
  122   51   0.000       0.000    
  122   52   0.000       0.000    
  122   53   0.000       0.000    
  121   43   0.000       0.000    
  121   44   0.000       0.000    
  121   45   0.000       0.000    
  121   46   0.000       0.000    
  121   47   0.000       0.000    
  121   48   0.000       0.000    
  121   49   0.000       0.000    
  121   50   2.213       99.00    
  121   51   0.000       0.000    
  121   52   0.000       0.000    
  121   53   0.000       0.000    
  120   43   0.000       0.000    
  120   44   0.000       0.000    
  120   45   0.000       0.000    
  120   46   0.000       0.000    
  120   47   0.000       0.000    
  120   48  6.1846E-04   99.00    
  120   49  6.5838E-04   99.00    
  120   50   0.000       0.000    
  120   51   0.000       0.000    
  120   52   0.000       0.000    
  120   53   0.000       0.000    
  119   43   0.000       0.000    
  119   44   0.000       0.000    
  119   45   0.000       0.000    
  119   46   0.000       0.000    
  119   47   0.000       0.000    
  119   48  0.1689       99.00    
  119   49  0.3872       67.56    
  119   50   0.000       0.000    
  119   51   0.000       0.000    
  119   52   0.000       0.000    
  119   53   0.000       0.000    
  118   43   0.000       0.000    
  118   44   0.000       0.000    
  118   45   0.000       0.000    
  118   46   0.000       0.000    
  118   47   0.000       0.000    
  118   48   1.936       99.00    
  118   49   1.939       99.00    
  118   50   0.000       0.000    
  118   51   0.000       0.000    
  118   52   0.000       0.000    
  118   53   0.000       0.000    
  117   43   0.000       0.000    
  117   44   0.000       0.000    
  117   45   0.000       0.000    
  117   46   0.000       0.000    
  117   47   0.000       0.000    
  117   48   0.000       0.000    
  117   49   6.292       65.69    
  117   50   0.000       0.000    
  117   51   0.000       0.000    
  117   52   0.000       0.000    
  117   53   0.000       0.000    
  116   43   0.000       0.000    
  116   44   0.000       0.000    
  116   45   0.000       0.000    
  116   46   0.000       0.000    
  116   47   0.000       0.000    
  116   48   0.000       0.000    
  116   49  3.4435E-13   99.00    
  116   50   0.000       0.000    
  116   51   0.000       0.000    
  116   52   0.000       0.000    
  116   53   0.000       0.000    
  115   43   0.000       0.000    
  115   44   0.000       0.000    
  115   45   0.000       0.000    
  115   46   0.000       0.000    
  115   47   4.714       40.82    
  115   48   8.560       47.18    
  115   49   0.000       0.000    
  115   50   0.000       0.000    
  115   51   0.000       0.000    
  115   52   0.000       0.000    
  115   53   0.000       0.000    
  114   43   0.000       0.000    
  114   44   0.000       0.000    
  114   45   0.000       0.000    
  114   46  0.1267       99.00    
  114   47  0.1309       99.00    
  114   48   0.000       0.000    
  114   49   0.000       0.000    
  114   50   0.000       0.000    
  114   51   0.000       0.000    
  114   52   0.000       0.000    
  114   53   0.000       0.000    
  113   43   0.000       0.000    
  113   44   0.000       0.000    
  113   45   0.000       0.000    
  113   46  5.2356E-02   99.00    
  113   47   9.391       49.43    
  113   48   0.000       0.000    
  113   49   0.000       0.000    
  113   50   0.000       0.000    
  113   51   0.000       0.000    
  113   52   0.000       0.000    
  113   53   0.000       0.000    
  112   43   0.000       0.000    
  112   44   0.000       0.000    
  112   45   0.000       0.000    
  112   46   8.840       46.77    
  112   47   11.03       31.86    
  112   48   0.000       0.000    
  112   49   0.000       0.000    
  112   50   0.000       0.000    
  112   51   0.000       0.000    
  112   52   0.000       0.000    
  112   53   0.000       0.000    
  111   43   0.000       0.000    
  111   44   0.000       0.000    
  111   45  8.4522E-17   99.00    
  111   46   4.971       40.83    
  111   47   8.841       46.82    
  111   48   0.000       0.000    
  111   49   0.000       0.000    
  111   50   0.000       0.000    
  111   51   0.000       0.000    
  111   52   0.000       0.000    
  111   53   0.000       0.000    
  110   43   0.000       0.000    
  110   44  4.4292E-15   61.24    
  110   45  6.1366E-15   61.24    
  110   46   0.000       0.000    
  110   47   0.000       0.000    
  110   48   0.000       0.000    
  110   49   0.000       0.000    
  110   50   0.000       0.000    
  110   51   0.000       0.000    
  110   52   0.000       0.000    
  110   53   0.000       0.000    
  109   43   0.000       0.000    
  109   44  2.4963E-05   61.24    
  109   45  0.1096       32.70    
  109   46   19.86       40.81    
  109   47   0.000       0.000    
  109   48   0.000       0.000    
  109   49   0.000       0.000    
  109   50   0.000       0.000    
  109   51   0.000       0.000    
  109   52   0.000       0.000    
  109   53   0.000       0.000    
  108   43   0.000       0.000    
  108   44   2.422       31.62    
  108   45   2.581       31.62    
  108   46   0.000       0.000    
  108   47   0.000       0.000    
  108   48   0.000       0.000    
  108   49   0.000       0.000    
  108   50   0.000       0.000    
  108   51   0.000       0.000    
  108   52   0.000       0.000    
  108   53   0.000       0.000    
  107   43  6.7154E-09   99.00    
  107   44   3.186       20.73    
  107   45   21.78       16.06    
  107   46  1.3515E-06   16.67    
  107   47   0.000       0.000    
  107   48   0.000       0.000    
  107   49   0.000       0.000    
  107   50   0.000       0.000    
  107   51   0.000       0.000    
  107   52   0.000       0.000    
  107   53   0.000       0.000    
  106   43  6.2377E-05   41.79    
  106   44   4.916       25.00    
  106   45   4.916       25.00    
  106   46   0.000       0.000    
  106   47   0.000       0.000    
  106   48   0.000       0.000    
  106   49   0.000       0.000    
  106   50   0.000       0.000    
  106   51   0.000       0.000    
  106   52   0.000       0.000    
  106   53   0.000       0.000    
  105   43   4.539       44.93    
  105   44   13.18       31.31    
  105   45   17.76       15.33    
  105   46   0.000       0.000    
  105   47   0.000       0.000    
  105   48   0.000       0.000    
  105   49   0.000       0.000    
  105   50   0.000       0.000    
  105   51   0.000       0.000    
  105   52   0.000       0.000    
  105   53   0.000       0.000    
  104   43   10.91       53.20    
  104   44   0.000       0.000    
  104   45  0.5365       99.00    
  104   46   0.000       0.000    
  104   47   0.000       0.000    
  104   48   0.000       0.000    
  104   49   0.000       0.000    
  104   50   0.000       0.000    
  104   51   0.000       0.000    
  104   52   0.000       0.000    
  104   53   0.000       0.000    
  103   43  8.4518E-02   68.23    
  103   44   25.42       31.18    
  103   45   0.000       0.000    
  103   46   0.000       0.000    
  103   47   0.000       0.000    
  103   48   0.000       0.000    
  103   49   0.000       0.000    
  103   50   0.000       0.000    
  103   51   0.000       0.000    
  103   52   0.000       0.000    
  103   53   0.000       0.000    
  102   43   8.513       48.47    
  102   44   0.000       0.000    
  102   45   0.000       0.000    
  102   46   0.000       0.000    
  102   47   0.000       0.000    
  102   48   0.000       0.000    
  102   49   0.000       0.000    
  102   50   0.000       0.000    
  102   51   0.000       0.000    
  102   52   0.000       0.000    
  102   53   0.000       0.000    
  101   43   19.70       26.96    
  101   44   0.000       0.000    
  101   45   0.000       0.000    
  101   46   0.000       0.000    
  101   47   0.000       0.000    
  101   48   0.000       0.000    
  101   49   0.000       0.000    
  101   50   0.000       0.000    
  101   51   0.000       0.000    
  101   52   0.000       0.000    
  101   53   0.000       0.000    
  100   43  4.6117E-12   99.00    
  100   44   0.000       0.000    
  100   45   0.000       0.000    
  100   46   0.000       0.000    
  100   47   0.000       0.000    
  100   48   0.000       0.000    
  100   49   0.000       0.000    
  100   50   0.000       0.000    
  100   51   0.000       0.000    
  100   52   0.000       0.000    
  100   53   0.000       0.000    
   99   43  3.3828E-05   22.36    
   99   44   0.000       0.000    
   99   45   0.000       0.000    
   99   46   0.000       0.000    
   99   47   0.000       0.000    
   99   48   0.000       0.000    
   99   49   0.000       0.000    
   99   50   0.000       0.000    
   99   51   0.000       0.000    
   99   52   0.000       0.000    
   99   53   0.000       0.000    
  106   32   0.000       0.000    
  106   33   0.000       0.000    
  106   34   0.000       0.000    
  106   35   0.000       0.000    
  106   36   0.000       0.000    
  106   37   0.000       0.000    
  106   38   0.000       0.000    
  106   39   0.000       0.000    
  106   40   0.000       0.000    
  106   41   0.000       0.000    
  106   42  4.5440E-21   99.00    
  105   32   0.000       0.000    
  105   33   0.000       0.000    
  105   34   0.000       0.000    
  105   35   0.000       0.000    
  105   36   0.000       0.000    
  105   37   0.000       0.000    
  105   38   0.000       0.000    
  105   39   0.000       0.000    
  105   40   0.000       0.000    
  105   41   0.000       0.000    
  105   42  1.8761E-05   99.00    
  104   32   0.000       0.000    
  104   33   0.000       0.000    
  104   34   0.000       0.000    
  104   35   0.000       0.000    
  104   36   0.000       0.000    
  104   37   0.000       0.000    
  104   38   0.000       0.000    
  104   39   0.000       0.000    
  104   40   0.000       0.000    
  104   41   0.000       0.000    
  104   42  6.5104E-03   66.67    
  103   32   0.000       0.000    
  103   33   0.000       0.000    
  103   34   0.000       0.000    
  103   35   0.000       0.000    
  103   36   0.000       0.000    
  103   37   0.000       0.000    
  103   38   0.000       0.000    
  103   39   0.000       0.000    
  103   40   0.000       0.000    
  103   41   0.000       0.000    
  103   42  1.8751E-02   72.89    
  102   32   0.000       0.000    
  102   33   0.000       0.000    
  102   34   0.000       0.000    
  102   35   0.000       0.000    
  102   36   0.000       0.000    
  102   37   0.000       0.000    
  102   38   0.000       0.000    
  102   39   0.000       0.000    
  102   40   0.000       0.000    
  102   41  6.6026E-42   66.67    
  102   42   8.446       48.47    
  101   32   0.000       0.000    
  101   33   0.000       0.000    
  101   34   0.000       0.000    
  101   35   0.000       0.000    
  101   36   0.000       0.000    
  101   37   0.000       0.000    
  101   38   0.000       0.000    
  101   39   0.000       0.000    
  101   40   0.000       0.000    
  101   41  3.2336E-25   72.89    
  101   42   12.49       27.29    
  100   32   0.000       0.000    
  100   33   0.000       0.000    
  100   34   0.000       0.000    
  100   35   0.000       0.000    
  100   36   0.000       0.000    
  100   37   0.000       0.000    
  100   38   0.000       0.000    
  100   39   0.000       0.000    
  100   40   0.000       0.000    
  100   41   0.000       0.000    
  100   42   0.000       0.000    
   99   32   0.000       0.000    
   99   33   0.000       0.000    
   99   34   0.000       0.000    
   99   35   0.000       0.000    
   99   36   0.000       0.000    
   99   37   0.000       0.000    
   99   38   0.000       0.000    
   99   39   0.000       0.000    
   99   40   0.000       0.000    
   99   41  3.7395E-02   30.48    
   99   42   22.19       22.36    
   98   32   0.000       0.000    
   98   33   0.000       0.000    
   98   34   0.000       0.000    
   98   35   0.000       0.000    
   98   36   0.000       0.000    
   98   37   0.000       0.000    
   98   38   0.000       0.000    
   98   39   0.000       0.000    
   98   40  1.1629E-05   46.77    
   98   41  1.2823E-05   46.77    
   98   42   0.000       0.000    
   97   32   0.000       0.000    
   97   33   0.000       0.000    
   97   34   0.000       0.000    
   97   35   0.000       0.000    
   97   36   0.000       0.000    
   97   37   0.000       0.000    
   97   38   0.000       0.000    
   97   39   0.000       0.000    
   97   40   11.03       31.63    
   97   41   23.30       22.10    
   97   42   0.000       0.000    
   96   32   0.000       0.000    
   96   33   0.000       0.000    
   96   34   0.000       0.000    
   96   35   0.000       0.000    
   96   36   0.000       0.000    
   96   37   0.000       0.000    
   96   38   0.000       0.000    
   96   39  6.6715E-34   61.24    
   96   40   0.000       0.000    
   96   41   8.845       25.00    
   96   42   0.000       0.000    
   95   32   0.000       0.000    
   95   33   0.000       0.000    
   95   34   0.000       0.000    
   95   35   0.000       0.000    
   95   36   0.000       0.000    
   95   37   0.000       0.000    
   95   38  6.1596E-08   99.00    
   95   39   7.982       36.39    
   95   40   18.83       31.62    
   95   41   17.73       38.11    
   95   42   0.000       0.000    
   94   32   0.000       0.000    
   94   33   0.000       0.000    
   94   34   0.000       0.000    
   94   35   0.000       0.000    
   94   36   0.000       0.000    
   94   37   0.000       0.000    
   94   38  1.7749E-02   61.24    
   94   39   12.49       14.90    
   94   40   0.000       0.000    
   94   41  3.5886E-05   99.00    
   94   42   0.000       0.000    
   93   32   0.000       0.000    
   93   33   0.000       0.000    
   93   34   0.000       0.000    
   93   35   0.000       0.000    
   93   36   0.000       0.000    
   93   37   0.000       0.000    
   93   38   5.245       40.82    
   93   39   22.07       35.36    
   93   40  4.5317E-06   35.36    
   93   41   0.000       0.000    
   93   42   0.000       0.000    
   92   32   0.000       0.000    
   92   33   0.000       0.000    
   92   34   0.000       0.000    
   92   35   0.000       0.000    
   92   36   0.000       0.000    
   92   37  2.1444E-40   61.24    
   92   38   12.76       40.82    
   92   39   19.78       32.50    
   92   40   0.000       0.000    
   92   41   0.000       0.000    
   92   42   0.000       0.000    
   91   32   0.000       0.000    
   91   33   0.000       0.000    
   91   34   0.000       0.000    
   91   35   0.000       0.000    
   91   36   0.000       0.000    
   91   37  1.7514E-03   99.00    
   91   38   10.98       44.72    
   91   39   21.20       9.010    
   91   40   0.000       0.000    
   91   41   0.000       0.000    
   91   42   0.000       0.000    
   90   32   0.000       0.000    
   90   33   0.000       0.000    
   90   34   0.000       0.000    
   90   35   0.000       0.000    
   90   36  5.7327E-06   99.00    
   90   37  0.3609       61.25    
   90   38  0.1264       54.77    
   90   39  0.1236       54.77    
   90   40   0.000       0.000    
   90   41   0.000       0.000    
   90   42   0.000       0.000    
   89   32   0.000       0.000    
   89   33   0.000       0.000    
   89   34   0.000       0.000    
   89   35   0.000       0.000    
   89   36   0.000       0.000    
   89   37   1.413       99.00    
   89   38   10.08       31.62    
   89   39   0.000       0.000    
   89   40   0.000       0.000    
   89   41   0.000       0.000    
   89   42   0.000       0.000    
   88   32   0.000       0.000    
   88   33   0.000       0.000    
   88   34   0.000       0.000    
   88   35   0.000       0.000    
   88   36   6.400       66.67    
   88   37   9.630       56.42    
   88   38   0.000       0.000    
   88   39   1.503       99.00    
   88   40   0.000       0.000    
   88   41   0.000       0.000    
   88   42   0.000       0.000    
   87   32   0.000       0.000    
   87   33   0.000       0.000    
   87   34   0.000       0.000    
   87   35  1.2674E-03   99.00    
   87   36   4.030       61.24    
   87   37  8.7995E-11   31.38    
   87   38   0.000       0.000    
   87   39   0.000       0.000    
   87   40   0.000       0.000    
   87   41   0.000       0.000    
   87   42   0.000       0.000    
   86   32   0.000       0.000    
   86   33   0.000       0.000    
   86   34   0.000       0.000    
   86   35  1.1716E-03   99.00    
   86   36   0.000       0.000    
   86   37   0.000       0.000    
   86   38   0.000       0.000    
   86   39   0.000       0.000    
   86   40   0.000       0.000    
   86   41   0.000       0.000    
   86   42   0.000       0.000    
   85   32   0.000       0.000    
   85   33   0.000       0.000    
   85   34  7.1925E-06   99.00    
   85   35   1.065       45.37    
   85   36  0.2116       42.16    
   85   37   0.000       0.000    
   85   38   0.000       0.000    
   85   39   0.000       0.000    
   85   40   0.000       0.000    
   85   41   0.000       0.000    
   85   42   0.000       0.000    
   84   32   0.000       0.000    
   84   33   0.000       0.000    
   84   34  0.7953       40.82    
   84   35   11.24       31.20    
   84   36   0.000       0.000    
   84   37   0.000       0.000    
   84   38   0.000       0.000    
   84   39   0.000       0.000    
   84   40   0.000       0.000    
   84   41   0.000       0.000    
   84   42   0.000       0.000    
   83   32   0.000       0.000    
   83   33   0.000       0.000    
   83   34   0.000       0.000    
   83   35   8.467       46.77    
   83   36   0.000       0.000    
   83   37   1.672       99.00    
   83   38   0.000       0.000    
   83   39   0.000       0.000    
   83   40   0.000       0.000    
   83   41   0.000       0.000    
   83   42   0.000       0.000    
   82   32   0.000       0.000    
   82   33   0.000       0.000    
   82   34   0.000       0.000    
   82   35   2.166       99.00    
   82   36   0.000       0.000    
   82   37   0.000       0.000    
   82   38   0.000       0.000    
   82   39   0.000       0.000    
   82   40   0.000       0.000    
   82   41   0.000       0.000    
   82   42   0.000       0.000    
   81   32   0.000       0.000    
   81   33   0.000       0.000    
   81   34   1.526       99.00    
   81   35   0.000       0.000    
   81   36   0.000       0.000    
   81   37   0.000       0.000    
   81   38   0.000       0.000    
   81   39   0.000       0.000    
   81   40   0.000       0.000    
   81   41   0.000       0.000    
   81   42   0.000       0.000    
   80   32   0.000       0.000    
   80   33  2.9109E-12   99.00    
   80   34   0.000       0.000    
   80   35   0.000       0.000    
   80   36   0.000       0.000    
   80   37   0.000       0.000    
   80   38   0.000       0.000    
   80   39   0.000       0.000    
   80   40   0.000       0.000    
   80   41   0.000       0.000    
   80   42   0.000       0.000    
   79   32   0.000       0.000    
   79   33   2.059       61.24    
   79   34  6.7145E-06   66.67    
   79   35   0.000       0.000    
   79   36   0.000       0.000    
   79   37   0.000       0.000    
   79   38   0.000       0.000    
   79   39   0.000       0.000    
   79   40   0.000       0.000    
   79   41   0.000       0.000    
   79   42   0.000       0.000    
   78   32   2.054       99.00    
   78   33   4.275       61.31    
   78   34   0.000       0.000    
   78   35   0.000       0.000    
   78   36   0.000       0.000    
   78   37   0.000       0.000    
   78   38   0.000       0.000    
   78   39   0.000       0.000    
   78   40   0.000       0.000    
   78   41   0.000       0.000    
   78   42   0.000       0.000    
   77   32   4.400       61.24    
   77   33   6.660       66.65    
   77   34   0.000       0.000    
   77   35   0.000       0.000    
   77   36   0.000       0.000    
   77   37   0.000       0.000    
   77   38   0.000       0.000    
   77   39   0.000       0.000    
   77   40   0.000       0.000    
   77   41   0.000       0.000    
   77   42   0.000       0.000    
   76   32   0.000       0.000    
   76   33   0.000       0.000    
   76   34   0.000       0.000    
   76   35   0.000       0.000    
   76   36   0.000       0.000    
   76   37   0.000       0.000    
   76   38   0.000       0.000    
   76   39   0.000       0.000    
   76   40   0.000       0.000    
   76   41   0.000       0.000    
   76   42   0.000       0.000    
   75   32   2.044       99.00    
   75   33   0.000       0.000    
   75   34   0.000       0.000    
   75   35   0.000       0.000    
   75   36   0.000       0.000    
   75   37   0.000       0.000    
   75   38   0.000       0.000    
   75   39   0.000       0.000    
   75   40   0.000       0.000    
   75   41   0.000       0.000    
   75   42   0.000       0.000    
   74   32   0.000       0.000    
   74   33   0.000       0.000    
   74   34   0.000       0.000    
   74   35   0.000       0.000    
   74   36   0.000       0.000    
   74   37   0.000       0.000    
   74   38   0.000       0.000    
   74   39   0.000       0.000    
   74   40   0.000       0.000    
   74   41   0.000       0.000    
   74   42   0.000       0.000    
   73   32   0.000       0.000    
   73   33   0.000       0.000    
   73   34   0.000       0.000    
   73   35   0.000       0.000    
   73   36   0.000       0.000    
   73   37   0.000       0.000    
   73   38   0.000       0.000    
   73   39   0.000       0.000    
   73   40   0.000       0.000    
   73   41   0.000       0.000    
   73   42   0.000       0.000    
   72   32   0.000       0.000    
   72   33   0.000       0.000    
   72   34   0.000       0.000    
   72   35   0.000       0.000    
   72   36   0.000       0.000    
   72   37   0.000       0.000    
   72   38   0.000       0.000    
   72   39   0.000       0.000    
   72   40   0.000       0.000    
   72   41   0.000       0.000    
   72   42   0.000       0.000    
   71   32   0.000       0.000    
   71   33   0.000       0.000    
   71   34   0.000       0.000    
   71   35   0.000       0.000    
   71   36   0.000       0.000    
   71   37   0.000       0.000    
   71   38   0.000       0.000    
   71   39   0.000       0.000    
   71   40   0.000       0.000    
   71   41   0.000       0.000    
   71   42   0.000       0.000    
   70   32   0.000       0.000    
   70   33   0.000       0.000    
   70   34   0.000       0.000    
   70   35   0.000       0.000    
   70   36   0.000       0.000    
   70   37   0.000       0.000    
   70   38   0.000       0.000    
   70   39   0.000       0.000    
   70   40   0.000       0.000    
   70   41   0.000       0.000    
   70   42   0.000       0.000    
   69   32   2.216       99.00    
   69   33   0.000       0.000    
   69   34   0.000       0.000    
   69   35   0.000       0.000    
   69   36   0.000       0.000    
   69   37   0.000       0.000    
   69   38   0.000       0.000    
   69   39   0.000       0.000    
   69   40   0.000       0.000    
   69   41   0.000       0.000    
   69   42   0.000       0.000    
   77   21   0.000       0.000    
   77   22   0.000       0.000    
   77   23   0.000       0.000    
   77   24   0.000       0.000    
   77   25   0.000       0.000    
   77   26   0.000       0.000    
   77   27   0.000       0.000    
   77   28   0.000       0.000    
   77   29   0.000       0.000    
   77   30   0.000       0.000    
   77   31  4.6090E-14   99.00    
   76   21   0.000       0.000    
   76   22   0.000       0.000    
   76   23   0.000       0.000    
   76   24   0.000       0.000    
   76   25   0.000       0.000    
   76   26   0.000       0.000    
   76   27   0.000       0.000    
   76   28   0.000       0.000    
   76   29   0.000       0.000    
   76   30   0.000       0.000    
   76   31   0.000       0.000    
   75   21   0.000       0.000    
   75   22   0.000       0.000    
   75   23   0.000       0.000    
   75   24   0.000       0.000    
   75   25   0.000       0.000    
   75   26   0.000       0.000    
   75   27   0.000       0.000    
   75   28   0.000       0.000    
   75   29   0.000       0.000    
   75   30   0.000       0.000    
   75   31   0.000       0.000    
   74   21   0.000       0.000    
   74   22   0.000       0.000    
   74   23   0.000       0.000    
   74   24   0.000       0.000    
   74   25   0.000       0.000    
   74   26   0.000       0.000    
   74   27   0.000       0.000    
   74   28   0.000       0.000    
   74   29   0.000       0.000    
   74   30   0.000       0.000    
   74   31  0.9464       99.00    
   73   21   0.000       0.000    
   73   22   0.000       0.000    
   73   23   0.000       0.000    
   73   24   0.000       0.000    
   73   25   0.000       0.000    
   73   26   0.000       0.000    
   73   27   0.000       0.000    
   73   28   0.000       0.000    
   73   29   0.000       0.000    
   73   30   0.000       0.000    
   73   31   2.170       99.00    
   72   21   0.000       0.000    
   72   22   0.000       0.000    
   72   23   0.000       0.000    
   72   24   0.000       0.000    
   72   25   0.000       0.000    
   72   26   0.000       0.000    
   72   27   0.000       0.000    
   72   28   0.000       0.000    
   72   29   0.000       0.000    
   72   30   0.000       0.000    
   72   31   0.000       0.000    
   71   21   0.000       0.000    
   71   22   0.000       0.000    
   71   23   0.000       0.000    
   71   24   0.000       0.000    
   71   25   0.000       0.000    
   71   26   0.000       0.000    
   71   27   0.000       0.000    
   71   28   0.000       0.000    
   71   29   0.000       0.000    
   71   30  0.1312       99.00    
   71   31   0.000       0.000    
   70   21   0.000       0.000    
   70   22   0.000       0.000    
   70   23   0.000       0.000    
   70   24   0.000       0.000    
   70   25   0.000       0.000    
   70   26   0.000       0.000    
   70   27   0.000       0.000    
   70   28   0.000       0.000    
   70   29  5.4424E-04   65.30    
   70   30   0.000       0.000    
   70   31   43.23       15.04    
   69   21   0.000       0.000    
   69   22   0.000       0.000    
   69   23   0.000       0.000    
   69   24   0.000       0.000    
   69   25   0.000       0.000    
   69   26   0.000       0.000    
   69   27   0.000       0.000    
   69   28   0.000       0.000    
   69   29   1.562       42.39    
   69   30   284.1       10.13    
   69   31   0.000       0.000    
   68   21   0.000       0.000    
   68   22   0.000       0.000    
   68   23   0.000       0.000    
   68   24   0.000       0.000    
   68   25   0.000       0.000    
   68   26   0.000       0.000    
   68   27   0.000       0.000    
   68   28   0.000       0.000    
   68   29   1.396       46.77    
   68   30   0.000       0.000    
   68   31   2189.       1.903    
   67   21   0.000       0.000    
   67   22   0.000       0.000    
   67   23   0.000       0.000    
   67   24   0.000       0.000    
   67   25   0.000       0.000    
   67   26   0.000       0.000    
   67   27   0.000       0.000    
   67   28   0.000       0.000    
   67   29   780.8       5.798    
   67   30   0.000       0.000    
   67   31   4429.       3.118    
   66   21   0.000       0.000    
   66   22   0.000       0.000    
   66   23   0.000       0.000    
   66   24   0.000       0.000    
   66   25   0.000       0.000    
   66   26   0.000       0.000    
   66   27   0.000       0.000    
   66   28   11.09       44.72    
   66   29   336.5       5.469    
   66   30   0.000       0.000    
   66   31   4784.       1.104    
   65   21   0.000       0.000    
   65   22   0.000       0.000    
   65   23   0.000       0.000    
   65   24   0.000       0.000    
   65   25   0.000       0.000    
   65   26   0.000       0.000    
   65   27   0.000       0.000    
   65   28   129.5       9.836    
   65   29   0.000       0.000    
   65   30  1.0603E+04   1.196    
   65   31   1459.       2.100    
   64   21   0.000       0.000    
   64   22   0.000       0.000    
   64   23   0.000       0.000    
   64   24   0.000       0.000    
   64   25   0.000       0.000    
   64   26   0.000       0.000    
   64   27   0.000       0.000    
   64   28   0.000       0.000    
   64   29  2.8253E+04  0.2864    
   64   30   0.000       0.000    
   64   31   190.7       1.105    
   63   21   0.000       0.000    
   63   22   0.000       0.000    
   63   23   0.000       0.000    
   63   24   0.000       0.000    
   63   25   0.000       0.000    
   63   26   0.000       0.000    
   63   27  5.6871E-06   15.81    
   63   28   15.24       1.586    
   63   29   0.000       0.000    
   63   30  2.4238E+04  0.6157    
   63   31  1.3611E-03   5.500    
   62   21   0.000       0.000    
   62   22   0.000       0.000    
   62   23   0.000       0.000    
   62   24   0.000       0.000    
   62   25   0.000       0.000    
   62   26   0.000       0.000    
   62   27  0.8988       22.48    
   62   28   0.000       0.000    
   62   29  4.8779E+04  0.4488    
   62   30  1.0176E+04   1.331    
   62   31   0.000       0.000    
   61   21   0.000       0.000    
   61   22   0.000       0.000    
   61   23   0.000       0.000    
   61   24   0.000       0.000    
   61   25   0.000       0.000    
   61   26   0.000       0.000    
   61   27   650.6       3.503    
   61   28   0.000       0.000    
   61   29  4.1793E+04  0.6031    
   61   30   8.636       2.885    
   61   31   0.000       0.000    
   60   21   0.000       0.000    
   60   22   0.000       0.000    
   60   23   0.000       0.000    
   60   24   0.000       0.000    
   60   25   0.000       0.000    
   60   26  3.0740E-06   44.07    
   60   27   152.7       5.759    
   60   28   0.000       0.000    
   60   29   4807.       1.382    
   60   30   3.744       20.02    
   60   31   0.000       0.000    
   59   21   0.000       0.000    
   59   22   0.000       0.000    
   59   23   0.000       0.000    
   59   24   0.000       0.000    
   59   25   0.000       0.000    
   59   26   89.15       13.56    
   59   27   0.000       0.000    
   59   28  0.1666      0.7167    
   59   29   4.998       6.770    
   59   30   0.000       0.000    
   59   31   0.000       0.000    
   58   21   0.000       0.000    
   58   22   0.000       0.000    
   58   23   0.000       0.000    
   58   24   0.000       0.000    
   58   25   0.000       0.000    
   58   26   0.000       0.000    
   58   27  1.6018E+04  0.8232    
   58   28   0.000       0.000    
   58   29   0.000       0.000    
   58   30   0.000       0.000    
   58   31   0.000       0.000    
   57   21   0.000       0.000    
   57   22   0.000       0.000    
   57   23   0.000       0.000    
   57   24   0.000       0.000    
   57   25  0.5969       23.90    
   57   26   0.000       0.000    
   57   27   6556.       1.466    
   57   28   815.1       2.804    
   57   29   0.000       0.000    
   57   30   0.000       0.000    
   57   31   0.000       0.000    
   56   21   0.000       0.000    
   56   22   0.000       0.000    
   56   23   0.000       0.000    
   56   24   0.000       0.000    
   56   25   257.1       11.79    
   56   26   0.000       0.000    
   56   27   3659.       1.501    
   56   28   91.04       24.21    
   56   29   0.000       0.000    
   56   30   0.000       0.000    
   56   31   0.000       0.000    
   55   21   0.000       0.000    
   55   22   0.000       0.000    
   55   23   0.000       0.000    
   55   24  0.6123       61.24    
   55   25   0.000       0.000    
   55   26   723.4       1.662    
   55   27   346.6       7.577    
   55   28   0.000       0.000    
   55   29   0.000       0.000    
   55   30   0.000       0.000    
   55   31   0.000       0.000    
   54   21   0.000       0.000    
   54   22   0.000       0.000    
   54   23   0.000       0.000    
   54   24   0.000       0.000    
   54   25   599.9       1.503    
   54   26   0.000       0.000    
   54   27   0.000       0.000    
   54   28   0.000       0.000    
   54   29   0.000       0.000    
   54   30   0.000       0.000    
   54   31   0.000       0.000    
   53   21   0.000       0.000    
   53   22   0.000       0.000    
   53   23  2.4880E-02   99.00    
   53   24   0.000       0.000    
   53   25  1.4271E-04   5.248    
   53   26   87.94       8.713    
   53   27   0.000       0.000    
   53   28   0.000       0.000    
   53   29   0.000       0.000    
   53   30   0.000       0.000    
   53   31   0.000       0.000    
   52   21   0.000       0.000    
   52   22   0.000       0.000    
   52   23   1.744       31.62    
   52   24   0.000       0.000    
   52   25   129.6       13.50    
   52   26   4.383       61.24    
   52   27   0.000       0.000    
   52   28   0.000       0.000    
   52   29   0.000       0.000    
   52   30   0.000       0.000    
   52   31   0.000       0.000    
   51   21   0.000       0.000    
   51   22   0.000       0.000    
   51   23   0.000       0.000    
   51   24   278.5       9.449    
   51   25   19.13       15.81    
   51   26   0.000       0.000    
   51   27   0.000       0.000    
   51   28   0.000       0.000    
   51   29   0.000       0.000    
   51   30   0.000       0.000    
   51   31   0.000       0.000    
   50   21   0.000       0.000    
   50   22   0.000       0.000    
   50   23   0.000       0.000    
   50   24   0.000       0.000    
   50   25   0.000       0.000    
   50   26   0.000       0.000    
   50   27   0.000       0.000    
   50   28   0.000       0.000    
   50   29   0.000       0.000    
   50   30   0.000       0.000    
   50   31   0.000       0.000    
   49   21   0.000       0.000    
   49   22   0.000       0.000    
   49   23   25.12       11.78    
   49   24   24.52       19.61    
   49   25   0.000       0.000    
   49   26   0.000       0.000    
   49   27   0.000       0.000    
   49   28   0.000       0.000    
   49   29   0.000       0.000    
   49   30   0.000       0.000    
   49   31   0.000       0.000    
   48   21   0.000       0.000    
   48   22   0.000       0.000    
   48   23   26.64       21.25    
   48   24   0.000       0.000    
   48   25   0.000       0.000    
   48   26   0.000       0.000    
   48   27   0.000       0.000    
   48   28   0.000       0.000    
   48   29   0.000       0.000    
   48   30   0.000       0.000    
   48   31   0.000       0.000    
   47   21   2.219       99.00    
   47   22   0.000       0.000    
   47   23   0.000       0.000    
   47   24   0.000       0.000    
   47   25   0.000       0.000    
   47   26   0.000       0.000    
   47   27   0.000       0.000    
   47   28   0.000       0.000    
   47   29   0.000       0.000    
   47   30   0.000       0.000    
   47   31   0.000       0.000    
   46   21   5.081       40.82    
   46   22   0.000       0.000    
   46   23   0.000       0.000    
   46   24   0.000       0.000    
   46   25   0.000       0.000    
   46   26   0.000       0.000    
   46   27   0.000       0.000    
   46   28   0.000       0.000    
   46   29   0.000       0.000    
   46   30   0.000       0.000    
   46   31   0.000       0.000    
   45   21   0.000       0.000    
   45   22   4.281       61.24    
   45   23   0.000       0.000    
   45   24   0.000       0.000    
   45   25   0.000       0.000    
   45   26   0.000       0.000    
   45   27   0.000       0.000    
   45   28   0.000       0.000    
   45   29   0.000       0.000    
   45   30   0.000       0.000    
   45   31   0.000       0.000    
   44   21   4.317       61.24    
   44   22   0.000       0.000    
   44   23   0.000       0.000    
   44   24   0.000       0.000    
   44   25   0.000       0.000    
   44   26   0.000       0.000    
   44   27   0.000       0.000    
   44   28   0.000       0.000    
   44   29   0.000       0.000    
   44   30   0.000       0.000    
   44   31   0.000       0.000    
   41   10   0.000       0.000    
   41   11   0.000       0.000    
   41   12   0.000       0.000    
   41   13   0.000       0.000    
   41   14   0.000       0.000    
   41   15   0.000       0.000    
   41   16   0.000       0.000    
   41   17   0.000       0.000    
   41   18   4.172       61.24    
   41   19   0.000       0.000    
   41   20  1.4732E-05   99.00    
   40   10   0.000       0.000    
   40   11   0.000       0.000    
   40   12   0.000       0.000    
   40   13   0.000       0.000    
   40   14   0.000       0.000    
   40   15   0.000       0.000    
   40   16   0.000       0.000    
   40   17  3.9270E-02   40.82    
   40   18   0.000       0.000    
   40   19  1.6720E-07   5.975    
   40   20   0.000       0.000    
   39   10   0.000       0.000    
   39   11   0.000       0.000    
   39   12   0.000       0.000    
   39   13   0.000       0.000    
   39   14   0.000       0.000    
   39   15   0.000       0.000    
   39   16   0.000       0.000    
   39   17   275.0       3.912    
   39   18   3.346       1.876    
   39   19   0.000       0.000    
   39   20   0.000       0.000    
   38   10   0.000       0.000    
   38   11   0.000       0.000    
   38   12   0.000       0.000    
   38   13   0.000       0.000    
   38   14   0.000       0.000    
   38   15   0.000       0.000    
   38   16   2.134       99.00    
   38   17   295.6       12.30    
   38   18   0.000       0.000    
   38   19   4.483       44.72    
   38   20   0.000       0.000    
   37   10   0.000       0.000    
   37   11   0.000       0.000    
   37   12   0.000       0.000    
   37   13   0.000       0.000    
   37   14   0.000       0.000    
   37   15   0.000       0.000    
   37   16   1.690       66.67    
   37   17   0.000       0.000    
   37   18   967.7       2.277    
   37   19   0.000       0.000    
   37   20   0.000       0.000    
   36   10   0.000       0.000    
   36   11   0.000       0.000    
   36   12   0.000       0.000    
   36   13   0.000       0.000    
   36   14   0.000       0.000    
   36   15   0.000       0.000    
   36   16   0.000       0.000    
   36   17  1.8055E-03   2.804    
   36   18   0.000       0.000    
   36   19   0.000       0.000    
   36   20   0.000       0.000    
   35   10   0.000       0.000    
   35   11   0.000       0.000    
   35   12   0.000       0.000    
   35   13   0.000       0.000    
   35   14   0.000       0.000    
   35   15  1.3498E-03   25.00    
   35   16   340.6       6.266    
   35   17   0.000       0.000    
   35   18   0.000       0.000    
   35   19   0.000       0.000    
   35   20   0.000       0.000    
   34   10   0.000       0.000    
   34   11   0.000       0.000    
   34   12   0.000       0.000    
   34   13   0.000       0.000    
   34   14   0.000       0.000    
   34   15  1.3747E-13   20.48    
   34   16   0.000       0.000    
   34   17   7.987       27.39    
   34   18   0.000       0.000    
   34   19   0.000       0.000    
   34   20   0.000       0.000    
   33   10   0.000       0.000    
   33   11   0.000       0.000    
   33   12   0.000       0.000    
   33   13   0.000       0.000    
   33   14  6.1058E-30   99.00    
   33   15   152.0       15.44    
   33   16   0.000       0.000    
   33   17   0.000       0.000    
   33   18   0.000       0.000    
   33   19   0.000       0.000    
   33   20   0.000       0.000    
   32   10   0.000       0.000    
   32   11   0.000       0.000    
   32   12   0.000       0.000    
   32   13   0.000       0.000    
   32   14  1.4341E-02   40.82    
   32   15   222.1       7.416    
   32   16   0.000       0.000    
   32   17   0.000       0.000    
   32   18   0.000       0.000    
   32   19   0.000       0.000    
   32   20   0.000       0.000    
   31   10   0.000       0.000    
   31   11   0.000       0.000    
   31   12   0.000       0.000    
   31   13   0.000       0.000    
   31   14   40.40       15.34    
   31   15   0.000       0.000    
   31   16   0.000       0.000    
   31   17   0.000       0.000    
   31   18   0.000       0.000    
   31   19   0.000       0.000    
   31   20   0.000       0.000    
   30   10   0.000       0.000    
   30   11   0.000       0.000    
   30   12   0.000       0.000    
   30   13   0.000       0.000    
   30   14   0.000       0.000    
   30   15   2.217       31.87    
   30   16   0.000       0.000    
   30   17   0.000       0.000    
   30   18   0.000       0.000    
   30   19   0.000       0.000    
   30   20   0.000       0.000    
   29   10   0.000       0.000    
   29   11   0.000       0.000    
   29   12   0.000       0.000    
   29   13   2.318       66.67    
   29   14   0.000       0.000    
   29   15   0.000       0.000    
   29   16   0.000       0.000    
   29   17   0.000       0.000    
   29   18   0.000       0.000    
   29   19   0.000       0.000    
   29   20   0.000       0.000    
   28   10   0.000       0.000    
   28   11   0.000       0.000    
   28   12   0.000       0.000    
   28   13   1.014       15.81    
   28   14   0.000       0.000    
   28   15   0.000       0.000    
   28   16   0.000       0.000    
   28   17   0.000       0.000    
   28   18   0.000       0.000    
   28   19   0.000       0.000    
   28   20   0.000       0.000    
   27   10   0.000       0.000    
   27   11   0.000       0.000    
   27   12   1.068       99.00    
   27   13   0.000       0.000    
   27   14   0.000       0.000    
   27   15   0.000       0.000    
   27   16   0.000       0.000    
   27   17   0.000       0.000    
   27   18   0.000       0.000    
   27   19   0.000       0.000    
   27   20   0.000       0.000    
   26   10   0.000       0.000    
   26   11   0.000       0.000    
   26   12   0.000       0.000    
   26   13  1.0212E-06   99.00    
   26   14   0.000       0.000    
   26   15   0.000       0.000    
   26   16   0.000       0.000    
   26   17   0.000       0.000    
   26   18   0.000       0.000    
   26   19   0.000       0.000    
   26   20   0.000       0.000    
   25   10   0.000       0.000    
   25   11   0.000       0.000    
   25   12   0.000       0.000    
   25   13   0.000       0.000    
   25   14   0.000       0.000    
   25   15   0.000       0.000    
   25   16   0.000       0.000    
   25   17   0.000       0.000    
   25   18   0.000       0.000    
   25   19   0.000       0.000    
   25   20   0.000       0.000    
   24   10   0.000       0.000    
   24   11   0.000       0.000    
   24   12   0.000       0.000    
   24   13   0.000       0.000    
   24   14   0.000       0.000    
   24   15   0.000       0.000    
   24   16   0.000       0.000    
   24   17   0.000       0.000    
   24   18   0.000       0.000    
   24   19   0.000       0.000    
   24   20   0.000       0.000    
   23   10   0.000       0.000    
   23   11   0.000       0.000    
   23   12  2.4373E-16   99.00    
   23   13   0.000       0.000    
   23   14   0.000       0.000    
   23   15   0.000       0.000    
   23   16   0.000       0.000    
   23   17   0.000       0.000    
   23   18   0.000       0.000    
   23   19   0.000       0.000    
   23   20   0.000       0.000    
   22   10   0.000       0.000    
   22   11  0.5286       61.24    
   22   12   0.000       0.000    
   22   13   0.000       0.000    
   22   14   0.000       0.000    
   22   15   0.000       0.000    
   22   16   0.000       0.000    
   22   17   0.000       0.000    
   22   18   0.000       0.000    
   22   19   0.000       0.000    
   22   20   0.000       0.000    
   20    1   0.000       0.000    
   20    2   0.000       0.000    
   20    3   0.000       0.000    
   20    4   0.000       0.000    
   20    5   0.000       0.000    
   20    6   0.000       0.000    
   20    7   0.000       0.000    
   20    8  9.4969E-14   99.00    
   20    9  5.2534E-13   99.00    
   19    1   0.000       0.000    
   19    2   0.000       0.000    
   19    3   0.000       0.000    
   19    4   0.000       0.000    
   19    5   0.000       0.000    
   19    6   0.000       0.000    
   19    7   0.000       0.000    
   19    8   0.000       0.000    
   19    9   0.000       0.000    
   18    1   0.000       0.000    
   18    2   0.000       0.000    
   18    3   0.000       0.000    
   18    4   0.000       0.000    
   18    5   0.000       0.000    
   18    6   0.000       0.000    
   18    7   0.000       0.000    
   18    8   0.000       0.000    
   18    9   64.67       17.22    
   17    1   0.000       0.000    
   17    2   0.000       0.000    
   17    3   0.000       0.000    
   17    4   0.000       0.000    
   17    5   0.000       0.000    
   17    6   0.000       0.000    
   17    7  1.3912E-42   16.66    
   17    8   0.000       0.000    
   17    9  1.0549E-02   40.82    
   16    1   0.000       0.000    
   16    2   0.000       0.000    
   16    3   0.000       0.000    
   16    4   0.000       0.000    
   16    5   0.000       0.000    
   16    6   0.000       0.000    
   16    7  2.6687E-23   9.040    
   16    8   0.000       0.000    
   16    9   0.000       0.000    
   15    1   0.000       0.000    
   15    2   0.000       0.000    
   15    3   0.000       0.000    
   15    4   0.000       0.000    
   15    5   0.000       0.000    
   15    6   0.000       0.000    
   15    7   0.000       0.000    
   15    8   2287.      0.5963    
   15    9   0.000       0.000    
   14    1   0.000       0.000    
   14    2   0.000       0.000    
   14    3   0.000       0.000    
   14    4   0.000       0.000    
   14    5   0.000       0.000    
   14    6   1.876      0.9238    
   14    7   0.000       0.000    
   14    8   22.04       1.476    
   14    9   0.000       0.000    
   13    1   0.000       0.000    
   13    2   0.000       0.000    
   13    3   0.000       0.000    
   13    4   0.000       0.000    
   13    5   0.000       0.000    
   13    6   0.000       0.000    
   13    7  5.1219E+04  0.6299    
   13    8   0.000       0.000    
   13    9   0.000       0.000    
   12    1   0.000       0.000    
   12    2   0.000       0.000    
   12    3   0.000       0.000    
   12    4   0.000       0.000    
   12    5   0.000       0.000    
   12    6   0.000       0.000    
   12    7   0.000       0.000    
   12    8   0.000       0.000    
   12    9   0.000       0.000    
   11    1   0.000       0.000    
   11    2   0.000       0.000    
   11    3   0.000       0.000    
   11    4  1.4953E-12   20.79    
   11    5   0.000       0.000    
   11    6  8.8909E+04  0.1237    
   11    7   0.000       0.000    
   11    8   0.000       0.000    
   11    9   0.000       0.000    
   10    1   0.000       0.000    
   10    2   0.000       0.000    
   10    3   0.000       0.000    
   10    4  8.7811E-04   2.356    
   10    5   0.000       0.000    
   10    6  7.4378E-06   1.124    
   10    7   0.000       0.000    
   10    8   0.000       0.000    
   10    9   0.000       0.000    
    9    1   0.000       0.000    
    9    2   0.000       0.000    
    9    3   0.000       0.000    
    9    4   0.000       0.000    
    9    5   0.000       0.000    
    9    6   0.000       0.000    
    9    7   0.000       0.000    
    9    8   0.000       0.000    
    9    9   0.000       0.000    
    8    1   0.000       0.000    
    8    2   0.000       0.000    
    8    3   0.000       0.000    
    8    4   0.000       0.000    
    8    5   0.000       0.000    
    8    6   0.000       0.000    
    8    7   0.000       0.000    
    8    8   0.000       0.000    
    8    9   0.000       0.000    
    7    1   0.000       0.000    
    7    2   0.000       0.000    
    7    3   0.000       0.000    
    7    4  5.4557E+04  0.5630    
    7    5   0.000       0.000    
    7    6   0.000       0.000    
    7    7   0.000       0.000    
    7    8   0.000       0.000    
    7    9   0.000       0.000    
    6    1   0.000       0.000    
    6    2   0.000       0.000    
    6    3   0.000       0.000    
    6    4   0.000       0.000    
    6    5   0.000       0.000    
    6    6   0.000       0.000    
    6    7   0.000       0.000    
    6    8   0.000       0.000    
    6    9   0.000       0.000    
    5    1   0.000       0.000    
    5    2   0.000       0.000    
    5    3   0.000       0.000    
    5    4   0.000       0.000    
    5    5   0.000       0.000    
    5    6   0.000       0.000    
    5    7   0.000       0.000    
    5    8   0.000       0.000    
    5    9   0.000       0.000    
    4    1   0.000       0.000    
    4    2   0.000       0.000    
    4    3   0.000       0.000    
    4    4   0.000       0.000    
    4    5   0.000       0.000    
    4    6   0.000       0.000    
    4    7   0.000       0.000    
    4    8   0.000       0.000    
    4    9   0.000       0.000    
    3    1   1640.      0.1918    
    3    2   0.000       0.000    
    3    3   0.000       0.000    
    3    4   0.000       0.000    
    3    5   0.000       0.000    
    3    6   0.000       0.000    
    3    7   0.000       0.000    
    3    8   0.000       0.000    
    3    9   0.000       0.000    
# A/Z/m Isomers:
   26   13    1  1.5350E-28   99.00    
   34   17    1   17.89       27.39    
   45   21    1  9.9201E-04   61.24    
   46   21    2  5.1740E-10   99.00    
   52   25    1   124.4       6.994    
   53   26    1  0.1451       99.00    
   54   27    1  2.0549E-02   99.00    
   58   27    1   6838.       1.318    
   60   27    1   727.7       7.870    
   62   27    1   28.30       13.88    
   63   28    1  5.5529E-06   15.81    
   65   30    1   461.6       2.100    
   67   30    1   3441.       2.919    
   68   29    1   1.400       46.77    
   69   30    1   88.15       18.11    
   70   29    1  7.4733E-06   99.00    
   73   32    1   2.159       99.00    
   73   32    2   2.131       99.00    
   75   33    1  7.7370E-07   99.00    
   77   33    1   1.454       61.24    
   77   34    1  2.0655E-02   66.65    
   79   34    1   2.973       61.24    
   82   35    1  0.7173       99.00    
   83   36    1   10.07       36.17    
   85   36    1   10.68       44.73    
   85   37    1  9.1843E-04   42.16    
   89   39    1  9.7190E-04   31.62    
   90   37    1  0.5098       84.64    
   91   39    1   8.470       41.38    
   93   39    1   1.751       40.82    
   93   41    1  3.3461E-08   35.36    
   94   41    1  0.7347       99.00    
   95   39    1  3.2138E-10   99.00    
   95   41    1  0.3615       31.62    
   97   41    1   10.49       31.60    
   99   41    1  0.8794       30.48    
   99   42    1  0.1732       30.48    
   99   43    1   19.47       22.36    
  101   43    1   2.891       27.29    
  103   45    1   25.12       31.18    
  104   43    1  6.5104E-03   66.67    
  104   45    1  0.4500       99.00    
  105   45    1   3.789       31.30    
  106   45    1   4.215       61.24    
  107   45    1  6.1690E-02   20.73    
  109   45    1  6.3195E-06   61.24    
  109   47    1   19.86       40.81    
  111   47    1   5.176       40.83    
  113   47    1  0.1632       99.00    
  113   48    1  4.2632E-03   49.34    
  115   48    1   2.373       84.28    
  115   49    1   12.90       17.04    
  117   48    1   4.294       61.24    
  117   49    1  6.3504E-02   61.24    
  117   50    1  2.2772E-02   66.72    
  119   49    1   1.539       99.00    
  119   50    1  0.1192       61.51    
  123   50    1   1.869       99.00    
  125   50    1   2.146       99.00    
  125   52    1   2.017       95.83    
  133   54    1   2.217       99.00    
  193   78    1  2.8928E-05   61.24    
  193   79    1  9.6287E-02   61.24    
  195   79    1  0.3216       17.47    
  195   80    1  5.5223E-02   17.47    
  196   81    1   12.28       61.24    
  196   82    1  0.2083       99.00    
  197   79    1   1.156       99.00    
  197   80    1   2.211       99.00    
  197   81    1   9.535       31.18    
  197   82    1   11.34       31.18    
  197   83    1   1.123       61.24    
  198   81    1   4.178       61.24    
  198   83    1   69.18       9.540    
  198   83    2  4.0356E-22   10.79    
  199   82    1   75.54       4.564    
  199   83    1   204.8       6.557    
  200   83    1   861.8       3.227    
  201   82    1   594.1       3.894    
  201   83    1   1375.       2.371    
  202   81    1   13.89       9.474    
  202   82    1   146.3       9.474    
  203   82    1   812.6       2.180    
  204   82    1   384.5       4.344    
  205   82    1   122.3       1.195    
  205   82    2   458.2       1.195    
  206   82    1   945.9      0.9283    
  207   82    1   11.66       5.645    
