# Detector n:     1  
cool17    
# A/Z Isotopes:
   69   24   0.000       0.000    
   69   25   0.000       0.000    
   69   26   0.000       0.000    
   69   27   0.000       0.000    
   69   28   0.000       0.000    
   69   29   0.000       0.000    
   69   30  1.0773E-06   58.65    
   69   31   0.000       0.000    
   69   32   0.000       0.000    
   69   33   0.000       0.000    
   69   34   0.000       0.000    
   68   24   0.000       0.000    
   68   25   0.000       0.000    
   68   26   0.000       0.000    
   68   27   0.000       0.000    
   68   28   0.000       0.000    
   68   29   0.000       0.000    
   68   30   0.000       0.000    
   68   31  4.7423E-06   23.40    
   68   32   0.000       0.000    
   68   33   0.000       0.000    
   68   34   0.000       0.000    
   67   24   0.000       0.000    
   67   25   0.000       0.000    
   67   26   0.000       0.000    
   67   27   0.000       0.000    
   67   28   0.000       0.000    
   67   29  6.3175E-07   72.89    
   67   30   0.000       0.000    
   67   31  4.4296E-06   20.70    
   67   32   0.000       0.000    
   67   33   0.000       0.000    
   67   34   0.000       0.000    
   66   24   0.000       0.000    
   66   25   0.000       0.000    
   66   26   0.000       0.000    
   66   27   0.000       0.000    
   66   28   0.000       0.000    
   66   29  2.1459E-25   31.18    
   66   30   0.000       0.000    
   66   31  2.2548E-05   18.22    
   66   32   0.000       0.000    
   66   33   0.000       0.000    
   66   34   0.000       0.000    
   65   24   0.000       0.000    
   65   25   0.000       0.000    
   65   26   0.000       0.000    
   65   27   0.000       0.000    
   65   28  1.5391E-06   99.00    
   65   29   0.000       0.000    
   65   30  3.9455E-07   6.294    
   65   31  5.7680E-11   22.26    
   65   32   0.000       0.000    
   65   33   0.000       0.000    
   65   34   0.000       0.000    
   64   24   0.000       0.000    
   64   25   0.000       0.000    
   64   26   0.000       0.000    
   64   27   0.000       0.000    
   64   28   0.000       0.000    
   64   29  1.3618E-04   7.634    
   64   30   0.000       0.000    
   64   31  4.7644E-45   23.89    
   64   32   0.000       0.000    
   64   33   0.000       0.000    
   64   34   0.000       0.000    
   63   24   0.000       0.000    
   63   25   0.000       0.000    
   63   26   0.000       0.000    
   63   27   0.000       0.000    
   63   28  4.9520E-10   20.82    
   63   29   0.000       0.000    
   63   30  5.0994E-06   5.747    
   63   31   0.000       0.000    
   63   32   0.000       0.000    
   63   33   0.000       0.000    
   63   34   0.000       0.000    
   62   24   0.000       0.000    
   62   25   0.000       0.000    
   62   26   0.000       0.000    
   62   27  5.4366E-15   61.24    
   62   28   0.000       0.000    
   62   29  5.8379E-05   12.50    
   62   30  5.7356E-05   12.50    
   62   31   0.000       0.000    
   62   32   0.000       0.000    
   62   33   0.000       0.000    
   62   34   0.000       0.000    
   61   24   0.000       0.000    
   61   25   0.000       0.000    
   61   26   0.000       0.000    
   61   27  2.9007E-06   40.82    
   61   28   0.000       0.000    
   61   29  2.8993E-04   6.616    
   61   30   0.000       0.000    
   61   31   0.000       0.000    
   61   32   0.000       0.000    
   61   33   0.000       0.000    
   61   34   0.000       0.000    
   60   24   0.000       0.000    
   60   25   0.000       0.000    
   60   26  4.5542E-16   99.00    
   60   27  4.7441E-09   24.30    
   60   28   0.000       0.000    
   60   29  3.4982E-08   6.023    
   60   30   0.000       0.000    
   60   31   0.000       0.000    
   60   32   0.000       0.000    
   60   33   0.000       0.000    
   60   34   0.000       0.000    
   59   24   0.000       0.000    
   59   25   0.000       0.000    
   59   26  1.9511E-08   61.24    
   59   27   0.000       0.000    
   59   28  4.8827E-12   7.107    
   59   29   0.000       0.000    
   59   30   0.000       0.000    
   59   31   0.000       0.000    
   59   32   0.000       0.000    
   59   33   0.000       0.000    
   59   34   0.000       0.000    
   58   24   0.000       0.000    
   58   25   0.000       0.000    
   58   26   0.000       0.000    
   58   27  8.4788E-07   12.43    
   58   28   0.000       0.000    
   58   29   0.000       0.000    
   58   30   0.000       0.000    
   58   31   0.000       0.000    
   58   32   0.000       0.000    
   58   33   0.000       0.000    
   58   34   0.000       0.000    
   57   24   0.000       0.000    
   57   25   0.000       0.000    
   57   26   0.000       0.000    
   57   27  2.4614E-07   8.485    
   57   28  3.6508E-06   26.24    
   57   29   0.000       0.000    
   57   30   0.000       0.000    
   57   31   0.000       0.000    
   57   32   0.000       0.000    
   57   33   0.000       0.000    
   57   34   0.000       0.000    
   56   24   0.000       0.000    
   56   25  2.3459E-06   40.82    
   56   26   0.000       0.000    
   56   27  2.6508E-07   10.87    
   56   28  2.0904E-07   66.67    
   56   29   0.000       0.000    
   56   30   0.000       0.000    
   56   31   0.000       0.000    
   56   32   0.000       0.000    
   56   33   0.000       0.000    
   56   34   0.000       0.000    
   55   24   0.000       0.000    
   55   25   0.000       0.000    
   55   26  2.1832E-08   10.07    
   55   27  4.6832E-07   99.00    
   55   28   0.000       0.000    
   55   29   0.000       0.000    
   55   30   0.000       0.000    
   55   31   0.000       0.000    
   55   32   0.000       0.000    
   55   33   0.000       0.000    
   55   34   0.000       0.000    
   54   24   0.000       0.000    
   54   25  2.3717E-08   19.95    
   54   26   0.000       0.000    
   54   27   0.000       0.000    
   54   28   0.000       0.000    
   54   29   0.000       0.000    
   54   30   0.000       0.000    
   54   31   0.000       0.000    
   54   32   0.000       0.000    
   54   33   0.000       0.000    
   54   34   0.000       0.000    
   53   24   0.000       0.000    
   53   25  5.4236E-15   19.95    
   53   26  1.5690E-17   61.24    
   53   27   0.000       0.000    
   53   28   0.000       0.000    
   53   29   0.000       0.000    
   53   30   0.000       0.000    
   53   31   0.000       0.000    
   53   32   0.000       0.000    
   53   33   0.000       0.000    
   53   34   0.000       0.000    
   52   24   0.000       0.000    
   52   25  2.6509E-09   61.24    
   52   26   0.000       0.000    
   52   27   0.000       0.000    
   52   28   0.000       0.000    
   52   29   0.000       0.000    
   52   30   0.000       0.000    
   52   31   0.000       0.000    
   52   32   0.000       0.000    
   52   33   0.000       0.000    
   52   34   0.000       0.000    
   51   24  1.5587E-08   99.00    
   51   25  5.4875E-08   99.00    
   51   26   0.000       0.000    
   51   27   0.000       0.000    
   51   28   0.000       0.000    
   51   29   0.000       0.000    
   51   30   0.000       0.000    
   51   31   0.000       0.000    
   51   32   0.000       0.000    
   51   33   0.000       0.000    
   51   34   0.000       0.000    
   40   13   0.000       0.000    
   40   14   0.000       0.000    
   40   15   0.000       0.000    
   40   16   0.000       0.000    
   40   17   0.000       0.000    
   40   18   0.000       0.000    
   40   19  1.9165E-18   61.24    
   40   20   0.000       0.000    
   40   21   0.000       0.000    
   40   22   0.000       0.000    
   40   23   0.000       0.000    
   39   13   0.000       0.000    
   39   14   0.000       0.000    
   39   15   0.000       0.000    
   39   16   0.000       0.000    
   39   17  4.8097E-07   46.77    
   39   18  5.7473E-11   35.68    
   39   19   0.000       0.000    
   39   20   0.000       0.000    
   39   21   0.000       0.000    
   39   22   0.000       0.000    
   39   23   0.000       0.000    
   38   13   0.000       0.000    
   38   14   0.000       0.000    
   38   15   0.000       0.000    
   38   16   0.000       0.000    
   38   17  3.6174E-08   61.24    
   38   18   0.000       0.000    
   38   19   0.000       0.000    
   38   20   0.000       0.000    
   38   21   0.000       0.000    
   38   22   0.000       0.000    
   38   23   0.000       0.000    
   37   13   0.000       0.000    
   37   14   0.000       0.000    
   37   15   0.000       0.000    
   37   16   0.000       0.000    
   37   17   0.000       0.000    
   37   18  4.9540E-08   25.00    
   37   19   0.000       0.000    
   37   20   0.000       0.000    
   37   21   0.000       0.000    
   37   22   0.000       0.000    
   37   23   0.000       0.000    
   36   13   0.000       0.000    
   36   14   0.000       0.000    
   36   15   0.000       0.000    
   36   16   0.000       0.000    
   36   17   0.000       0.000    
   36   18   0.000       0.000    
   36   19   0.000       0.000    
   36   20   0.000       0.000    
   36   21   0.000       0.000    
   36   22   0.000       0.000    
   36   23   0.000       0.000    
   35   13   0.000       0.000    
   35   14   0.000       0.000    
   35   15   0.000       0.000    
   35   16  9.9559E-09   61.24    
   35   17   0.000       0.000    
   35   18   0.000       0.000    
   35   19   0.000       0.000    
   35   20   0.000       0.000    
   35   21   0.000       0.000    
   35   22   0.000       0.000    
   35   23   0.000       0.000    
   34   13   0.000       0.000    
   34   14   0.000       0.000    
   34   15   0.000       0.000    
   34   16   0.000       0.000    
   34   17   0.000       0.000    
   34   18   0.000       0.000    
   34   19   0.000       0.000    
   34   20   0.000       0.000    
   34   21   0.000       0.000    
   34   22   0.000       0.000    
   34   23   0.000       0.000    
   33   13   0.000       0.000    
   33   14   0.000       0.000    
   33   15   0.000       0.000    
   33   16   0.000       0.000    
   33   17   0.000       0.000    
   33   18   0.000       0.000    
   33   19   0.000       0.000    
   33   20   0.000       0.000    
   33   21   0.000       0.000    
   33   22   0.000       0.000    
   33   23   0.000       0.000    
   32   13   0.000       0.000    
   32   14   0.000       0.000    
   32   15  3.0168E-08   99.00    
   32   16   0.000       0.000    
   32   17   0.000       0.000    
   32   18   0.000       0.000    
   32   19   0.000       0.000    
   32   20   0.000       0.000    
   32   21   0.000       0.000    
   32   22   0.000       0.000    
   32   23   0.000       0.000    
   14    2   0.000       0.000    
   14    3   0.000       0.000    
   14    4   0.000       0.000    
   14    5   0.000       0.000    
   14    6  3.6843E-11   5.345    
   14    7   0.000       0.000    
   14    8   0.000       0.000    
   14    9   0.000       0.000    
   14   10   0.000       0.000    
   14   11   0.000       0.000    
   14   12   0.000       0.000    
   13    2   0.000       0.000    
   13    3   0.000       0.000    
   13    4   0.000       0.000    
   13    5   0.000       0.000    
   13    6   0.000       0.000    
   13    7  1.5305E-13   5.470    
   13    8   0.000       0.000    
   13    9   0.000       0.000    
   13   10   0.000       0.000    
   13   11   0.000       0.000    
   13   12   0.000       0.000    
   12    2   0.000       0.000    
   12    3   0.000       0.000    
   12    4   0.000       0.000    
   12    5   0.000       0.000    
   12    6   0.000       0.000    
   12    7   0.000       0.000    
   12    8   0.000       0.000    
   12    9   0.000       0.000    
   12   10   0.000       0.000    
   12   11   0.000       0.000    
   12   12   0.000       0.000    
   11    2   0.000       0.000    
   11    3   0.000       0.000    
   11    4   0.000       0.000    
   11    5   0.000       0.000    
   11    6  4.1424E-08   5.433    
   11    7   0.000       0.000    
   11    8   0.000       0.000    
   11    9   0.000       0.000    
   11   10   0.000       0.000    
   11   11   0.000       0.000    
   11   12   0.000       0.000    
   10    2   0.000       0.000    
   10    3   0.000       0.000    
   10    4  8.6922E-15   17.01    
   10    5   0.000       0.000    
   10    6   0.000       0.000    
   10    7   0.000       0.000    
   10    8   0.000       0.000    
   10    9   0.000       0.000    
   10   10   0.000       0.000    
   10   11   0.000       0.000    
   10   12   0.000       0.000    
    9    2   0.000       0.000    
    9    3   0.000       0.000    
    9    4   0.000       0.000    
    9    5   0.000       0.000    
    9    6   0.000       0.000    
    9    7   0.000       0.000    
    9    8   0.000       0.000    
    9    9   0.000       0.000    
    9   10   0.000       0.000    
    9   11   0.000       0.000    
    9   12   0.000       0.000    
    8    2   0.000       0.000    
    8    3   0.000       0.000    
    8    4   0.000       0.000    
    8    5   0.000       0.000    
    8    6   0.000       0.000    
    8    7   0.000       0.000    
    8    8   0.000       0.000    
    8    9   0.000       0.000    
    8   10   0.000       0.000    
    8   11   0.000       0.000    
    8   12   0.000       0.000    
    7    2   0.000       0.000    
    7    3   0.000       0.000    
    7    4  1.7221E-06   6.464    
    7    5   0.000       0.000    
    7    6   0.000       0.000    
    7    7   0.000       0.000    
    7    8   0.000       0.000    
    7    9   0.000       0.000    
    7   10   0.000       0.000    
    7   11   0.000       0.000    
    7   12   0.000       0.000    
    3    1  2.3824E-08   5.118    
# A/Z/m Isomers:
   52   25    1  3.4334E-10   61.24    
   58   27    1  3.6568E-05   19.17    
   60   27    1  2.7395E-14   17.12    
   62   27    1  9.6650E-13   61.24    
   65   30    1  1.8245E-11   22.26    
   67   30    1  3.3968E-06   19.25    
   69   30    1  5.5844E-07   99.00    
