  **** 20tungsten1p27_33.rnc ****


  Total primaries run:        25000000

    Total weight of the primaries run:   2.30100425E+16


  Beam intensity  :   9.99999987E+14  pr/s

  Irradiation time:   300.000000      s

  Decay time      :   2500.00000      s

  Detector n:            1   cool13    
     (Region          -1  Volume:     147.300003      cmc,
      distr. type  :           3    ,
      Z_max:          78 , N-Z_max:          42 , N-Z_min:          -4 )

     Tot. response (Bq/cmc)   9.79718246E+09   +/-  0.157043800      %
     ( --> Bq                 1.44312500E+12   +/-  0.157043800      % )



  **** Residual nuclei distribution  **** ****           (Bq/cmc)            ****



  A \ Z   68         69         70         71         72         73         74         75         76         77         78
 188   0.00E+00   0.00E+00   0.00E+00   0.00E+00   0.00E+00   0.00E+00   0.00E+00   1.08E+03   0.00E+00   0.00E+00   0.00E+00
      +/- 0.0 %  +/- 0.0 %  +/- 0.0 %  +/- 0.0 %  +/- 0.0 %  +/- 0.0 %  +/- 0.0 %  +/-63.3 %  +/- 0.0 %  +/- 0.0 %  +/- 0.0 %
 187   0.00E+00   0.00E+00   0.00E+00   0.00E+00   0.00E+00   0.00E+00   3.89E+06   0.00E+00   0.00E+00   0.00E+00   0.00E+00
      +/- 0.0 %  +/- 0.0 %  +/- 0.0 %  +/- 0.0 %  +/- 0.0 %  +/- 0.0 %  +/- 1.2 %  +/- 0.0 %  +/- 0.0 %  +/- 0.0 %  +/- 0.0 %
 186   0.00E+00   0.00E+00   0.00E+00   0.00E+00   0.00E+00   2.45E+05   0.00E+00   5.51E+05   0.00E+00   0.00E+00   0.00E+00
      +/- 0.0 %  +/- 0.0 %  +/- 0.0 %  +/- 0.0 %  +/- 0.0 %  +/-27.1 %  +/- 0.0 %  +/- 2.8 %  +/- 0.0 %  +/- 0.0 %  +/- 0.0 %
 185   0.00E+00   0.00E+00   0.00E+00   0.00E+00   0.00E+00   1.90E+07   3.90E+05   0.00E+00   8.46E+00   0.00E+00   0.00E+00
      +/- 0.0 %  +/- 0.0 %  +/- 0.0 %  +/- 0.0 %  +/- 0.0 %  +/- 4.1 %  +/- 0.5 %  +/- 0.0 %  +/-99.0 %  +/- 0.0 %  +/- 0.0 %
 184   0.00E+00   0.00E+00   0.00E+00   0.00E+00   4.91E+04   2.00E+06   0.00E+00   5.11E+05   0.00E+00   0.00E+00   0.00E+00
      +/- 0.0 %  +/- 0.0 %  +/- 0.0 %  +/- 0.0 %  +/-27.6 %  +/- 3.9 %  +/- 0.0 %  +/- 0.7 %  +/- 0.0 %  +/- 0.0 %  +/- 0.0 %
 183   0.00E+00   0.00E+00   0.00E+00   0.00E+00   1.15E+05   4.36E+05   0.00E+00   5.94E+05   0.00E+00   0.00E+00   0.00E+00
      +/- 0.0 %  +/- 0.0 %  +/- 0.0 %  +/- 0.0 %  +/-65.3 %  +/- 1.4 %  +/- 0.0 %  +/- 0.3 %  +/- 0.0 %  +/- 0.0 %  +/- 0.0 %
 182   0.00E+00   0.00E+00   0.00E+00   0.00E+00   3.54E-06   2.05E+04   0.00E+00   6.11E+06   1.00E+03   0.00E+00   0.00E+00
      +/- 0.0 %  +/- 0.0 %  +/- 0.0 %  +/- 0.0 %  +/-25.9 %  +/- 3.1 %  +/- 0.0 %  +/- 1.0 %  +/-99.0 %  +/- 0.0 %  +/- 0.0 %
 181   0.00E+00   0.00E+00   0.00E+00   0.00E+00   6.04E+02   0.00E+00   5.31E+05   9.24E+07   0.00E+00   0.00E+00   0.00E+00
      +/- 0.0 %  +/- 0.0 %  +/- 0.0 %  +/- 0.0 %  +/-19.7 %  +/- 0.0 %  +/- 0.5 %  +/- 0.3 %  +/- 0.0 %  +/- 0.0 %  +/- 0.0 %
 180   0.00E+00   0.00E+00   0.00E+00   0.00E+00   0.00E+00   5.08E+06   0.00E+00   1.90E+05   0.00E+00   0.00E+00   0.00E+00
      +/- 0.0 %  +/- 0.0 %  +/- 0.0 %  +/- 0.0 %  +/- 0.0 %  +/- 3.2 %  +/- 0.0 %  +/- 0.2 %  +/- 0.0 %  +/- 0.0 %  +/- 0.0 %
 179   0.00E+00   0.00E+00   0.00E+00   0.00E+00   0.00E+00   7.34E+04   2.23E+09   1.25E+09   0.00E+00   0.00E+00   0.00E+00
      +/- 0.0 %  +/- 0.0 %  +/- 0.0 %  +/- 0.0 %  +/- 0.0 %  +/- 0.3 %  +/- 0.2 %  +/- 0.2 %  +/- 0.0 %  +/- 0.0 %  +/- 0.0 %
 178   0.00E+00   0.00E+00   0.00E+00   3.01E+04   0.00E+00   1.37E+07   4.12E+06   6.12E+08   0.00E+00   0.00E+00   0.00E+00
      +/- 0.0 %  +/- 0.0 %  +/- 0.0 %  +/-99.0 %  +/- 0.0 %  +/- 2.0 %  +/- 0.3 %  +/- 0.2 %  +/- 0.0 %  +/- 0.0 %  +/- 0.0 %
 177   0.00E+00   0.00E+00   0.00E+00   3.71E+02   0.00E+00   5.58E+06   5.90E+08   5.65E+08   0.00E+00   0.00E+00   0.00E+00
      +/- 0.0 %  +/- 0.0 %  +/- 0.0 %  +/-67.2 %  +/- 0.0 %  +/- 0.5 %  +/- 0.5 %  +/- 0.5 %  +/- 0.0 %  +/- 0.0 %  +/- 0.0 %
 176   0.00E+00   0.00E+00   0.00E+00   0.00E+00   0.00E+00   2.58E+07   3.23E+08   2.12E+07   0.00E+00   0.00E+00   0.00E+00
      +/- 0.0 %  +/- 0.0 %  +/- 0.0 %  +/- 0.0 %  +/- 0.0 %  +/- 0.6 %  +/- 0.4 %  +/- 0.5 %  +/- 0.0 %  +/- 0.0 %  +/- 0.0 %
 175   0.00E+00   0.00E+00   0.00E+00   0.00E+00   1.05E+04   3.01E+07   3.80E+08   1.79E+07   0.00E+00   0.00E+00   0.00E+00
      +/- 0.0 %  +/- 0.0 %  +/- 0.0 %  +/- 0.0 %  +/- 1.9 %  +/- 0.6 %  +/- 0.6 %  +/- 0.7 %  +/- 0.0 %  +/- 0.0 %  +/- 0.0 %
 174   0.00E+00   0.00E+00   0.00E+00   8.40E+00   0.00E+00   9.65E+07   1.11E+08   5.81E+03   0.00E+00   0.00E+00   0.00E+00
      +/- 0.0 %  +/- 0.0 %  +/- 0.0 %  +/-36.4 %  +/- 0.0 %  +/- 1.1 %  +/- 1.8 %  +/- 2.0 %  +/- 0.0 %  +/- 0.0 %  +/- 0.0 %
 173   0.00E+00   0.00E+00   0.00E+00   6.87E+01   9.82E+05   2.56E+07   4.11E+06   6.58E+01   0.00E+00   0.00E+00   0.00E+00
      +/- 0.0 %  +/- 0.0 %  +/- 0.0 %  +/- 8.7 %  +/- 2.1 %  +/- 2.4 %  +/- 5.0 %  +/- 7.0 %  +/- 0.0 %  +/- 0.0 %  +/- 0.0 %
 172   0.00E+00   0.00E+00   0.00E+00   4.92E+03   2.03E+03   3.09E+07   3.16E+05   3.14E-44   0.00E+00   0.00E+00   0.00E+00
      +/- 0.0 %  +/- 0.0 %  +/- 0.0 %  +/-17.1 %  +/- 2.1 %  +/- 2.6 %  +/-11.1 %  +/-60.1 %  +/- 0.0 %  +/- 0.0 %  +/- 0.0 %
 171   0.00E+00   0.00E+00   0.00E+00   8.44E+03   1.39E+06   1.27E+07   4.69E+00   0.00E+00   0.00E+00   0.00E+00   0.00E+00
      +/- 0.0 %  +/- 0.0 %  +/- 0.0 %  +/- 9.4 %  +/- 1.9 %  +/- 1.2 %  +/-66.3 %  +/- 0.0 %  +/- 0.0 %  +/- 0.0 %  +/- 0.0 %
 170   0.00E+00   0.00E+00   0.00E+00   3.06E+04   2.15E+05   2.24E+05   0.00E+00   0.00E+00   0.00E+00   0.00E+00   0.00E+00
      +/- 0.0 %  +/- 0.0 %  +/- 0.0 %  +/-17.0 %  +/-12.2 %  +/-13.0 %  +/- 0.0 %  +/- 0.0 %  +/- 0.0 %  +/- 0.0 %  +/- 0.0 %
 169   0.00E+00   0.00E+00   1.85E+02   6.22E+04   1.48E+04   4.99E+03   0.00E+00   0.00E+00   0.00E+00   0.00E+00   0.00E+00
      +/- 0.0 %  +/- 0.0 %  +/-58.9 %  +/-20.8 %  +/- 5.9 %  +/- 6.4 %  +/- 0.0 %  +/- 0.0 %  +/- 0.0 %  +/- 0.0 %  +/- 0.0 %
 168   0.00E+00   5.00E+00   0.00E+00   9.05E+03   9.03E+03   0.00E+00   0.00E+00   0.00E+00   0.00E+00   0.00E+00   0.00E+00
      +/- 0.0 %  +/-99.0 %  +/- 0.0 %  +/-43.6 %  +/-99.0 %  +/- 0.0 %  +/- 0.0 %  +/- 0.0 %  +/- 0.0 %  +/- 0.0 %  +/- 0.0 %
 167   0.00E+00   8.97E+02   1.28E+05   3.16E+04   0.00E+00   0.00E+00   0.00E+00   0.00E+00   0.00E+00   0.00E+00   0.00E+00
      +/- 0.0 %  +/-53.0 %  +/-40.4 %  +/-78.2 %  +/- 0.0 %  +/- 0.0 %  +/- 0.0 %  +/- 0.0 %  +/- 0.0 %  +/- 0.0 %  +/- 0.0 %
 166   0.00E+00   4.33E+03   7.93E+02   0.00E+00   0.00E+00   0.00E+00   0.00E+00   0.00E+00   0.00E+00   0.00E+00   0.00E+00
      +/- 0.0 %  +/-64.7 %  +/-99.0 %  +/- 0.0 %  +/- 0.0 %  +/- 0.0 %  +/- 0.0 %  +/- 0.0 %  +/- 0.0 %  +/- 0.0 %  +/- 0.0 %
 165   3.69E+01   9.28E+02   5.38E+03   0.00E+00   0.00E+00   0.00E+00   0.00E+00   0.00E+00   0.00E+00   0.00E+00   0.00E+00
      +/-62.6 %  +/-66.1 %  +/-99.0 %  +/- 0.0 %  +/- 0.0 %  +/- 0.0 %  +/- 0.0 %  +/- 0.0 %  +/- 0.0 %  +/- 0.0 %  +/- 0.0 %
 164   0.00E+00   5.08E+02   0.00E+00   0.00E+00   0.00E+00   0.00E+00   0.00E+00   0.00E+00   0.00E+00   0.00E+00   0.00E+00
      +/- 0.0 %  +/-99.0 %  +/- 0.0 %  +/- 0.0 %  +/- 0.0 %  +/- 0.0 %  +/- 0.0 %  +/- 0.0 %  +/- 0.0 %  +/- 0.0 %  +/- 0.0 %
 163   2.04E+04   7.82E+03   0.00E+00   0.00E+00   0.00E+00   0.00E+00   0.00E+00   0.00E+00   0.00E+00   0.00E+00   0.00E+00
      +/-53.9 %  +/-99.0 %  +/- 0.0 %  +/- 0.0 %  +/- 0.0 %  +/- 0.0 %  +/- 0.0 %  +/- 0.0 %  +/- 0.0 %  +/- 0.0 %  +/- 0.0 %
 162   0.00E+00   3.90E+04   0.00E+00   0.00E+00   0.00E+00   0.00E+00   0.00E+00   0.00E+00   0.00E+00   0.00E+00   0.00E+00
      +/- 0.0 %  +/-99.0 %  +/- 0.0 %  +/- 0.0 %  +/- 0.0 %  +/- 0.0 %  +/- 0.0 %  +/- 0.0 %  +/- 0.0 %  +/- 0.0 %  +/- 0.0 %

  A \ Z   57         58         59         60         61         62         63         64         65         66         67
 163   0.00E+00   0.00E+00   0.00E+00   0.00E+00   0.00E+00   0.00E+00   0.00E+00   0.00E+00   0.00E+00   0.00E+00   2.94E-04
      +/- 0.0 %  +/- 0.0 %  +/- 0.0 %  +/- 0.0 %  +/- 0.0 %  +/- 0.0 %  +/- 0.0 %  +/- 0.0 %  +/- 0.0 %  +/- 0.0 %  +/-60.3 %
 161   0.00E+00   0.00E+00   0.00E+00   0.00E+00   0.00E+00   0.00E+00   0.00E+00   0.00E+00   0.00E+00   0.00E+00   8.09E+03
      +/- 0.0 %  +/- 0.0 %  +/- 0.0 %  +/- 0.0 %  +/- 0.0 %  +/- 0.0 %  +/- 0.0 %  +/- 0.0 %  +/- 0.0 %  +/- 0.0 %  +/-99.0 %
 156   0.00E+00   0.00E+00   0.00E+00   0.00E+00   0.00E+00   0.00E+00   0.00E+00   0.00E+00   6.79E+01   0.00E+00   0.00E+00
      +/- 0.0 %  +/- 0.0 %  +/- 0.0 %  +/- 0.0 %  +/- 0.0 %  +/- 0.0 %  +/- 0.0 %  +/- 0.0 %  +/-99.0 %  +/- 0.0 %  +/- 0.0 %

  A \ Z   46         47         48         49         50         51         52         53         54         55         56
 115   0.00E+00   0.00E+00   1.02E+02   0.00E+00   0.00E+00   0.00E+00   0.00E+00   0.00E+00   0.00E+00   0.00E+00   0.00E+00
      +/- 0.0 %  +/- 0.0 %  +/-99.0 %  +/- 0.0 %  +/- 0.0 %  +/- 0.0 %  +/- 0.0 %  +/- 0.0 %  +/- 0.0 %  +/- 0.0 %  +/- 0.0 %
 114   2.56E+00   2.65E+00   0.00E+00   4.02E+00   0.00E+00   0.00E+00   0.00E+00   0.00E+00   0.00E+00   0.00E+00   0.00E+00
      +/-99.0 %  +/-99.0 %  +/- 0.0 %  +/-99.0 %  +/- 0.0 %  +/- 0.0 %  +/- 0.0 %  +/- 0.0 %  +/- 0.0 %  +/- 0.0 %  +/- 0.0 %
 113   0.00E+00   1.79E+03   0.00E+00   0.00E+00   0.00E+00   0.00E+00   0.00E+00   0.00E+00   0.00E+00   0.00E+00   0.00E+00
      +/- 0.0 %  +/-99.0 %  +/- 0.0 %  +/- 0.0 %  +/- 0.0 %  +/- 0.0 %  +/- 0.0 %  +/- 0.0 %  +/- 0.0 %  +/- 0.0 %  +/- 0.0 %
 112   0.00E+00   3.59E+03   0.00E+00   0.00E+00   0.00E+00   0.00E+00   0.00E+00   0.00E+00   0.00E+00   0.00E+00   0.00E+00
      +/- 0.0 %  +/-99.0 %  +/- 0.0 %  +/- 0.0 %  +/- 0.0 %  +/- 0.0 %  +/- 0.0 %  +/- 0.0 %  +/- 0.0 %  +/- 0.0 %  +/- 0.0 %
 111   2.71E+03   1.58E+02   0.00E+00   0.00E+00   0.00E+00   0.00E+00   0.00E+00   0.00E+00   0.00E+00   0.00E+00   0.00E+00
      +/-99.0 %  +/-52.9 %  +/- 0.0 %  +/- 0.0 %  +/- 0.0 %  +/- 0.0 %  +/- 0.0 %  +/- 0.0 %  +/- 0.0 %  +/- 0.0 %  +/- 0.0 %
 110   0.00E+00   1.13E-25   0.00E+00   0.00E+00   0.00E+00   0.00E+00   0.00E+00   0.00E+00   0.00E+00   0.00E+00   0.00E+00
      +/- 0.0 %  +/-99.0 %  +/- 0.0 %  +/- 0.0 %  +/- 0.0 %  +/- 0.0 %  +/- 0.0 %  +/- 0.0 %  +/- 0.0 %  +/- 0.0 %  +/- 0.0 %
 109   2.40E+03   0.00E+00   0.00E+00   0.00E+00   0.00E+00   0.00E+00   0.00E+00   0.00E+00   0.00E+00   0.00E+00   0.00E+00
      +/-55.8 %  +/- 0.0 %  +/- 0.0 %  +/- 0.0 %  +/- 0.0 %  +/- 0.0 %  +/- 0.0 %  +/- 0.0 %  +/- 0.0 %  +/- 0.0 %  +/- 0.0 %
 107   2.11E-06   0.00E+00   0.00E+00   0.00E+00   0.00E+00   0.00E+00   0.00E+00   0.00E+00   0.00E+00   0.00E+00   0.00E+00
      +/-78.9 %  +/- 0.0 %  +/- 0.0 %  +/- 0.0 %  +/- 0.0 %  +/- 0.0 %  +/- 0.0 %  +/- 0.0 %  +/- 0.0 %  +/- 0.0 %  +/- 0.0 %

  A \ Z   35         36         37         38         39         40         41         42         43         44         45
 109   0.00E+00   0.00E+00   0.00E+00   0.00E+00   0.00E+00   0.00E+00   0.00E+00   0.00E+00   0.00E+00   0.00E+00   2.13E-05
      +/- 0.0 %  +/- 0.0 %  +/- 0.0 %  +/- 0.0 %  +/- 0.0 %  +/- 0.0 %  +/- 0.0 %  +/- 0.0 %  +/- 0.0 %  +/- 0.0 %  +/-99.0 %
 107   0.00E+00   0.00E+00   0.00E+00   0.00E+00   0.00E+00   0.00E+00   0.00E+00   0.00E+00   0.00E+00   0.00E+00   2.35E+04
      +/- 0.0 %  +/- 0.0 %  +/- 0.0 %  +/- 0.0 %  +/- 0.0 %  +/- 0.0 %  +/- 0.0 %  +/- 0.0 %  +/- 0.0 %  +/- 0.0 %  +/-50.9 %
 106   0.00E+00   0.00E+00   0.00E+00   0.00E+00   0.00E+00   0.00E+00   0.00E+00   0.00E+00   0.00E+00   4.11E+00   4.11E+00
      +/- 0.0 %  +/- 0.0 %  +/- 0.0 %  +/- 0.0 %  +/- 0.0 %  +/- 0.0 %  +/- 0.0 %  +/- 0.0 %  +/- 0.0 %  +/-61.2 %  +/-61.2 %
 105   0.00E+00   0.00E+00   0.00E+00   0.00E+00   0.00E+00   0.00E+00   0.00E+00   0.00E+00   7.08E+03   1.40E+04   1.46E+03
      +/- 0.0 %  +/- 0.0 %  +/- 0.0 %  +/- 0.0 %  +/- 0.0 %  +/- 0.0 %  +/- 0.0 %  +/- 0.0 %  +/-99.0 %  +/-87.9 %  +/-87.5 %
 104   0.00E+00   0.00E+00   0.00E+00   0.00E+00   0.00E+00   0.00E+00   0.00E+00   6.11E-08   3.83E+04   0.00E+00   2.04E-13
      +/- 0.0 %  +/- 0.0 %  +/- 0.0 %  +/- 0.0 %  +/- 0.0 %  +/- 0.0 %  +/- 0.0 %  +/-99.0 %  +/-75.9 %  +/- 0.0 %  +/-99.0 %
 103   0.00E+00   0.00E+00   0.00E+00   0.00E+00   0.00E+00   0.00E+00   0.00E+00   0.00E+00   4.75E-09   2.73E+01   0.00E+00
      +/- 0.0 %  +/- 0.0 %  +/- 0.0 %  +/- 0.0 %  +/- 0.0 %  +/- 0.0 %  +/- 0.0 %  +/- 0.0 %  +/-62.0 %  +/-47.6 %  +/- 0.0 %
 102   0.00E+00   0.00E+00   0.00E+00   0.00E+00   0.00E+00   0.00E+00   0.00E+00   6.35E+03   6.40E+03   0.00E+00   0.00E+00
      +/- 0.0 %  +/- 0.0 %  +/- 0.0 %  +/- 0.0 %  +/- 0.0 %  +/- 0.0 %  +/- 0.0 %  +/-66.7 %  +/-66.7 %  +/- 0.0 %  +/- 0.0 %
 101   0.00E+00   0.00E+00   0.00E+00   0.00E+00   0.00E+00   0.00E+00   0.00E+00   4.78E+03   6.10E+04   0.00E+00   0.00E+00
      +/- 0.0 %  +/- 0.0 %  +/- 0.0 %  +/- 0.0 %  +/- 0.0 %  +/- 0.0 %  +/- 0.0 %  +/-99.0 %  +/-49.4 %  +/- 0.0 %  +/- 0.0 %
  99   0.00E+00   0.00E+00   0.00E+00   0.00E+00   0.00E+00   0.00E+00   1.20E-02   4.77E+02   1.10E-05   0.00E+00   0.00E+00
      +/- 0.0 %  +/- 0.0 %  +/- 0.0 %  +/- 0.0 %  +/- 0.0 %  +/- 0.0 %  +/-99.0 %  +/-57.8 %  +/-86.8 %  +/- 0.0 %  +/- 0.0 %
  98   0.00E+00   0.00E+00   0.00E+00   0.00E+00   0.00E+00   0.00E+00   0.00E+00   0.00E+00   1.34E-06   0.00E+00   0.00E+00
      +/- 0.0 %  +/- 0.0 %  +/- 0.0 %  +/- 0.0 %  +/- 0.0 %  +/- 0.0 %  +/- 0.0 %  +/- 0.0 %  +/-99.0 %  +/- 0.0 %  +/- 0.0 %
  97   0.00E+00   0.00E+00   0.00E+00   0.00E+00   0.00E+00   4.42E+03   3.10E+04   0.00E+00   0.00E+00   0.00E+00   0.00E+00
      +/- 0.0 %  +/- 0.0 %  +/- 0.0 %  +/- 0.0 %  +/- 0.0 %  +/-80.8 %  +/-38.7 %  +/- 0.0 %  +/- 0.0 %  +/- 0.0 %  +/- 0.0 %
  96   0.00E+00   0.00E+00   0.00E+00   0.00E+00   0.00E+00   0.00E+00   2.57E+03   0.00E+00   0.00E+00   0.00E+00   0.00E+00
      +/- 0.0 %  +/- 0.0 %  +/- 0.0 %  +/- 0.0 %  +/- 0.0 %  +/- 0.0 %  +/-43.5 %  +/- 0.0 %  +/- 0.0 %  +/- 0.0 %  +/- 0.0 %
  95   0.00E+00   0.00E+00   0.00E+00   0.00E+00   6.81E+03   8.20E+01   1.42E+02   0.00E+00   0.00E+00   0.00E+00   0.00E+00
      +/- 0.0 %  +/- 0.0 %  +/- 0.0 %  +/- 0.0 %  +/-99.0 %  +/-84.1 %  +/-52.1 %  +/- 0.0 %  +/- 0.0 %  +/- 0.0 %  +/- 0.0 %
  94   0.00E+00   0.00E+00   0.00E+00   1.99E-05   2.95E+04   0.00E+00   6.89E-04   0.00E+00   0.00E+00   0.00E+00   0.00E+00
      +/- 0.0 %  +/- 0.0 %  +/- 0.0 %  +/-99.0 %  +/-83.0 %  +/- 0.0 %  +/-70.3 %  +/- 0.0 %  +/- 0.0 %  +/- 0.0 %  +/- 0.0 %
  93   0.00E+00   0.00E+00   0.00E+00   6.26E+03   2.24E+04   6.05E-06   0.00E+00   0.00E+00   0.00E+00   0.00E+00   0.00E+00
      +/- 0.0 %  +/- 0.0 %  +/- 0.0 %  +/-46.7 %  +/-29.6 %  +/-24.8 %  +/- 0.0 %  +/- 0.0 %  +/- 0.0 %  +/- 0.0 %  +/- 0.0 %
  92   0.00E+00   0.00E+00   0.00E+00   5.74E+04   4.81E+04   0.00E+00   0.00E+00   0.00E+00   0.00E+00   0.00E+00   0.00E+00
      +/- 0.0 %  +/- 0.0 %  +/- 0.0 %  +/-37.8 %  +/-36.5 %  +/- 0.0 %  +/- 0.0 %  +/- 0.0 %  +/- 0.0 %  +/- 0.0 %  +/- 0.0 %
  91   0.00E+00   0.00E+00   5.47E-08   3.75E+03   3.92E+01   0.00E+00   0.00E+00   0.00E+00   0.00E+00   0.00E+00   0.00E+00
      +/- 0.0 %  +/- 0.0 %  +/-99.0 %  +/-96.9 %  +/-59.7 %  +/- 0.0 %  +/- 0.0 %  +/- 0.0 %  +/- 0.0 %  +/- 0.0 %  +/- 0.0 %
  90   0.00E+00   0.00E+00   1.90E+00   1.83E-01   1.12E+02   0.00E+00   0.00E+00   0.00E+00   0.00E+00   0.00E+00   0.00E+00
      +/- 0.0 %  +/- 0.0 %  +/-99.0 %  +/-46.5 %  +/-99.0 %  +/- 0.0 %  +/- 0.0 %  +/- 0.0 %  +/- 0.0 %  +/- 0.0 %  +/- 0.0 %
  89   0.00E+00   0.00E+00   1.22E+04   1.08E+02   0.00E+00   0.00E+00   0.00E+00   0.00E+00   0.00E+00   0.00E+00   0.00E+00
      +/- 0.0 %  +/- 0.0 %  +/-42.3 %  +/-36.0 %  +/- 0.0 %  +/- 0.0 %  +/- 0.0 %  +/- 0.0 %  +/- 0.0 %  +/- 0.0 %  +/- 0.0 %
  88   2.49E-41   7.33E+03   5.92E+04   0.00E+00   0.00E+00   0.00E+00   0.00E+00   0.00E+00   0.00E+00   0.00E+00   0.00E+00
      +/-99.0 %  +/-99.0 %  +/-57.5 %  +/- 0.0 %  +/- 0.0 %  +/- 0.0 %  +/- 0.0 %  +/- 0.0 %  +/- 0.0 %  +/- 0.0 %  +/- 0.0 %
  87   0.00E+00   6.25E+03   0.00E+00   0.00E+00   7.98E+00   0.00E+00   0.00E+00   0.00E+00   0.00E+00   0.00E+00   0.00E+00
      +/- 0.0 %  +/-99.0 %  +/- 0.0 %  +/- 0.0 %  +/-99.0 %  +/- 0.0 %  +/- 0.0 %  +/- 0.0 %  +/- 0.0 %  +/- 0.0 %  +/- 0.0 %
  86   9.17E-09   0.00E+00   3.09E+02   0.00E+00   0.00E+00   0.00E+00   0.00E+00   0.00E+00   0.00E+00   0.00E+00   0.00E+00
      +/-99.0 %  +/- 0.0 %  +/-46.8 %  +/- 0.0 %  +/- 0.0 %  +/- 0.0 %  +/- 0.0 %  +/- 0.0 %  +/- 0.0 %  +/- 0.0 %  +/- 0.0 %
  85   4.10E+01   3.43E-01   0.00E+00   0.00E+00   0.00E+00   0.00E+00   0.00E+00   0.00E+00   0.00E+00   0.00E+00   0.00E+00
      +/-82.4 %  +/-57.4 %  +/- 0.0 %  +/- 0.0 %  +/- 0.0 %  +/- 0.0 %  +/- 0.0 %  +/- 0.0 %  +/- 0.0 %  +/- 0.0 %  +/- 0.0 %
  84   1.32E+05   0.00E+00   4.56E+01   0.00E+00   0.00E+00   0.00E+00   0.00E+00   0.00E+00   0.00E+00   0.00E+00   0.00E+00
      +/-47.0 %  +/- 0.0 %  +/-43.3 %  +/- 0.0 %  +/- 0.0 %  +/- 0.0 %  +/- 0.0 %  +/- 0.0 %  +/- 0.0 %  +/- 0.0 %  +/- 0.0 %
  83   8.89E+04   0.00E+00   1.39E+01   0.00E+00   0.00E+00   0.00E+00   0.00E+00   0.00E+00   0.00E+00   0.00E+00   0.00E+00
      +/-35.9 %  +/- 0.0 %  +/-99.0 %  +/- 0.0 %  +/- 0.0 %  +/- 0.0 %  +/- 0.0 %  +/- 0.0 %  +/- 0.0 %  +/- 0.0 %  +/- 0.0 %
  82   3.63E+03   0.00E+00   0.00E+00   0.00E+00   0.00E+00   0.00E+00   0.00E+00   0.00E+00   0.00E+00   0.00E+00   0.00E+00
      +/-58.8 %  +/- 0.0 %  +/- 0.0 %  +/- 0.0 %  +/- 0.0 %  +/- 0.0 %  +/- 0.0 %  +/- 0.0 %  +/- 0.0 %  +/- 0.0 %  +/- 0.0 %
  80   5.65E+04   0.00E+00   0.00E+00   0.00E+00   0.00E+00   0.00E+00   0.00E+00   0.00E+00   0.00E+00   0.00E+00   0.00E+00
      +/-67.3 %  +/- 0.0 %  +/- 0.0 %  +/- 0.0 %  +/- 0.0 %  +/- 0.0 %  +/- 0.0 %  +/- 0.0 %  +/- 0.0 %  +/- 0.0 %  +/- 0.0 %

  A \ Z   24         25         26         27         28         29         30         31         32         33         34
  84   0.00E+00   0.00E+00   0.00E+00   0.00E+00   0.00E+00   0.00E+00   0.00E+00   0.00E+00   0.00E+00   0.00E+00   1.05E+02
      +/- 0.0 %  +/- 0.0 %  +/- 0.0 %  +/- 0.0 %  +/- 0.0 %  +/- 0.0 %  +/- 0.0 %  +/- 0.0 %  +/- 0.0 %  +/- 0.0 %  +/-75.5 %
  83   0.00E+00   0.00E+00   0.00E+00   0.00E+00   0.00E+00   0.00E+00   0.00E+00   0.00E+00   0.00E+00   0.00E+00   1.48E+03
      +/- 0.0 %  +/- 0.0 %  +/- 0.0 %  +/- 0.0 %  +/- 0.0 %  +/- 0.0 %  +/- 0.0 %  +/- 0.0 %  +/- 0.0 %  +/- 0.0 %  +/-99.0 %
  81   0.00E+00   0.00E+00   0.00E+00   0.00E+00   0.00E+00   0.00E+00   0.00E+00   0.00E+00   0.00E+00   0.00E+00   2.52E+04
      +/- 0.0 %  +/- 0.0 %  +/- 0.0 %  +/- 0.0 %  +/- 0.0 %  +/- 0.0 %  +/- 0.0 %  +/- 0.0 %  +/- 0.0 %  +/- 0.0 %  +/-43.9 %
  79   0.00E+00   0.00E+00   0.00E+00   0.00E+00   0.00E+00   0.00E+00   0.00E+00   0.00E+00   0.00E+00   2.15E+04   6.25E-05
      +/- 0.0 %  +/- 0.0 %  +/- 0.0 %  +/- 0.0 %  +/- 0.0 %  +/- 0.0 %  +/- 0.0 %  +/- 0.0 %  +/- 0.0 %  +/-72.3 %  +/-46.2 %
  78   0.00E+00   0.00E+00   0.00E+00   0.00E+00   0.00E+00   0.00E+00   0.00E+00   0.00E+00   1.32E+04   1.05E+04   0.00E+00
      +/- 0.0 %  +/- 0.0 %  +/- 0.0 %  +/- 0.0 %  +/- 0.0 %  +/- 0.0 %  +/- 0.0 %  +/- 0.0 %  +/-99.0 %  +/-62.4 %  +/- 0.0 %
  77   0.00E+00   0.00E+00   0.00E+00   0.00E+00   0.00E+00   0.00E+00   0.00E+00   0.00E+00   3.16E+03   4.27E+03   0.00E+00
      +/- 0.0 %  +/- 0.0 %  +/- 0.0 %  +/- 0.0 %  +/- 0.0 %  +/- 0.0 %  +/- 0.0 %  +/- 0.0 %  +/-69.6 %  +/-68.8 %  +/- 0.0 %
  76   0.00E+00   0.00E+00   0.00E+00   0.00E+00   0.00E+00   0.00E+00   0.00E+00   1.81E-18   0.00E+00   1.65E+03   0.00E+00
      +/- 0.0 %  +/- 0.0 %  +/- 0.0 %  +/- 0.0 %  +/- 0.0 %  +/- 0.0 %  +/- 0.0 %  +/-99.0 %  +/- 0.0 %  +/-99.0 %  +/- 0.0 %
  75   0.00E+00   0.00E+00   0.00E+00   0.00E+00   0.00E+00   0.00E+00   0.00E+00   1.44E-01   3.58E+04   0.00E+00   4.13E+00
      +/- 0.0 %  +/- 0.0 %  +/- 0.0 %  +/- 0.0 %  +/- 0.0 %  +/- 0.0 %  +/- 0.0 %  +/-99.0 %  +/-43.5 %  +/- 0.0 %  +/-99.0 %
  74   0.00E+00   0.00E+00   0.00E+00   0.00E+00   0.00E+00   0.00E+00   0.00E+00   7.28E+02   0.00E+00   2.21E+01   0.00E+00
      +/- 0.0 %  +/- 0.0 %  +/- 0.0 %  +/- 0.0 %  +/- 0.0 %  +/- 0.0 %  +/- 0.0 %  +/-99.0 %  +/- 0.0 %  +/-99.0 %  +/- 0.0 %
  73   0.00E+00   0.00E+00   0.00E+00   0.00E+00   0.00E+00   0.00E+00   7.53E-27   2.68E+04   0.00E+00   0.00E+00   0.00E+00
      +/- 0.0 %  +/- 0.0 %  +/- 0.0 %  +/- 0.0 %  +/- 0.0 %  +/- 0.0 %  +/-99.0 %  +/-52.4 %  +/- 0.0 %  +/- 0.0 %  +/- 0.0 %
  72   0.00E+00   0.00E+00   0.00E+00   0.00E+00   0.00E+00   0.00E+00   4.23E+02   6.84E+03   0.00E+00   0.00E+00   0.00E+00
      +/- 0.0 %  +/- 0.0 %  +/- 0.0 %  +/- 0.0 %  +/- 0.0 %  +/- 0.0 %  +/-64.7 %  +/-58.9 %  +/- 0.0 %  +/- 0.0 %  +/- 0.0 %
  70   0.00E+00   0.00E+00   0.00E+00   0.00E+00   0.00E+00   1.36E-11   0.00E+00   0.00E+00   0.00E+00   0.00E+00   0.00E+00
      +/- 0.0 %  +/- 0.0 %  +/- 0.0 %  +/- 0.0 %  +/- 0.0 %  +/-87.5 %  +/- 0.0 %  +/- 0.0 %  +/- 0.0 %  +/- 0.0 %  +/- 0.0 %
  69   0.00E+00   0.00E+00   0.00E+00   0.00E+00   0.00E+00   2.42E+01   6.93E+04   0.00E+00   0.00E+00   0.00E+00   0.00E+00
      +/- 0.0 %  +/- 0.0 %  +/- 0.0 %  +/- 0.0 %  +/- 0.0 %  +/-99.0 %  +/-47.7 %  +/- 0.0 %  +/- 0.0 %  +/- 0.0 %  +/- 0.0 %
  68   0.00E+00   0.00E+00   0.00E+00   0.00E+00   5.55E-21   3.62E-18   0.00E+00   0.00E+00   0.00E+00   0.00E+00   0.00E+00
      +/- 0.0 %  +/- 0.0 %  +/- 0.0 %  +/- 0.0 %  +/-99.0 %  +/-95.1 %  +/- 0.0 %  +/- 0.0 %  +/- 0.0 %  +/- 0.0 %  +/- 0.0 %
  67   0.00E+00   0.00E+00   0.00E+00   0.00E+00   0.00E+00   1.94E+02   0.00E+00   0.00E+00   0.00E+00   0.00E+00   0.00E+00
      +/- 0.0 %  +/- 0.0 %  +/- 0.0 %  +/- 0.0 %  +/- 0.0 %  +/-99.0 %  +/- 0.0 %  +/- 0.0 %  +/- 0.0 %  +/- 0.0 %  +/- 0.0 %
  66   0.00E+00   0.00E+00   0.00E+00   0.00E+00   6.56E+02   6.55E+02   0.00E+00   0.00E+00   0.00E+00   0.00E+00   0.00E+00
      +/- 0.0 %  +/- 0.0 %  +/- 0.0 %  +/- 0.0 %  +/-41.8 %  +/-41.8 %  +/- 0.0 %  +/- 0.0 %  +/- 0.0 %  +/- 0.0 %  +/- 0.0 %
  65   0.00E+00   0.00E+00   0.00E+00   0.00E+00   6.35E+03   0.00E+00   0.00E+00   0.00E+00   0.00E+00   0.00E+00   0.00E+00
      +/- 0.0 %  +/- 0.0 %  +/- 0.0 %  +/- 0.0 %  +/-99.0 %  +/- 0.0 %  +/- 0.0 %  +/- 0.0 %  +/- 0.0 %  +/- 0.0 %  +/- 0.0 %
  64   0.00E+00   0.00E+00   0.00E+00   0.00E+00   0.00E+00   2.24E+03   0.00E+00   0.00E+00   0.00E+00   0.00E+00   0.00E+00
      +/- 0.0 %  +/- 0.0 %  +/- 0.0 %  +/- 0.0 %  +/- 0.0 %  +/-99.0 %  +/- 0.0 %  +/- 0.0 %  +/- 0.0 %  +/- 0.0 %  +/- 0.0 %
  63   0.00E+00   0.00E+00   0.00E+00   1.68E-22   2.47E-02   0.00E+00   0.00E+00   0.00E+00   0.00E+00   0.00E+00   0.00E+00
      +/- 0.0 %  +/- 0.0 %  +/- 0.0 %  +/-99.0 %  +/-99.0 %  +/- 0.0 %  +/- 0.0 %  +/- 0.0 %  +/- 0.0 %  +/- 0.0 %  +/- 0.0 %
  62   0.00E+00   0.00E+00   7.30E-07   1.48E+01   0.00E+00   0.00E+00   0.00E+00   0.00E+00   0.00E+00   0.00E+00   0.00E+00
      +/- 0.0 %  +/- 0.0 %  +/-99.0 %  +/-99.0 %  +/- 0.0 %  +/- 0.0 %  +/- 0.0 %  +/- 0.0 %  +/- 0.0 %  +/- 0.0 %  +/- 0.0 %
  59   0.00E+00   0.00E+00   8.83E+00   0.00E+00   0.00E+00   0.00E+00   0.00E+00   0.00E+00   0.00E+00   0.00E+00   0.00E+00
      +/- 0.0 %  +/- 0.0 %  +/-99.0 %  +/- 0.0 %  +/- 0.0 %  +/- 0.0 %  +/- 0.0 %  +/- 0.0 %  +/- 0.0 %  +/- 0.0 %  +/- 0.0 %
  57   0.00E+00   2.51E-04   0.00E+00   0.00E+00   0.00E+00   0.00E+00   0.00E+00   0.00E+00   0.00E+00   0.00E+00   0.00E+00
      +/- 0.0 %  +/-99.0 %  +/- 0.0 %  +/- 0.0 %  +/- 0.0 %  +/- 0.0 %  +/- 0.0 %  +/- 0.0 %  +/- 0.0 %  +/- 0.0 %  +/- 0.0 %
  56   0.00E+00   5.22E+03   0.00E+00   0.00E+00   0.00E+00   0.00E+00   0.00E+00   0.00E+00   0.00E+00   0.00E+00   0.00E+00
      +/- 0.0 %  +/-99.0 %  +/- 0.0 %  +/- 0.0 %  +/- 0.0 %  +/- 0.0 %  +/- 0.0 %  +/- 0.0 %  +/- 0.0 %  +/- 0.0 %  +/- 0.0 %

  A \ Z   13         14         15         16         17         18         19         20         21         22         23

  A \ Z    2          3          4          5          6          7          8          9         10         11         12
  24   0.00E+00   0.00E+00   0.00E+00   0.00E+00   0.00E+00   0.00E+00   0.00E+00   0.00E+00   1.89E+01   5.66E+02   0.00E+00
      +/- 0.0 %  +/- 0.0 %  +/- 0.0 %  +/- 0.0 %  +/- 0.0 %  +/- 0.0 %  +/- 0.0 %  +/- 0.0 %  +/-99.0 %  +/-99.0 %  +/- 0.0 %
  14   0.00E+00   0.00E+00   0.00E+00   0.00E+00   1.74E-03   0.00E+00   0.00E+00   0.00E+00   0.00E+00   0.00E+00   0.00E+00
      +/- 0.0 %  +/- 0.0 %  +/- 0.0 %  +/- 0.0 %  +/-61.5 %  +/- 0.0 %  +/- 0.0 %  +/- 0.0 %  +/- 0.0 %  +/- 0.0 %  +/- 0.0 %
  10   0.00E+00   0.00E+00   7.15E-07   0.00E+00   0.00E+00   0.00E+00   0.00E+00   0.00E+00   0.00E+00   0.00E+00   0.00E+00
      +/- 0.0 %  +/- 0.0 %  +/-99.0 %  +/- 0.0 %  +/- 0.0 %  +/- 0.0 %  +/- 0.0 %  +/- 0.0 %  +/- 0.0 %  +/- 0.0 %  +/- 0.0 %

  A \ Z    1
   3   2.87E+03
      +/- 1.7 %


  **** Isomers (Bq/cmc)     ****
      A        Z       mth
       24      11       1    1.89E+01 +/- 99.0 %
       62      27       1    2.62E+03 +/- 99.0 %
       63      28       1    1.64E-22 +/- 99.0 %
       67      30       1    5.83E+01 +/- 99.0 %
       72      31       1    1.33E+01 +/- 64.7 %
       73      32       1    2.67E+04 +/- 52.4 %
       73      32       2    2.64E+04 +/- 52.4 %
       75      32       1    6.41E-11 +/- 77.3 %
       75      33       1    1.64E-01 +/- 89.7 %
       77      32       1    1.85E-09 +/- 99.0 %
       77      33       1    1.05E+03 +/- 69.6 %
       77      34       1    1.32E+01 +/- 68.8 %
       79      34       1    3.65E+04 +/- 72.3 %
       81      34       1    1.70E+04 +/- 62.0 %
       81      35       1    8.56E+00 +/- 62.0 %
       82      35       1    8.36E+03 +/- 62.0 %
       83      34       1    1.20E-05 +/- 70.6 %
       83      36       1    2.38E+04 +/- 36.2 %
       85      36       1    4.17E+04 +/- 32.7 %
       85      37       1    1.49E-03 +/- 57.4 %
       87      38       1    1.11E+04 +/- 72.0 %
       87      39       1    1.25E+03 +/- 99.0 %
       89      39       1    1.04E-02 +/- 36.0 %
       90      39       1    9.29E+02 +/- 99.0 %
       90      40       1    1.67E-02 +/- 99.0 %
       91      39       1    5.19E+04 +/- 44.9 %
       92      41       1    5.54E+01 +/- 99.0 %
       93      39       1    2.09E+03 +/- 46.7 %
       94      41       1    9.07E+03 +/- 70.3 %
       95      41       1    2.10E+02 +/- 99.0 %
       97      41       1    4.20E+03 +/- 80.8 %
       99      41       1    2.83E-01 +/- 99.0 %
       99      42       1    5.57E-02 +/- 99.0 %
       99      43       1    4.66E+03 +/- 87.5 %
      101      43       1    1.11E+03 +/- 99.0 %
      103      45       1    6.54E+03 +/- 99.0 %
      104      43       1    6.11E-08 +/- 99.0 %
      105      45       1    4.02E+03 +/- 87.8 %
      106      45       1    3.44E+03 +/- 99.0 %
      109      47       1    2.40E+03 +/- 55.8 %
      111      47       1    2.82E+03 +/- 99.0 %
      113      48       1    1.50E-04 +/- 99.0 %
      114      49       1    4.16E+00 +/- 99.0 %
      115      49       1    1.10E+01 +/- 99.0 %
      119      50       1    1.46E+00 +/- 99.0 %
      163      67       1    3.07E+00 +/- 53.9 %
      164      69       1    3.86E+02 +/- 99.0 %
      165      69       1    4.92E+03 +/- 99.0 %
      165      69       2    4.95E+03 +/- 99.0 %
      167      68       1    8.82E+02 +/- 53.0 %
      167      69       1    9.22E+04 +/- 40.4 %
      167      71       1    2.36E-07 +/- 99.0 %
      168      71       1    6.16E+04 +/- 58.4 %
      169      70       1    5.91E+03 +/- 20.8 %
      169      71       1    1.70E+03 +/-  5.2 %
      170      71       1    2.14E+02 +/- 12.2 %
      171      70       1    7.89E+03 +/-  9.4 %
      171      71       1    1.36E-03 +/- 31.8 %
      171      72       1    1.13E-18 +/- 13.8 %
      172      71       1    3.35E+03 +/-  2.4 %
      172      71       2    2.28E+02 +/-  2.1 %
      173      71       1    9.81E+05 +/-  2.1 %
      174      70       1    8.28E-02 +/- 66.3 %
      174      71       1    1.34E+01 +/- 66.3 %
      175      71       1    2.42E+01 +/-  1.9 %
      175      72       1    1.78E+06 +/-  0.6 %
      176      71       1    7.43E+03 +/- 69.5 %
      177      73       1    4.38E+08 +/-  0.5 %
      178      72       1    1.37E+07 +/-  2.0 %
      178      73       1    7.25E+06 +/-  2.4 %
      179      73       1    2.21E+09 +/-  0.2 %
      179      74       1    4.94E+08 +/-  0.2 %
      180      72       1    6.31E+03 +/- 62.6 %
      181      73       1    3.93E+05 +/-  0.5 %
      181      73       2    5.59E+02 +/- 19.7 %
      181      74       1    7.53E+07 +/-  0.3 %
      182      72       1    2.07E+04 +/- 99.0 %
      182      73       1    8.26E+05 +/- 10.2 %
      182      73       2    8.26E+05 +/- 10.2 %
      182      75       1    6.22E+07 +/-  0.5 %
      183      74       1    2.69E+04 +/-  1.4 %
      184      74       1    1.94E+06 +/-  3.9 %
      184      75       1    1.61E+04 +/-  0.9 %
      185      74       1    3.14E+01 +/-  1.9 %
      186      75       1    6.72E-04 +/- 12.2 %
      188      75       1    8.68E+03 +/- 99.0 %

