  **** 20tungsten1p27_29.rnc ****


  Total primaries run:        25000000

    Total weight of the primaries run:   2.30100425E+16


  Beam intensity  :   9.99999987E+14  pr/s

  Irradiation time:   300.000000      s

  Decay time      :   115200.000      s

  Detector n:            1   cool9     
     (Region          -1  Volume:     147.300003      cmc,
      distr. type  :           3    ,
      Z_max:          78 , N-Z_max:          42 , N-Z_min:          -4 )

     Tot. response (Bq/cmc)   134505520.       +/-  0.145733371      %
     ( --> Bq                 1.98126653E+10   +/-  0.145733371      % )



  **** Residual nuclei distribution  **** ****           (Bq/cmc)            ****



  A \ Z   68         69         70         71         72         73         74         75         76         77         78
 188   0.00E+00   0.00E+00   0.00E+00   0.00E+00   0.00E+00   0.00E+00   0.00E+00   3.47E+02   0.00E+00   0.00E+00   0.00E+00
      +/- 0.0 %  +/- 0.0 %  +/- 0.0 %  +/- 0.0 %  +/- 0.0 %  +/- 0.0 %  +/- 0.0 %  +/-65.8 %  +/- 0.0 %  +/- 0.0 %  +/- 0.0 %
 187   0.00E+00   0.00E+00   0.00E+00   0.00E+00   0.00E+00   0.00E+00   1.58E+06   0.00E+00   0.00E+00   0.00E+00   0.00E+00
      +/- 0.0 %  +/- 0.0 %  +/- 0.0 %  +/- 0.0 %  +/- 0.0 %  +/- 0.0 %  +/- 1.2 %  +/- 0.0 %  +/- 0.0 %  +/- 0.0 %  +/- 0.0 %
 186   0.00E+00   0.00E+00   0.00E+00   0.00E+00   0.00E+00   0.00E+00   0.00E+00   4.32E+05   0.00E+00   0.00E+00   0.00E+00
      +/- 0.0 %  +/- 0.0 %  +/- 0.0 %  +/- 0.0 %  +/- 0.0 %  +/- 0.0 %  +/- 0.0 %  +/- 2.8 %  +/- 0.0 %  +/- 0.0 %  +/- 0.0 %
 185   0.00E+00   0.00E+00   0.00E+00   0.00E+00   0.00E+00   6.80E-05   3.94E+05   0.00E+00   8.37E+00   0.00E+00   0.00E+00
      +/- 0.0 %  +/- 0.0 %  +/- 0.0 %  +/- 0.0 %  +/- 0.0 %  +/- 4.1 %  +/- 0.6 %  +/- 0.0 %  +/-99.0 %  +/- 0.0 %  +/- 0.0 %
 184   0.00E+00   0.00E+00   0.00E+00   0.00E+00   2.53E+02   1.69E+05   0.00E+00   4.99E+05   0.00E+00   0.00E+00   0.00E+00
      +/- 0.0 %  +/- 0.0 %  +/- 0.0 %  +/- 0.0 %  +/-27.6 %  +/- 3.9 %  +/- 0.0 %  +/- 0.7 %  +/- 0.0 %  +/- 0.0 %  +/- 0.0 %
 183   0.00E+00   0.00E+00   0.00E+00   0.00E+00   6.39E-05   3.66E+05   0.00E+00   5.86E+05   0.00E+00   0.00E+00   0.00E+00
      +/- 0.0 %  +/- 0.0 %  +/- 0.0 %  +/- 0.0 %  +/-65.3 %  +/- 1.3 %  +/- 0.0 %  +/- 0.3 %  +/- 0.0 %  +/- 0.0 %  +/- 0.0 %
 182   0.00E+00   0.00E+00   0.00E+00   0.00E+00   3.66E-06   2.04E+04   0.00E+00   4.36E+06   3.71E+02   0.00E+00   0.00E+00
      +/- 0.0 %  +/- 0.0 %  +/- 0.0 %  +/- 0.0 %  +/-27.4 %  +/- 3.1 %  +/- 0.0 %  +/- 1.0 %  +/-99.0 %  +/- 0.0 %  +/- 0.0 %
 181   0.00E+00   0.00E+00   0.00E+00   0.00E+00   5.91E+02   0.00E+00   9.45E+05   3.11E+07   0.00E+00   0.00E+00   0.00E+00
      +/- 0.0 %  +/- 0.0 %  +/- 0.0 %  +/- 0.0 %  +/-19.7 %  +/- 0.0 %  +/- 0.3 %  +/- 0.3 %  +/- 0.0 %  +/- 0.0 %  +/- 0.0 %
 180   0.00E+00   0.00E+00   0.00E+00   0.00E+00   0.00E+00   3.55E+05   0.00E+00   0.00E+00   0.00E+00   0.00E+00   0.00E+00
      +/- 0.0 %  +/- 0.0 %  +/- 0.0 %  +/- 0.0 %  +/- 0.0 %  +/- 3.2 %  +/- 0.0 %  +/- 0.0 %  +/- 0.0 %  +/- 0.0 %  +/- 0.0 %
 179   0.00E+00   0.00E+00   0.00E+00   0.00E+00   0.00E+00   1.88E+05   2.08E-06   1.26E-20   0.00E+00   0.00E+00   0.00E+00
      +/- 0.0 %  +/- 0.0 %  +/- 0.0 %  +/- 0.0 %  +/- 0.0 %  +/- 0.2 %  +/- 0.2 %  +/- 0.2 %  +/- 0.0 %  +/- 0.0 %  +/- 0.0 %
 178   0.00E+00   0.00E+00   0.00E+00   3.71E-16   0.00E+00   1.39E+03   4.20E+06   8.92E-35   0.00E+00   0.00E+00   0.00E+00
      +/- 0.0 %  +/- 0.0 %  +/- 0.0 %  +/-99.0 %  +/- 0.0 %  +/- 2.0 %  +/- 0.3 %  +/- 0.2 %  +/- 0.0 %  +/- 0.0 %  +/- 0.0 %
 177   0.00E+00   0.00E+00   0.00E+00   3.24E+02   0.00E+00   2.17E+07   3.42E+04   2.31E-32   0.00E+00   0.00E+00   0.00E+00
      +/- 0.0 %  +/- 0.0 %  +/- 0.0 %  +/-67.2 %  +/- 0.0 %  +/- 0.4 %  +/- 0.5 %  +/- 0.5 %  +/- 0.0 %  +/- 0.0 %  +/- 0.0 %
 176   0.00E+00   0.00E+00   0.00E+00   0.00E+00   0.00E+00   1.17E+07   5.51E+04   0.00E+00   0.00E+00   0.00E+00   0.00E+00
      +/- 0.0 %  +/- 0.0 %  +/- 0.0 %  +/- 0.0 %  +/- 0.0 %  +/- 0.4 %  +/- 0.4 %  +/- 0.0 %  +/- 0.0 %  +/- 0.0 %  +/- 0.0 %
 175   0.00E+00   0.00E+00   0.00E+00   0.00E+00   2.88E+05   6.68E+06   3.32E-08   0.00E+00   0.00E+00   0.00E+00   0.00E+00
      +/- 0.0 %  +/- 0.0 %  +/- 0.0 %  +/- 0.0 %  +/- 0.5 %  +/- 0.6 %  +/- 0.6 %  +/- 0.0 %  +/- 0.0 %  +/- 0.0 %  +/- 0.0 %
 174   0.00E+00   0.00E+00   0.00E+00   8.40E+00   0.00E+00   1.09E+00   1.03E-09   0.00E+00   0.00E+00   0.00E+00   0.00E+00
      +/- 0.0 %  +/- 0.0 %  +/- 0.0 %  +/-36.3 %  +/- 0.0 %  +/- 1.4 %  +/- 1.8 %  +/- 0.0 %  +/- 0.0 %  +/- 0.0 %  +/- 0.0 %
 173   0.00E+00   0.00E+00   0.00E+00   4.86E+03   1.96E+06   2.57E+04   0.00E+00   0.00E+00   0.00E+00   0.00E+00   0.00E+00
      +/- 0.0 %  +/- 0.0 %  +/- 0.0 %  +/- 2.0 %  +/- 2.1 %  +/- 2.4 %  +/- 0.0 %  +/- 0.0 %  +/- 0.0 %  +/- 0.0 %  +/- 0.0 %
 172   0.00E+00   0.00E+00   0.00E+00   4.70E+03   3.18E+03   1.34E-08   0.00E+00   0.00E+00   0.00E+00   0.00E+00   0.00E+00
      +/- 0.0 %  +/- 0.0 %  +/- 0.0 %  +/-15.6 %  +/- 1.7 %  +/- 2.6 %  +/- 0.0 %  +/- 0.0 %  +/- 0.0 %  +/- 0.0 %  +/- 0.0 %
 171   0.00E+00   0.00E+00   0.00E+00   9.30E+04   3.02E+05   6.88E-18   0.00E+00   0.00E+00   0.00E+00   0.00E+00   0.00E+00
      +/- 0.0 %  +/- 0.0 %  +/- 0.0 %  +/- 1.5 %  +/- 1.7 %  +/- 1.2 %  +/- 0.0 %  +/- 0.0 %  +/- 0.0 %  +/- 0.0 %  +/- 0.0 %
 170   0.00E+00   0.00E+00   0.00E+00   6.04E+04   5.58E+04   0.00E+00   0.00E+00   0.00E+00   0.00E+00   0.00E+00   0.00E+00
      +/- 0.0 %  +/- 0.0 %  +/- 0.0 %  +/-10.2 %  +/-12.2 %  +/- 0.0 %  +/- 0.0 %  +/- 0.0 %  +/- 0.0 %  +/- 0.0 %  +/- 0.0 %
 169   0.00E+00   0.00E+00   1.46E+03   3.29E+04   0.00E+00   0.00E+00   0.00E+00   0.00E+00   0.00E+00   0.00E+00   0.00E+00
      +/- 0.0 %  +/- 0.0 %  +/-24.3 %  +/-20.8 %  +/- 0.0 %  +/- 0.0 %  +/- 0.0 %  +/- 0.0 %  +/- 0.0 %  +/- 0.0 %  +/- 0.0 %
 168   0.00E+00   4.96E+00   0.00E+00   2.00E-20   1.47E-18   0.00E+00   0.00E+00   0.00E+00   0.00E+00   0.00E+00   0.00E+00
      +/- 0.0 %  +/-99.0 %  +/- 0.0 %  +/-99.0 %  +/-99.0 %  +/- 0.0 %  +/- 0.0 %  +/- 0.0 %  +/- 0.0 %  +/- 0.0 %  +/- 0.0 %
 167   0.00E+00   1.08E+03   5.03E-07   3.32E-07   0.00E+00   0.00E+00   0.00E+00   0.00E+00   0.00E+00   0.00E+00   0.00E+00
      +/- 0.0 %  +/-45.5 %  +/-78.2 %  +/-78.2 %  +/- 0.0 %  +/- 0.0 %  +/- 0.0 %  +/- 0.0 %  +/- 0.0 %  +/- 0.0 %  +/- 0.0 %
 166   0.00E+00   8.30E+02   5.41E+02   0.00E+00   0.00E+00   0.00E+00   0.00E+00   0.00E+00   0.00E+00   0.00E+00   0.00E+00
      +/- 0.0 %  +/-86.4 %  +/-99.0 %  +/- 0.0 %  +/- 0.0 %  +/- 0.0 %  +/- 0.0 %  +/- 0.0 %  +/- 0.0 %  +/- 0.0 %  +/- 0.0 %
 165   5.34E+02   4.65E+02   0.00E+00   0.00E+00   0.00E+00   0.00E+00   0.00E+00   0.00E+00   0.00E+00   0.00E+00   0.00E+00
      +/-66.7 %  +/-66.7 %  +/- 0.0 %  +/- 0.0 %  +/- 0.0 %  +/- 0.0 %  +/- 0.0 %  +/- 0.0 %  +/- 0.0 %  +/- 0.0 %  +/- 0.0 %
 163   1.57E-01   4.86E-02   0.00E+00   0.00E+00   0.00E+00   0.00E+00   0.00E+00   0.00E+00   0.00E+00   0.00E+00   0.00E+00
      +/-99.0 %  +/-99.0 %  +/- 0.0 %  +/- 0.0 %  +/- 0.0 %  +/- 0.0 %  +/- 0.0 %  +/- 0.0 %  +/- 0.0 %  +/- 0.0 %  +/- 0.0 %
 162   0.00E+00   3.42E-22   0.00E+00   0.00E+00   0.00E+00   0.00E+00   0.00E+00   0.00E+00   0.00E+00   0.00E+00   0.00E+00
      +/- 0.0 %  +/-99.0 %  +/- 0.0 %  +/- 0.0 %  +/- 0.0 %  +/- 0.0 %  +/- 0.0 %  +/- 0.0 %  +/- 0.0 %  +/- 0.0 %  +/- 0.0 %

  A \ Z   57         58         59         60         61         62         63         64         65         66         67
 163   0.00E+00   0.00E+00   0.00E+00   0.00E+00   0.00E+00   0.00E+00   0.00E+00   0.00E+00   0.00E+00   0.00E+00   1.28E-03
      +/- 0.0 %  +/- 0.0 %  +/- 0.0 %  +/- 0.0 %  +/- 0.0 %  +/- 0.0 %  +/- 0.0 %  +/- 0.0 %  +/- 0.0 %  +/- 0.0 %  +/-44.9 %
 161   0.00E+00   0.00E+00   0.00E+00   0.00E+00   0.00E+00   0.00E+00   0.00E+00   0.00E+00   0.00E+00   0.00E+00   1.28E+00
      +/- 0.0 %  +/- 0.0 %  +/- 0.0 %  +/- 0.0 %  +/- 0.0 %  +/- 0.0 %  +/- 0.0 %  +/- 0.0 %  +/- 0.0 %  +/- 0.0 %  +/-99.0 %
 156   0.00E+00   0.00E+00   0.00E+00   0.00E+00   0.00E+00   0.00E+00   0.00E+00   0.00E+00   5.74E+01   0.00E+00   0.00E+00
      +/- 0.0 %  +/- 0.0 %  +/- 0.0 %  +/- 0.0 %  +/- 0.0 %  +/- 0.0 %  +/- 0.0 %  +/- 0.0 %  +/-99.0 %  +/- 0.0 %  +/- 0.0 %

  A \ Z   46         47         48         49         50         51         52         53         54         55         56
 115   0.00E+00   0.00E+00   6.80E+01   0.00E+00   0.00E+00   0.00E+00   0.00E+00   0.00E+00   0.00E+00   0.00E+00   0.00E+00
      +/- 0.0 %  +/- 0.0 %  +/-99.0 %  +/- 0.0 %  +/- 0.0 %  +/- 0.0 %  +/- 0.0 %  +/- 0.0 %  +/- 0.0 %  +/- 0.0 %  +/- 0.0 %
 114   0.00E+00   0.00E+00   0.00E+00   3.95E+00   0.00E+00   0.00E+00   0.00E+00   0.00E+00   0.00E+00   0.00E+00   0.00E+00
      +/- 0.0 %  +/- 0.0 %  +/- 0.0 %  +/-99.0 %  +/- 0.0 %  +/- 0.0 %  +/- 0.0 %  +/- 0.0 %  +/- 0.0 %  +/- 0.0 %  +/- 0.0 %
 113   0.00E+00   3.15E+01   0.00E+00   0.00E+00   0.00E+00   0.00E+00   0.00E+00   0.00E+00   0.00E+00   0.00E+00   0.00E+00
      +/- 0.0 %  +/-99.0 %  +/- 0.0 %  +/- 0.0 %  +/- 0.0 %  +/- 0.0 %  +/- 0.0 %  +/- 0.0 %  +/- 0.0 %  +/- 0.0 %  +/- 0.0 %
 112   0.00E+00   3.50E+00   0.00E+00   0.00E+00   0.00E+00   0.00E+00   0.00E+00   0.00E+00   0.00E+00   0.00E+00   0.00E+00
      +/- 0.0 %  +/-99.0 %  +/- 0.0 %  +/- 0.0 %  +/- 0.0 %  +/- 0.0 %  +/- 0.0 %  +/- 0.0 %  +/- 0.0 %  +/- 0.0 %  +/- 0.0 %
 111   1.86E-21   1.45E+02   0.00E+00   0.00E+00   0.00E+00   0.00E+00   0.00E+00   0.00E+00   0.00E+00   0.00E+00   0.00E+00
      +/-99.0 %  +/-50.1 %  +/- 0.0 %  +/- 0.0 %  +/- 0.0 %  +/- 0.0 %  +/- 0.0 %  +/- 0.0 %  +/- 0.0 %  +/- 0.0 %  +/- 0.0 %
 109   4.86E+02   0.00E+00   0.00E+00   0.00E+00   0.00E+00   0.00E+00   0.00E+00   0.00E+00   0.00E+00   0.00E+00   0.00E+00
      +/-55.8 %  +/- 0.0 %  +/- 0.0 %  +/- 0.0 %  +/- 0.0 %  +/- 0.0 %  +/- 0.0 %  +/- 0.0 %  +/- 0.0 %  +/- 0.0 %  +/- 0.0 %
 107   2.26E-06   0.00E+00   0.00E+00   0.00E+00   0.00E+00   0.00E+00   0.00E+00   0.00E+00   0.00E+00   0.00E+00   0.00E+00
      +/-74.2 %  +/- 0.0 %  +/- 0.0 %  +/- 0.0 %  +/- 0.0 %  +/- 0.0 %  +/- 0.0 %  +/- 0.0 %  +/- 0.0 %  +/- 0.0 %  +/- 0.0 %

  A \ Z   35         36         37         38         39         40         41         42         43         44         45
 107   0.00E+00   0.00E+00   0.00E+00   0.00E+00   0.00E+00   0.00E+00   0.00E+00   0.00E+00   0.00E+00   0.00E+00   2.06E-22
      +/- 0.0 %  +/- 0.0 %  +/- 0.0 %  +/- 0.0 %  +/- 0.0 %  +/- 0.0 %  +/- 0.0 %  +/- 0.0 %  +/- 0.0 %  +/- 0.0 %  +/-50.9 %
 106   0.00E+00   0.00E+00   0.00E+00   0.00E+00   0.00E+00   0.00E+00   0.00E+00   0.00E+00   0.00E+00   4.10E+00   4.10E+00
      +/- 0.0 %  +/- 0.0 %  +/- 0.0 %  +/- 0.0 %  +/- 0.0 %  +/- 0.0 %  +/- 0.0 %  +/- 0.0 %  +/- 0.0 %  +/-61.2 %  +/-61.2 %
 105   0.00E+00   0.00E+00   0.00E+00   0.00E+00   0.00E+00   0.00E+00   0.00E+00   0.00E+00   0.00E+00   1.07E+02   1.88E+03
      +/- 0.0 %  +/- 0.0 %  +/- 0.0 %  +/- 0.0 %  +/- 0.0 %  +/- 0.0 %  +/- 0.0 %  +/- 0.0 %  +/- 0.0 %  +/-88.0 %  +/-62.1 %
 104   0.00E+00   0.00E+00   0.00E+00   0.00E+00   0.00E+00   0.00E+00   0.00E+00   0.00E+00   4.84E-27   0.00E+00   0.00E+00
      +/- 0.0 %  +/- 0.0 %  +/- 0.0 %  +/- 0.0 %  +/- 0.0 %  +/- 0.0 %  +/- 0.0 %  +/- 0.0 %  +/-75.9 %  +/- 0.0 %  +/- 0.0 %
 103   0.00E+00   0.00E+00   0.00E+00   0.00E+00   0.00E+00   0.00E+00   0.00E+00   0.00E+00   0.00E+00   2.67E+01   0.00E+00
      +/- 0.0 %  +/- 0.0 %  +/- 0.0 %  +/- 0.0 %  +/- 0.0 %  +/- 0.0 %  +/- 0.0 %  +/- 0.0 %  +/- 0.0 %  +/-47.6 %  +/- 0.0 %
 101   0.00E+00   0.00E+00   0.00E+00   0.00E+00   0.00E+00   0.00E+00   0.00E+00   9.50E-36   3.36E-34   0.00E+00   0.00E+00
      +/- 0.0 %  +/- 0.0 %  +/- 0.0 %  +/- 0.0 %  +/- 0.0 %  +/- 0.0 %  +/- 0.0 %  +/-99.0 %  +/-97.6 %  +/- 0.0 %  +/- 0.0 %
  99   0.00E+00   0.00E+00   0.00E+00   0.00E+00   0.00E+00   0.00E+00   0.00E+00   3.44E+02   2.95E-05   0.00E+00   0.00E+00
      +/- 0.0 %  +/- 0.0 %  +/- 0.0 %  +/- 0.0 %  +/- 0.0 %  +/- 0.0 %  +/- 0.0 %  +/-57.8 %  +/-48.9 %  +/- 0.0 %  +/- 0.0 %
  98   0.00E+00   0.00E+00   0.00E+00   0.00E+00   0.00E+00   0.00E+00   0.00E+00   0.00E+00   1.34E-06   0.00E+00   0.00E+00
      +/- 0.0 %  +/- 0.0 %  +/- 0.0 %  +/- 0.0 %  +/- 0.0 %  +/- 0.0 %  +/- 0.0 %  +/- 0.0 %  +/-99.0 %  +/- 0.0 %  +/- 0.0 %
  97   0.00E+00   0.00E+00   0.00E+00   0.00E+00   0.00E+00   1.21E+03   1.30E+03   0.00E+00   0.00E+00   0.00E+00   0.00E+00
      +/- 0.0 %  +/- 0.0 %  +/- 0.0 %  +/- 0.0 %  +/- 0.0 %  +/-80.8 %  +/-80.8 %  +/- 0.0 %  +/- 0.0 %  +/- 0.0 %  +/- 0.0 %
  96   0.00E+00   0.00E+00   0.00E+00   0.00E+00   0.00E+00   0.00E+00   1.01E+03   0.00E+00   0.00E+00   0.00E+00   0.00E+00
      +/- 0.0 %  +/- 0.0 %  +/- 0.0 %  +/- 0.0 %  +/- 0.0 %  +/- 0.0 %  +/-43.5 %  +/- 0.0 %  +/- 0.0 %  +/- 0.0 %  +/- 0.0 %
  95   0.00E+00   0.00E+00   0.00E+00   0.00E+00   0.00E+00   8.16E+01   1.45E+02   0.00E+00   0.00E+00   0.00E+00   0.00E+00
      +/- 0.0 %  +/- 0.0 %  +/- 0.0 %  +/- 0.0 %  +/- 0.0 %  +/-84.2 %  +/-47.7 %  +/- 0.0 %  +/- 0.0 %  +/- 0.0 %  +/- 0.0 %
  94   0.00E+00   0.00E+00   0.00E+00   0.00E+00   1.71E-26   0.00E+00   6.94E-04   0.00E+00   0.00E+00   0.00E+00   0.00E+00
      +/- 0.0 %  +/- 0.0 %  +/- 0.0 %  +/- 0.0 %  +/-83.0 %  +/- 0.0 %  +/-70.3 %  +/- 0.0 %  +/- 0.0 %  +/- 0.0 %  +/- 0.0 %
  93   0.00E+00   0.00E+00   0.00E+00   0.00E+00   2.67E+03   2.03E-05   0.00E+00   0.00E+00   0.00E+00   0.00E+00   0.00E+00
      +/- 0.0 %  +/- 0.0 %  +/- 0.0 %  +/- 0.0 %  +/-29.6 %  +/-22.7 %  +/- 0.0 %  +/- 0.0 %  +/- 0.0 %  +/- 0.0 %  +/- 0.0 %
  92   0.00E+00   0.00E+00   0.00E+00   1.41E+01   4.16E+02   0.00E+00   0.00E+00   0.00E+00   0.00E+00   0.00E+00   0.00E+00
      +/- 0.0 %  +/- 0.0 %  +/- 0.0 %  +/-37.8 %  +/-32.0 %  +/- 0.0 %  +/- 0.0 %  +/- 0.0 %  +/- 0.0 %  +/- 0.0 %  +/- 0.0 %
  91   0.00E+00   0.00E+00   0.00E+00   3.96E+02   9.09E+01   0.00E+00   0.00E+00   0.00E+00   0.00E+00   0.00E+00   0.00E+00
      +/- 0.0 %  +/- 0.0 %  +/- 0.0 %  +/-96.9 %  +/-61.6 %  +/- 0.0 %  +/- 0.0 %  +/- 0.0 %  +/- 0.0 %  +/- 0.0 %  +/- 0.0 %
  90   0.00E+00   0.00E+00   0.00E+00   1.83E-01   1.14E+02   0.00E+00   0.00E+00   0.00E+00   0.00E+00   0.00E+00   0.00E+00
      +/- 0.0 %  +/- 0.0 %  +/- 0.0 %  +/-46.5 %  +/-99.0 %  +/- 0.0 %  +/- 0.0 %  +/- 0.0 %  +/- 0.0 %  +/- 0.0 %  +/- 0.0 %
  89   0.00E+00   0.00E+00   1.51E-33   1.09E+02   0.00E+00   0.00E+00   0.00E+00   0.00E+00   0.00E+00   0.00E+00   0.00E+00
      +/- 0.0 %  +/- 0.0 %  +/-42.3 %  +/-35.1 %  +/- 0.0 %  +/- 0.0 %  +/- 0.0 %  +/- 0.0 %  +/- 0.0 %  +/- 0.0 %  +/- 0.0 %
  88   0.00E+00   3.38E+00   3.78E+00   0.00E+00   0.00E+00   0.00E+00   0.00E+00   0.00E+00   0.00E+00   0.00E+00   0.00E+00
      +/- 0.0 %  +/-99.0 %  +/-99.0 %  +/- 0.0 %  +/- 0.0 %  +/- 0.0 %  +/- 0.0 %  +/- 0.0 %  +/- 0.0 %  +/- 0.0 %  +/- 0.0 %
  87   0.00E+00   2.43E-04   0.00E+00   0.00E+00   1.46E+02   0.00E+00   0.00E+00   0.00E+00   0.00E+00   0.00E+00   0.00E+00
      +/- 0.0 %  +/-99.0 %  +/- 0.0 %  +/- 0.0 %  +/-99.0 %  +/- 0.0 %  +/- 0.0 %  +/- 0.0 %  +/- 0.0 %  +/- 0.0 %  +/- 0.0 %
  86   0.00E+00   0.00E+00   2.94E+02   0.00E+00   0.00E+00   0.00E+00   0.00E+00   0.00E+00   0.00E+00   0.00E+00   0.00E+00
      +/- 0.0 %  +/- 0.0 %  +/-46.8 %  +/- 0.0 %  +/- 0.0 %  +/- 0.0 %  +/- 0.0 %  +/- 0.0 %  +/- 0.0 %  +/- 0.0 %  +/- 0.0 %
  85   0.00E+00   7.60E-01   0.00E+00   0.00E+00   0.00E+00   0.00E+00   0.00E+00   0.00E+00   0.00E+00   0.00E+00   0.00E+00
      +/- 0.0 %  +/-39.4 %  +/- 0.0 %  +/- 0.0 %  +/- 0.0 %  +/- 0.0 %  +/- 0.0 %  +/- 0.0 %  +/- 0.0 %  +/- 0.0 %  +/- 0.0 %
  84   2.08E-13   0.00E+00   4.43E+01   0.00E+00   0.00E+00   0.00E+00   0.00E+00   0.00E+00   0.00E+00   0.00E+00   0.00E+00
      +/-47.0 %  +/- 0.0 %  +/-43.3 %  +/- 0.0 %  +/- 0.0 %  +/- 0.0 %  +/- 0.0 %  +/- 0.0 %  +/- 0.0 %  +/- 0.0 %  +/- 0.0 %
  83   9.57E+00   0.00E+00   1.37E+01   0.00E+00   0.00E+00   0.00E+00   0.00E+00   0.00E+00   0.00E+00   0.00E+00   0.00E+00
      +/-35.8 %  +/- 0.0 %  +/-99.0 %  +/- 0.0 %  +/- 0.0 %  +/- 0.0 %  +/- 0.0 %  +/- 0.0 %  +/- 0.0 %  +/- 0.0 %  +/- 0.0 %
  82   1.97E+03   0.00E+00   0.00E+00   0.00E+00   0.00E+00   0.00E+00   0.00E+00   0.00E+00   0.00E+00   0.00E+00   0.00E+00
      +/-58.8 %  +/- 0.0 %  +/- 0.0 %  +/- 0.0 %  +/- 0.0 %  +/- 0.0 %  +/- 0.0 %  +/- 0.0 %  +/- 0.0 %  +/- 0.0 %  +/- 0.0 %
  80   5.90E-28   0.00E+00   0.00E+00   0.00E+00   0.00E+00   0.00E+00   0.00E+00   0.00E+00   0.00E+00   0.00E+00   0.00E+00
      +/-67.3 %  +/- 0.0 %  +/- 0.0 %  +/- 0.0 %  +/- 0.0 %  +/- 0.0 %  +/- 0.0 %  +/- 0.0 %  +/- 0.0 %  +/- 0.0 %  +/- 0.0 %

  A \ Z   24         25         26         27         28         29         30         31         32         33         34
  83   0.00E+00   0.00E+00   0.00E+00   0.00E+00   0.00E+00   0.00E+00   0.00E+00   0.00E+00   0.00E+00   0.00E+00   6.53E-23
      +/- 0.0 %  +/- 0.0 %  +/- 0.0 %  +/- 0.0 %  +/- 0.0 %  +/- 0.0 %  +/- 0.0 %  +/- 0.0 %  +/- 0.0 %  +/- 0.0 %  +/-99.0 %
  81   0.00E+00   0.00E+00   0.00E+00   0.00E+00   0.00E+00   0.00E+00   0.00E+00   0.00E+00   0.00E+00   0.00E+00   3.36E-06
      +/- 0.0 %  +/- 0.0 %  +/- 0.0 %  +/- 0.0 %  +/- 0.0 %  +/- 0.0 %  +/- 0.0 %  +/- 0.0 %  +/- 0.0 %  +/- 0.0 %  +/-62.0 %
  79   0.00E+00   0.00E+00   0.00E+00   0.00E+00   0.00E+00   0.00E+00   0.00E+00   0.00E+00   0.00E+00   0.00E+00   6.44E-05
      +/- 0.0 %  +/- 0.0 %  +/- 0.0 %  +/- 0.0 %  +/- 0.0 %  +/- 0.0 %  +/- 0.0 %  +/- 0.0 %  +/- 0.0 %  +/- 0.0 %  +/-46.3 %
  78   0.00E+00   0.00E+00   0.00E+00   0.00E+00   0.00E+00   0.00E+00   0.00E+00   0.00E+00   4.94E-03   9.52E-02   0.00E+00
      +/- 0.0 %  +/- 0.0 %  +/- 0.0 %  +/- 0.0 %  +/- 0.0 %  +/- 0.0 %  +/- 0.0 %  +/- 0.0 %  +/-99.0 %  +/-95.5 %  +/- 0.0 %
  77   0.00E+00   0.00E+00   0.00E+00   0.00E+00   0.00E+00   0.00E+00   0.00E+00   0.00E+00   4.57E+02   2.99E+03   0.00E+00
      +/- 0.0 %  +/- 0.0 %  +/- 0.0 %  +/- 0.0 %  +/- 0.0 %  +/- 0.0 %  +/- 0.0 %  +/- 0.0 %  +/-69.6 %  +/-59.4 %  +/- 0.0 %
  76   0.00E+00   0.00E+00   0.00E+00   0.00E+00   0.00E+00   0.00E+00   0.00E+00   0.00E+00   0.00E+00   7.20E+02   0.00E+00
      +/- 0.0 %  +/- 0.0 %  +/- 0.0 %  +/- 0.0 %  +/- 0.0 %  +/- 0.0 %  +/- 0.0 %  +/- 0.0 %  +/- 0.0 %  +/-99.0 %  +/- 0.0 %
  75   0.00E+00   0.00E+00   0.00E+00   0.00E+00   0.00E+00   0.00E+00   0.00E+00   0.00E+00   5.28E-03   0.00E+00   4.09E+00
      +/- 0.0 %  +/- 0.0 %  +/- 0.0 %  +/- 0.0 %  +/- 0.0 %  +/- 0.0 %  +/- 0.0 %  +/- 0.0 %  +/-43.5 %  +/- 0.0 %  +/-99.0 %
  74   0.00E+00   0.00E+00   0.00E+00   0.00E+00   0.00E+00   0.00E+00   0.00E+00   0.00E+00   0.00E+00   2.10E+01   0.00E+00
      +/- 0.0 %  +/- 0.0 %  +/- 0.0 %  +/- 0.0 %  +/- 0.0 %  +/- 0.0 %  +/- 0.0 %  +/- 0.0 %  +/- 0.0 %  +/-99.0 %  +/- 0.0 %
  73   0.00E+00   0.00E+00   0.00E+00   0.00E+00   0.00E+00   0.00E+00   0.00E+00   3.09E+02   0.00E+00   0.00E+00   0.00E+00
      +/- 0.0 %  +/- 0.0 %  +/- 0.0 %  +/- 0.0 %  +/- 0.0 %  +/- 0.0 %  +/- 0.0 %  +/-52.4 %  +/- 0.0 %  +/- 0.0 %  +/- 0.0 %
  72   0.00E+00   0.00E+00   0.00E+00   0.00E+00   0.00E+00   0.00E+00   2.65E+02   1.72E+03   0.00E+00   0.00E+00   0.00E+00
      +/- 0.0 %  +/- 0.0 %  +/- 0.0 %  +/- 0.0 %  +/- 0.0 %  +/- 0.0 %  +/-64.7 %  +/-58.8 %  +/- 0.0 %  +/- 0.0 %  +/- 0.0 %
  69   0.00E+00   0.00E+00   0.00E+00   0.00E+00   0.00E+00   0.00E+00   6.54E-06   0.00E+00   0.00E+00   0.00E+00   0.00E+00
      +/- 0.0 %  +/- 0.0 %  +/- 0.0 %  +/- 0.0 %  +/- 0.0 %  +/- 0.0 %  +/-47.7 %  +/- 0.0 %  +/- 0.0 %  +/- 0.0 %  +/- 0.0 %
  67   0.00E+00   0.00E+00   0.00E+00   0.00E+00   0.00E+00   1.37E+02   0.00E+00   0.00E+00   0.00E+00   0.00E+00   0.00E+00
      +/- 0.0 %  +/- 0.0 %  +/- 0.0 %  +/- 0.0 %  +/- 0.0 %  +/-99.0 %  +/- 0.0 %  +/- 0.0 %  +/- 0.0 %  +/- 0.0 %  +/- 0.0 %
  66   0.00E+00   0.00E+00   0.00E+00   0.00E+00   4.41E+02   4.41E+02   0.00E+00   0.00E+00   0.00E+00   0.00E+00   0.00E+00
      +/- 0.0 %  +/- 0.0 %  +/- 0.0 %  +/- 0.0 %  +/-41.8 %  +/-41.8 %  +/- 0.0 %  +/- 0.0 %  +/- 0.0 %  +/- 0.0 %  +/- 0.0 %
  65   0.00E+00   0.00E+00   0.00E+00   0.00E+00   1.15E+00   0.00E+00   0.00E+00   0.00E+00   0.00E+00   0.00E+00   0.00E+00
      +/- 0.0 %  +/- 0.0 %  +/- 0.0 %  +/- 0.0 %  +/-99.0 %  +/- 0.0 %  +/- 0.0 %  +/- 0.0 %  +/- 0.0 %  +/- 0.0 %  +/- 0.0 %
  64   0.00E+00   0.00E+00   0.00E+00   0.00E+00   0.00E+00   4.06E+02   0.00E+00   0.00E+00   0.00E+00   0.00E+00   0.00E+00
      +/- 0.0 %  +/- 0.0 %  +/- 0.0 %  +/- 0.0 %  +/- 0.0 %  +/-99.0 %  +/- 0.0 %  +/- 0.0 %  +/- 0.0 %  +/- 0.0 %  +/- 0.0 %
  63   0.00E+00   0.00E+00   0.00E+00   0.00E+00   2.47E-02   0.00E+00   0.00E+00   0.00E+00   0.00E+00   0.00E+00   0.00E+00
      +/- 0.0 %  +/- 0.0 %  +/- 0.0 %  +/- 0.0 %  +/-99.0 %  +/- 0.0 %  +/- 0.0 %  +/- 0.0 %  +/- 0.0 %  +/- 0.0 %  +/- 0.0 %
  59   0.00E+00   0.00E+00   8.65E+00   0.00E+00   0.00E+00   0.00E+00   0.00E+00   0.00E+00   0.00E+00   0.00E+00   0.00E+00
      +/- 0.0 %  +/- 0.0 %  +/-99.0 %  +/- 0.0 %  +/- 0.0 %  +/- 0.0 %  +/- 0.0 %  +/- 0.0 %  +/- 0.0 %  +/- 0.0 %  +/- 0.0 %
  56   0.00E+00   1.16E+00   0.00E+00   0.00E+00   0.00E+00   0.00E+00   0.00E+00   0.00E+00   0.00E+00   0.00E+00   0.00E+00
      +/- 0.0 %  +/-99.0 %  +/- 0.0 %  +/- 0.0 %  +/- 0.0 %  +/- 0.0 %  +/- 0.0 %  +/- 0.0 %  +/- 0.0 %  +/- 0.0 %  +/- 0.0 %

  A \ Z   13         14         15         16         17         18         19         20         21         22         23

  A \ Z    2          3          4          5          6          7          8          9         10         11         12
  24   0.00E+00   0.00E+00   0.00E+00   0.00E+00   0.00E+00   0.00E+00   0.00E+00   0.00E+00   0.00E+00   1.33E+02   0.00E+00
      +/- 0.0 %  +/- 0.0 %  +/- 0.0 %  +/- 0.0 %  +/- 0.0 %  +/- 0.0 %  +/- 0.0 %  +/- 0.0 %  +/- 0.0 %  +/-99.0 %  +/- 0.0 %
  14   0.00E+00   0.00E+00   0.00E+00   0.00E+00   1.74E-03   0.00E+00   0.00E+00   0.00E+00   0.00E+00   0.00E+00   0.00E+00
      +/- 0.0 %  +/- 0.0 %  +/- 0.0 %  +/- 0.0 %  +/-61.5 %  +/- 0.0 %  +/- 0.0 %  +/- 0.0 %  +/- 0.0 %  +/- 0.0 %  +/- 0.0 %
  10   0.00E+00   0.00E+00   7.15E-07   0.00E+00   0.00E+00   0.00E+00   0.00E+00   0.00E+00   0.00E+00   0.00E+00   0.00E+00
      +/- 0.0 %  +/- 0.0 %  +/-99.0 %  +/- 0.0 %  +/- 0.0 %  +/- 0.0 %  +/- 0.0 %  +/- 0.0 %  +/- 0.0 %  +/- 0.0 %  +/- 0.0 %

  A \ Z    1
   3   2.87E+03
      +/- 1.7 %


  **** Isomers (Bq/cmc)     ****
      A        Z       mth
       67      30       1    4.10E+01 +/- 99.0 %
       72      31       1    8.34E+00 +/- 64.7 %
       73      32       1    3.07E+02 +/- 52.4 %
       73      32       2    3.03E+02 +/- 52.4 %
       75      33       1    1.49E-01 +/- 99.0 %
       77      33       1    1.51E+02 +/- 69.6 %
       77      34       1    9.28E+00 +/- 59.4 %
       81      34       1    2.28E-06 +/- 62.0 %
       81      35       1    1.15E-09 +/- 62.0 %
       83      36       1    4.91E+01 +/- 39.6 %
       85      36       1    3.29E+02 +/- 32.7 %
       85      37       1    3.30E-03 +/- 39.4 %
       87      38       1    1.45E+02 +/- 98.9 %
       87      39       1    2.46E+02 +/- 99.0 %
       89      39       1    1.05E-02 +/- 35.1 %
       90      39       1    1.03E+00 +/- 99.0 %
       90      40       1    1.86E-05 +/- 99.0 %
       91      39       1    2.55E+02 +/- 96.9 %
       92      41       1    5.06E+01 +/- 99.0 %
       95      41       1    1.64E+02 +/- 99.0 %
       97      41       1    1.15E+03 +/- 80.8 %
       99      43       1    4.45E+02 +/- 36.5 %
      103      45       1    2.64E+01 +/- 47.6 %
      105      45       1    3.08E+01 +/- 88.0 %
      106      45       1    1.66E-01 +/- 99.0 %
      109      47       1    4.86E+02 +/- 55.8 %
      111      47       1    1.93E-21 +/- 99.0 %
      113      48       1    1.63E-03 +/- 99.0 %
      114      49       1    4.08E+00 +/- 99.0 %
      115      49       1    7.34E+01 +/- 99.0 %
      119      50       1    1.46E+00 +/- 99.0 %
      163      67       1    2.36E-05 +/- 99.0 %
      167      68       1    1.06E+03 +/- 45.5 %
      167      69       1    3.61E-07 +/- 78.2 %
      168      71       1    1.98E-18 +/- 99.0 %
      169      70       1    3.13E+03 +/- 20.8 %
      170      71       1    5.56E+01 +/- 12.2 %
      171      70       1    8.70E+04 +/-  1.5 %
      172      71       1    3.18E+03 +/-  1.7 %
      172      71       2    3.58E+02 +/-  1.7 %
      173      71       1    1.96E+06 +/-  2.1 %
      174      70       1    8.23E-02 +/- 66.3 %
      174      71       1    1.33E+01 +/- 66.3 %
      175      71       1    6.63E+02 +/-  0.5 %
      175      72       1    3.96E+05 +/-  0.6 %
      176      71       1    1.99E+01 +/- 69.5 %
      177      73       1    2.54E+04 +/-  0.5 %
      178      72       1    1.40E+03 +/-  2.0 %
      178      73       1    4.20E+06 +/-  0.3 %
      179      73       1    2.06E-06 +/-  0.2 %
      179      74       1    5.07E-21 +/-  0.2 %
      180      72       1    1.25E+02 +/- 62.6 %
      181      73       1    6.99E+05 +/-  0.3 %
      181      73       2    5.47E+02 +/- 19.7 %
      181      74       1    2.53E+07 +/-  0.3 %
      182      72       1    1.33E-05 +/- 99.0 %
      182      73       1    2.05E-06 +/- 99.0 %
      182      73       2    1.75E-06 +/- 99.0 %
      182      75       1    1.34E+07 +/-  0.5 %
      183      74       1    2.25E+04 +/-  1.3 %
      184      74       1    1.67E+05 +/-  3.8 %
      184      75       1    1.60E+04 +/-  0.9 %
      186      75       1    6.72E-04 +/- 12.2 %
      188      75       1    3.33E-27 +/- 99.0 %

