# Detector n:     1  
cool11    
# A/Z Isotopes:
  188   68   0.000       0.000    
  188   69   0.000       0.000    
  188   70   0.000       0.000    
  188   71   0.000       0.000    
  188   72   0.000       0.000    
  188   73   0.000       0.000    
  188   74   0.000       0.000    
  188   75   696.2       64.90    
  188   76   0.000       0.000    
  188   77   0.000       0.000    
  188   78   0.000       0.000    
  187   68   0.000       0.000    
  187   69   0.000       0.000    
  187   70   0.000       0.000    
  187   71   0.000       0.000    
  187   72   0.000       0.000    
  187   73   0.000       0.000    
  187   74  3.9591E+06   1.185    
  187   75   0.000       0.000    
  187   76   0.000       0.000    
  187   77   0.000       0.000    
  187   78   0.000       0.000    
  186   68   0.000       0.000    
  186   69   0.000       0.000    
  186   70   0.000       0.000    
  186   71   0.000       0.000    
  186   72   0.000       0.000    
  186   73  2.3410E+06   27.11    
  186   74   0.000       0.000    
  186   75  5.5360E+05   2.836    
  186   76   0.000       0.000    
  186   77   0.000       0.000    
  186   78   0.000       0.000    
  185   68   0.000       0.000    
  185   69   0.000       0.000    
  185   70   0.000       0.000    
  185   71   0.000       0.000    
  185   72   0.000       0.000    
  185   73  3.0668E+07   4.079    
  185   74  3.8365E+05  0.5138    
  185   75   0.000       0.000    
  185   76   8.457       99.00    
  185   77   0.000       0.000    
  185   78   0.000       0.000    
  184   68   0.000       0.000    
  184   69   0.000       0.000    
  184   70   0.000       0.000    
  184   71   0.000       0.000    
  184   72  5.4058E+04   27.58    
  184   73  2.0930E+06   3.862    
  184   74   0.000       0.000    
  184   75  5.1165E+05  0.6754    
  184   76   0.000       0.000    
  184   77   0.000       0.000    
  184   78   0.000       0.000    
  183   68   0.000       0.000    
  183   69   0.000       0.000    
  183   70   0.000       0.000    
  183   71   0.000       0.000    
  183   72  1.7018E+05   65.27    
  183   73  4.3685E+05   1.473    
  183   74   0.000       0.000    
  183   75  5.9410E+05  0.3014    
  183   76   0.000       0.000    
  183   77   0.000       0.000    
  183   78   0.000       0.000    
  182   68   0.000       0.000    
  182   69   0.000       0.000    
  182   70   0.000       0.000    
  182   71   0.000       0.000    
  182   72  3.4797E-06   25.27    
  182   73  2.0228E+04   3.232    
  182   74   0.000       0.000    
  182   75  6.1502E+06   1.038    
  182   76   1020.       99.00    
  182   77   0.000       0.000    
  182   78   0.000       0.000    
  181   68   0.000       0.000    
  181   69   0.000       0.000    
  181   70   0.000       0.000    
  181   71   0.000       0.000    
  181   72   604.3       19.66    
  181   73   0.000       0.000    
  181   74  5.1891E+05  0.4766    
  181   75  9.4260E+07  0.2946    
  181   76   0.000       0.000    
  181   77   0.000       0.000    
  181   78   0.000       0.000    
  180   68   0.000       0.000    
  180   69   0.000       0.000    
  180   70   0.000       0.000    
  180   71   0.000       0.000    
  180   72   0.000       0.000    
  180   73  5.3332E+06   3.194    
  180   74   0.000       0.000    
  180   75  2.8823E+09  0.2087    
  180   76   0.000       0.000    
  180   77   0.000       0.000    
  180   78   0.000       0.000    
  179   68   0.000       0.000    
  179   69   0.000       0.000    
  179   70   0.000       0.000    
  179   71   0.000       0.000    
  179   72   0.000       0.000    
  179   73  1.6867E+04  0.6163    
  179   74  1.9873E+09  0.2965    
  179   75  4.2154E+09  0.2325    
  179   76   0.000       0.000    
  179   77   0.000       0.000    
  179   78   0.000       0.000    
  178   68   0.000       0.000    
  178   69   0.000       0.000    
  178   70   0.000       0.000    
  178   71  6.9350E+04   99.00    
  178   72   0.000       0.000    
  178   73  1.6231E+07   1.982    
  178   74  2.8211E+06  0.4338    
  178   75  3.6789E+09  0.2132    
  178   76   0.000       0.000    
  178   77   0.000       0.000    
  178   78   0.000       0.000    
  177   68   0.000       0.000    
  177   69   0.000       0.000    
  177   70   0.000       0.000    
  177   71   371.8       67.15    
  177   72   0.000       0.000    
  177   73  1.8016E+06   1.784    
  177   74  4.2269E+08  0.5869    
  177   75  3.0688E+09  0.4572    
  177   76   0.000       0.000    
  177   77   0.000       0.000    
  177   78   0.000       0.000    
  176   68   0.000       0.000    
  176   69   0.000       0.000    
  176   70   0.000       0.000    
  176   71   0.000       0.000    
  176   72   0.000       0.000    
  176   73  1.0335E+07  0.9080    
  176   74  3.1173E+08  0.4257    
  176   75  1.8446E+09  0.4570    
  176   76   0.000       0.000    
  176   77   0.000       0.000    
  176   78   0.000       0.000    
  175   68   0.000       0.000    
  175   69   0.000       0.000    
  175   70   0.000       0.000    
  175   71   0.000       0.000    
  175   72   5392.       4.020    
  175   73  1.2124E+07  0.7923    
  175   74  5.5206E+08  0.5997    
  175   75  9.9845E+08  0.6939    
  175   76   0.000       0.000    
  175   77   0.000       0.000    
  175   78   0.000       0.000    
  174   68   0.000       0.000    
  174   69   0.000       0.000    
  174   70   0.000       0.000    
  174   71   8.399       36.39    
  174   72   0.000       0.000    
  174   73  7.1256E+07  0.7092    
  174   74  2.1707E+08   1.774    
  174   75  1.1204E+08   2.017    
  174   76   0.000       0.000    
  174   77   0.000       0.000    
  174   78   0.000       0.000    
  173   68   0.000       0.000    
  173   69   0.000       0.000    
  173   70   0.000       0.000    
  173   71   43.36       14.86    
  173   72  5.5596E+05   3.736    
  173   73  2.5326E+07   2.017    
  173   74  8.9006E+07   4.961    
  173   75  1.0299E+07   7.022    
  173   76   0.000       0.000    
  173   77   0.000       0.000    
  173   78   0.000       0.000    
  172   68   0.000       0.000    
  172   69   0.000       0.000    
  172   70   0.000       0.000    
  172   71   4594.       18.60    
  172   72   999.8       4.846    
  172   73  5.6404E+07   2.347    
  172   74  1.1435E+07   11.13    
  172   75  4.3376E-03   60.14    
  172   76   0.000       0.000    
  172   77   0.000       0.000    
  172   78   0.000       0.000    
  171   68   0.000       0.000    
  171   69   0.000       0.000    
  171   70   0.000       0.000    
  171   71   6225.       13.12    
  171   72  7.0601E+05   2.993    
  171   73  3.5186E+07   1.256    
  171   74  9.8422E+04   66.32    
  171   75   0.000       0.000    
  171   76   0.000       0.000    
  171   77   0.000       0.000    
  171   78   0.000       0.000    
  170   68   0.000       0.000    
  170   69   0.000       0.000    
  170   70   0.000       0.000    
  170   71  2.9195E+04   17.98    
  170   72  1.6909E+05   12.04    
  170   73  7.4568E+06   13.01    
  170   74   0.000       0.000    
  170   75   0.000       0.000    
  170   76   0.000       0.000    
  170   77   0.000       0.000    
  170   78   0.000       0.000    
  169   68   0.000       0.000    
  169   69   0.000       0.000    
  169   70   153.7       67.76    
  169   71  5.7787E+04   21.95    
  169   72  1.9455E+06   14.24    
  169   73  6.2728E+05   6.371    
  169   74   0.000       0.000    
  169   75   0.000       0.000    
  169   76   0.000       0.000    
  169   77   0.000       0.000    
  169   78   0.000       0.000    
  168   68   0.000       0.000    
  168   69   5.005       99.00    
  168   70   0.000       0.000    
  168   71  5.7432E+05   49.11    
  168   72  2.2491E+04   99.00    
  168   73   0.000       0.000    
  168   74   0.000       0.000    
  168   75   0.000       0.000    
  168   76   0.000       0.000    
  168   77   0.000       0.000    
  168   78   0.000       0.000    
  167   68   0.000       0.000    
  167   69   487.5       69.83    
  167   70  3.8675E+05   42.35    
  167   71  5.0099E+04   78.19    
  167   72   0.000       0.000    
  167   73   0.000       0.000    
  167   74   0.000       0.000    
  167   75   0.000       0.000    
  167   76   0.000       0.000    
  167   77   0.000       0.000    
  167   78   0.000       0.000    
  166   68   0.000       0.000    
  166   69   4518.       64.53    
  166   70   798.8       99.00    
  166   71   0.000       0.000    
  166   72   0.000       0.000    
  166   73   0.000       0.000    
  166   74   0.000       0.000    
  166   75   0.000       0.000    
  166   76   0.000       0.000    
  166   77   0.000       0.000    
  166   78   0.000       0.000    
  165   68   5.622       64.96    
  165   69   645.6       61.24    
  165   70  5.8796E+04   99.00    
  165   71   0.000       0.000    
  165   72   0.000       0.000    
  165   73   0.000       0.000    
  165   74   0.000       0.000    
  165   75   0.000       0.000    
  165   76   0.000       0.000    
  165   77   0.000       0.000    
  165   78   0.000       0.000    
  164   68   0.000       0.000    
  164   69  7.6406E+04   63.15    
  164   70   0.000       0.000    
  164   71   0.000       0.000    
  164   72   0.000       0.000    
  164   73   0.000       0.000    
  164   74   0.000       0.000    
  164   75   0.000       0.000    
  164   76   0.000       0.000    
  164   77   0.000       0.000    
  164   78   0.000       0.000    
  163   68  2.4687E+04   63.91    
  163   69   9726.       99.00    
  163   70   0.000       0.000    
  163   71   0.000       0.000    
  163   72   0.000       0.000    
  163   73   0.000       0.000    
  163   74   0.000       0.000    
  163   75   0.000       0.000    
  163   76   0.000       0.000    
  163   77   0.000       0.000    
  163   78   0.000       0.000    
  162   68   0.000       0.000    
  162   69  1.1625E+05   99.00    
  162   70   0.000       0.000    
  162   71   0.000       0.000    
  162   72   0.000       0.000    
  162   73   0.000       0.000    
  162   74   0.000       0.000    
  162   75   0.000       0.000    
  162   76   0.000       0.000    
  162   77   0.000       0.000    
  162   78   0.000       0.000    
  163   57   0.000       0.000    
  163   58   0.000       0.000    
  163   59   0.000       0.000    
  163   60   0.000       0.000    
  163   61   0.000       0.000    
  163   62   0.000       0.000    
  163   63   0.000       0.000    
  163   64   0.000       0.000    
  163   65   0.000       0.000    
  163   66   0.000       0.000    
  163   67  7.3176E-05   65.68    
  162   57   0.000       0.000    
  162   58   0.000       0.000    
  162   59   0.000       0.000    
  162   60   0.000       0.000    
  162   61   0.000       0.000    
  162   62   0.000       0.000    
  162   63   0.000       0.000    
  162   64   0.000       0.000    
  162   65   0.000       0.000    
  162   66   0.000       0.000    
  162   67   0.000       0.000    
  161   57   0.000       0.000    
  161   58   0.000       0.000    
  161   59   0.000       0.000    
  161   60   0.000       0.000    
  161   61   0.000       0.000    
  161   62   0.000       0.000    
  161   63   0.000       0.000    
  161   64   0.000       0.000    
  161   65   0.000       0.000    
  161   66   0.000       0.000    
  161   67   9487.       99.00    
  160   57   0.000       0.000    
  160   58   0.000       0.000    
  160   59   0.000       0.000    
  160   60   0.000       0.000    
  160   61   0.000       0.000    
  160   62   0.000       0.000    
  160   63   0.000       0.000    
  160   64   0.000       0.000    
  160   65   0.000       0.000    
  160   66   0.000       0.000    
  160   67   0.000       0.000    
  159   57   0.000       0.000    
  159   58   0.000       0.000    
  159   59   0.000       0.000    
  159   60   0.000       0.000    
  159   61   0.000       0.000    
  159   62   0.000       0.000    
  159   63   0.000       0.000    
  159   64   0.000       0.000    
  159   65   0.000       0.000    
  159   66   0.000       0.000    
  159   67   0.000       0.000    
  158   57   0.000       0.000    
  158   58   0.000       0.000    
  158   59   0.000       0.000    
  158   60   0.000       0.000    
  158   61   0.000       0.000    
  158   62   0.000       0.000    
  158   63   0.000       0.000    
  158   64   0.000       0.000    
  158   65   0.000       0.000    
  158   66   0.000       0.000    
  158   67   0.000       0.000    
  157   57   0.000       0.000    
  157   58   0.000       0.000    
  157   59   0.000       0.000    
  157   60   0.000       0.000    
  157   61   0.000       0.000    
  157   62   0.000       0.000    
  157   63   0.000       0.000    
  157   64   0.000       0.000    
  157   65   0.000       0.000    
  157   66   0.000       0.000    
  157   67   0.000       0.000    
  156   57   0.000       0.000    
  156   58   0.000       0.000    
  156   59   0.000       0.000    
  156   60   0.000       0.000    
  156   61   0.000       0.000    
  156   62   0.000       0.000    
  156   63   0.000       0.000    
  156   64   0.000       0.000    
  156   65   68.14       99.00    
  156   66   0.000       0.000    
  156   67   0.000       0.000    
  115   46   0.000       0.000    
  115   47   0.000       0.000    
  115   48   102.7       99.00    
  115   49   0.000       0.000    
  115   50   0.000       0.000    
  115   51   0.000       0.000    
  115   52   0.000       0.000    
  115   53   0.000       0.000    
  115   54   0.000       0.000    
  115   55   0.000       0.000    
  115   56   0.000       0.000    
  114   46  4.5614E+04   99.00    
  114   47  4.7106E+04   99.00    
  114   48   0.000       0.000    
  114   49   4.008       99.00    
  114   50   0.000       0.000    
  114   51   0.000       0.000    
  114   52   0.000       0.000    
  114   53   0.000       0.000    
  114   54   0.000       0.000    
  114   55   0.000       0.000    
  114   56   0.000       0.000    
  113   46   0.000       0.000    
  113   47   1927.       99.00    
  113   48   0.000       0.000    
  113   49   0.000       0.000    
  113   50   0.000       0.000    
  113   51   0.000       0.000    
  113   52   0.000       0.000    
  113   53   0.000       0.000    
  113   54   0.000       0.000    
  113   55   0.000       0.000    
  113   56   0.000       0.000    
  112   46   0.000       0.000    
  112   47   4067.       99.00    
  112   48   0.000       0.000    
  112   49   0.000       0.000    
  112   50   0.000       0.000    
  112   51   0.000       0.000    
  112   52   0.000       0.000    
  112   53   0.000       0.000    
  112   54   0.000       0.000    
  112   55   0.000       0.000    
  112   56   0.000       0.000    
  111   46   7448.       99.00    
  111   47   147.4       58.93    
  111   48   0.000       0.000    
  111   49   0.000       0.000    
  111   50   0.000       0.000    
  111   51   0.000       0.000    
  111   52   0.000       0.000    
  111   53   0.000       0.000    
  111   54   0.000       0.000    
  111   55   0.000       0.000    
  111   56   0.000       0.000    
  110   46   0.000       0.000    
  110   47   1.514       99.00    
  110   48   0.000       0.000    
  110   49   0.000       0.000    
  110   50   0.000       0.000    
  110   51   0.000       0.000    
  110   52   0.000       0.000    
  110   53   0.000       0.000    
  110   54   0.000       0.000    
  110   55   0.000       0.000    
  110   56   0.000       0.000    
  109   46   2470.       55.89    
  109   47   0.000       0.000    
  109   48   0.000       0.000    
  109   49   0.000       0.000    
  109   50   0.000       0.000    
  109   51   0.000       0.000    
  109   52   0.000       0.000    
  109   53   0.000       0.000    
  109   54   0.000       0.000    
  109   55   0.000       0.000    
  109   56   0.000       0.000    
  108   46   0.000       0.000    
  108   47   0.000       0.000    
  108   48   0.000       0.000    
  108   49   0.000       0.000    
  108   50   0.000       0.000    
  108   51   0.000       0.000    
  108   52   0.000       0.000    
  108   53   0.000       0.000    
  108   54   0.000       0.000    
  108   55   0.000       0.000    
  108   56   0.000       0.000    
  107   46  1.8154E-06   90.93    
  107   47   0.000       0.000    
  107   48   0.000       0.000    
  107   49   0.000       0.000    
  107   50   0.000       0.000    
  107   51   0.000       0.000    
  107   52   0.000       0.000    
  107   53   0.000       0.000    
  107   54   0.000       0.000    
  107   55   0.000       0.000    
  107   56   0.000       0.000    
  111   35   0.000       0.000    
  111   36   0.000       0.000    
  111   37   0.000       0.000    
  111   38   0.000       0.000    
  111   39   0.000       0.000    
  111   40   0.000       0.000    
  111   41   0.000       0.000    
  111   42   0.000       0.000    
  111   43   0.000       0.000    
  111   44   0.000       0.000    
  111   45  3.2467E-08   99.00    
  110   35   0.000       0.000    
  110   36   0.000       0.000    
  110   37   0.000       0.000    
  110   38   0.000       0.000    
  110   39   0.000       0.000    
  110   40   0.000       0.000    
  110   41   0.000       0.000    
  110   42   0.000       0.000    
  110   43   0.000       0.000    
  110   44   0.000       0.000    
  110   45  1.1593E-35   99.00    
  109   35   0.000       0.000    
  109   36   0.000       0.000    
  109   37   0.000       0.000    
  109   38   0.000       0.000    
  109   39   0.000       0.000    
  109   40   0.000       0.000    
  109   41   0.000       0.000    
  109   42   0.000       0.000    
  109   43   0.000       0.000    
  109   44   0.000       0.000    
  109   45   923.6       99.00    
  108   35   0.000       0.000    
  108   36   0.000       0.000    
  108   37   0.000       0.000    
  108   38   0.000       0.000    
  108   39   0.000       0.000    
  108   40   0.000       0.000    
  108   41   0.000       0.000    
  108   42   0.000       0.000    
  108   43   0.000       0.000    
  108   44   0.000       0.000    
  108   45   0.000       0.000    
  107   35   0.000       0.000    
  107   36   0.000       0.000    
  107   37   0.000       0.000    
  107   38   0.000       0.000    
  107   39   0.000       0.000    
  107   40   0.000       0.000    
  107   41   0.000       0.000    
  107   42   0.000       0.000    
  107   43   0.000       0.000    
  107   44   0.000       0.000    
  107   45  7.0074E+04   50.92    
  106   35   0.000       0.000    
  106   36   0.000       0.000    
  106   37   0.000       0.000    
  106   38   0.000       0.000    
  106   39   0.000       0.000    
  106   40   0.000       0.000    
  106   41   0.000       0.000    
  106   42   0.000       0.000    
  106   43   0.000       0.000    
  106   44   4.113       61.25    
  106   45   4.113       61.25    
  105   35   0.000       0.000    
  105   36   0.000       0.000    
  105   37   0.000       0.000    
  105   38   0.000       0.000    
  105   39   0.000       0.000    
  105   40   0.000       0.000    
  105   41   0.000       0.000    
  105   42   0.000       0.000    
  105   43  1.5970E+05   99.00    
  105   44  1.0832E+04   83.23    
  105   45   1323.       98.06    
  104   35   0.000       0.000    
  104   36   0.000       0.000    
  104   37   0.000       0.000    
  104   38   0.000       0.000    
  104   39   0.000       0.000    
  104   40   0.000       0.000    
  104   41   0.000       0.000    
  104   42   1178.       99.00    
  104   43  1.3961E+05   75.93    
  104   44   0.000       0.000    
  104   45   79.02       99.00    
  103   35   0.000       0.000    
  103   36   0.000       0.000    
  103   37   0.000       0.000    
  103   38   0.000       0.000    
  103   39   0.000       0.000    
  103   40   0.000       0.000    
  103   41   0.000       0.000    
  103   42   0.000       0.000    
  103   43   1154.       62.02    
  103   44   27.32       47.61    
  103   45   0.000       0.000    
  102   35   0.000       0.000    
  102   36   0.000       0.000    
  102   37   0.000       0.000    
  102   38   0.000       0.000    
  102   39   0.000       0.000    
  102   40   0.000       0.000    
  102   41  9.6563E-27   66.73    
  102   42  5.1610E+04   66.73    
  102   43  5.2015E+04   66.73    
  102   44   0.000       0.000    
  102   45   0.000       0.000    
  101   35   0.000       0.000    
  101   36   0.000       0.000    
  101   37   0.000       0.000    
  101   38   0.000       0.000    
  101   39   0.000       0.000    
  101   40   0.000       0.000    
  101   41   0.000       0.000    
  101   42  2.4196E+04   99.00    
  101   43  2.8115E+05   51.65    
  101   44   0.000       0.000    
  101   45   0.000       0.000    
  100   35   0.000       0.000    
  100   36   0.000       0.000    
  100   37   0.000       0.000    
  100   38   0.000       0.000    
  100   39   0.000       0.000    
  100   40   0.000       0.000    
  100   41   0.000       0.000    
  100   42   0.000       0.000    
  100   43  1.1257E-03   67.24    
  100   44   0.000       0.000    
  100   45   0.000       0.000    
   99   35   0.000       0.000    
   99   36   0.000       0.000    
   99   37   0.000       0.000    
   99   38   0.000       0.000    
   99   39   0.000       0.000    
   99   40   0.000       0.000    
   99   41   156.3       99.00    
   99   42   478.0       57.69    
   99   43  1.0010E-05   96.48    
   99   44   0.000       0.000    
   99   45   0.000       0.000    
   98   35   0.000       0.000    
   98   36   0.000       0.000    
   98   37   0.000       0.000    
   98   38   0.000       0.000    
   98   39   0.000       0.000    
   98   40   0.000       0.000    
   98   41  2.6232E-43   99.00    
   98   42   0.000       0.000    
   98   43  1.3394E-06   99.00    
   98   44   0.000       0.000    
   98   45   0.000       0.000    
   97   35   0.000       0.000    
   97   36   0.000       0.000    
   97   37   0.000       0.000    
   97   38   0.000       0.000    
   97   39   0.000       0.000    
   97   40   4520.       80.79    
   97   41  4.1273E+04   42.61    
   97   42   0.000       0.000    
   97   43   0.000       0.000    
   97   44   0.000       0.000    
   97   45   0.000       0.000    
   96   35   0.000       0.000    
   96   36   0.000       0.000    
   96   37   0.000       0.000    
   96   38   0.000       0.000    
   96   39  9.1830E-21   99.00    
   96   40   0.000       0.000    
   96   41   2613.       43.47    
   96   42   0.000       0.000    
   96   43   0.000       0.000    
   96   44   0.000       0.000    
   96   45   0.000       0.000    
   95   35   0.000       0.000    
   95   36   0.000       0.000    
   95   37   0.000       0.000    
   95   38   0.000       0.000    
   95   39  6.7924E+04   99.00    
   95   40   75.19       82.70    
   95   41   141.7       52.20    
   95   42   0.000       0.000    
   95   43   0.000       0.000    
   95   44   0.000       0.000    
   95   45   0.000       0.000    
   94   35   0.000       0.000    
   94   36   0.000       0.000    
   94   37   0.000       0.000    
   94   38   3124.       99.00    
   94   39  1.0447E+05   82.92    
   94   40   0.000       0.000    
   94   41  4.6157E-04   70.31    
   94   42   0.000       0.000    
   94   43   0.000       0.000    
   94   44   0.000       0.000    
   94   45   0.000       0.000    
   93   35   0.000       0.000    
   93   36   0.000       0.000    
   93   37   0.000       0.000    
   93   38  1.5164E+05   46.75    
   93   39  2.1488E+04   30.38    
   93   40  5.4247E-06   27.57    
   93   41   0.000       0.000    
   93   42   0.000       0.000    
   93   43   0.000       0.000    
   93   44   0.000       0.000    
   93   45   0.000       0.000    
   92   35   0.000       0.000    
   92   36   0.000       0.000    
   92   37   0.000       0.000    
   92   38  6.6744E+04   37.80    
   92   39  4.6517E+04   41.06    
   92   40   0.000       0.000    
   92   41   0.000       0.000    
   92   42   0.000       0.000    
   92   43   0.000       0.000    
   92   44   0.000       0.000    
   92   45   0.000       0.000    
   91   35   0.000       0.000    
   91   36   0.000       0.000    
   91   37   2195.       99.00    
   91   38   3908.       96.93    
   91   39   20.53       77.20    
   91   40   0.000       0.000    
   91   41   0.000       0.000    
   91   42   0.000       0.000    
   91   43   0.000       0.000    
   91   44   0.000       0.000    
   91   45   0.000       0.000    
   90   35   0.000       0.000    
   90   36   0.000       0.000    
   90   37  1.5320E+04   99.00    
   90   38  0.1803       46.09    
   90   39   106.4       99.00    
   90   40   0.000       0.000    
   90   41   0.000       0.000    
   90   42   0.000       0.000    
   90   43   0.000       0.000    
   90   44   0.000       0.000    
   90   45   0.000       0.000    
   89   35   0.000       0.000    
   89   36   0.000       0.000    
   89   37  5.7237E+04   42.34    
   89   38   98.63       39.93    
   89   39   0.000       0.000    
   89   40   0.000       0.000    
   89   41   0.000       0.000    
   89   42   0.000       0.000    
   89   43   0.000       0.000    
   89   44   0.000       0.000    
   89   45   0.000       0.000    
   88   35  1.4567E-03   99.00    
   88   36   8435.       99.00    
   88   37  2.0267E+05   65.04    
   88   38   0.000       0.000    
   88   39   0.000       0.000    
   88   40   0.000       0.000    
   88   41   0.000       0.000    
   88   42   0.000       0.000    
   88   43   0.000       0.000    
   88   44   0.000       0.000    
   88   45   0.000       0.000    
   87   35   0.000       0.000    
   87   36   8518.       99.00    
   87   37   0.000       0.000    
   87   38   0.000       0.000    
   87   39   1.838       99.00    
   87   40   0.000       0.000    
   87   41   0.000       0.000    
   87   42   0.000       0.000    
   87   43   0.000       0.000    
   87   44   0.000       0.000    
   87   45   0.000       0.000    
   86   35   1453.       99.00    
   86   36   0.000       0.000    
   86   37   309.2       46.79    
   86   38   0.000       0.000    
   86   39   0.000       0.000    
   86   40   0.000       0.000    
   86   41   0.000       0.000    
   86   42   0.000       0.000    
   86   43   0.000       0.000    
   86   44   0.000       0.000    
   86   45   0.000       0.000    
   85   35  1.4424E+05   82.43    
   85   36  0.3022       62.47    
   85   37   0.000       0.000    
   85   38   0.000       0.000    
   85   39   0.000       0.000    
   85   40   0.000       0.000    
   85   41   0.000       0.000    
   85   42   0.000       0.000    
   85   43   0.000       0.000    
   85   44   0.000       0.000    
   85   45   0.000       0.000    
   84   35  2.6156E+05   46.16    
   84   36   0.000       0.000    
   84   37   45.60       43.33    
   84   38   0.000       0.000    
   84   39   0.000       0.000    
   84   40   0.000       0.000    
   84   41   0.000       0.000    
   84   42   0.000       0.000    
   84   43   0.000       0.000    
   84   44   0.000       0.000    
   84   45   0.000       0.000    
   83   35  1.0450E+05   36.09    
   83   36   0.000       0.000    
   83   37   13.89       99.00    
   83   38   0.000       0.000    
   83   39   0.000       0.000    
   83   40   0.000       0.000    
   83   41   0.000       0.000    
   83   42   0.000       0.000    
   83   43   0.000       0.000    
   83   44   0.000       0.000    
   83   45   0.000       0.000    
   82   35   2562.       57.71    
   82   36   0.000       0.000    
   82   37   0.000       0.000    
   82   38   0.000       0.000    
   82   39   0.000       0.000    
   82   40   0.000       0.000    
   82   41   0.000       0.000    
   82   42   0.000       0.000    
   82   43   0.000       0.000    
   82   44   0.000       0.000    
   82   45   0.000       0.000    
   81   35   0.000       0.000    
   81   36   0.000       0.000    
   81   37   0.000       0.000    
   81   38   0.000       0.000    
   81   39   0.000       0.000    
   81   40   0.000       0.000    
   81   41   0.000       0.000    
   81   42   0.000       0.000    
   81   43   0.000       0.000    
   81   44   0.000       0.000    
   81   45   0.000       0.000    
   80   35  2.1585E+05   67.26    
   80   36   0.000       0.000    
   80   37   0.000       0.000    
   80   38   0.000       0.000    
   80   39   0.000       0.000    
   80   40   0.000       0.000    
   80   41   0.000       0.000    
   80   42   0.000       0.000    
   80   43   0.000       0.000    
   80   44   0.000       0.000    
   80   45   0.000       0.000    
   84   24   0.000       0.000    
   84   25   0.000       0.000    
   84   26   0.000       0.000    
   84   27   0.000       0.000    
   84   28   0.000       0.000    
   84   29   0.000       0.000    
   84   30   0.000       0.000    
   84   31   0.000       0.000    
   84   32   0.000       0.000    
   84   33   0.000       0.000    
   84   34  1.5053E+05   75.48    
   83   24   0.000       0.000    
   83   25   0.000       0.000    
   83   26   0.000       0.000    
   83   27   0.000       0.000    
   83   28   0.000       0.000    
   83   29   0.000       0.000    
   83   30   0.000       0.000    
   83   31   0.000       0.000    
   83   32   0.000       0.000    
   83   33  2.8931E-06   99.00    
   83   34   4284.       99.00    
   82   24   0.000       0.000    
   82   25   0.000       0.000    
   82   26   0.000       0.000    
   82   27   0.000       0.000    
   82   28   0.000       0.000    
   82   29   0.000       0.000    
   82   30   0.000       0.000    
   82   31   0.000       0.000    
   82   32   0.000       0.000    
   82   33   0.000       0.000    
   82   34   0.000       0.000    
   81   24   0.000       0.000    
   81   25   0.000       0.000    
   81   26   0.000       0.000    
   81   27   0.000       0.000    
   81   28   0.000       0.000    
   81   29   0.000       0.000    
   81   30   0.000       0.000    
   81   31   0.000       0.000    
   81   32   0.000       0.000    
   81   33   0.000       0.000    
   81   34  3.8342E+04   57.75    
   80   24   0.000       0.000    
   80   25   0.000       0.000    
   80   26   0.000       0.000    
   80   27   0.000       0.000    
   80   28   0.000       0.000    
   80   29   0.000       0.000    
   80   30   0.000       0.000    
   80   31   0.000       0.000    
   80   32   0.000       0.000    
   80   33  3.3817E-04   63.94    
   80   34   0.000       0.000    
   79   24   0.000       0.000    
   79   25   0.000       0.000    
   79   26   0.000       0.000    
   79   27   0.000       0.000    
   79   28   0.000       0.000    
   79   29   0.000       0.000    
   79   30   0.000       0.000    
   79   31   0.000       0.000    
   79   32   0.000       0.000    
   79   33  2.9761E+05   72.26    
   79   34  4.1218E-05   53.09    
   78   24   0.000       0.000    
   78   25   0.000       0.000    
   78   26   0.000       0.000    
   78   27   0.000       0.000    
   78   28   0.000       0.000    
   78   29   0.000       0.000    
   78   30   0.000       0.000    
   78   31   0.000       0.000    
   78   32  1.7213E+04   99.00    
   78   33   9139.       83.19    
   78   34   0.000       0.000    
   77   24   0.000       0.000    
   77   25   0.000       0.000    
   77   26   0.000       0.000    
   77   27   0.000       0.000    
   77   28   0.000       0.000    
   77   29   0.000       0.000    
   77   30   0.000       0.000    
   77   31   0.000       0.000    
   77   32   3278.       69.58    
   77   33   4282.       69.23    
   77   34   0.000       0.000    
   76   24   0.000       0.000    
   76   25   0.000       0.000    
   76   26   0.000       0.000    
   76   27   0.000       0.000    
   76   28   0.000       0.000    
   76   29   0.000       0.000    
   76   30  3.1295E-19   99.00    
   76   31   15.43       99.00    
   76   32   0.000       0.000    
   76   33   1672.       99.00    
   76   34   0.000       0.000    
   75   24   0.000       0.000    
   75   25   0.000       0.000    
   75   26   0.000       0.000    
   75   27   0.000       0.000    
   75   28   0.000       0.000    
   75   29   0.000       0.000    
   75   30   0.000       0.000    
   75   31  1.1387E+04   99.00    
   75   32  4.7309E+04   43.57    
   75   33   0.000       0.000    
   75   34   4.127       99.00    
   74   24   0.000       0.000    
   74   25   0.000       0.000    
   74   26   0.000       0.000    
   74   27   0.000       0.000    
   74   28   0.000       0.000    
   74   29   0.000       0.000    
   74   30   0.000       0.000    
   74   31  1.3448E+04   99.00    
   74   32   0.000       0.000    
   74   33   22.14       99.00    
   74   34   0.000       0.000    
   73   24   0.000       0.000    
   73   25   0.000       0.000    
   73   26   0.000       0.000    
   73   27   0.000       0.000    
   73   28   0.000       0.000    
   73   29   0.000       0.000    
   73   30   1.371       99.00    
   73   31  2.9106E+04   52.38    
   73   32   0.000       0.000    
   73   33   0.000       0.000    
   73   34   0.000       0.000    
   72   24   0.000       0.000    
   72   25   0.000       0.000    
   72   26   0.000       0.000    
   72   27   0.000       0.000    
   72   28   0.000       0.000    
   72   29   0.000       0.000    
   72   30   426.5       64.66    
   72   31   7023.       58.85    
   72   32   0.000       0.000    
   72   33   0.000       0.000    
   72   34   0.000       0.000    
   71   24   0.000       0.000    
   71   25   0.000       0.000    
   71   26   0.000       0.000    
   71   27   0.000       0.000    
   71   28   0.000       0.000    
   71   29   0.000       0.000    
   71   30   0.000       0.000    
   71   31   0.000       0.000    
   71   32   0.000       0.000    
   71   33   0.000       0.000    
   71   34   0.000       0.000    
   70   24   0.000       0.000    
   70   25   0.000       0.000    
   70   26   0.000       0.000    
   70   27   0.000       0.000    
   70   28   0.000       0.000    
   70   29   1002.       87.54    
   70   30   0.000       0.000    
   70   31   0.000       0.000    
   70   32   0.000       0.000    
   70   33   0.000       0.000    
   70   34   0.000       0.000    
   69   24   0.000       0.000    
   69   25   0.000       0.000    
   69   26   0.000       0.000    
   69   27   0.000       0.000    
   69   28   0.000       0.000    
   69   29  9.8175E+04   99.00    
   69   30  1.0024E+05   46.63    
   69   31   0.000       0.000    
   69   32   0.000       0.000    
   69   33   0.000       0.000    
   69   34   0.000       0.000    
   68   24   0.000       0.000    
   68   25   0.000       0.000    
   68   26   0.000       0.000    
   68   27   0.000       0.000    
   68   28   10.58       99.00    
   68   29   185.3       91.12    
   68   30   0.000       0.000    
   68   31   0.000       0.000    
   68   32   0.000       0.000    
   68   33   0.000       0.000    
   68   34   0.000       0.000    
   67   24   0.000       0.000    
   67   25   0.000       0.000    
   67   26   0.000       0.000    
   67   27   0.000       0.000    
   67   28   0.000       0.000    
   67   29   195.7       99.00    
   67   30   0.000       0.000    
   67   31   0.000       0.000    
   67   32   0.000       0.000    
   67   33   0.000       0.000    
   67   34   0.000       0.000    
   66   24   0.000       0.000    
   66   25   0.000       0.000    
   66   26   0.000       0.000    
   66   27   0.000       0.000    
   66   28   660.3       41.81    
   66   29   486.9       41.81    
   66   30   0.000       0.000    
   66   31   0.000       0.000    
   66   32   0.000       0.000    
   66   33   0.000       0.000    
   66   34   0.000       0.000    
   65   24   0.000       0.000    
   65   25   0.000       0.000    
   65   26   0.000       0.000    
   65   27   0.000       0.000    
   65   28   7432.       99.00    
   65   29   0.000       0.000    
   65   30   0.000       0.000    
   65   31   0.000       0.000    
   65   32   0.000       0.000    
   65   33   0.000       0.000    
   65   34   0.000       0.000    
   64   24   0.000       0.000    
   64   25   0.000       0.000    
   64   26   0.000       0.000    
   64   27   0.000       0.000    
   64   28   0.000       0.000    
   64   29   2314.       99.00    
   64   30   0.000       0.000    
   64   31   0.000       0.000    
   64   32   0.000       0.000    
   64   33   0.000       0.000    
   64   34   0.000       0.000    
   63   24   0.000       0.000    
   63   25   0.000       0.000    
   63   26  2.4628E-17   99.00    
   63   27   5.599       99.00    
   63   28  2.4671E-02   99.00    
   63   29   0.000       0.000    
   63   30   0.000       0.000    
   63   31   0.000       0.000    
   63   32   0.000       0.000    
   63   33   0.000       0.000    
   63   34   0.000       0.000    
   62   24   0.000       0.000    
   62   25   0.000       0.000    
   62   26   867.9       99.00    
   62   27   8021.       98.76    
   62   28   0.000       0.000    
   62   29   0.000       0.000    
   62   30   0.000       0.000    
   62   31   0.000       0.000    
   62   32   0.000       0.000    
   62   33   0.000       0.000    
   62   34   0.000       0.000    
   61   24   0.000       0.000    
   61   25   0.000       0.000    
   61   26   0.000       0.000    
   61   27   0.000       0.000    
   61   28   0.000       0.000    
   61   29   0.000       0.000    
   61   30   0.000       0.000    
   61   31   0.000       0.000    
   61   32   0.000       0.000    
   61   33   0.000       0.000    
   61   34   0.000       0.000    
   60   24   0.000       0.000    
   60   25   0.000       0.000    
   60   26   0.000       0.000    
   60   27   0.000       0.000    
   60   28   0.000       0.000    
   60   29   0.000       0.000    
   60   30   0.000       0.000    
   60   31   0.000       0.000    
   60   32   0.000       0.000    
   60   33   0.000       0.000    
   60   34   0.000       0.000    
   59   24   0.000       0.000    
   59   25  5.0155E-25   99.00    
   59   26   8.834       99.00    
   59   27   0.000       0.000    
   59   28   0.000       0.000    
   59   29   0.000       0.000    
   59   30   0.000       0.000    
   59   31   0.000       0.000    
   59   32   0.000       0.000    
   59   33   0.000       0.000    
   59   34   0.000       0.000    
   58   24   0.000       0.000    
   58   25   0.000       0.000    
   58   26   0.000       0.000    
   58   27   0.000       0.000    
   58   28   0.000       0.000    
   58   29   0.000       0.000    
   58   30   0.000       0.000    
   58   31   0.000       0.000    
   58   32   0.000       0.000    
   58   33   0.000       0.000    
   58   34   0.000       0.000    
   57   24   0.000       0.000    
   57   25   4219.       99.00    
   57   26   0.000       0.000    
   57   27   0.000       0.000    
   57   28   0.000       0.000    
   57   29   0.000       0.000    
   57   30   0.000       0.000    
   57   31   0.000       0.000    
   57   32   0.000       0.000    
   57   33   0.000       0.000    
   57   34   0.000       0.000    
   56   24   0.000       0.000    
   56   25   6086.       99.00    
   56   26   0.000       0.000    
   56   27   0.000       0.000    
   56   28   0.000       0.000    
   56   29   0.000       0.000    
   56   30   0.000       0.000    
   56   31   0.000       0.000    
   56   32   0.000       0.000    
   56   33   0.000       0.000    
   56   34   0.000       0.000    
   24    2   0.000       0.000    
   24    3   0.000       0.000    
   24    4   0.000       0.000    
   24    5   0.000       0.000    
   24    6   0.000       0.000    
   24    7   0.000       0.000    
   24    8   0.000       0.000    
   24    9   0.000       0.000    
   24   10  2.0885E+04   99.00    
   24   11   502.6       99.00    
   24   12   0.000       0.000    
   23    2   0.000       0.000    
   23    3   0.000       0.000    
   23    4   0.000       0.000    
   23    5   0.000       0.000    
   23    6   0.000       0.000    
   23    7   0.000       0.000    
   23    8   0.000       0.000    
   23    9   0.000       0.000    
   23   10   0.000       0.000    
   23   11   0.000       0.000    
   23   12   0.000       0.000    
   22    2   0.000       0.000    
   22    3   0.000       0.000    
   22    4   0.000       0.000    
   22    5   0.000       0.000    
   22    6   0.000       0.000    
   22    7   0.000       0.000    
   22    8   0.000       0.000    
   22    9   0.000       0.000    
   22   10   0.000       0.000    
   22   11   0.000       0.000    
   22   12   0.000       0.000    
   21    2   0.000       0.000    
   21    3   0.000       0.000    
   21    4   0.000       0.000    
   21    5   0.000       0.000    
   21    6   0.000       0.000    
   21    7   0.000       0.000    
   21    8   0.000       0.000    
   21    9   0.000       0.000    
   21   10   0.000       0.000    
   21   11   0.000       0.000    
   21   12   0.000       0.000    
   20    2   0.000       0.000    
   20    3   0.000       0.000    
   20    4   0.000       0.000    
   20    5   0.000       0.000    
   20    6   0.000       0.000    
   20    7   0.000       0.000    
   20    8   0.000       0.000    
   20    9   0.000       0.000    
   20   10   0.000       0.000    
   20   11   0.000       0.000    
   20   12   0.000       0.000    
   19    2   0.000       0.000    
   19    3   0.000       0.000    
   19    4   0.000       0.000    
   19    5   0.000       0.000    
   19    6   0.000       0.000    
   19    7   0.000       0.000    
   19    8   0.000       0.000    
   19    9   0.000       0.000    
   19   10   0.000       0.000    
   19   11   0.000       0.000    
   19   12   0.000       0.000    
   18    2   0.000       0.000    
   18    3   0.000       0.000    
   18    4   0.000       0.000    
   18    5   0.000       0.000    
   18    6   0.000       0.000    
   18    7   0.000       0.000    
   18    8   0.000       0.000    
   18    9   0.000       0.000    
   18   10   0.000       0.000    
   18   11   0.000       0.000    
   18   12   0.000       0.000    
   17    2   0.000       0.000    
   17    3   0.000       0.000    
   17    4   0.000       0.000    
   17    5   0.000       0.000    
   17    6   0.000       0.000    
   17    7   0.000       0.000    
   17    8   0.000       0.000    
   17    9   0.000       0.000    
   17   10   0.000       0.000    
   17   11   0.000       0.000    
   17   12   0.000       0.000    
   16    2   0.000       0.000    
   16    3   0.000       0.000    
   16    4   0.000       0.000    
   16    5   0.000       0.000    
   16    6   0.000       0.000    
   16    7  2.5153E-14   99.00    
   16    8   0.000       0.000    
   16    9   0.000       0.000    
   16   10   0.000       0.000    
   16   11   0.000       0.000    
   16   12   0.000       0.000    
   15    2   0.000       0.000    
   15    3   0.000       0.000    
   15    4   0.000       0.000    
   15    5   0.000       0.000    
   15    6   0.000       0.000    
   15    7   0.000       0.000    
   15    8   0.000       0.000    
   15    9   0.000       0.000    
   15   10   0.000       0.000    
   15   11   0.000       0.000    
   15   12   0.000       0.000    
   14    2   0.000       0.000    
   14    3   0.000       0.000    
   14    4   0.000       0.000    
   14    5   0.000       0.000    
   14    6  1.7410E-03   61.49    
   14    7   0.000       0.000    
   14    8   0.000       0.000    
   14    9   0.000       0.000    
   14   10   0.000       0.000    
   14   11   0.000       0.000    
   14   12   0.000       0.000    
   13    2   0.000       0.000    
   13    3   0.000       0.000    
   13    4   0.000       0.000    
   13    5   0.000       0.000    
   13    6   0.000       0.000    
   13    7   0.000       0.000    
   13    8   0.000       0.000    
   13    9   0.000       0.000    
   13   10   0.000       0.000    
   13   11   0.000       0.000    
   13   12   0.000       0.000    
   12    2   0.000       0.000    
   12    3   0.000       0.000    
   12    4   0.000       0.000    
   12    5   0.000       0.000    
   12    6   0.000       0.000    
   12    7   0.000       0.000    
   12    8   0.000       0.000    
   12    9   0.000       0.000    
   12   10   0.000       0.000    
   12   11   0.000       0.000    
   12   12   0.000       0.000    
   11    2   0.000       0.000    
   11    3   0.000       0.000    
   11    4   0.000       0.000    
   11    5   0.000       0.000    
   11    6   0.000       0.000    
   11    7   0.000       0.000    
   11    8   0.000       0.000    
   11    9   0.000       0.000    
   11   10   0.000       0.000    
   11   11   0.000       0.000    
   11   12   0.000       0.000    
   10    2   0.000       0.000    
   10    3   0.000       0.000    
   10    4  7.1524E-07   99.00    
   10    5   0.000       0.000    
   10    6   0.000       0.000    
   10    7   0.000       0.000    
   10    8   0.000       0.000    
   10    9   0.000       0.000    
   10   10   0.000       0.000    
   10   11   0.000       0.000    
   10   12   0.000       0.000    
    3    1   2873.       1.729    
# A/Z/m Isomers:
   24   11    1  2.0887E+04   99.00    
   62   27    1  1.4489E+04   99.00    
   63   28    1   5.467       99.00    
   67   30    1   58.65       99.00    
   72   31    1   13.42       64.66    
   73   32    1  2.8952E+04   52.38    
   73   32    2  2.8584E+04   52.38    
   75   32    1   555.2       77.30    
   75   33    1  0.1745       82.80    
   77   32    1   574.6       99.00    
   77   33    1   1083.       69.58    
   77   34    1   13.28       69.23    
   79   34    1  3.3495E+05   73.57    
   81   34    1  2.5663E+04   61.99    
   81   35    1   12.94       61.99    
   82   35    1  3.9810E+05   62.00    
   83   34    1   7623.       70.55    
   83   36    1   6360.       37.01    
   85   36    1  4.4029E+04   32.42    
   85   37    1  1.3114E-03   62.47    
   87   38    1  1.2795E+04   71.96    
   87   39    1   1286.       99.00    
   89   39    1  1.0106E-02   43.25    
   90   39    1   1052.       99.00    
   90   40    1  1.8933E-02   99.00    
   91   39    1  8.2248E+04   44.51    
   92   41    1   55.44       99.00    
   93   39    1  5.0625E+04   46.75    
   94   41    1  3.9815E+05   70.31    
   95   41    1   211.4       99.00    
   97   41    1   6858.       43.69    
   99   41    1   3676.       99.00    
   99   42    1   723.9       99.00    
   99   43    1   4948.       88.19    
  101   43    1   5601.       99.00    
  103   45    1   9960.       99.00    
  104   43    1   1178.       99.00    
  105   45    1   3531.       70.24    
  106   45    1   4117.       99.00    
  109   47    1   2469.       55.94    
  111   47    1   7726.       99.00    
  113   48    1  3.5171E-05   99.00    
  114   49    1   4.160       99.00    
  115   49    1   2.614       99.00    
  119   50    1   1.464       99.00    
  163   67    1   3.719       63.92    
  164   69    1  4.0094E+04   99.00    
  165   69    1  5.3848E+04   99.00    
  165   69    2  5.4129E+04   99.00    
  167   68    1   478.3       69.91    
  167   69    1  2.7801E+05   42.35    
  167   71    1   4549.       99.00    
  168   71    1  1.7248E+06   49.94    
  169   70    1   6777.       30.62    
  169   71    1  4.7255E+05   25.98    
  170   71    1   168.2       12.04    
  171   70    1   5823.       13.12    
  171   71    1  8.8254E+04   31.83    
  171   72    1   938.6       13.82    
  172   71    1  8.7368E+05   5.767    
  172   71    2   112.5       4.846    
  173   71    1  5.5538E+05   3.736    
  174   70    1  8.2838E-02   66.34    
  174   71    1   13.36       66.34    
  175   71    1   12.42       4.020    
  175   72    1  7.1790E+05  0.7924    
  176   71    1   8277.       69.51    
  177   73    1  3.1378E+08  0.5869    
  178   72    1  1.6239E+07   1.982    
  178   73    1  4.6755E+07   4.611    
  179   72    1  0.3553       24.52    
  179   73    1  1.9620E+09  0.2965    
  179   74    1  1.3438E+09  0.4271    
  180   72    1   6774.       62.61    
  181   73    1  3.8369E+05  0.4766    
  181   73    2   559.2       19.66    
  181   74    1  7.6859E+07  0.2946    
  182   72    1  3.0485E+04   99.00    
  182   73    1  3.6753E+06   10.25    
  182   73    2  3.6735E+06   10.26    
  182   75    1  6.4012E+07  0.5068    
  183   74    1  2.6912E+04   1.473    
  184   74    1  2.0309E+06   3.853    
  184   75    1  1.6067E+04  0.8632    
  185   74    1  4.5195E+07   1.931    
  186   75    1  6.7215E-04   12.19    
  188   75    1  3.1045E+04   99.00    
