  **** 20tungsten1p0_37.rnc ****


  Total primaries run:        10000000

    Total weight of the primaries run:   10000000.0    


  Beam intensity  :   1.00000000E+10  pr/s

  Irradiation time:   15000000.0      s

  Decay time      :   21600.0000      s

  Detector n:            1   cool17    
     (Region          -1  Volume:     116.000000      cmc,
      distr. type  :           3    ,
      Z_max:          78 , N-Z_max:          42 , N-Z_min:          -4 )

     Tot. response (Bq/cmc)   2417933.00       +/-  0.100974567      %
     ( --> Bq                 280480224.       +/-  0.100974567      % )



  **** Residual nuclei distribution  **** ****           (Bq/cmc)            ****



  A \ Z   68         69         70         71         72         73         74         75         76         77         78
 187   0.00E+00   0.00E+00   0.00E+00   0.00E+00   0.00E+00   0.00E+00   7.20E+03   6.47E-08   0.00E+00   0.00E+00   0.00E+00
      +/- 0.0 %  +/- 0.0 %  +/- 0.0 %  +/- 0.0 %  +/- 0.0 %  +/- 0.0 %  +/- 3.6 %  +/- 3.6 %  +/- 0.0 %  +/- 0.0 %  +/- 0.0 %
 186   0.00E+00   0.00E+00   0.00E+00   0.00E+00   0.00E+00   4.94E-09   0.00E+00   5.42E+03   0.00E+00   0.00E+00   0.00E+00
      +/- 0.0 %  +/- 0.0 %  +/- 0.0 %  +/- 0.0 %  +/- 0.0 %  +/-21.2 %  +/- 0.0 %  +/- 6.0 %  +/- 0.0 %  +/- 0.0 %  +/- 0.0 %
 185   0.00E+00   0.00E+00   0.00E+00   0.00E+00   0.00E+00   2.22E+01   6.06E+04   0.00E+00   0.00E+00   0.00E+00   0.00E+00
      +/- 0.0 %  +/- 0.0 %  +/- 0.0 %  +/- 0.0 %  +/- 0.0 %  +/- 2.1 %  +/- 1.5 %  +/- 0.0 %  +/- 0.0 %  +/- 0.0 %  +/- 0.0 %
 184   0.00E+00   0.00E+00   0.00E+00   0.00E+00   3.14E+00   1.12E+03   0.00E+00   5.32E+04   0.00E+00   0.00E+00   0.00E+00
      +/- 0.0 %  +/- 0.0 %  +/- 0.0 %  +/- 0.0 %  +/-99.0 %  +/- 3.6 %  +/- 0.0 %  +/- 0.9 %  +/- 0.0 %  +/- 0.0 %  +/- 0.0 %
 183   0.00E+00   0.00E+00   0.00E+00   0.00E+00   0.00E+00   5.97E+03   0.00E+00   9.56E+04   0.00E+00   0.00E+00   0.00E+00
      +/- 0.0 %  +/- 0.0 %  +/- 0.0 %  +/- 0.0 %  +/- 0.0 %  +/- 4.9 %  +/- 0.0 %  +/- 0.6 %  +/- 0.0 %  +/- 0.0 %  +/- 0.0 %
 182   0.00E+00   0.00E+00   0.00E+00   0.00E+00   1.42E-06   4.00E+03   0.00E+00   4.48E+04   0.00E+00   0.00E+00   0.00E+00
      +/- 0.0 %  +/- 0.0 %  +/- 0.0 %  +/- 0.0 %  +/-50.6 %  +/- 2.8 %  +/- 0.0 %  +/- 1.1 %  +/- 0.0 %  +/- 0.0 %  +/- 0.0 %
 181   0.00E+00   0.00E+00   0.00E+00   0.00E+00   5.66E+01   0.00E+00   2.46E+05   1.80E+05   0.00E+00   0.00E+00   0.00E+00
      +/- 0.0 %  +/- 0.0 %  +/- 0.0 %  +/- 0.0 %  +/-53.5 %  +/- 0.0 %  +/- 0.1 %  +/- 0.4 %  +/- 0.0 %  +/- 0.0 %  +/- 0.0 %
 180   0.00E+00   0.00E+00   0.00E+00   0.00E+00   0.00E+00   2.91E+03   0.00E+00   1.96E-39   0.00E+00   0.00E+00   0.00E+00
      +/- 0.0 %  +/- 0.0 %  +/- 0.0 %  +/- 0.0 %  +/- 0.0 %  +/- 1.9 %  +/- 0.0 %  +/- 0.5 %  +/- 0.0 %  +/- 0.0 %  +/- 0.0 %
 179   0.00E+00   0.00E+00   0.00E+00   0.00E+00   0.00E+00   5.93E+04   7.64E+02   6.51E-01   0.00E+00   0.00E+00   0.00E+00
      +/- 0.0 %  +/- 0.0 %  +/- 0.0 %  +/- 0.0 %  +/- 0.0 %  +/- 0.5 %  +/- 0.8 %  +/- 1.1 %  +/- 0.0 %  +/- 0.0 %  +/- 0.0 %
 178   0.00E+00   0.00E+00   0.00E+00   0.00E+00   0.00E+00   7.56E+02   2.62E+05   1.00E-03   0.00E+00   0.00E+00   0.00E+00
      +/- 0.0 %  +/- 0.0 %  +/- 0.0 %  +/- 0.0 %  +/- 0.0 %  +/- 3.8 %  +/- 0.7 %  +/- 0.8 %  +/- 0.0 %  +/- 0.0 %  +/- 0.0 %
 177   0.00E+00   0.00E+00   0.00E+00   0.00E+00   0.00E+00   1.98E+05   3.27E+04   2.55E-03   0.00E+00   0.00E+00   0.00E+00
      +/- 0.0 %  +/- 0.0 %  +/- 0.0 %  +/- 0.0 %  +/- 0.0 %  +/- 0.5 %  +/- 0.5 %  +/- 0.8 %  +/- 0.0 %  +/- 0.0 %  +/- 0.0 %
 176   0.00E+00   0.00E+00   0.00E+00   7.55E-11   0.00E+00   9.16E+04   2.16E+04   2.49E-16   0.00E+00   0.00E+00   0.00E+00
      +/- 0.0 %  +/- 0.0 %  +/- 0.0 %  +/-99.0 %  +/- 0.0 %  +/- 0.8 %  +/- 0.9 %  +/- 0.8 %  +/- 0.0 %  +/- 0.0 %  +/- 0.0 %
 175   0.00E+00   0.00E+00   0.00E+00   0.00E+00   4.89E+04   4.19E+04   4.82E+01   1.39E-14   0.00E+00   0.00E+00   0.00E+00
      +/- 0.0 %  +/- 0.0 %  +/- 0.0 %  +/- 0.0 %  +/- 1.6 %  +/- 1.9 %  +/- 2.0 %  +/- 2.3 %  +/- 0.0 %  +/- 0.0 %  +/- 0.0 %
 174   0.00E+00   0.00E+00   0.00E+00   2.45E+00   0.00E+00   9.53E+02   8.40E+00   5.48E-42   0.00E+00   0.00E+00   0.00E+00
      +/- 0.0 %  +/- 0.0 %  +/- 0.0 %  +/-40.8 %  +/- 0.0 %  +/- 2.6 %  +/- 3.6 %  +/- 3.7 %  +/- 0.0 %  +/- 0.0 %  +/- 0.0 %
 173   0.00E+00   0.00E+00   0.00E+00   2.21E+03   9.50E+03   2.49E+03   9.54E-12   0.00E+00   0.00E+00   0.00E+00   0.00E+00
      +/- 0.0 %  +/- 0.0 %  +/- 0.0 %  +/- 2.5 %  +/- 2.6 %  +/- 2.4 %  +/- 4.5 %  +/- 0.0 %  +/- 0.0 %  +/- 0.0 %  +/- 0.0 %
 172   0.00E+00   0.00E+00   0.00E+00   8.84E+02   8.24E+02   4.73E+00   4.93E-15   0.00E+00   0.00E+00   0.00E+00   0.00E+00
      +/- 0.0 %  +/- 0.0 %  +/- 0.0 %  +/- 3.6 %  +/- 4.6 %  +/- 6.9 %  +/-31.5 %  +/- 0.0 %  +/- 0.0 %  +/- 0.0 %  +/- 0.0 %
 171   0.00E+00   0.00E+00   0.00E+00   2.10E+03   1.44E+03   3.79E-02   0.00E+00   0.00E+00   0.00E+00   0.00E+00   0.00E+00
      +/- 0.0 %  +/- 0.0 %  +/- 0.0 %  +/- 4.2 %  +/- 3.3 %  +/- 5.1 %  +/- 0.0 %  +/- 0.0 %  +/- 0.0 %  +/- 0.0 %  +/- 0.0 %
 170   0.00E+00   0.00E+00   0.00E+00   3.00E+02   1.60E+02   8.02E-15   0.00E+00   0.00E+00   0.00E+00   0.00E+00   0.00E+00
      +/- 0.0 %  +/- 0.0 %  +/- 0.0 %  +/-18.0 %  +/-15.3 %  +/-15.8 %  +/- 0.0 %  +/- 0.0 %  +/- 0.0 %  +/- 0.0 %  +/- 0.0 %
 169   0.00E+00   0.00E+00   1.51E+02   1.37E+02   1.95E-21   6.59E-22   0.00E+00   0.00E+00   0.00E+00   0.00E+00   0.00E+00
      +/- 0.0 %  +/- 0.0 %  +/-28.6 %  +/-28.6 %  +/-99.0 %  +/-99.0 %  +/- 0.0 %  +/- 0.0 %  +/- 0.0 %  +/- 0.0 %  +/- 0.0 %
 168   0.00E+00   0.00E+00   0.00E+00   1.03E-16   0.00E+00   0.00E+00   0.00E+00   0.00E+00   0.00E+00   0.00E+00   0.00E+00
      +/- 0.0 %  +/- 0.0 %  +/- 0.0 %  +/-46.8 %  +/- 0.0 %  +/- 0.0 %  +/- 0.0 %  +/- 0.0 %  +/- 0.0 %  +/- 0.0 %  +/- 0.0 %
 167   0.00E+00   8.47E+00   5.53E-06   0.00E+00   0.00E+00   0.00E+00   0.00E+00   0.00E+00   0.00E+00   0.00E+00   0.00E+00
      +/- 0.0 %  +/-99.0 %  +/-99.0 %  +/- 0.0 %  +/- 0.0 %  +/- 0.0 %  +/- 0.0 %  +/- 0.0 %  +/- 0.0 %  +/- 0.0 %  +/- 0.0 %

  A \ Z   57         58         59         60         61         62         63         64         65         66         67

  A \ Z   46         47         48         49         50         51         52         53         54         55         56
 111   2.02E-04   1.67E+01   0.00E+00   0.00E+00   0.00E+00   0.00E+00   0.00E+00   0.00E+00   0.00E+00   0.00E+00   0.00E+00
      +/-99.0 %  +/-61.2 %  +/- 0.0 %  +/- 0.0 %  +/- 0.0 %  +/- 0.0 %  +/- 0.0 %  +/- 0.0 %  +/- 0.0 %  +/- 0.0 %  +/- 0.0 %
 109   6.36E+00   0.00E+00   0.00E+00   0.00E+00   0.00E+00   0.00E+00   0.00E+00   0.00E+00   0.00E+00   0.00E+00   0.00E+00
      +/-99.0 %  +/- 0.0 %  +/- 0.0 %  +/- 0.0 %  +/- 0.0 %  +/- 0.0 %  +/- 0.0 %  +/- 0.0 %  +/- 0.0 %  +/- 0.0 %  +/- 0.0 %

  A \ Z   35         36         37         38         39         40         41         42         43         44         45
 105   0.00E+00   0.00E+00   0.00E+00   0.00E+00   0.00E+00   0.00E+00   0.00E+00   0.00E+00   1.42E-13   1.04E+01   2.49E+01
      +/- 0.0 %  +/- 0.0 %  +/- 0.0 %  +/- 0.0 %  +/- 0.0 %  +/- 0.0 %  +/- 0.0 %  +/- 0.0 %  +/-40.8 %  +/-40.8 %  +/-40.8 %
 104   0.00E+00   0.00E+00   0.00E+00   0.00E+00   0.00E+00   0.00E+00   0.00E+00   0.00E+00   1.03E-05   0.00E+00   0.00E+00
      +/- 0.0 %  +/- 0.0 %  +/- 0.0 %  +/- 0.0 %  +/- 0.0 %  +/- 0.0 %  +/- 0.0 %  +/- 0.0 %  +/-99.0 %  +/- 0.0 %  +/- 0.0 %
 103   0.00E+00   0.00E+00   0.00E+00   0.00E+00   0.00E+00   0.00E+00   0.00E+00   0.00E+00   0.00E+00   1.64E+01   0.00E+00
      +/- 0.0 %  +/- 0.0 %  +/- 0.0 %  +/- 0.0 %  +/- 0.0 %  +/- 0.0 %  +/- 0.0 %  +/- 0.0 %  +/- 0.0 %  +/-61.2 %  +/- 0.0 %
 101   0.00E+00   0.00E+00   0.00E+00   0.00E+00   0.00E+00   0.00E+00   0.00E+00   3.30E-07   4.82E-06   0.00E+00   0.00E+00
      +/- 0.0 %  +/- 0.0 %  +/- 0.0 %  +/- 0.0 %  +/- 0.0 %  +/- 0.0 %  +/- 0.0 %  +/-99.0 %  +/-99.0 %  +/- 0.0 %  +/- 0.0 %
  99   0.00E+00   0.00E+00   0.00E+00   0.00E+00   0.00E+00   0.00E+00   0.00E+00   0.00E+00   1.34E-05   0.00E+00   0.00E+00
      +/- 0.0 %  +/- 0.0 %  +/- 0.0 %  +/- 0.0 %  +/- 0.0 %  +/- 0.0 %  +/- 0.0 %  +/- 0.0 %  +/-99.0 %  +/- 0.0 %  +/- 0.0 %
  95   0.00E+00   0.00E+00   0.00E+00   0.00E+00   2.59E-10   7.29E+00   1.39E+01   0.00E+00   0.00E+00   0.00E+00   0.00E+00
      +/- 0.0 %  +/- 0.0 %  +/- 0.0 %  +/- 0.0 %  +/-99.0 %  +/-99.0 %  +/-62.1 %  +/- 0.0 %  +/- 0.0 %  +/- 0.0 %  +/- 0.0 %
  94   0.00E+00   0.00E+00   0.00E+00   0.00E+00   1.38E-05   0.00E+00   1.39E-04   0.00E+00   0.00E+00   0.00E+00   0.00E+00
      +/- 0.0 %  +/- 0.0 %  +/- 0.0 %  +/- 0.0 %  +/-99.0 %  +/- 0.0 %  +/-99.0 %  +/- 0.0 %  +/- 0.0 %  +/- 0.0 %  +/- 0.0 %
  92   0.00E+00   0.00E+00   0.00E+00   0.00E+00   5.33E+00   0.00E+00   0.00E+00   0.00E+00   0.00E+00   0.00E+00   0.00E+00
      +/- 0.0 %  +/- 0.0 %  +/- 0.0 %  +/- 0.0 %  +/-61.2 %  +/- 0.0 %  +/- 0.0 %  +/- 0.0 %  +/- 0.0 %  +/- 0.0 %  +/- 0.0 %
  91   0.00E+00   0.00E+00   0.00E+00   0.00E+00   7.50E+00   0.00E+00   0.00E+00   0.00E+00   0.00E+00   0.00E+00   0.00E+00
      +/- 0.0 %  +/- 0.0 %  +/- 0.0 %  +/- 0.0 %  +/-99.0 %  +/- 0.0 %  +/- 0.0 %  +/- 0.0 %  +/- 0.0 %  +/- 0.0 %  +/- 0.0 %
  90   0.00E+00   0.00E+00   6.05E-41   3.92E-01   8.76E+00   0.00E+00   0.00E+00   0.00E+00   0.00E+00   0.00E+00   0.00E+00
      +/- 0.0 %  +/- 0.0 %  +/-99.0 %  +/-46.8 %  +/-95.9 %  +/- 0.0 %  +/- 0.0 %  +/- 0.0 %  +/- 0.0 %  +/- 0.0 %  +/- 0.0 %
  89   0.00E+00   0.00E+00   0.00E+00   1.56E+01   0.00E+00   0.00E+00   0.00E+00   0.00E+00   0.00E+00   0.00E+00   0.00E+00
      +/- 0.0 %  +/- 0.0 %  +/- 0.0 %  +/-61.2 %  +/- 0.0 %  +/- 0.0 %  +/- 0.0 %  +/- 0.0 %  +/- 0.0 %  +/- 0.0 %  +/- 0.0 %
  88   0.00E+00   0.00E+00   1.38E-05   0.00E+00   0.00E+00   0.00E+00   0.00E+00   0.00E+00   0.00E+00   0.00E+00   0.00E+00
      +/- 0.0 %  +/- 0.0 %  +/-61.2 %  +/- 0.0 %  +/- 0.0 %  +/- 0.0 %  +/- 0.0 %  +/- 0.0 %  +/- 0.0 %  +/- 0.0 %  +/- 0.0 %
  87   0.00E+00   6.55E-01   2.29E-10   0.00E+00   8.42E+00   0.00E+00   0.00E+00   0.00E+00   0.00E+00   0.00E+00   0.00E+00
      +/- 0.0 %  +/-61.2 %  +/-46.8 %  +/- 0.0 %  +/-99.0 %  +/- 0.0 %  +/- 0.0 %  +/- 0.0 %  +/- 0.0 %  +/- 0.0 %  +/- 0.0 %
  85   0.00E+00   2.60E-01   0.00E+00   0.00E+00   0.00E+00   0.00E+00   0.00E+00   0.00E+00   0.00E+00   0.00E+00   0.00E+00
      +/- 0.0 %  +/-99.0 %  +/- 0.0 %  +/- 0.0 %  +/- 0.0 %  +/- 0.0 %  +/- 0.0 %  +/- 0.0 %  +/- 0.0 %  +/- 0.0 %  +/- 0.0 %
  84   0.00E+00   0.00E+00   8.36E+00   0.00E+00   0.00E+00   0.00E+00   0.00E+00   0.00E+00   0.00E+00   0.00E+00   0.00E+00
      +/- 0.0 %  +/- 0.0 %  +/-99.0 %  +/- 0.0 %  +/- 0.0 %  +/- 0.0 %  +/- 0.0 %  +/- 0.0 %  +/- 0.0 %  +/- 0.0 %  +/- 0.0 %
  83   4.76E+00   0.00E+00   0.00E+00   0.00E+00   0.00E+00   0.00E+00   0.00E+00   0.00E+00   0.00E+00   0.00E+00   0.00E+00
      +/-67.9 %  +/- 0.0 %  +/- 0.0 %  +/- 0.0 %  +/- 0.0 %  +/- 0.0 %  +/- 0.0 %  +/- 0.0 %  +/- 0.0 %  +/- 0.0 %  +/- 0.0 %
  82   7.50E+00   0.00E+00   0.00E+00   0.00E+00   0.00E+00   0.00E+00   0.00E+00   0.00E+00   0.00E+00   0.00E+00   0.00E+00
      +/-99.0 %  +/- 0.0 %  +/- 0.0 %  +/- 0.0 %  +/- 0.0 %  +/- 0.0 %  +/- 0.0 %  +/- 0.0 %  +/- 0.0 %  +/- 0.0 %  +/- 0.0 %

  A \ Z   24         25         26         27         28         29         30         31         32         33         34
  83   0.00E+00   0.00E+00   0.00E+00   0.00E+00   0.00E+00   0.00E+00   0.00E+00   0.00E+00   0.00E+00   0.00E+00   1.19E-04
      +/- 0.0 %  +/- 0.0 %  +/- 0.0 %  +/- 0.0 %  +/- 0.0 %  +/- 0.0 %  +/- 0.0 %  +/- 0.0 %  +/- 0.0 %  +/- 0.0 %  +/-99.0 %
  81   0.00E+00   0.00E+00   0.00E+00   0.00E+00   0.00E+00   0.00E+00   0.00E+00   0.00E+00   0.00E+00   0.00E+00   1.15E-05
      +/- 0.0 %  +/- 0.0 %  +/- 0.0 %  +/- 0.0 %  +/- 0.0 %  +/- 0.0 %  +/- 0.0 %  +/- 0.0 %  +/- 0.0 %  +/- 0.0 %  +/-99.0 %
  79   0.00E+00   0.00E+00   0.00E+00   0.00E+00   0.00E+00   0.00E+00   0.00E+00   0.00E+00   0.00E+00   2.43E-11   2.60E-05
      +/- 0.0 %  +/- 0.0 %  +/- 0.0 %  +/- 0.0 %  +/- 0.0 %  +/- 0.0 %  +/- 0.0 %  +/- 0.0 %  +/- 0.0 %  +/-66.7 %  +/-66.7 %
  78   0.00E+00   0.00E+00   0.00E+00   0.00E+00   0.00E+00   0.00E+00   0.00E+00   0.00E+00   5.06E-01   2.55E+00   0.00E+00
      +/- 0.0 %  +/- 0.0 %  +/- 0.0 %  +/- 0.0 %  +/- 0.0 %  +/- 0.0 %  +/- 0.0 %  +/- 0.0 %  +/-99.0 %  +/-76.0 %  +/- 0.0 %
  77   0.00E+00   0.00E+00   0.00E+00   0.00E+00   0.00E+00   0.00E+00   0.00E+00   0.00E+00   5.95E+00   1.62E+01   0.00E+00
      +/- 0.0 %  +/- 0.0 %  +/- 0.0 %  +/- 0.0 %  +/- 0.0 %  +/- 0.0 %  +/- 0.0 %  +/- 0.0 %  +/-99.0 %  +/-61.3 %  +/- 0.0 %
  75   0.00E+00   0.00E+00   0.00E+00   0.00E+00   0.00E+00   0.00E+00   0.00E+00   0.00E+00   4.34E-01   0.00E+00   0.00E+00
      +/- 0.0 %  +/- 0.0 %  +/- 0.0 %  +/- 0.0 %  +/- 0.0 %  +/- 0.0 %  +/- 0.0 %  +/- 0.0 %  +/-99.0 %  +/- 0.0 %  +/- 0.0 %
  74   0.00E+00   0.00E+00   0.00E+00   0.00E+00   0.00E+00   0.00E+00   0.00E+00   8.72E-13   0.00E+00   0.00E+00   0.00E+00
      +/- 0.0 %  +/- 0.0 %  +/- 0.0 %  +/- 0.0 %  +/- 0.0 %  +/- 0.0 %  +/- 0.0 %  +/-99.0 %  +/- 0.0 %  +/- 0.0 %  +/- 0.0 %
  73   0.00E+00   0.00E+00   0.00E+00   0.00E+00   0.00E+00   0.00E+00   0.00E+00   3.67E+00   0.00E+00   0.00E+00   0.00E+00
      +/- 0.0 %  +/- 0.0 %  +/- 0.0 %  +/- 0.0 %  +/- 0.0 %  +/- 0.0 %  +/- 0.0 %  +/-99.0 %  +/- 0.0 %  +/- 0.0 %  +/- 0.0 %
  72   0.00E+00   0.00E+00   0.00E+00   0.00E+00   0.00E+00   0.00E+00   0.00E+00   6.42E+00   0.00E+00   0.00E+00   0.00E+00
      +/- 0.0 %  +/- 0.0 %  +/- 0.0 %  +/- 0.0 %  +/- 0.0 %  +/- 0.0 %  +/- 0.0 %  +/-99.0 %  +/- 0.0 %  +/- 0.0 %  +/- 0.0 %
  69   0.00E+00   0.00E+00   0.00E+00   0.00E+00   0.00E+00   0.00E+00   1.03E-01   0.00E+00   0.00E+00   0.00E+00   0.00E+00
      +/- 0.0 %  +/- 0.0 %  +/- 0.0 %  +/- 0.0 %  +/- 0.0 %  +/- 0.0 %  +/-99.0 %  +/- 0.0 %  +/- 0.0 %  +/- 0.0 %  +/- 0.0 %
  66   0.00E+00   0.00E+00   0.00E+00   0.00E+00   7.99E+00   8.00E+00   0.00E+00   0.00E+00   0.00E+00   0.00E+00   0.00E+00
      +/- 0.0 %  +/- 0.0 %  +/- 0.0 %  +/- 0.0 %  +/-99.0 %  +/-99.0 %  +/- 0.0 %  +/- 0.0 %  +/- 0.0 %  +/- 0.0 %  +/- 0.0 %

  A \ Z   13         14         15         16         17         18         19         20         21         22         23
  41   0.00E+00   0.00E+00   0.00E+00   0.00E+00   0.00E+00   6.19E+00   0.00E+00   0.00E+00   0.00E+00   0.00E+00   0.00E+00
      +/- 0.0 %  +/- 0.0 %  +/- 0.0 %  +/- 0.0 %  +/- 0.0 %  +/-28.6 %  +/- 0.0 %  +/- 0.0 %  +/- 0.0 %  +/- 0.0 %  +/- 0.0 %
  40   0.00E+00   0.00E+00   0.00E+00   0.00E+00   0.00E+00   0.00E+00   5.92E-07   0.00E+00   0.00E+00   0.00E+00   0.00E+00
      +/- 0.0 %  +/- 0.0 %  +/- 0.0 %  +/- 0.0 %  +/- 0.0 %  +/- 0.0 %  +/- 3.0 %  +/- 0.0 %  +/- 0.0 %  +/- 0.0 %  +/- 0.0 %
  39   0.00E+00   0.00E+00   0.00E+00   0.00E+00   1.40E+01   1.24E+01   0.00E+00   0.00E+00   0.00E+00   0.00E+00   0.00E+00
      +/- 0.0 %  +/- 0.0 %  +/- 0.0 %  +/- 0.0 %  +/- 5.9 %  +/- 1.4 %  +/- 0.0 %  +/- 0.0 %  +/- 0.0 %  +/- 0.0 %  +/- 0.0 %
  38   0.00E+00   0.00E+00   0.00E+00   1.99E+00   3.83E+00   0.00E+00   5.53E-13   0.00E+00   0.00E+00   0.00E+00   0.00E+00
      +/- 0.0 %  +/- 0.0 %  +/- 0.0 %  +/-99.0 %  +/-68.2 %  +/- 0.0 %  +/-35.3 %  +/- 0.0 %  +/- 0.0 %  +/- 0.0 %  +/- 0.0 %
  37   0.00E+00   0.00E+00   0.00E+00   2.09E-20   0.00E+00   3.24E+03   0.00E+00   0.00E+00   0.00E+00   0.00E+00   0.00E+00
      +/- 0.0 %  +/- 0.0 %  +/- 0.0 %  +/-36.4 %  +/- 0.0 %  +/- 3.7 %  +/- 0.0 %  +/- 0.0 %  +/- 0.0 %  +/- 0.0 %  +/- 0.0 %
  36   0.00E+00   0.00E+00   0.00E+00   0.00E+00   6.55E-03   0.00E+00   0.00E+00   0.00E+00   0.00E+00   0.00E+00   0.00E+00
      +/- 0.0 %  +/- 0.0 %  +/- 0.0 %  +/- 0.0 %  +/- 2.4 %  +/- 0.0 %  +/- 0.0 %  +/- 0.0 %  +/- 0.0 %  +/- 0.0 %  +/- 0.0 %
  35   0.00E+00   0.00E+00   0.00E+00   1.41E+03   0.00E+00   0.00E+00   0.00E+00   0.00E+00   0.00E+00   0.00E+00   0.00E+00
      +/- 0.0 %  +/- 0.0 %  +/- 0.0 %  +/- 8.0 %  +/- 0.0 %  +/- 0.0 %  +/- 0.0 %  +/- 0.0 %  +/- 0.0 %  +/- 0.0 %  +/- 0.0 %
  34   0.00E+00   0.00E+00   0.00E+00   0.00E+00   1.73E-02   0.00E+00   0.00E+00   0.00E+00   0.00E+00   0.00E+00   0.00E+00
      +/- 0.0 %  +/- 0.0 %  +/- 0.0 %  +/- 0.0 %  +/-30.2 %  +/- 0.0 %  +/- 0.0 %  +/- 0.0 %  +/- 0.0 %  +/- 0.0 %  +/- 0.0 %
  33   0.00E+00   0.00E+00   6.11E+02   0.00E+00   0.00E+00   0.00E+00   0.00E+00   0.00E+00   0.00E+00   0.00E+00   0.00E+00
      +/- 0.0 %  +/- 0.0 %  +/-12.9 %  +/- 0.0 %  +/- 0.0 %  +/- 0.0 %  +/- 0.0 %  +/- 0.0 %  +/- 0.0 %  +/- 0.0 %  +/- 0.0 %
  32   0.00E+00   1.11E-01   8.77E+02   0.00E+00   0.00E+00   0.00E+00   0.00E+00   0.00E+00   0.00E+00   0.00E+00   0.00E+00
      +/- 0.0 %  +/-40.8 %  +/- 7.3 %  +/- 0.0 %  +/- 0.0 %  +/- 0.0 %  +/- 0.0 %  +/- 0.0 %  +/- 0.0 %  +/- 0.0 %  +/- 0.0 %
  31   0.00E+00   2.65E+01   0.00E+00   0.00E+00   0.00E+00   0.00E+00   0.00E+00   0.00E+00   0.00E+00   0.00E+00   0.00E+00
      +/- 0.0 %  +/-10.5 %  +/- 0.0 %  +/- 0.0 %  +/- 0.0 %  +/- 0.0 %  +/- 0.0 %  +/- 0.0 %  +/- 0.0 %  +/- 0.0 %  +/- 0.0 %

  A \ Z    2          3          4          5          6          7          8          9         10         11         12
  27   0.00E+00   0.00E+00   0.00E+00   0.00E+00   0.00E+00   0.00E+00   0.00E+00   0.00E+00   0.00E+00   0.00E+00   3.00E-11
      +/- 0.0 %  +/- 0.0 %  +/- 0.0 %  +/- 0.0 %  +/- 0.0 %  +/- 0.0 %  +/- 0.0 %  +/- 0.0 %  +/- 0.0 %  +/- 0.0 %  +/-99.0 %
  18   0.00E+00   0.00E+00   0.00E+00   0.00E+00   0.00E+00   0.00E+00   0.00E+00   2.04E+01   0.00E+00   0.00E+00   0.00E+00
      +/- 0.0 %  +/- 0.0 %  +/- 0.0 %  +/- 0.0 %  +/- 0.0 %  +/- 0.0 %  +/- 0.0 %  +/-16.3 %  +/- 0.0 %  +/- 0.0 %  +/- 0.0 %
  14   0.00E+00   0.00E+00   0.00E+00   0.00E+00   1.32E+01   0.00E+00   0.00E+00   0.00E+00   0.00E+00   0.00E+00   0.00E+00
      +/- 0.0 %  +/- 0.0 %  +/- 0.0 %  +/- 0.0 %  +/- 0.3 %  +/- 0.0 %  +/- 0.0 %  +/- 0.0 %  +/- 0.0 %  +/- 0.0 %  +/- 0.0 %
  13   0.00E+00   0.00E+00   0.00E+00   0.00E+00   0.00E+00   5.08E-06   0.00E+00   0.00E+00   0.00E+00   0.00E+00   0.00E+00
      +/- 0.0 %  +/- 0.0 %  +/- 0.0 %  +/- 0.0 %  +/- 0.0 %  +/- 0.6 %  +/- 0.0 %  +/- 0.0 %  +/- 0.0 %  +/- 0.0 %  +/- 0.0 %
  11   0.00E+00   0.00E+00   0.00E+00   0.00E+00   2.23E+00   0.00E+00   0.00E+00   0.00E+00   0.00E+00   0.00E+00   0.00E+00
      +/- 0.0 %  +/- 0.0 %  +/- 0.0 %  +/- 0.0 %  +/- 0.3 %  +/- 0.0 %  +/- 0.0 %  +/- 0.0 %  +/- 0.0 %  +/- 0.0 %  +/- 0.0 %
  10   0.00E+00   0.00E+00   3.13E-03   0.00E+00   0.00E+00   0.00E+00   0.00E+00   0.00E+00   0.00E+00   0.00E+00   0.00E+00
      +/- 0.0 %  +/- 0.0 %  +/- 2.6 %  +/- 0.0 %  +/- 0.0 %  +/- 0.0 %  +/- 0.0 %  +/- 0.0 %  +/- 0.0 %  +/- 0.0 %  +/- 0.0 %
   7   0.00E+00   0.00E+00   1.99E+05   0.00E+00   0.00E+00   0.00E+00   0.00E+00   0.00E+00   0.00E+00   0.00E+00   0.00E+00
      +/- 0.0 %  +/- 0.0 %  +/- 0.8 %  +/- 0.0 %  +/- 0.0 %  +/- 0.0 %  +/- 0.0 %  +/- 0.0 %  +/- 0.0 %  +/- 0.0 %  +/- 0.0 %

  A \ Z    1
   3   6.14E+03
      +/- 0.5 %


  **** Isomers (Bq/cmc)     ****
      A        Z       mth
       34      17       1    3.88E-02 +/- 30.2 %
       73      32       1    3.65E+00 +/- 99.0 %
       73      32       2    3.60E+00 +/- 99.0 %
       75      33       1    1.64E-07 +/- 99.0 %
       77      33       1    1.97E+00 +/- 99.0 %
       77      34       1    5.03E-02 +/- 61.3 %
       79      34       1    4.17E-11 +/- 66.7 %
       82      35       1    1.81E-17 +/- 99.0 %
       83      36       1    1.10E+01 +/- 67.5 %
       85      37       1    1.13E-03 +/- 99.0 %
       87      38       1    1.04E+01 +/- 78.6 %
       87      39       1    6.32E+00 +/- 99.0 %
       89      39       1    1.50E-03 +/- 61.2 %
       90      39       1    2.34E+00 +/- 99.0 %
       90      40       1    4.21E-05 +/- 99.0 %
       94      41       1    4.29E-17 +/- 99.0 %
       95      41       1    8.36E+00 +/- 97.9 %
       99      43       1    4.31E+00 +/- 99.0 %
      101      43       1    7.63E-08 +/- 99.0 %
      103      45       1    1.62E+01 +/- 61.2 %
      105      45       1    3.00E+00 +/- 40.8 %
      106      45       1    1.28E+00 +/- 99.0 %
      109      47       1    6.36E+00 +/- 99.0 %
      111      47       1    2.10E-04 +/- 99.0 %
      125      52       1    7.54E+00 +/- 99.0 %
      167      68       1    8.33E+00 +/- 99.0 %
      167      69       1    3.98E-06 +/- 99.0 %
      168      71       1    2.31E-15 +/- 46.8 %
      169      70       1    1.31E+01 +/- 28.6 %
      169      71       1    2.18E-22 +/- 99.0 %
      170      71       1    1.59E-01 +/- 15.3 %
      171      70       1    1.96E+03 +/-  4.2 %
      172      71       1    8.24E+02 +/-  4.6 %
      172      71       2    9.27E+01 +/-  4.6 %
      173      71       1    9.49E+03 +/-  2.6 %
      175      71       1    1.13E+02 +/-  1.6 %
      175      72       1    2.48E+03 +/-  1.9 %
      177      73       1    2.42E+04 +/-  0.5 %
      178      72       1    7.57E+02 +/-  3.8 %
      178      73       1    2.63E+05 +/-  0.7 %
      179      73       1    7.54E+02 +/-  0.8 %
      179      74       1    2.62E-01 +/-  1.1 %
      181      73       1    1.82E+05 +/-  0.1 %
      181      73       2    5.24E+01 +/- 53.5 %
      181      74       1    1.47E+05 +/-  0.4 %
      182      72       1    1.49E-01 +/- 99.0 %
      182      73       1    2.31E-02 +/- 99.0 %
      182      73       2    1.97E-02 +/- 99.0 %
      182      75       1    8.21E+04 +/-  1.1 %
      183      74       1    3.68E+02 +/-  4.9 %
      184      74       1    2.09E+03 +/-  3.1 %
      184      75       1    3.91E+03 +/-  4.7 %
      186      75       1    3.12E-04 +/- 11.6 %

