# Detector n:     1  
cool11    
# A/Z Isotopes:
  209   76   0.000       0.000    
  209   77   0.000       0.000    
  209   78   0.000       0.000    
  209   79   0.000       0.000    
  209   80   0.000       0.000    
  209   81   0.000       0.000    
  209   82   9.014       31.62    
  209   83   0.000       0.000    
  209   84   0.000       0.000    
  209   85   0.000       0.000    
  209   86   0.000       0.000    
  208   76   0.000       0.000    
  208   77   0.000       0.000    
  208   78   0.000       0.000    
  208   79   0.000       0.000    
  208   80   0.000       0.000    
  208   81  0.3374       99.00    
  208   82   0.000       0.000    
  208   83  2.2217E-04   8.377    
  208   84   0.000       0.000    
  208   85   0.000       0.000    
  208   86   0.000       0.000    
  207   76   0.000       0.000    
  207   77   0.000       0.000    
  207   78   0.000       0.000    
  207   79   0.000       0.000    
  207   80   0.000       0.000    
  207   81   43.00       5.781    
  207   82   0.000       0.000    
  207   83   15.18       1.608    
  207   84   0.000       0.000    
  207   85   0.000       0.000    
  207   86   0.000       0.000    
  206   76   0.000       0.000    
  206   77   0.000       0.000    
  206   78   0.000       0.000    
  206   79   0.000       0.000    
  206   80   0.000       0.000    
  206   81   26.87       8.367    
  206   82   0.000       0.000    
  206   83   2482.       3.595    
  206   84   0.000       0.000    
  206   85   0.000       0.000    
  206   86   0.000       0.000    
  205   76   0.000       0.000    
  205   77   0.000       0.000    
  205   78   0.000       0.000    
  205   79   0.000       0.000    
  205   80   0.000       0.000    
  205   81   0.000       0.000    
  205   82  1.2389E-04  0.8558    
  205   83   3774.       2.143    
  205   84   0.000       0.000    
  205   85   0.000       0.000    
  205   86   0.000       0.000    
  204   76   0.000       0.000    
  204   77   0.000       0.000    
  204   78   0.000       0.000    
  204   79   0.000       0.000    
  204   80   0.000       0.000    
  204   81   8.959       14.06    
  204   82   0.000       0.000    
  204   83   3892.       1.650    
  204   84   0.000       0.000    
  204   85   0.000       0.000    
  204   86   0.000       0.000    
  203   76   0.000       0.000    
  203   77   0.000       0.000    
  203   78   0.000       0.000    
  203   79   0.000       0.000    
  203   80   0.000       0.000    
  203   81   0.000       0.000    
  203   82   6968.       1.611    
  203   83   4572.       1.904    
  203   84   0.000       0.000    
  203   85   0.000       0.000    
  203   86   0.000       0.000    
  202   76   0.000       0.000    
  202   77   0.000       0.000    
  202   78   0.000       0.000    
  202   79   0.000       0.000    
  202   80   0.000       0.000    
  202   81   100.6       19.99    
  202   82  3.5077E-02   2.017    
  202   83   1229.       2.771    
  202   84   0.000       0.000    
  202   85   0.000       0.000    
  202   86   0.000       0.000    
  201   76   0.000       0.000    
  201   77   0.000       0.000    
  201   78   0.000       0.000    
  201   79   0.000       0.000    
  201   80   0.000       0.000    
  201   81   4421.       1.192    
  201   82   4335.       1.290    
  201   83   1480.       3.091    
  201   84   0.000       0.000    
  201   85   0.000       0.000    
  201   86   0.000       0.000    
  200   76   0.000       0.000    
  200   77   0.000       0.000    
  200   78   0.000       0.000    
  200   79   0.000       0.000    
  200   80   0.000       0.000    
  200   81   2391.       2.094    
  200   82   2348.       2.019    
  200   83   311.5       2.870    
  200   84   0.000       0.000    
  200   85   0.000       0.000    
  200   86   0.000       0.000    
  199   76   0.000       0.000    
  199   77   0.000       0.000    
  199   78   0.000       0.000    
  199   79   0.000       0.000    
  199   80   0.000       0.000    
  199   81   1173.       6.257    
  199   82   1101.       4.980    
  199   83   517.6       8.281    
  199   84   0.000       0.000    
  199   85   0.000       0.000    
  199   86   0.000       0.000    
  198   76   0.000       0.000    
  198   77   0.000       0.000    
  198   78   0.000       0.000    
  198   79   0.000       0.000    
  198   80   0.000       0.000    
  198   81   373.1       1.354    
  198   82   342.9       2.095    
  198   83   34.66       19.35    
  198   84   0.000       0.000    
  198   85   0.000       0.000    
  198   86   0.000       0.000    
  197   76   0.000       0.000    
  197   77   0.000       0.000    
  197   78   0.000       0.000    
  197   79   0.000       0.000    
  197   80   107.9       11.57    
  197   81   103.1       13.10    
  197   82   43.57       13.02    
  197   83   22.28       19.03    
  197   84   0.000       0.000    
  197   85   0.000       0.000    
  197   86   0.000       0.000    
  196   76   0.000       0.000    
  196   77   0.000       0.000    
  196   78   0.000       0.000    
  196   79   0.000       0.000    
  196   80   0.000       0.000    
  196   81   25.60       30.74    
  196   82   13.48       50.11    
  196   83   2.691       46.77    
  196   84   0.000       0.000    
  196   85   0.000       0.000    
  196   86   0.000       0.000    
  195   76   0.000       0.000    
  195   77   0.000       0.000    
  195   78   0.000       0.000    
  195   79   10.57       24.98    
  195   80   20.33       22.22    
  195   81   15.62       21.23    
  195   82   1.557       99.00    
  195   83  0.3368       99.00    
  195   84   0.000       0.000    
  195   85   0.000       0.000    
  195   86   0.000       0.000    
  194   76   0.000       0.000    
  194   77   0.000       0.000    
  194   78   0.000       0.000    
  194   79  5.4220E-03   46.77    
  194   80  5.4942E-03   46.77    
  194   81   3.164       61.24    
  194   82   0.000       0.000    
  194   83   0.000       0.000    
  194   84   0.000       0.000    
  194   85   0.000       0.000    
  194   86   0.000       0.000    
  193   76   0.000       0.000    
  193   77   0.000       0.000    
  193   78  6.6195E-03   99.00    
  193   79   1.015       99.00    
  193   80   1.015       99.00    
  193   81  0.9311       99.00    
  193   82   0.000       0.000    
  193   83   0.000       0.000    
  193   84   0.000       0.000    
  193   85   0.000       0.000    
  193   86   0.000       0.000    
  192   76   0.000       0.000    
  192   77   0.000       0.000    
  192   78   0.000       0.000    
  192   79  8.5185E-05   46.77    
  192   80  8.5090E-05   46.77    
  192   81  7.0970E-05   46.77    
  192   82   0.000       0.000    
  192   83   0.000       0.000    
  192   84   0.000       0.000    
  192   85   0.000       0.000    
  192   86   0.000       0.000    
  191   76   0.000       0.000    
  191   77   0.000       0.000    
  191   78  5.5539E-04   99.00    
  191   79  5.5537E-04   99.00    
  191   80  5.5268E-04   99.00    
  191   81  4.8715E-04   99.00    
  191   82   0.000       0.000    
  191   83   0.000       0.000    
  191   84   0.000       0.000    
  191   85   0.000       0.000    
  191   86   0.000       0.000    
  137   54  0.4745       99.00    
  137   55  2.0173E-02   99.00    
  137   56   0.000       0.000    
  137   57   0.000       0.000    
  137   58   0.000       0.000    
  137   59   0.000       0.000    
  137   60   0.000       0.000    
  137   61   0.000       0.000    
  137   62   0.000       0.000    
  137   63   0.000       0.000    
  137   64   0.000       0.000    
  128   43   0.000       0.000    
  128   44   0.000       0.000    
  128   45   0.000       0.000    
  128   46   0.000       0.000    
  128   47   0.000       0.000    
  128   48   0.000       0.000    
  128   49   0.000       0.000    
  128   50   0.000       0.000    
  128   51   1.834       99.00    
  128   52   0.000       0.000    
  128   53   0.000       0.000    
  127   43   0.000       0.000    
  127   44   0.000       0.000    
  127   45   0.000       0.000    
  127   46   0.000       0.000    
  127   47   0.000       0.000    
  127   48   0.000       0.000    
  127   49   0.000       0.000    
  127   50   0.000       0.000    
  127   51   1.850       99.00    
  127   52   1.766       99.00    
  127   53   0.000       0.000    
  126   43   0.000       0.000    
  126   44   0.000       0.000    
  126   45   0.000       0.000    
  126   46   0.000       0.000    
  126   47   0.000       0.000    
  126   48   0.000       0.000    
  126   49   0.000       0.000    
  126   50   0.000       0.000    
  126   51   1.851       99.00    
  126   52   0.000       0.000    
  126   53   0.000       0.000    
  125   43   0.000       0.000    
  125   44   0.000       0.000    
  125   45   0.000       0.000    
  125   46   0.000       0.000    
  125   47   0.000       0.000    
  125   48   0.000       0.000    
  125   49   0.000       0.000    
  125   50   0.000       0.000    
  125   51  0.2085       99.00    
  125   52   0.000       0.000    
  125   53   0.000       0.000    
  124   43   0.000       0.000    
  124   44   0.000       0.000    
  124   45   0.000       0.000    
  124   46   0.000       0.000    
  124   47   0.000       0.000    
  124   48   0.000       0.000    
  124   49   0.000       0.000    
  124   50   0.000       0.000    
  124   51   0.000       0.000    
  124   52   0.000       0.000    
  124   53   0.000       0.000    
  123   43   0.000       0.000    
  123   44   0.000       0.000    
  123   45   0.000       0.000    
  123   46   0.000       0.000    
  123   47   0.000       0.000    
  123   48   0.000       0.000    
  123   49   0.000       0.000    
  123   50   2.244       61.24    
  123   51   0.000       0.000    
  123   52   0.000       0.000    
  123   53   0.000       0.000    
  122   43   0.000       0.000    
  122   44   0.000       0.000    
  122   45   0.000       0.000    
  122   46   0.000       0.000    
  122   47   0.000       0.000    
  122   48   0.000       0.000    
  122   49   0.000       0.000    
  122   50   0.000       0.000    
  122   51   0.000       0.000    
  122   52   0.000       0.000    
  122   53   0.000       0.000    
  121   43   0.000       0.000    
  121   44   0.000       0.000    
  121   45   0.000       0.000    
  121   46   0.000       0.000    
  121   47   0.000       0.000    
  121   48   0.000       0.000    
  121   49   0.000       0.000    
  121   50   1.846       99.00    
  121   51   0.000       0.000    
  121   52   0.000       0.000    
  121   53   0.000       0.000    
  120   43   0.000       0.000    
  120   44   0.000       0.000    
  120   45   0.000       0.000    
  120   46   0.000       0.000    
  120   47   0.000       0.000    
  120   48   0.000       0.000    
  120   49  3.8676E-44   61.24    
  120   50   0.000       0.000    
  120   51   0.000       0.000    
  120   52   0.000       0.000    
  120   53   0.000       0.000    
  119   43   0.000       0.000    
  119   44   0.000       0.000    
  119   45   0.000       0.000    
  119   46   0.000       0.000    
  119   47   0.000       0.000    
  119   48   0.000       0.000    
  119   49  0.4935       48.67    
  119   50   0.000       0.000    
  119   51   1.848       99.00    
  119   52   0.000       0.000    
  119   53   0.000       0.000    
  118   43   0.000       0.000    
  118   44   0.000       0.000    
  118   45   0.000       0.000    
  118   46   0.000       0.000    
  118   47  1.7381E-36   99.00    
  118   48   3.342       99.00    
  118   49   3.348       99.00    
  118   50   0.000       0.000    
  118   51   0.000       0.000    
  118   52   0.000       0.000    
  118   53   0.000       0.000    
  117   43   0.000       0.000    
  117   44   0.000       0.000    
  117   45   0.000       0.000    
  117   46   0.000       0.000    
  117   47  5.1036E-02   61.24    
  117   48   3.009       61.24    
  117   49   9.251       23.84    
  117   50   0.000       0.000    
  117   51   0.000       0.000    
  117   52   0.000       0.000    
  117   53   0.000       0.000    
  116   43   0.000       0.000    
  116   44   0.000       0.000    
  116   45   0.000       0.000    
  116   46   0.000       0.000    
  116   47  0.4766       99.00    
  116   48   0.000       0.000    
  116   49   0.000       0.000    
  116   50   0.000       0.000    
  116   51   0.000       0.000    
  116   52   0.000       0.000    
  116   53   0.000       0.000    
  115   43   0.000       0.000    
  115   44   0.000       0.000    
  115   45   0.000       0.000    
  115   46   0.000       0.000    
  115   47   6.016       25.48    
  115   48   10.73       16.88    
  115   49   0.000       0.000    
  115   50   0.000       0.000    
  115   51   0.000       0.000    
  115   52   0.000       0.000    
  115   53   0.000       0.000    
  114   43   0.000       0.000    
  114   44   0.000       0.000    
  114   45   0.000       0.000    
  114   46  0.2161       99.00    
  114   47  0.2232       99.00    
  114   48   0.000       0.000    
  114   49   1.634       99.00    
  114   50   0.000       0.000    
  114   51   0.000       0.000    
  114   52   0.000       0.000    
  114   53   0.000       0.000    
  113   43   0.000       0.000    
  113   44   0.000       0.000    
  113   45   0.000       0.000    
  113   46  0.1941       40.82    
  113   47   16.36       35.43    
  113   48   0.000       0.000    
  113   49   0.000       0.000    
  113   50   0.000       0.000    
  113   51   0.000       0.000    
  113   52   0.000       0.000    
  113   53   0.000       0.000    
  112   43   0.000       0.000    
  112   44   0.000       0.000    
  112   45   0.000       0.000    
  112   46   9.221       31.62    
  112   47   16.46       32.29    
  112   48   0.000       0.000    
  112   49   0.000       0.000    
  112   50   0.000       0.000    
  112   51   0.000       0.000    
  112   52   0.000       0.000    
  112   53   0.000       0.000    
  111   43   0.000       0.000    
  111   44   0.000       0.000    
  111   45  2.9048E-12   63.99    
  111   46   8.935       61.22    
  111   47   16.57       47.79    
  111   48   0.000       0.000    
  111   49   0.000       0.000    
  111   50   0.000       0.000    
  111   51   0.000       0.000    
  111   52   0.000       0.000    
  111   53   0.000       0.000    
  110   43   0.000       0.000    
  110   44  3.1161E-11   40.82    
  110   45  4.3173E-11   40.82    
  110   46   0.000       0.000    
  110   47   0.000       0.000    
  110   48   0.000       0.000    
  110   49   0.000       0.000    
  110   50   0.000       0.000    
  110   51   0.000       0.000    
  110   52   0.000       0.000    
  110   53   0.000       0.000    
  109   43   0.000       0.000    
  109   44  8.6131E-04   72.39    
  109   45  0.5444       47.14    
  109   46   22.10       44.87    
  109   47   0.000       0.000    
  109   48   0.000       0.000    
  109   49   0.000       0.000    
  109   50   0.000       0.000    
  109   51   0.000       0.000    
  109   52   0.000       0.000    
  109   53   0.000       0.000    
  108   43  1.7149E-28   99.00    
  108   44   2.962       44.75    
  108   45   3.156       44.75    
  108   46   0.000       0.000    
  108   47   0.000       0.000    
  108   48   0.000       0.000    
  108   49   0.000       0.000    
  108   50   0.000       0.000    
  108   51   0.000       0.000    
  108   52   0.000       0.000    
  108   53   0.000       0.000    
  107   43  7.5478E-07   99.00    
  107   44   2.363       32.61    
  107   45   17.09       32.72    
  107   46  1.0324E-06   33.40    
  107   47   0.000       0.000    
  107   48   0.000       0.000    
  107   49   0.000       0.000    
  107   50   0.000       0.000    
  107   51   0.000       0.000    
  107   52   0.000       0.000    
  107   53   0.000       0.000    
  106   43  6.7430E-04   99.00    
  106   44   4.096       54.49    
  106   45   4.096       54.49    
  106   46   0.000       0.000    
  106   47   0.000       0.000    
  106   48   0.000       0.000    
  106   49   0.000       0.000    
  106   50   0.000       0.000    
  106   51   0.000       0.000    
  106   52   0.000       0.000    
  106   53   0.000       0.000    
  105   43   9.492       52.42    
  105   44   31.10       35.65    
  105   45   33.30       37.94    
  105   46   0.000       0.000    
  105   47   0.000       0.000    
  105   48   0.000       0.000    
  105   49   0.000       0.000    
  105   50   0.000       0.000    
  105   51   0.000       0.000    
  105   52   0.000       0.000    
  105   53   0.000       0.000    
  104   43   11.50       25.74    
  104   44   0.000       0.000    
  104   45  1.1619E-03   99.00    
  104   46   0.000       0.000    
  104   47   0.000       0.000    
  104   48   0.000       0.000    
  104   49   0.000       0.000    
  104   50   0.000       0.000    
  104   51   0.000       0.000    
  104   52   0.000       0.000    
  104   53   0.000       0.000    
  103   43  0.5051       34.25    
  103   44   22.95       19.61    
  103   45   0.000       0.000    
  103   46   0.000       0.000    
  103   47   0.000       0.000    
  103   48   0.000       0.000    
  103   49   0.000       0.000    
  103   50   0.000       0.000    
  103   51   0.000       0.000    
  103   52   0.000       0.000    
  103   53   0.000       0.000    
  102   43   10.61       32.35    
  102   44   0.000       0.000    
  102   45   0.000       0.000    
  102   46   0.000       0.000    
  102   47   0.000       0.000    
  102   48   0.000       0.000    
  102   49   0.000       0.000    
  102   50   0.000       0.000    
  102   51   0.000       0.000    
  102   52   0.000       0.000    
  102   53   0.000       0.000    
  101   43   30.20       33.75    
  101   44   0.000       0.000    
  101   45   0.000       0.000    
  101   46   0.000       0.000    
  101   47   0.000       0.000    
  101   48   0.000       0.000    
  101   49   0.000       0.000    
  101   50   0.000       0.000    
  101   51   0.000       0.000    
  101   52   0.000       0.000    
  101   53   0.000       0.000    
  100   43  3.2019E-09   99.00    
  100   44   0.000       0.000    
  100   45   0.000       0.000    
  100   46   0.000       0.000    
  100   47   0.000       0.000    
  100   48   0.000       0.000    
  100   49   0.000       0.000    
  100   50   0.000       0.000    
  100   51   0.000       0.000    
  100   52   0.000       0.000    
  100   53   0.000       0.000    
   99   43  4.5054E-05   15.34    
   99   44   0.000       0.000    
   99   45   0.000       0.000    
   99   46   0.000       0.000    
   99   47   0.000       0.000    
   99   48   0.000       0.000    
   99   49   0.000       0.000    
   99   50   0.000       0.000    
   99   51   0.000       0.000    
   99   52   0.000       0.000    
   99   53   0.000       0.000    
  106   32   0.000       0.000    
  106   33   0.000       0.000    
  106   34   0.000       0.000    
  106   35   0.000       0.000    
  106   36   0.000       0.000    
  106   37   0.000       0.000    
  106   38   0.000       0.000    
  106   39   0.000       0.000    
  106   40   0.000       0.000    
  106   41   0.000       0.000    
  106   42  5.6311E-16   99.00    
  105   32   0.000       0.000    
  105   33   0.000       0.000    
  105   34   0.000       0.000    
  105   35   0.000       0.000    
  105   36   0.000       0.000    
  105   37   0.000       0.000    
  105   38   0.000       0.000    
  105   39   0.000       0.000    
  105   40   0.000       0.000    
  105   41  2.8026E-46   99.00    
  105   42  6.0090E-04   61.30    
  104   32   0.000       0.000    
  104   33   0.000       0.000    
  104   34   0.000       0.000    
  104   35   0.000       0.000    
  104   36   0.000       0.000    
  104   37   0.000       0.000    
  104   38   0.000       0.000    
  104   39   0.000       0.000    
  104   40   0.000       0.000    
  104   41   0.000       0.000    
  104   42  4.1103E-02   60.78    
  103   32   0.000       0.000    
  103   33   0.000       0.000    
  103   34   0.000       0.000    
  103   35   0.000       0.000    
  103   36   0.000       0.000    
  103   37   0.000       0.000    
  103   38   0.000       0.000    
  103   39   0.000       0.000    
  103   40   0.000       0.000    
  103   41   0.000       0.000    
  103   42  0.1280       36.24    
  102   32   0.000       0.000    
  102   33   0.000       0.000    
  102   34   0.000       0.000    
  102   35   0.000       0.000    
  102   36   0.000       0.000    
  102   37   0.000       0.000    
  102   38   0.000       0.000    
  102   39   0.000       0.000    
  102   40   0.000       0.000    
  102   41  5.8139E-32   99.00    
  102   42   10.53       32.35    
  101   32   0.000       0.000    
  101   33   0.000       0.000    
  101   34   0.000       0.000    
  101   35   0.000       0.000    
  101   36   0.000       0.000    
  101   37   0.000       0.000    
  101   38   0.000       0.000    
  101   39   0.000       0.000    
  101   40   0.000       0.000    
  101   41  1.3188E-18   49.07    
  101   42   19.52       34.93    
  100   32   0.000       0.000    
  100   33   0.000       0.000    
  100   34   0.000       0.000    
  100   35   0.000       0.000    
  100   36   0.000       0.000    
  100   37   0.000       0.000    
  100   38   0.000       0.000    
  100   39   0.000       0.000    
  100   40  3.1164E-19   61.24    
  100   41  3.9511E-19   61.24    
  100   42   0.000       0.000    
   99   32   0.000       0.000    
   99   33   0.000       0.000    
   99   34   0.000       0.000    
   99   35   0.000       0.000    
   99   36   0.000       0.000    
   99   37   0.000       0.000    
   99   38   0.000       0.000    
   99   39   0.000       0.000    
   99   40   0.000       0.000    
   99   41  4.9179E-02   18.25    
   99   42   29.56       15.34    
   98   32   0.000       0.000    
   98   33   0.000       0.000    
   98   34   0.000       0.000    
   98   35   0.000       0.000    
   98   36   0.000       0.000    
   98   37   0.000       0.000    
   98   38   0.000       0.000    
   98   39   0.000       0.000    
   98   40  1.4460E-04   60.30    
   98   41  1.5945E-04   60.30    
   98   42   0.000       0.000    
   97   32   0.000       0.000    
   97   33   0.000       0.000    
   97   34   0.000       0.000    
   97   35   0.000       0.000    
   97   36   0.000       0.000    
   97   37   0.000       0.000    
   97   38   0.000       0.000    
   97   39  2.8349E-38   61.24    
   97   40   9.209       31.62    
   97   41   26.63       18.34    
   97   42   0.000       0.000    
   96   32   0.000       0.000    
   96   33   0.000       0.000    
   96   34   0.000       0.000    
   96   35   0.000       0.000    
   96   36   0.000       0.000    
   96   37   0.000       0.000    
   96   38   0.000       0.000    
   96   39  5.1630E-25   49.18    
   96   40   0.000       0.000    
   96   41   1.845       99.00    
   96   42   0.000       0.000    
   95   32   0.000       0.000    
   95   33   0.000       0.000    
   95   34   0.000       0.000    
   95   35   0.000       0.000    
   95   36   0.000       0.000    
   95   37   0.000       0.000    
   95   38   0.000       0.000    
   95   39   8.943       37.50    
   95   40   21.97       13.36    
   95   41   21.76       5.457    
   95   42   0.000       0.000    
   94   32   0.000       0.000    
   94   33   0.000       0.000    
   94   34   0.000       0.000    
   94   35   0.000       0.000    
   94   36   0.000       0.000    
   94   37   0.000       0.000    
   94   38  8.8256E-02   99.00    
   94   39   10.11       37.70    
   94   40   0.000       0.000    
   94   41   0.000       0.000    
   94   42   0.000       0.000    
   93   32   0.000       0.000    
   93   33   0.000       0.000    
   93   34   0.000       0.000    
   93   35   0.000       0.000    
   93   36   0.000       0.000    
   93   37   0.000       0.000    
   93   38   1.840       61.24    
   93   39   23.89       26.09    
   93   40  5.6673E-06   21.07    
   93   41   0.000       0.000    
   93   42   0.000       0.000    
   92   32   0.000       0.000    
   92   33   0.000       0.000    
   92   34   0.000       0.000    
   92   35   0.000       0.000    
   92   36   0.000       0.000    
   92   37  1.0721E-30   99.00    
   92   38   8.958       54.77    
   92   39   18.29       38.89    
   92   40   0.000       0.000    
   92   41   0.000       0.000    
   92   42   0.000       0.000    
   91   32   0.000       0.000    
   91   33   0.000       0.000    
   91   34   0.000       0.000    
   91   35   0.000       0.000    
   91   36   0.000       0.000    
   91   37  8.7107E-03   99.00    
   91   38   12.85       17.48    
   91   39   19.20       21.35    
   91   40   0.000       0.000    
   91   41   0.000       0.000    
   91   42   0.000       0.000    
   90   32   0.000       0.000    
   90   33   0.000       0.000    
   90   34   0.000       0.000    
   90   35   0.000       0.000    
   90   36  2.3840E-04   61.24    
   90   37  0.9326       32.20    
   90   38  0.2318       26.50    
   90   39   2.076       90.11    
   90   40   0.000       0.000    
   90   41   0.000       0.000    
   90   42   0.000       0.000    
   89   32   0.000       0.000    
   89   33   0.000       0.000    
   89   34   0.000       0.000    
   89   35  1.5362E-31   99.00    
   89   36  0.2899       99.00    
   89   37   6.527       31.97    
   89   38   11.42       19.45    
   89   39   0.000       0.000    
   89   40   0.000       0.000    
   89   41   0.000       0.000    
   89   42   0.000       0.000    
   88   32   0.000       0.000    
   88   33   0.000       0.000    
   88   34   0.000       0.000    
   88   35  7.6030E-10   99.00    
   88   36   9.340       30.65    
   88   37   15.12       43.36    
   88   38   0.000       0.000    
   88   39   0.000       0.000    
   88   40   0.000       0.000    
   88   41   0.000       0.000    
   88   42   0.000       0.000    
   87   32   0.000       0.000    
   87   33   0.000       0.000    
   87   34   0.000       0.000    
   87   35  6.8346E-03   99.00    
   87   36   6.904       46.53    
   87   37  9.7933E-11   15.18    
   87   38   0.000       0.000    
   87   39   0.000       0.000    
   87   40   0.000       0.000    
   87   41   0.000       0.000    
   87   42   0.000       0.000    
   86   32   0.000       0.000    
   86   33   0.000       0.000    
   86   34   0.000       0.000    
   86   35  6.4432E-03   99.00    
   86   36   0.000       0.000    
   86   37   1.849       99.00    
   86   38   0.000       0.000    
   86   39   0.000       0.000    
   86   40   0.000       0.000    
   86   41   0.000       0.000    
   86   42   0.000       0.000    
   85   32   0.000       0.000    
   85   33   0.000       0.000    
   85   34  1.4131E-04   99.00    
   85   35   2.231       30.87    
   85   36  0.2140       26.62    
   85   37   0.000       0.000    
   85   38   0.000       0.000    
   85   39   0.000       0.000    
   85   40   0.000       0.000    
   85   41   0.000       0.000    
   85   42   0.000       0.000    
   84   32   0.000       0.000    
   84   33   0.000       0.000    
   84   34  0.7518       61.24    
   84   35   8.135       54.48    
   84   36   0.000       0.000    
   84   37   0.000       0.000    
   84   38   0.000       0.000    
   84   39   0.000       0.000    
   84   40   0.000       0.000    
   84   41   0.000       0.000    
   84   42   0.000       0.000    
   83   32   0.000       0.000    
   83   33   0.000       0.000    
   83   34   2.934       61.24    
   83   35   10.83       48.67    
   83   36   0.000       0.000    
   83   37   0.000       0.000    
   83   38   0.000       0.000    
   83   39   0.000       0.000    
   83   40   0.000       0.000    
   83   41   0.000       0.000    
   83   42   0.000       0.000    
   82   32   0.000       0.000    
   82   33   0.000       0.000    
   82   34   0.000       0.000    
   82   35   0.000       0.000    
   82   36   0.000       0.000    
   82   37   0.000       0.000    
   82   38   0.000       0.000    
   82   39   0.000       0.000    
   82   40   0.000       0.000    
   82   41   0.000       0.000    
   82   42   0.000       0.000    
   81   32   0.000       0.000    
   81   33   0.000       0.000    
   81   34   1.397       99.00    
   81   35   0.000       0.000    
   81   36   0.000       0.000    
   81   37   0.000       0.000    
   81   38   0.000       0.000    
   81   39   0.000       0.000    
   81   40   0.000       0.000    
   81   41   0.000       0.000    
   81   42   0.000       0.000    
   80   32   0.000       0.000    
   80   33   0.000       0.000    
   80   34   0.000       0.000    
   80   35   0.000       0.000    
   80   36   0.000       0.000    
   80   37   0.000       0.000    
   80   38   0.000       0.000    
   80   39   0.000       0.000    
   80   40   0.000       0.000    
   80   41   0.000       0.000    
   80   42   0.000       0.000    
   79   32   0.000       0.000    
   79   33   0.000       0.000    
   79   34   0.000       0.000    
   79   35   0.000       0.000    
   79   36   0.000       0.000    
   79   37   0.000       0.000    
   79   38   0.000       0.000    
   79   39   0.000       0.000    
   79   40   0.000       0.000    
   79   41   0.000       0.000    
   79   42   0.000       0.000    
   78   32   3.493       61.24    
   78   33   7.195       46.78    
   78   34   0.000       0.000    
   78   35   0.000       0.000    
   78   36   0.000       0.000    
   78   37   0.000       0.000    
   78   38   0.000       0.000    
   78   39   0.000       0.000    
   78   40   0.000       0.000    
   78   41   0.000       0.000    
   78   42   0.000       0.000    
   77   32   1.838       99.00    
   77   33   1.852       99.00    
   77   34   0.000       0.000    
   77   35   0.000       0.000    
   77   36   0.000       0.000    
   77   37   0.000       0.000    
   77   38   0.000       0.000    
   77   39   0.000       0.000    
   77   40   0.000       0.000    
   77   41   0.000       0.000    
   77   42   0.000       0.000    
   76   32   0.000       0.000    
   76   33   3.691       61.24    
   76   34   0.000       0.000    
   76   35   0.000       0.000    
   76   36   0.000       0.000    
   76   37   0.000       0.000    
   76   38   0.000       0.000    
   76   39   0.000       0.000    
   76   40   0.000       0.000    
   76   41   0.000       0.000    
   76   42   0.000       0.000    
   75   32   5.341       40.82    
   75   33   0.000       0.000    
   75   34   0.000       0.000    
   75   35   0.000       0.000    
   75   36   0.000       0.000    
   75   37   0.000       0.000    
   75   38   0.000       0.000    
   75   39   0.000       0.000    
   75   40   0.000       0.000    
   75   41   0.000       0.000    
   75   42   0.000       0.000    
   78   21   0.000       0.000    
   78   22   0.000       0.000    
   78   23   0.000       0.000    
   78   24   0.000       0.000    
   78   25   0.000       0.000    
   78   26   0.000       0.000    
   78   27   0.000       0.000    
   78   28   0.000       0.000    
   78   29   0.000       0.000    
   78   30   0.000       0.000    
   78   31  4.5077E-27   99.00    
   77   21   0.000       0.000    
   77   22   0.000       0.000    
   77   23   0.000       0.000    
   77   24   0.000       0.000    
   77   25   0.000       0.000    
   77   26   0.000       0.000    
   77   27   0.000       0.000    
   77   28   0.000       0.000    
   77   29   0.000       0.000    
   77   30   0.000       0.000    
   77   31  1.2014E-10   99.00    
   76   21   0.000       0.000    
   76   22   0.000       0.000    
   76   23   0.000       0.000    
   76   24   0.000       0.000    
   76   25   0.000       0.000    
   76   26   0.000       0.000    
   76   27   0.000       0.000    
   76   28   0.000       0.000    
   76   29   0.000       0.000    
   76   30   0.000       0.000    
   76   31   0.000       0.000    
   75   21   0.000       0.000    
   75   22   0.000       0.000    
   75   23   0.000       0.000    
   75   24   0.000       0.000    
   75   25   0.000       0.000    
   75   26   0.000       0.000    
   75   27   0.000       0.000    
   75   28   0.000       0.000    
   75   29   0.000       0.000    
   75   30   0.000       0.000    
   75   31  0.4673       40.82    
   74   21   0.000       0.000    
   74   22   0.000       0.000    
   74   23   0.000       0.000    
   74   24   0.000       0.000    
   74   25   0.000       0.000    
   74   26   0.000       0.000    
   74   27   0.000       0.000    
   74   28   0.000       0.000    
   74   29   0.000       0.000    
   74   30   0.000       0.000    
   74   31   0.000       0.000    
   73   21   0.000       0.000    
   73   22   0.000       0.000    
   73   23   0.000       0.000    
   73   24   0.000       0.000    
   73   25   0.000       0.000    
   73   26   0.000       0.000    
   73   27   0.000       0.000    
   73   28   0.000       0.000    
   73   29   0.000       0.000    
   73   30   0.000       0.000    
   73   31   0.000       0.000    
   72   21   0.000       0.000    
   72   22   0.000       0.000    
   72   23   0.000       0.000    
   72   24   0.000       0.000    
   72   25   0.000       0.000    
   72   26   0.000       0.000    
   72   27   0.000       0.000    
   72   28   0.000       0.000    
   72   29   0.000       0.000    
   72   30   0.000       0.000    
   72   31   0.000       0.000    
   71   21   0.000       0.000    
   71   22   0.000       0.000    
   71   23   0.000       0.000    
   71   24   0.000       0.000    
   71   25   0.000       0.000    
   71   26   0.000       0.000    
   71   27   0.000       0.000    
   71   28   0.000       0.000    
   71   29   0.000       0.000    
   71   30  0.2219       99.00    
   71   31   0.000       0.000    
   70   21   0.000       0.000    
   70   22   0.000       0.000    
   70   23   0.000       0.000    
   70   24   0.000       0.000    
   70   25   0.000       0.000    
   70   26   0.000       0.000    
   70   27   0.000       0.000    
   70   28   0.000       0.000    
   70   29  1.6729E-03   99.00    
   70   30   0.000       0.000    
   70   31   40.55       19.23    
   69   21   0.000       0.000    
   69   22   0.000       0.000    
   69   23   0.000       0.000    
   69   24   0.000       0.000    
   69   25   0.000       0.000    
   69   26   0.000       0.000    
   69   27   0.000       0.000    
   69   28   0.000       0.000    
   69   29   3.885       31.25    
   69   30   346.0       8.529    
   69   31   0.000       0.000    
   68   21   0.000       0.000    
   68   22   0.000       0.000    
   68   23   0.000       0.000    
   68   24   0.000       0.000    
   68   25   0.000       0.000    
   68   26   0.000       0.000    
   68   27   0.000       0.000    
   68   28   0.000       0.000    
   68   29  0.9246       61.13    
   68   30   0.000       0.000    
   68   31   2470.       2.808    
   67   21   0.000       0.000    
   67   22   0.000       0.000    
   67   23   0.000       0.000    
   67   24   0.000       0.000    
   67   25   0.000       0.000    
   67   26   0.000       0.000    
   67   27   0.000       0.000    
   67   28   0.000       0.000    
   67   29   935.7       7.210    
   67   30   0.000       0.000    
   67   31   4861.       1.682    
   66   21   0.000       0.000    
   66   22   0.000       0.000    
   66   23   0.000       0.000    
   66   24   0.000       0.000    
   66   25   0.000       0.000    
   66   26   0.000       0.000    
   66   27   0.000       0.000    
   66   28   0.000       0.000    
   66   29   515.2       4.121    
   66   30   0.000       0.000    
   66   31   5756.       2.625    
   65   21   0.000       0.000    
   65   22   0.000       0.000    
   65   23   0.000       0.000    
   65   24   0.000       0.000    
   65   25   0.000       0.000    
   65   26   0.000       0.000    
   65   27   0.000       0.000    
   65   28   170.0       10.53    
   65   29   0.000       0.000    
   65   30  1.1857E+04  0.4928    
   65   31   1717.       2.928    
   64   21   0.000       0.000    
   64   22   0.000       0.000    
   64   23   0.000       0.000    
   64   24   0.000       0.000    
   64   25   0.000       0.000    
   64   26   0.000       0.000    
   64   27   0.000       0.000    
   64   28   0.000       0.000    
   64   29  3.2531E+04  0.6488    
   64   30   0.000       0.000    
   64   31   406.0       2.169    
   63   21   0.000       0.000    
   63   22   0.000       0.000    
   63   23   0.000       0.000    
   63   24   0.000       0.000    
   63   25   0.000       0.000    
   63   26   0.000       0.000    
   63   27  3.3713E-04   30.30    
   63   28   18.63       1.011    
   63   29   0.000       0.000    
   63   30  2.8439E+04  0.4723    
   63   31  3.2961E-02   2.553    
   62   21   0.000       0.000    
   62   22   0.000       0.000    
   62   23   0.000       0.000    
   62   24   0.000       0.000    
   62   25   0.000       0.000    
   62   26  1.8858E-02   99.00    
   62   27   3.181       11.11    
   62   28   0.000       0.000    
   62   29  6.3214E+04  0.2728    
   62   30  1.1196E+04  0.8417    
   62   31   0.000       0.000    
   61   21   0.000       0.000    
   61   22   0.000       0.000    
   61   23   0.000       0.000    
   61   24   0.000       0.000    
   61   25   0.000       0.000    
   61   26   0.000       0.000    
   61   27   681.7       4.621    
   61   28   0.000       0.000    
   61   29  4.6568E+04   1.041    
   61   30   30.44       3.977    
   61   31   0.000       0.000    
   60   21   0.000       0.000    
   60   22   0.000       0.000    
   60   23   0.000       0.000    
   60   24   0.000       0.000    
   60   25   0.000       0.000    
   60   26  1.8630E-06   15.31    
   60   27   179.8       2.295    
   60   28   0.000       0.000    
   60   29   5808.       1.965    
   60   30   8.129       13.69    
   60   31   0.000       0.000    
   59   21   0.000       0.000    
   59   22   0.000       0.000    
   59   23   0.000       0.000    
   59   24   0.000       0.000    
   59   25   0.000       0.000    
   59   26   103.7       10.21    
   59   27   0.000       0.000    
   59   28  0.1868      0.8991    
   59   29   18.79       6.214    
   59   30   0.000       0.000    
   59   31   0.000       0.000    
   58   21   0.000       0.000    
   58   22   0.000       0.000    
   58   23   0.000       0.000    
   58   24   0.000       0.000    
   58   25  2.8026E-45   61.24    
   58   26   0.000       0.000    
   58   27  1.7834E+04  0.5964    
   58   28   0.000       0.000    
   58   29  2.0433E-41   13.88    
   58   30   0.000       0.000    
   58   31   0.000       0.000    
   57   21   0.000       0.000    
   57   22   0.000       0.000    
   57   23   0.000       0.000    
   57   24   0.000       0.000    
   57   25   2.113       14.55    
   57   26   0.000       0.000    
   57   27   7377.      0.3245    
   57   28   1022.       2.470    
   57   29   0.000       0.000    
   57   30   0.000       0.000    
   57   31   0.000       0.000    
   56   21   0.000       0.000    
   56   22   0.000       0.000    
   56   23   0.000       0.000    
   56   24   0.000       0.000    
   56   25   291.9       4.611    
   56   26   0.000       0.000    
   56   27   4108.       1.405    
   56   28   103.6       14.51    
   56   29   0.000       0.000    
   56   30   0.000       0.000    
   56   31   0.000       0.000    
   55   21   0.000       0.000    
   55   22   0.000       0.000    
   55   23   0.000       0.000    
   55   24   1.256       40.82    
   55   25   0.000       0.000    
   55   26   787.4      0.5988    
   55   27   348.3       5.511    
   55   28   0.000       0.000    
   55   29   0.000       0.000    
   55   30   0.000       0.000    
   55   31   0.000       0.000    
   54   21   0.000       0.000    
   54   22   0.000       0.000    
   54   23   0.000       0.000    
   54   24   0.000       0.000    
   54   25   653.9       3.220    
   54   26   0.000       0.000    
   54   27   0.000       0.000    
   54   28   0.000       0.000    
   54   29   0.000       0.000    
   54   30   0.000       0.000    
   54   31   0.000       0.000    
   53   21   0.000       0.000    
   53   22   0.000       0.000    
   53   23   0.000       0.000    
   53   24   0.000       0.000    
   53   25  1.5319E-04   3.297    
   53   26   91.13       7.474    
   53   27   0.000       0.000    
   53   28   0.000       0.000    
   53   29   0.000       0.000    
   53   30   0.000       0.000    
   53   31   0.000       0.000    
   52   21   0.000       0.000    
   52   22   0.000       0.000    
   52   23   3.232       48.45    
   52   24   0.000       0.000    
   52   25   132.6       15.07    
   52   26   11.00       31.18    
   52   27   0.000       0.000    
   52   28   0.000       0.000    
   52   29   0.000       0.000    
   52   30   0.000       0.000    
   52   31   0.000       0.000    
   51   21   0.000       0.000    
   51   22   0.000       0.000    
   51   23   0.000       0.000    
   51   24   283.3       7.426    
   51   25   21.51       35.67    
   51   26   0.000       0.000    
   51   27   0.000       0.000    
   51   28   0.000       0.000    
   51   29   0.000       0.000    
   51   30   0.000       0.000    
   51   31   0.000       0.000    
   50   21   0.000       0.000    
   50   22   0.000       0.000    
   50   23   0.000       0.000    
   50   24   0.000       0.000    
   50   25   0.000       0.000    
   50   26   0.000       0.000    
   50   27   0.000       0.000    
   50   28   0.000       0.000    
   50   29   0.000       0.000    
   50   30   0.000       0.000    
   50   31   0.000       0.000    
   49   21   1.691       99.00    
   49   22   0.000       0.000    
   49   23   38.48       10.55    
   49   24   26.20       11.69    
   49   25   0.000       0.000    
   49   26   0.000       0.000    
   49   27   0.000       0.000    
   49   28   0.000       0.000    
   49   29   0.000       0.000    
   49   30   0.000       0.000    
   49   31   0.000       0.000    
   48   21   0.000       0.000    
   48   22   0.000       0.000    
   48   23   22.21       16.67    
   48   24   0.000       0.000    
   48   25   0.000       0.000    
   48   26   0.000       0.000    
   48   27   0.000       0.000    
   48   28   0.000       0.000    
   48   29   0.000       0.000    
   48   30   0.000       0.000    
   48   31   0.000       0.000    
   47   21   0.000       0.000    
   47   22   0.000       0.000    
   47   23   3.158       61.24    
   47   24   0.000       0.000    
   47   25   0.000       0.000    
   47   26   0.000       0.000    
   47   27   0.000       0.000    
   47   28   0.000       0.000    
   47   29   0.000       0.000    
   47   30   0.000       0.000    
   47   31   0.000       0.000    
   46   21   4.234       40.82    
   46   22   0.000       0.000    
   46   23   0.000       0.000    
   46   24   0.000       0.000    
   46   25   0.000       0.000    
   46   26   0.000       0.000    
   46   27   0.000       0.000    
   46   28   0.000       0.000    
   46   29   0.000       0.000    
   46   30   0.000       0.000    
   46   31   0.000       0.000    
   45   21   0.000       0.000    
   45   22   1.800       99.00    
   45   23   0.000       0.000    
   45   24   0.000       0.000    
   45   25   0.000       0.000    
   45   26   0.000       0.000    
   45   27   0.000       0.000    
   45   28   0.000       0.000    
   45   29   0.000       0.000    
   45   30   0.000       0.000    
   45   31   0.000       0.000    
   44   21   1.812       99.00    
   44   22   0.000       0.000    
   44   23   0.000       0.000    
   44   24   0.000       0.000    
   44   25   0.000       0.000    
   44   26   0.000       0.000    
   44   27   0.000       0.000    
   44   28   0.000       0.000    
   44   29   0.000       0.000    
   44   30   0.000       0.000    
   44   31   0.000       0.000    
   41   10   0.000       0.000    
   41   11   0.000       0.000    
   41   12   0.000       0.000    
   41   13   0.000       0.000    
   41   14   0.000       0.000    
   41   15   0.000       0.000    
   41   16   0.000       0.000    
   41   17   0.000       0.000    
   41   18   1.766       99.00    
   41   19   0.000       0.000    
   41   20   0.000       0.000    
   40   10   0.000       0.000    
   40   11   0.000       0.000    
   40   12   0.000       0.000    
   40   13   0.000       0.000    
   40   14   0.000       0.000    
   40   15   0.000       0.000    
   40   16   0.000       0.000    
   40   17  0.3937       35.36    
   40   18   0.000       0.000    
   40   19  1.1147E-07   8.897    
   40   20   0.000       0.000    
   39   10   0.000       0.000    
   39   11   0.000       0.000    
   39   12   0.000       0.000    
   39   13   0.000       0.000    
   39   14   0.000       0.000    
   39   15   0.000       0.000    
   39   16   0.000       0.000    
   39   17   231.3       9.559    
   39   18   2.573       2.530    
   39   19   0.000       0.000    
   39   20   0.000       0.000    
   38   10   0.000       0.000    
   38   11   0.000       0.000    
   38   12   0.000       0.000    
   38   13   0.000       0.000    
   38   14   0.000       0.000    
   38   15   0.000       0.000    
   38   16   0.000       0.000    
   38   17   191.7       6.427    
   38   18   0.000       0.000    
   38   19   4.678       44.70    
   38   20   0.000       0.000    
   37   10   0.000       0.000    
   37   11   0.000       0.000    
   37   12   0.000       0.000    
   37   13   0.000       0.000    
   37   14   0.000       0.000    
   37   15   0.000       0.000    
   37   16   2.646       72.89    
   37   17   0.000       0.000    
   37   18   650.5       4.920    
   37   19   0.000       0.000    
   37   20   0.000       0.000    
   36   10   0.000       0.000    
   36   11   0.000       0.000    
   36   12   0.000       0.000    
   36   13   0.000       0.000    
   36   14   0.000       0.000    
   36   15   0.000       0.000    
   36   16   0.000       0.000    
   36   17  1.2312E-03  0.4193    
   36   18   0.000       0.000    
   36   19   0.000       0.000    
   36   20   0.000       0.000    
   35   10   0.000       0.000    
   35   11   0.000       0.000    
   35   12   0.000       0.000    
   35   13   0.000       0.000    
   35   14   0.000       0.000    
   35   15  1.2666E-02   0.000    
   35   16   245.1       6.032    
   35   17   0.000       0.000    
   35   18   0.000       0.000    
   35   19   0.000       0.000    
   35   20   0.000       0.000    
   34   10   0.000       0.000    
   34   11   0.000       0.000    
   34   12   0.000       0.000    
   34   13   0.000       0.000    
   34   14   0.000       0.000    
   34   15  4.2147E-10   25.76    
   34   16   0.000       0.000    
   34   17   4.216       16.67    
   34   18   0.000       0.000    
   34   19   0.000       0.000    
   34   20   0.000       0.000    
   33   10   0.000       0.000    
   33   11   0.000       0.000    
   33   12   0.000       0.000    
   33   13   0.000       0.000    
   33   14   0.000       0.000    
   33   15   117.5       7.967    
   33   16   0.000       0.000    
   33   17   0.000       0.000    
   33   18   0.000       0.000    
   33   19   0.000       0.000    
   33   20   0.000       0.000    
   32   10   0.000       0.000    
   32   11   0.000       0.000    
   32   12   0.000       0.000    
   32   13   0.000       0.000    
   32   14  1.5934E-02   46.77    
   32   15   170.3       9.346    
   32   16   0.000       0.000    
   32   17   0.000       0.000    
   32   18   0.000       0.000    
   32   19   0.000       0.000    
   32   20   0.000       0.000    
   31   10   0.000       0.000    
   31   11   0.000       0.000    
   31   12   0.000       0.000    
   31   13   0.000       0.000    
   31   14   19.71       26.50    
   31   15   0.000       0.000    
   31   16   0.000       0.000    
   31   17   0.000       0.000    
   31   18   0.000       0.000    
   31   19   0.000       0.000    
   31   20   0.000       0.000    
   30   10   0.000       0.000    
   30   11   0.000       0.000    
   30   12   0.000       0.000    
   30   13  7.0267E-38   99.00    
   30   14   0.000       0.000    
   30   15   4.853       29.55    
   30   16   0.000       0.000    
   30   17   0.000       0.000    
   30   18   0.000       0.000    
   30   19   0.000       0.000    
   30   20   0.000       0.000    
   29   10   0.000       0.000    
   29   11   0.000       0.000    
   29   12   0.000       0.000    
   29   13   1.677       61.24    
   29   14   0.000       0.000    
   29   15   0.000       0.000    
   29   16   0.000       0.000    
   29   17   0.000       0.000    
   29   18   0.000       0.000    
   29   19   0.000       0.000    
   29   20   0.000       0.000    
   28   10   0.000       0.000    
   28   11   0.000       0.000    
   28   12   0.000       0.000    
   28   13  0.7311       46.77    
   28   14   0.000       0.000    
   28   15   0.000       0.000    
   28   16   0.000       0.000    
   28   17   0.000       0.000    
   28   18   0.000       0.000    
   28   19   0.000       0.000    
   28   20   0.000       0.000    
   27   10   0.000       0.000    
   27   11   0.000       0.000    
   27   12   0.000       0.000    
   27   13   0.000       0.000    
   27   14   0.000       0.000    
   27   15   0.000       0.000    
   27   16   0.000       0.000    
   27   17   0.000       0.000    
   27   18   0.000       0.000    
   27   19   0.000       0.000    
   27   20   0.000       0.000    
   26   10   0.000       0.000    
   26   11   0.000       0.000    
   26   12   0.000       0.000    
   26   13   0.000       0.000    
   26   14   0.000       0.000    
   26   15   0.000       0.000    
   26   16   0.000       0.000    
   26   17   0.000       0.000    
   26   18   0.000       0.000    
   26   19   0.000       0.000    
   26   20   0.000       0.000    
   25   10   0.000       0.000    
   25   11  9.4515E-03   99.00    
   25   12   0.000       0.000    
   25   13   0.000       0.000    
   25   14   0.000       0.000    
   25   15   0.000       0.000    
   25   16   0.000       0.000    
   25   17   0.000       0.000    
   25   18   0.000       0.000    
   25   19   0.000       0.000    
   25   20   0.000       0.000    
   24   10   0.000       0.000    
   24   11   0.000       0.000    
   24   12   0.000       0.000    
   24   13   0.000       0.000    
   24   14   0.000       0.000    
   24   15   0.000       0.000    
   24   16   0.000       0.000    
   24   17   0.000       0.000    
   24   18   0.000       0.000    
   24   19   0.000       0.000    
   24   20   0.000       0.000    
   23   10   0.000       0.000    
   23   11   0.000       0.000    
   23   12   0.000       0.000    
   23   13   0.000       0.000    
   23   14   0.000       0.000    
   23   15   0.000       0.000    
   23   16   0.000       0.000    
   23   17   0.000       0.000    
   23   18   0.000       0.000    
   23   19   0.000       0.000    
   23   20   0.000       0.000    
   22   10   0.000       0.000    
   22   11   0.000       0.000    
   22   12   0.000       0.000    
   22   13   0.000       0.000    
   22   14   0.000       0.000    
   22   15   0.000       0.000    
   22   16   0.000       0.000    
   22   17   0.000       0.000    
   22   18   0.000       0.000    
   22   19   0.000       0.000    
   22   20   0.000       0.000    
   21   10   0.000       0.000    
   21   11   0.000       0.000    
   21   12   0.000       0.000    
   21   13   0.000       0.000    
   21   14   0.000       0.000    
   21   15   0.000       0.000    
   21   16   0.000       0.000    
   21   17   0.000       0.000    
   21   18   0.000       0.000    
   21   19   0.000       0.000    
   21   20   0.000       0.000    
   20   10   0.000       0.000    
   20   11   0.000       0.000    
   20   12   0.000       0.000    
   20   13   0.000       0.000    
   20   14   0.000       0.000    
   20   15   0.000       0.000    
   20   16   0.000       0.000    
   20   17   0.000       0.000    
   20   18   0.000       0.000    
   20   19   0.000       0.000    
   20   20   0.000       0.000    
   19   10  2.5175E-08   99.00    
   19   11   0.000       0.000    
   19   12   0.000       0.000    
   19   13   0.000       0.000    
   19   14   0.000       0.000    
   19   15   0.000       0.000    
   19   16   0.000       0.000    
   19   17   0.000       0.000    
   19   18   0.000       0.000    
   19   19   0.000       0.000    
   19   20   0.000       0.000    
   21    1   0.000       0.000    
   21    2   0.000       0.000    
   21    3   0.000       0.000    
   21    4   0.000       0.000    
   21    5   0.000       0.000    
   21    6   0.000       0.000    
   21    7   0.000       0.000    
   21    8   0.000       0.000    
   21    9  4.8821E-33   99.00    
   20    1   0.000       0.000    
   20    2   0.000       0.000    
   20    3   0.000       0.000    
   20    4   0.000       0.000    
   20    5   0.000       0.000    
   20    6   0.000       0.000    
   20    7   0.000       0.000    
   20    8   0.000       0.000    
   20    9   0.000       0.000    
   19    1   0.000       0.000    
   19    2   0.000       0.000    
   19    3   0.000       0.000    
   19    4   0.000       0.000    
   19    5   0.000       0.000    
   19    6   0.000       0.000    
   19    7   0.000       0.000    
   19    8   0.000       0.000    
   19    9   0.000       0.000    
   18    1   0.000       0.000    
   18    2   0.000       0.000    
   18    3   0.000       0.000    
   18    4   0.000       0.000    
   18    5   0.000       0.000    
   18    6   0.000       0.000    
   18    7   0.000       0.000    
   18    8   0.000       0.000    
   18    9   40.62       18.95    
   17    1   0.000       0.000    
   17    2   0.000       0.000    
   17    3   0.000       0.000    
   17    4   0.000       0.000    
   17    5   0.000       0.000    
   17    6   0.000       0.000    
   17    7  3.8358E-32   31.18    
   17    8   0.000       0.000    
   17    9  0.1616       33.40    
   16    1   0.000       0.000    
   16    2   0.000       0.000    
   16    3   0.000       0.000    
   16    4   0.000       0.000    
   16    5   0.000       0.000    
   16    6   0.000       0.000    
   16    7  4.6208E-17   10.29    
   16    8   0.000       0.000    
   16    9   0.000       0.000    
   15    1   0.000       0.000    
   15    2   0.000       0.000    
   15    3   0.000       0.000    
   15    4   0.000       0.000    
   15    5   0.000       0.000    
   15    6   0.000       0.000    
   15    7   0.000       0.000    
   15    8   3795.      0.6361    
   15    9   0.000       0.000    
   14    1   0.000       0.000    
   14    2   0.000       0.000    
   14    3   0.000       0.000    
   14    4   0.000       0.000    
   14    5   0.000       0.000    
   14    6   1.787      0.5225    
   14    7   0.000       0.000    
   14    8   68.73       1.761    
   14    9   0.000       0.000    
   13    1   0.000       0.000    
   13    2   0.000       0.000    
   13    3   0.000       0.000    
   13    4   0.000       0.000    
   13    5   0.000       0.000    
   13    6   0.000       0.000    
   13    7  4.3268E+04  0.6647    
   13    8   0.000       0.000    
   13    9   0.000       0.000    
   12    1   0.000       0.000    
   12    2   0.000       0.000    
   12    3   0.000       0.000    
   12    4   0.000       0.000    
   12    5   0.000       0.000    
   12    6   0.000       0.000    
   12    7   0.000       0.000    
   12    8   0.000       0.000    
   12    9   0.000       0.000    
   11    1   0.000       0.000    
   11    2   0.000       0.000    
   11    3   0.000       0.000    
   11    4  3.1773E-09   21.25    
   11    5   0.000       0.000    
   11    6  6.8556E+04  0.3317    
   11    7   0.000       0.000    
   11    8   0.000       0.000    
   11    9   0.000       0.000    
   10    1   0.000       0.000    
   10    2   0.000       0.000    
   10    3   0.000       0.000    
   10    4  6.5701E-04   2.559    
   10    5   0.000       0.000    
   10    6  1.1604E-03   1.619    
   10    7   0.000       0.000    
   10    8   0.000       0.000    
   10    9   0.000       0.000    
    9    1   0.000       0.000    
    9    2   0.000       0.000    
    9    3   0.000       0.000    
    9    4   0.000       0.000    
    9    5   0.000       0.000    
    9    6   0.000       0.000    
    9    7   0.000       0.000    
    9    8   0.000       0.000    
    9    9   0.000       0.000    
    8    1   0.000       0.000    
    8    2   0.000       0.000    
    8    3   0.000       0.000    
    8    4   0.000       0.000    
    8    5   0.000       0.000    
    8    6   0.000       0.000    
    8    7   0.000       0.000    
    8    8   0.000       0.000    
    8    9   0.000       0.000    
    7    1   0.000       0.000    
    7    2   0.000       0.000    
    7    3   0.000       0.000    
    7    4  3.8753E+04  0.9112    
    7    5   0.000       0.000    
    7    6   0.000       0.000    
    7    7   0.000       0.000    
    7    8   0.000       0.000    
    7    9   0.000       0.000    
    6    1   0.000       0.000    
    6    2   0.000       0.000    
    6    3   0.000       0.000    
    6    4   0.000       0.000    
    6    5   0.000       0.000    
    6    6   0.000       0.000    
    6    7   0.000       0.000    
    6    8   0.000       0.000    
    6    9   0.000       0.000    
    5    1   0.000       0.000    
    5    2   0.000       0.000    
    5    3   0.000       0.000    
    5    4   0.000       0.000    
    5    5   0.000       0.000    
    5    6   0.000       0.000    
    5    7   0.000       0.000    
    5    8   0.000       0.000    
    5    9   0.000       0.000    
    4    1   0.000       0.000    
    4    2   0.000       0.000    
    4    3   0.000       0.000    
    4    4   0.000       0.000    
    4    5   0.000       0.000    
    4    6   0.000       0.000    
    4    7   0.000       0.000    
    4    8   0.000       0.000    
    4    9   0.000       0.000    
    3    1   1257.      0.9154    
    3    2   0.000       0.000    
    3    3   0.000       0.000    
    3    4   0.000       0.000    
    3    5   0.000       0.000    
    3    6   0.000       0.000    
    3    7   0.000       0.000    
    3    8   0.000       0.000    
    3    9   0.000       0.000    
# A/Z/m Isomers:
   26   13    1  8.3431E-22   99.00    
   34   17    1   9.445       16.67    
   45   21    1  4.1723E-04   99.00    
   46   21    2  1.1038E-07   99.00    
   52   25    1   222.4       5.707    
   53   26    1  0.4784       61.24    
   54   27    1  5.5223E-02   99.00    
   58   27    1   7541.       1.716    
   60   27    1   1001.       5.449    
   62   27    1   48.36       12.20    
   63   28    1  3.2918E-04   30.30    
   65   30    1   543.0       2.928    
   67   30    1   3801.       1.560    
   68   29    1  0.9259       61.24    
   69   30    1   82.81       11.11    
   75   33    1  2.0220E-06   40.82    
   77   33    1  0.6077       99.00    
   77   34    1  5.7430E-03   99.00    
   83   36    1   11.09       48.59    
   85   36    1   14.35       25.01    
   85   37    1  9.2863E-04   26.62    
   89   39    1  1.1007E-03   19.45    
   90   37    1   2.377       39.83    
   91   39    1   12.63       21.62    
   93   39    1  0.6142       61.24    
   93   41    1  4.1867E-08   21.06    
   95   41    1  0.4218       13.36    
   97   41    1   8.805       31.34    
   99   41    1   1.156       18.25    
   99   42    1  0.2278       18.25    
   99   43    1   25.93       15.34    
  101   43    1   4.520       34.93    
  103   45    1   22.68       19.61    
  104   43    1  4.1103E-02   60.78    
  105   45    1   8.942       35.65    
  106   45    1   1.780       99.00    
  107   45    1  4.5751E-02   32.61    
  109   45    1  2.1805E-04   72.39    
  109   46    1  0.6131       99.00    
  109   47    1   22.11       44.86    
  111   47    1   9.315       61.06    
  113   47    1  0.5536       40.82    
  113   48    1  7.3909E-03   35.43    
  114   49    1   1.689       99.00    
  115   47    1  5.5189E-08   99.00    
  115   48    1  0.3512       25.46    
  115   49    1   12.55       17.53    
  116   49    1   3.367       61.24    
  117   48    1   4.210       54.64    
  117   49    1   6.436       25.18    
  117   50    1  3.2517E-02   24.47    
  119   49    1   1.387       99.00    
  119   50    1  9.4054E-02   59.07    
  125   52    1  2.8429E-02   99.00    
  127   52    1  0.1632       99.00    
  137   56    1  1.9104E-02   99.00    
  191   77    1  5.5425E-06   99.00    
  191   78    1  7.0044E-05   99.00    
  191   78    2  4.4497E-05   99.00    
  193   78    1  1.2054E-05   99.00    
  193   79    1  4.0152E-02   99.00    
  195   79    1  0.4146       21.97    
  195   80    1  5.9147E-02   20.75    
  196   81    1   5.224       40.82    
  196   82    1  0.9731       46.77    
  197   81    1   13.79       27.39    
  197   82    1   16.41       27.39    
  197   83    1  0.6602       99.00    
  198   81    1   10.61       16.67    
  198   83    1   82.49       8.387    
  198   83    2  3.0751E-16   8.771    
  199   82    1   97.96       15.04    
  199   83    1   183.0       7.169    
  200   83    1   917.6       5.065    
  201   82    1   680.6       3.103    
  201   83    1   1583.       3.767    
  202   81    1   13.22       7.846    
  202   82    1   139.1       7.846    
  203   82    1   938.4       1.904    
  204   82    1   395.3       3.881    
  205   82    1   133.2       2.143    
  205   82    2   499.1       2.143    
  206   82    1   1058.       3.595    
  207   82    1   12.75       1.608    
