# Detector n:     1  
cool2     
# A/Z Isotopes:
  209   76   0.000       0.000    
  209   77   0.000       0.000    
  209   78   0.000       0.000    
  209   79   0.000       0.000    
  209   80   0.000       0.000    
  209   81   0.000       0.000    
  209   82   4.460       99.00    
  209   83   0.000       0.000    
  209   84   0.000       0.000    
  209   85   0.000       0.000    
  209   86   0.000       0.000    
  208   76   0.000       0.000    
  208   77   0.000       0.000    
  208   78   0.000       0.000    
  208   79   0.000       0.000    
  208   80   0.000       0.000    
  208   81  0.3124       99.00    
  208   82   0.000       0.000    
  208   83  6.6569E-04   12.60    
  208   84   0.000       0.000    
  208   85   0.000       0.000    
  208   86   0.000       0.000    
  207   76   0.000       0.000    
  207   77   0.000       0.000    
  207   78   0.000       0.000    
  207   79   0.000       0.000    
  207   80   0.000       0.000    
  207   81   34.09       8.353    
  207   82   0.000       0.000    
  207   83   47.27       2.872    
  207   84   0.000       0.000    
  207   85   0.000       0.000    
  207   86   0.000       0.000    
  206   76   0.000       0.000    
  206   77   0.000       0.000    
  206   78   0.000       0.000    
  206   79   0.000       0.000    
  206   80   0.000       0.000    
  206   81   30.52       15.03    
  206   82   0.000       0.000    
  206   83   7718.       1.664    
  206   84   0.000       0.000    
  206   85   0.000       0.000    
  206   86   0.000       0.000    
  205   76   0.000       0.000    
  205   77   0.000       0.000    
  205   78   0.000       0.000    
  205   79   0.000       0.000    
  205   80   0.000       0.000    
  205   81   0.000       0.000    
  205   82  3.7645E-04   1.461    
  205   83  1.1858E+04   1.858    
  205   84   0.000       0.000    
  205   85   0.000       0.000    
  205   86   0.000       0.000    
  204   76   0.000       0.000    
  204   77   0.000       0.000    
  204   78   0.000       0.000    
  204   79   0.000       0.000    
  204   80   0.000       0.000    
  204   81   31.79       6.874    
  204   82   0.000       0.000    
  204   83  1.2094E+04   2.303    
  204   84   0.000       0.000    
  204   85   0.000       0.000    
  204   86   0.000       0.000    
  203   76   0.000       0.000    
  203   77   0.000       0.000    
  203   78   0.000       0.000    
  203   79   0.000       0.000    
  203   80   8.699       61.24    
  203   81   0.000       0.000    
  203   82  2.1326E+04   1.373    
  203   83  1.3828E+04   1.389    
  203   84   0.000       0.000    
  203   85   0.000       0.000    
  203   86   0.000       0.000    
  202   76   0.000       0.000    
  202   77   0.000       0.000    
  202   78   0.000       0.000    
  202   79   0.000       0.000    
  202   80   0.000       0.000    
  202   81   313.5       15.55    
  202   82  0.1082       1.735    
  202   83   3504.       3.397    
  202   84   0.000       0.000    
  202   85   0.000       0.000    
  202   86   0.000       0.000    
  201   76   0.000       0.000    
  201   77   0.000       0.000    
  201   78   0.000       0.000    
  201   79   0.000       0.000    
  201   80   0.000       0.000    
  201   81  1.3588E+04  0.7353    
  201   82  1.3316E+04  0.7396    
  201   83   4323.       2.203    
  201   84   0.000       0.000    
  201   85   0.000       0.000    
  201   86   0.000       0.000    
  200   76   0.000       0.000    
  200   77   0.000       0.000    
  200   78   0.000       0.000    
  200   79   0.000       0.000    
  200   80   0.000       0.000    
  200   81   7910.       2.906    
  200   82   7732.       3.213    
  200   83   969.1       9.222    
  200   84   0.000       0.000    
  200   85   0.000       0.000    
  200   86   0.000       0.000    
  199   76   0.000       0.000    
  199   77   0.000       0.000    
  199   78   0.000       0.000    
  199   79   0.000       0.000    
  199   80   0.000       0.000    
  199   81   3920.       4.506    
  199   82   3617.       5.207    
  199   83   1348.       7.663    
  199   84   0.000       0.000    
  199   85   0.000       0.000    
  199   86   0.000       0.000    
  198   76   0.000       0.000    
  198   77   0.000       0.000    
  198   78   0.000       0.000    
  198   79   0.000       0.000    
  198   80   0.000       0.000    
  198   81   1139.       6.130    
  198   82   1030.       6.510    
  198   83   53.16       18.67    
  198   84   0.000       0.000    
  198   85   0.000       0.000    
  198   86   0.000       0.000    
  197   76   0.000       0.000    
  197   77   0.000       0.000    
  197   78   0.000       0.000    
  197   79   0.000       0.000    
  197   80   300.6       21.10    
  197   81   286.5       22.58    
  197   82   79.24       31.07    
  197   83   30.88       34.46    
  197   84   0.000       0.000    
  197   85   0.000       0.000    
  197   86   0.000       0.000    
  196   76   0.000       0.000    
  196   77   0.000       0.000    
  196   78   0.000       0.000    
  196   79   0.000       0.000    
  196   80   0.000       0.000    
  196   81   44.88       22.55    
  196   82   11.60       40.99    
  196   83   1.242       61.24    
  196   84   0.000       0.000    
  196   85   0.000       0.000    
  196   86   0.000       0.000    
  195   76   0.000       0.000    
  195   77   0.000       0.000    
  195   78   0.000       0.000    
  195   79   13.44       48.49    
  195   80   28.16       48.43    
  195   81   20.33       44.59    
  195   82   0.000       0.000    
  195   83   0.000       0.000    
  195   84   0.000       0.000    
  195   85   0.000       0.000    
  195   86   0.000       0.000    
  194   76   0.000       0.000    
  194   77   0.000       0.000    
  194   78   0.000       0.000    
  194   79  3.4444E-03   99.00    
  194   80  3.4903E-03   99.00    
  194   81   3.434       99.00    
  194   82   0.000       0.000    
  194   83   0.000       0.000    
  194   84   0.000       0.000    
  194   85   0.000       0.000    
  194   86   0.000       0.000    
  193   76   0.000       0.000    
  193   77   0.000       0.000    
  193   78  6.1350E-07   34.46    
  193   79  9.4116E-05   34.46    
  193   80  9.3858E-05   34.46    
  193   81  7.8902E-05   34.46    
  193   82   0.000       0.000    
  193   83   0.000       0.000    
  193   84   0.000       0.000    
  193   85   0.000       0.000    
  193   86   0.000       0.000    
  192   76   0.000       0.000    
  192   77   0.000       0.000    
  192   78   0.000       0.000    
  192   79   9.247       61.25    
  192   80   4.541       99.00    
  192   81  6.2347E-05   61.24    
  192   82   0.000       0.000    
  192   83   0.000       0.000    
  192   84   0.000       0.000    
  192   85   0.000       0.000    
  192   86   0.000       0.000    
  143   54   0.000       0.000    
  143   55   0.000       0.000    
  143   56   0.000       0.000    
  143   57   0.000       0.000    
  143   58   4.681       99.00    
  143   59   4.705       99.00    
  143   60   0.000       0.000    
  143   61   0.000       0.000    
  143   62   0.000       0.000    
  143   63   0.000       0.000    
  143   64   0.000       0.000    
  142   54   0.000       0.000    
  142   55   0.000       0.000    
  142   56   0.000       0.000    
  142   57   0.000       0.000    
  142   58   0.000       0.000    
  142   59   0.000       0.000    
  142   60   0.000       0.000    
  142   61   0.000       0.000    
  142   62   0.000       0.000    
  142   63   0.000       0.000    
  142   64   0.000       0.000    
  141   54   0.000       0.000    
  141   55   0.000       0.000    
  141   56   0.000       0.000    
  141   57   0.000       0.000    
  141   58   0.000       0.000    
  141   59   0.000       0.000    
  141   60   0.000       0.000    
  141   61   0.000       0.000    
  141   62   0.000       0.000    
  141   63   0.000       0.000    
  141   64   0.000       0.000    
  140   54   0.000       0.000    
  140   55   0.000       0.000    
  140   56   0.000       0.000    
  140   57   0.000       0.000    
  140   58   0.000       0.000    
  140   59   0.000       0.000    
  140   60   0.000       0.000    
  140   61   0.000       0.000    
  140   62   0.000       0.000    
  140   63   0.000       0.000    
  140   64   0.000       0.000    
  139   54   0.000       0.000    
  139   55   0.000       0.000    
  139   56   0.000       0.000    
  139   57   0.000       0.000    
  139   58   0.000       0.000    
  139   59   0.000       0.000    
  139   60   0.000       0.000    
  139   61   0.000       0.000    
  139   62   0.000       0.000    
  139   63   0.000       0.000    
  139   64   0.000       0.000    
  138   54   0.000       0.000    
  138   55   0.000       0.000    
  138   56   0.000       0.000    
  138   57   0.000       0.000    
  138   58   0.000       0.000    
  138   59   0.000       0.000    
  138   60   0.000       0.000    
  138   61   0.000       0.000    
  138   62   0.000       0.000    
  138   63   0.000       0.000    
  138   64   0.000       0.000    
  137   54   0.000       0.000    
  137   55   0.000       0.000    
  137   56   0.000       0.000    
  137   57   0.000       0.000    
  137   58   0.000       0.000    
  137   59   0.000       0.000    
  137   60   0.000       0.000    
  137   61   0.000       0.000    
  137   62   0.000       0.000    
  137   63   0.000       0.000    
  137   64   0.000       0.000    
  136   54   0.000       0.000    
  136   55   0.000       0.000    
  136   56   0.000       0.000    
  136   57   0.000       0.000    
  136   58   0.000       0.000    
  136   59   0.000       0.000    
  136   60   0.000       0.000    
  136   61   0.000       0.000    
  136   62   0.000       0.000    
  136   63   0.000       0.000    
  136   64   0.000       0.000    
  135   54   0.000       0.000    
  135   55  6.7412E-07   99.00    
  135   56   0.000       0.000    
  135   57   0.000       0.000    
  135   58   0.000       0.000    
  135   59   0.000       0.000    
  135   60   0.000       0.000    
  135   61   0.000       0.000    
  135   62   0.000       0.000    
  135   63   0.000       0.000    
  135   64   0.000       0.000    
  131   43   0.000       0.000    
  131   44   0.000       0.000    
  131   45   0.000       0.000    
  131   46   0.000       0.000    
  131   47   0.000       0.000    
  131   48   0.000       0.000    
  131   49   0.000       0.000    
  131   50   0.000       0.000    
  131   51   0.000       0.000    
  131   52   0.000       0.000    
  131   53   4.702       99.00    
  130   43   0.000       0.000    
  130   44   0.000       0.000    
  130   45   0.000       0.000    
  130   46   0.000       0.000    
  130   47   0.000       0.000    
  130   48   0.000       0.000    
  130   49   0.000       0.000    
  130   50   0.000       0.000    
  130   51   0.000       0.000    
  130   52   0.000       0.000    
  130   53   0.000       0.000    
  129   43   0.000       0.000    
  129   44   0.000       0.000    
  129   45   0.000       0.000    
  129   46   0.000       0.000    
  129   47   0.000       0.000    
  129   48   0.000       0.000    
  129   49   0.000       0.000    
  129   50   0.000       0.000    
  129   51   0.000       0.000    
  129   52   0.000       0.000    
  129   53   0.000       0.000    
  128   43   0.000       0.000    
  128   44   0.000       0.000    
  128   45   0.000       0.000    
  128   46   0.000       0.000    
  128   47   0.000       0.000    
  128   48   0.000       0.000    
  128   49   0.000       0.000    
  128   50   0.000       0.000    
  128   51   0.000       0.000    
  128   52   0.000       0.000    
  128   53   9.313       40.82    
  127   43   0.000       0.000    
  127   44   0.000       0.000    
  127   45   0.000       0.000    
  127   46   0.000       0.000    
  127   47   0.000       0.000    
  127   48   0.000       0.000    
  127   49   0.000       0.000    
  127   50   0.000       0.000    
  127   51   0.000       0.000    
  127   52   4.619       99.00    
  127   53   0.000       0.000    
  126   43   0.000       0.000    
  126   44   0.000       0.000    
  126   45   0.000       0.000    
  126   46   0.000       0.000    
  126   47   0.000       0.000    
  126   48   0.000       0.000    
  126   49   0.000       0.000    
  126   50  6.7412E-06   99.00    
  126   51   4.703       99.00    
  126   52   0.000       0.000    
  126   53   0.000       0.000    
  125   43   0.000       0.000    
  125   44   0.000       0.000    
  125   45   0.000       0.000    
  125   46   0.000       0.000    
  125   47   0.000       0.000    
  125   48   0.000       0.000    
  125   49   0.000       0.000    
  125   50   0.000       0.000    
  125   51  0.5298       99.00    
  125   52   0.000       0.000    
  125   53   0.000       0.000    
  124   43   0.000       0.000    
  124   44   0.000       0.000    
  124   45   0.000       0.000    
  124   46   0.000       0.000    
  124   47   0.000       0.000    
  124   48   0.000       0.000    
  124   49   0.000       0.000    
  124   50   0.000       0.000    
  124   51   0.000       0.000    
  124   52   0.000       0.000    
  124   53   0.000       0.000    
  123   43   0.000       0.000    
  123   44   0.000       0.000    
  123   45   0.000       0.000    
  123   46   0.000       0.000    
  123   47   0.000       0.000    
  123   48   0.000       0.000    
  123   49   0.000       0.000    
  123   50   2.852       99.00    
  123   51   0.000       0.000    
  123   52   0.000       0.000    
  123   53   0.000       0.000    
  122   43   0.000       0.000    
  122   44   0.000       0.000    
  122   45   0.000       0.000    
  122   46   0.000       0.000    
  122   47   0.000       0.000    
  122   48   0.000       0.000    
  122   49   0.000       0.000    
  122   50   0.000       0.000    
  122   51   4.693       99.00    
  122   52   0.000       0.000    
  122   53   0.000       0.000    
  121   43   0.000       0.000    
  121   44   0.000       0.000    
  121   45   0.000       0.000    
  121   46   0.000       0.000    
  121   47   0.000       0.000    
  121   48  7.8430E-20   61.27    
  121   49  6.0030E-03   61.38    
  121   50   8.966       61.24    
  121   51   0.000       0.000    
  121   52   0.000       0.000    
  121   53   0.000       0.000    
  120   43   0.000       0.000    
  120   44   0.000       0.000    
  120   45   0.000       0.000    
  120   46   0.000       0.000    
  120   47   0.000       0.000    
  120   48  1.7752E-08   99.00    
  120   49  1.8898E-08   99.00    
  120   50   0.000       0.000    
  120   51   0.000       0.000    
  120   52   0.000       0.000    
  120   53   0.000       0.000    
  119   43   0.000       0.000    
  119   44   0.000       0.000    
  119   45   0.000       0.000    
  119   46   0.000       0.000    
  119   47   0.000       0.000    
  119   48   0.000       0.000    
  119   49  6.1831E-02   99.00    
  119   50   0.000       0.000    
  119   51   0.000       0.000    
  119   52   0.000       0.000    
  119   53   0.000       0.000    
  118   43   0.000       0.000    
  118   44   0.000       0.000    
  118   45   0.000       0.000    
  118   46   0.000       0.000    
  118   47   0.000       0.000    
  118   48   3.827       99.00    
  118   49   3.833       99.00    
  118   50   0.000       0.000    
  118   51   0.000       0.000    
  118   52   0.000       0.000    
  118   53   0.000       0.000    
  117   43   0.000       0.000    
  117   44   0.000       0.000    
  117   45   0.000       0.000    
  117   46   0.000       0.000    
  117   47  1.7871E-03   99.00    
  117   48   11.78       64.46    
  117   49   37.42       24.56    
  117   50   0.000       0.000    
  117   51   0.000       0.000    
  117   52   0.000       0.000    
  117   53   0.000       0.000    
  116   43   0.000       0.000    
  116   44   0.000       0.000    
  116   45   0.000       0.000    
  116   46  5.1609E-23   99.00    
  116   47  0.9518       67.04    
  116   48   0.000       0.000    
  116   49   0.000       0.000    
  116   50   0.000       0.000    
  116   51   0.000       0.000    
  116   52   0.000       0.000    
  116   53   0.000       0.000    
  115   43   0.000       0.000    
  115   44   0.000       0.000    
  115   45   0.000       0.000    
  115   46   0.000       0.000    
  115   47   8.394       66.67    
  115   48   13.43       66.67    
  115   49   0.000       0.000    
  115   50   0.000       0.000    
  115   51   0.000       0.000    
  115   52   0.000       0.000    
  115   53   0.000       0.000    
  114   43   0.000       0.000    
  114   44   0.000       0.000    
  114   45   0.000       0.000    
  114   46  0.2563       46.77    
  114   47  0.2647       46.77    
  114   48   0.000       0.000    
  114   49   0.000       0.000    
  114   50   0.000       0.000    
  114   51   0.000       0.000    
  114   52   0.000       0.000    
  114   53   0.000       0.000    
  113   43   0.000       0.000    
  113   44   0.000       0.000    
  113   45   0.000       0.000    
  113   46  2.3345E-02   61.24    
  113   47   30.24       49.34    
  113   48   0.000       0.000    
  113   49   0.000       0.000    
  113   50   0.000       0.000    
  113   51   0.000       0.000    
  113   52   0.000       0.000    
  113   53   0.000       0.000    
  112   43   0.000       0.000    
  112   44   0.000       0.000    
  112   45   0.000       0.000    
  112   46   14.00       40.82    
  112   47   14.11       40.82    
  112   48   0.000       0.000    
  112   49   0.000       0.000    
  112   50   0.000       0.000    
  112   51   0.000       0.000    
  112   52   0.000       0.000    
  112   53   0.000       0.000    
  111   43   0.000       0.000    
  111   44   0.000       0.000    
  111   45  5.5193E-24   54.77    
  111   46   24.26       42.43    
  111   47   37.38       42.39    
  111   48   0.000       0.000    
  111   49   0.000       0.000    
  111   50   0.000       0.000    
  111   51   0.000       0.000    
  111   52   0.000       0.000    
  111   53   0.000       0.000    
  110   43   0.000       0.000    
  110   44  2.9609E-22   61.24    
  110   45  4.1024E-22   61.24    
  110   46   0.000       0.000    
  110   47   0.000       0.000    
  110   48   0.000       0.000    
  110   49   0.000       0.000    
  110   50   0.000       0.000    
  110   51   0.000       0.000    
  110   52   0.000       0.000    
  110   53   0.000       0.000    
  109   43   0.000       0.000    
  109   44  6.2641E-08   99.00    
  109   45  1.8246E-02   35.53    
  109   46   60.49       19.61    
  109   47   0.000       0.000    
  109   48   0.000       0.000    
  109   49   0.000       0.000    
  109   50   0.000       0.000    
  109   51   0.000       0.000    
  109   52   0.000       0.000    
  109   53   0.000       0.000    
  108   43   0.000       0.000    
  108   44   1.437       40.82    
  108   45   1.531       40.82    
  108   46   0.000       0.000    
  108   47   0.000       0.000    
  108   48   0.000       0.000    
  108   49   0.000       0.000    
  108   50   0.000       0.000    
  108   51   0.000       0.000    
  108   52   0.000       0.000    
  108   53   0.000       0.000    
  107   43  1.5635E-12   99.00    
  107   44   3.002       36.10    
  107   45   46.38       27.29    
  107   46  3.5777E-06   23.57    
  107   47   0.000       0.000    
  107   48   0.000       0.000    
  107   49   0.000       0.000    
  107   50   0.000       0.000    
  107   51   0.000       0.000    
  107   52   0.000       0.000    
  107   53   0.000       0.000    
  106   43  2.3087E-07   61.24    
  106   44   15.61       25.00    
  106   45   15.61       25.00    
  106   46   0.000       0.000    
  106   47   0.000       0.000    
  106   48   0.000       0.000    
  106   49   0.000       0.000    
  106   50   0.000       0.000    
  106   51   0.000       0.000    
  106   52   0.000       0.000    
  106   53   0.000       0.000    
  105   43   8.488       28.70    
  105   44   55.00       10.31    
  105   45   75.20       11.68    
  105   46   0.000       0.000    
  105   47   0.000       0.000    
  105   48   0.000       0.000    
  105   49   0.000       0.000    
  105   50   0.000       0.000    
  105   51   0.000       0.000    
  105   52   0.000       0.000    
  105   53   0.000       0.000    
  104   43   33.25       21.33    
  104   44   0.000       0.000    
  104   45   0.000       0.000    
  104   46   0.000       0.000    
  104   47   0.000       0.000    
  104   48   0.000       0.000    
  104   49   0.000       0.000    
  104   50   0.000       0.000    
  104   51   0.000       0.000    
  104   52   0.000       0.000    
  104   53   0.000       0.000    
  103   43  1.7167E-02   14.73    
  103   44   67.30       18.26    
  103   45   0.000       0.000    
  103   46   0.000       0.000    
  103   47   0.000       0.000    
  103   48   0.000       0.000    
  103   49   0.000       0.000    
  103   50   0.000       0.000    
  103   51   0.000       0.000    
  103   52   0.000       0.000    
  103   53   0.000       0.000    
  102   43   15.14       31.85    
  102   44   0.000       0.000    
  102   45   0.000       0.000    
  102   46   0.000       0.000    
  102   47   0.000       0.000    
  102   48   0.000       0.000    
  102   49   0.000       0.000    
  102   50   0.000       0.000    
  102   51   0.000       0.000    
  102   52   0.000       0.000    
  102   53   0.000       0.000    
  101   43   70.02       7.864    
  101   44   0.000       0.000    
  101   45   0.000       0.000    
  101   46   0.000       0.000    
  101   47   0.000       0.000    
  101   48   0.000       0.000    
  101   49   0.000       0.000    
  101   50   0.000       0.000    
  101   51   0.000       0.000    
  101   52   0.000       0.000    
  101   53   0.000       0.000    
  100   43  1.4069E-17   99.00    
  100   44   0.000       0.000    
  100   45   0.000       0.000    
  100   46   0.000       0.000    
  100   47   0.000       0.000    
  100   48   0.000       0.000    
  100   49   0.000       0.000    
  100   50   0.000       0.000    
  100   51   0.000       0.000    
  100   52   0.000       0.000    
  100   53   0.000       0.000    
   99   43  1.5080E-04   17.44    
   99   44   0.000       0.000    
   99   45   0.000       0.000    
   99   46   0.000       0.000    
   99   47   0.000       0.000    
   99   48   0.000       0.000    
   99   49   0.000       0.000    
   99   50   0.000       0.000    
   99   51   0.000       0.000    
   99   52   0.000       0.000    
   99   53   0.000       0.000    
   98   43  3.6916E-07   99.00    
   98   44   0.000       0.000    
   98   45   0.000       0.000    
   98   46   0.000       0.000    
   98   47   0.000       0.000    
   98   48   0.000       0.000    
   98   49   0.000       0.000    
   98   50   0.000       0.000    
   98   51   0.000       0.000    
   98   52   0.000       0.000    
   98   53   0.000       0.000    
  105   32   0.000       0.000    
  105   33   0.000       0.000    
  105   34   0.000       0.000    
  105   35   0.000       0.000    
  105   36   0.000       0.000    
  105   37   0.000       0.000    
  105   38   0.000       0.000    
  105   39   0.000       0.000    
  105   40   0.000       0.000    
  105   41   0.000       0.000    
  105   42  1.1543E-07   99.00    
  104   32   0.000       0.000    
  104   33   0.000       0.000    
  104   34   0.000       0.000    
  104   35   0.000       0.000    
  104   36   0.000       0.000    
  104   37   0.000       0.000    
  104   38   0.000       0.000    
  104   39   0.000       0.000    
  104   40   0.000       0.000    
  104   41   0.000       0.000    
  104   42  1.1773E-03   32.12    
  103   32   0.000       0.000    
  103   33   0.000       0.000    
  103   34   0.000       0.000    
  103   35   0.000       0.000    
  103   36   0.000       0.000    
  103   37   0.000       0.000    
  103   38   0.000       0.000    
  103   39   0.000       0.000    
  103   40   0.000       0.000    
  103   41   0.000       0.000    
  103   42  3.6486E-03   15.29    
  102   32   0.000       0.000    
  102   33   0.000       0.000    
  102   34   0.000       0.000    
  102   35   0.000       0.000    
  102   36   0.000       0.000    
  102   37   0.000       0.000    
  102   38   0.000       0.000    
  102   39   0.000       0.000    
  102   40   0.000       0.000    
  102   41   0.000       0.000    
  102   42   15.03       31.85    
  101   32   0.000       0.000    
  101   33   0.000       0.000    
  101   34   0.000       0.000    
  101   35   0.000       0.000    
  101   36   0.000       0.000    
  101   37   0.000       0.000    
  101   38   0.000       0.000    
  101   39   0.000       0.000    
  101   40   0.000       0.000    
  101   41  2.9251E-37   7.121    
  101   42   27.88       16.59    
  100   32   0.000       0.000    
  100   33   0.000       0.000    
  100   34   0.000       0.000    
  100   35   0.000       0.000    
  100   36   0.000       0.000    
  100   37   0.000       0.000    
  100   38   0.000       0.000    
  100   39   0.000       0.000    
  100   40  9.7956E-38   66.67    
  100   41  1.2419E-37   66.67    
  100   42   0.000       0.000    
   99   32   0.000       0.000    
   99   33   0.000       0.000    
   99   34   0.000       0.000    
   99   35   0.000       0.000    
   99   36   0.000       0.000    
   99   37   0.000       0.000    
   99   38   0.000       0.000    
   99   39   0.000       0.000    
   99   40   0.000       0.000    
   99   41  1.9797E-02   43.56    
   99   42   89.20       21.05    
   98   32   0.000       0.000    
   98   33   0.000       0.000    
   98   34   0.000       0.000    
   98   35   0.000       0.000    
   98   36   0.000       0.000    
   98   37   0.000       0.000    
   98   38   0.000       0.000    
   98   39   0.000       0.000    
   98   40  2.8270E-08   46.65    
   98   41  3.1174E-08   46.65    
   98   42   0.000       0.000    
   97   32   0.000       0.000    
   97   33   0.000       0.000    
   97   34   0.000       0.000    
   97   35   0.000       0.000    
   97   36   0.000       0.000    
   97   37   0.000       0.000    
   97   38   0.000       0.000    
   97   39   0.000       0.000    
   97   40   32.61       28.54    
   97   41   61.56       32.13    
   97   42   0.000       0.000    
   96   32   0.000       0.000    
   96   33   0.000       0.000    
   96   34   0.000       0.000    
   96   35   0.000       0.000    
   96   36   0.000       0.000    
   96   37   0.000       0.000    
   96   38   0.000       0.000    
   96   39   0.000       0.000    
   96   40   0.000       0.000    
   96   41   14.01       66.67    
   96   42   0.000       0.000    
   95   32   0.000       0.000    
   95   33   0.000       0.000    
   95   34   0.000       0.000    
   95   35   0.000       0.000    
   95   36   0.000       0.000    
   95   37   0.000       0.000    
   95   38   0.000       0.000    
   95   39   13.72       31.87    
   95   40   67.78       19.95    
   95   41   74.02       14.89    
   95   42   0.000       0.000    
   94   32   0.000       0.000    
   94   33   0.000       0.000    
   94   34   0.000       0.000    
   94   35   0.000       0.000    
   94   36   0.000       0.000    
   94   37   0.000       0.000    
   94   38  3.4816E-03   99.00    
   94   39   29.98       17.38    
   94   40   0.000       0.000    
   94   41   0.000       0.000    
   94   42   0.000       0.000    
   93   32   0.000       0.000    
   93   33   0.000       0.000    
   93   34   0.000       0.000    
   93   35   0.000       0.000    
   93   36   0.000       0.000    
   93   37   0.000       0.000    
   93   38   3.603       63.30    
   93   39   46.87       30.94    
   93   40  9.6944E-06   30.92    
   93   41   0.000       0.000    
   93   42   0.000       0.000    
   92   32   0.000       0.000    
   92   33   0.000       0.000    
   92   34   0.000       0.000    
   92   35   0.000       0.000    
   92   36   0.000       0.000    
   92   37   0.000       0.000    
   92   38   52.85       28.26    
   92   39   74.31       18.18    
   92   40   0.000       0.000    
   92   41   0.000       0.000    
   92   42   0.000       0.000    
   91   32   0.000       0.000    
   91   33   0.000       0.000    
   91   34   0.000       0.000    
   91   35   0.000       0.000    
   91   36   0.000       0.000    
   91   37  5.2060E-04   54.77    
   91   38   32.39       53.45    
   91   39   44.68       48.60    
   91   40   0.000       0.000    
   91   41   0.000       0.000    
   91   42   0.000       0.000    
   90   32   0.000       0.000    
   90   33   0.000       0.000    
   90   34   0.000       0.000    
   90   35   0.000       0.000    
   90   36   0.000       0.000    
   90   37  0.4363       27.07    
   90   38  0.8032       10.54    
   90   39   24.25       30.43    
   90   40   0.000       0.000    
   90   41   0.000       0.000    
   90   42   0.000       0.000    
   89   32   0.000       0.000    
   89   33   0.000       0.000    
   89   34   0.000       0.000    
   89   35   0.000       0.000    
   89   36  0.1734       99.00    
   89   37   10.12       74.12    
   89   38   25.62       61.24    
   89   39   0.000       0.000    
   89   40   0.000       0.000    
   89   41   0.000       0.000    
   89   42   0.000       0.000    
   88   32   0.000       0.000    
   88   33   0.000       0.000    
   88   34   0.000       0.000    
   88   35   0.000       0.000    
   88   36   22.13       31.62    
   88   37   44.16       46.53    
   88   38   0.000       0.000    
   88   39   0.000       0.000    
   88   40   0.000       0.000    
   88   41   0.000       0.000    
   88   42   0.000       0.000    
   87   32   0.000       0.000    
   87   33   0.000       0.000    
   87   34   0.000       0.000    
   87   35  6.4099E-05   99.00    
   87   36   16.37       46.65    
   87   37  2.1752E-10   42.77    
   87   38   0.000       0.000    
   87   39   0.000       0.000    
   87   40   0.000       0.000    
   87   41   0.000       0.000    
   87   42   0.000       0.000    
   86   32   0.000       0.000    
   86   33   0.000       0.000    
   86   34   0.000       0.000    
   86   35  2.2787E-04   72.89    
   86   36   0.000       0.000    
   86   37   14.09       40.82    
   86   38   0.000       0.000    
   86   39   0.000       0.000    
   86   40   0.000       0.000    
   86   41   0.000       0.000    
   86   42   0.000       0.000    
   85   32   0.000       0.000    
   85   33   0.000       0.000    
   85   34  2.7402E-08   99.00    
   85   35   1.074       23.38    
   85   36  0.4945       27.67    
   85   37   0.000       0.000    
   85   38   0.000       0.000    
   85   39   0.000       0.000    
   85   40   0.000       0.000    
   85   41   0.000       0.000    
   85   42   0.000       0.000    
   84   32   0.000       0.000    
   84   33   0.000       0.000    
   84   34  0.1939       99.00    
   84   35   10.54       40.95    
   84   36   0.000       0.000    
   84   37   0.000       0.000    
   84   38   0.000       0.000    
   84   39   0.000       0.000    
   84   40   0.000       0.000    
   84   41   0.000       0.000    
   84   42   0.000       0.000    
   83   32   0.000       0.000    
   83   33  2.8458E-20   99.00    
   83   34   5.934       61.24    
   83   35   31.19       36.66    
   83   36   0.000       0.000    
   83   37   0.000       0.000    
   83   38   0.000       0.000    
   83   39   0.000       0.000    
   83   40   0.000       0.000    
   83   41   0.000       0.000    
   83   42   0.000       0.000    
   82   32   0.000       0.000    
   82   33   0.000       0.000    
   82   34   0.000       0.000    
   82   35   9.163       61.24    
   82   36   0.000       0.000    
   82   37   0.000       0.000    
   82   38   0.000       0.000    
   82   39   0.000       0.000    
   82   40   0.000       0.000    
   82   41   0.000       0.000    
   82   42   0.000       0.000    
   81   32   0.000       0.000    
   81   33  6.8822E-08   61.24    
   81   34   8.355       66.28    
   81   35   0.000       0.000    
   81   36   0.000       0.000    
   81   37   0.000       0.000    
   81   38   0.000       0.000    
   81   39   0.000       0.000    
   81   40   0.000       0.000    
   81   41   0.000       0.000    
   81   42   0.000       0.000    
   80   32   0.000       0.000    
   80   33  7.0550E-18   99.00    
   80   34   0.000       0.000    
   80   35   0.000       0.000    
   80   36   0.000       0.000    
   80   37   0.000       0.000    
   80   38   0.000       0.000    
   80   39   0.000       0.000    
   80   40   0.000       0.000    
   80   41   0.000       0.000    
   80   42   0.000       0.000    
   79   32  2.3158E-09   99.00    
   79   33   3.032       61.26    
   79   34  9.4734E-06   61.24    
   79   35   0.000       0.000    
   79   36   0.000       0.000    
   79   37   0.000       0.000    
   79   38   0.000       0.000    
   79   39   0.000       0.000    
   79   40   0.000       0.000    
   79   41   0.000       0.000    
   79   42   0.000       0.000    
   78   32   8.371       99.00    
   78   33   13.55       99.00    
   78   34   0.000       0.000    
   78   35   0.000       0.000    
   78   36   0.000       0.000    
   78   37   0.000       0.000    
   78   38   0.000       0.000    
   78   39   0.000       0.000    
   78   40   0.000       0.000    
   78   41   0.000       0.000    
   78   42   0.000       0.000    
   77   32   4.634       99.00    
   77   33   18.76       46.81    
   77   34   0.000       0.000    
   77   35   0.000       0.000    
   77   36   0.000       0.000    
   77   37   0.000       0.000    
   77   38   0.000       0.000    
   77   39   0.000       0.000    
   77   40   0.000       0.000    
   77   41   0.000       0.000    
   77   42   0.000       0.000    
   76   32   0.000       0.000    
   76   33   0.000       0.000    
   76   34   0.000       0.000    
   76   35   0.000       0.000    
   76   36   0.000       0.000    
   76   37   0.000       0.000    
   76   38   0.000       0.000    
   76   39   0.000       0.000    
   76   40   0.000       0.000    
   76   41   0.000       0.000    
   76   42   0.000       0.000    
   75   32   8.340       61.24    
   75   33   0.000       0.000    
   75   34   0.000       0.000    
   75   35   0.000       0.000    
   75   36   0.000       0.000    
   75   37   0.000       0.000    
   75   38   0.000       0.000    
   75   39   0.000       0.000    
   75   40   0.000       0.000    
   75   41   0.000       0.000    
   75   42   0.000       0.000    
   74   32   0.000       0.000    
   74   33   0.000       0.000    
   74   34   0.000       0.000    
   74   35   0.000       0.000    
   74   36   0.000       0.000    
   74   37   0.000       0.000    
   74   38   0.000       0.000    
   74   39   0.000       0.000    
   74   40   0.000       0.000    
   74   41   0.000       0.000    
   74   42   0.000       0.000    
   73   32   0.000       0.000    
   73   33   0.000       0.000    
   73   34   0.000       0.000    
   73   35   0.000       0.000    
   73   36   0.000       0.000    
   73   37   0.000       0.000    
   73   38   0.000       0.000    
   73   39   0.000       0.000    
   73   40   0.000       0.000    
   73   41   0.000       0.000    
   73   42   0.000       0.000    
   72   32   0.000       0.000    
   72   33   0.000       0.000    
   72   34   0.000       0.000    
   72   35   0.000       0.000    
   72   36   0.000       0.000    
   72   37   0.000       0.000    
   72   38   0.000       0.000    
   72   39   0.000       0.000    
   72   40   0.000       0.000    
   72   41   0.000       0.000    
   72   42   0.000       0.000    
   71   32   4.703       99.00    
   71   33   0.000       0.000    
   71   34   0.000       0.000    
   71   35   0.000       0.000    
   71   36   0.000       0.000    
   71   37   0.000       0.000    
   71   38   0.000       0.000    
   71   39   0.000       0.000    
   71   40   0.000       0.000    
   71   41   0.000       0.000    
   71   42   0.000       0.000    
   70   32   0.000       0.000    
   70   33   0.000       0.000    
   70   34   0.000       0.000    
   70   35   0.000       0.000    
   70   36   0.000       0.000    
   70   37   0.000       0.000    
   70   38   0.000       0.000    
   70   39   0.000       0.000    
   70   40   0.000       0.000    
   70   41   0.000       0.000    
   70   42   0.000       0.000    
   69   32   0.000       0.000    
   69   33   0.000       0.000    
   69   34   0.000       0.000    
   69   35   0.000       0.000    
   69   36   0.000       0.000    
   69   37   0.000       0.000    
   69   38   0.000       0.000    
   69   39   0.000       0.000    
   69   40   0.000       0.000    
   69   41   0.000       0.000    
   69   42   0.000       0.000    
   68   32   1.688       99.00    
   68   33   0.000       0.000    
   68   34   0.000       0.000    
   68   35   0.000       0.000    
   68   36   0.000       0.000    
   68   37   0.000       0.000    
   68   38   0.000       0.000    
   68   39   0.000       0.000    
   68   40   0.000       0.000    
   68   41   0.000       0.000    
   68   42   0.000       0.000    
   76   21   0.000       0.000    
   76   22   0.000       0.000    
   76   23   0.000       0.000    
   76   24   0.000       0.000    
   76   25   0.000       0.000    
   76   26   0.000       0.000    
   76   27   0.000       0.000    
   76   28   0.000       0.000    
   76   29   0.000       0.000    
   76   30   0.000       0.000    
   76   31  2.7891E-08   99.00    
   75   21   0.000       0.000    
   75   22   0.000       0.000    
   75   23   0.000       0.000    
   75   24   0.000       0.000    
   75   25   0.000       0.000    
   75   26   0.000       0.000    
   75   27   0.000       0.000    
   75   28   0.000       0.000    
   75   29   0.000       0.000    
   75   30   0.000       0.000    
   75   31   0.000       0.000    
   74   21   0.000       0.000    
   74   22   0.000       0.000    
   74   23   0.000       0.000    
   74   24   0.000       0.000    
   74   25   0.000       0.000    
   74   26   0.000       0.000    
   74   27   0.000       0.000    
   74   28   0.000       0.000    
   74   29   0.000       0.000    
   74   30   0.000       0.000    
   74   31   1.308       99.00    
   73   21   0.000       0.000    
   73   22   0.000       0.000    
   73   23   0.000       0.000    
   73   24   0.000       0.000    
   73   25   0.000       0.000    
   73   26   0.000       0.000    
   73   27   0.000       0.000    
   73   28   0.000       0.000    
   73   29   0.000       0.000    
   73   30   0.000       0.000    
   73   31   0.000       0.000    
   72   21   0.000       0.000    
   72   22   0.000       0.000    
   72   23   0.000       0.000    
   72   24   0.000       0.000    
   72   25   0.000       0.000    
   72   26   0.000       0.000    
   72   27   0.000       0.000    
   72   28   0.000       0.000    
   72   29   0.000       0.000    
   72   30   4.688       99.00    
   72   31   4.706       99.00    
   71   21   0.000       0.000    
   71   22   0.000       0.000    
   71   23   0.000       0.000    
   71   24   0.000       0.000    
   71   25   0.000       0.000    
   71   26   0.000       0.000    
   71   27   0.000       0.000    
   71   28   0.000       0.000    
   71   29   0.000       0.000    
   71   30  6.7546E-02   99.00    
   71   31   0.000       0.000    
   70   21   0.000       0.000    
   70   22   0.000       0.000    
   70   23   0.000       0.000    
   70   24   0.000       0.000    
   70   25   0.000       0.000    
   70   26   0.000       0.000    
   70   27   0.000       0.000    
   70   28   0.000       0.000    
   70   29   0.000       0.000    
   70   30   0.000       0.000    
   70   31   166.9       16.04    
   69   21   0.000       0.000    
   69   22   0.000       0.000    
   69   23   0.000       0.000    
   69   24   0.000       0.000    
   69   25   0.000       0.000    
   69   26   0.000       0.000    
   69   27   0.000       0.000    
   69   28   0.000       0.000    
   69   29   2.206       25.76    
   69   30   919.5       2.015    
   69   31   0.000       0.000    
   68   21   0.000       0.000    
   68   22   0.000       0.000    
   68   23   0.000       0.000    
   68   24   0.000       0.000    
   68   25   0.000       0.000    
   68   26   0.000       0.000    
   68   27   0.000       0.000    
   68   28   0.000       0.000    
   68   29  0.2932       99.00    
   68   30   0.000       0.000    
   68   31   7448.       2.926    
   67   21   0.000       0.000    
   67   22   0.000       0.000    
   67   23   0.000       0.000    
   67   24   0.000       0.000    
   67   25   0.000       0.000    
   67   26   0.000       0.000    
   67   27   0.000       0.000    
   67   28   0.000       0.000    
   67   29   2726.       5.639    
   67   30   0.000       0.000    
   67   31  1.5547E+04  0.7138    
   66   21   0.000       0.000    
   66   22   0.000       0.000    
   66   23   0.000       0.000    
   66   24   0.000       0.000    
   66   25   0.000       0.000    
   66   26   0.000       0.000    
   66   27   0.000       0.000    
   66   28   37.53       31.87    
   66   29   574.9       4.492    
   66   30   0.000       0.000    
   66   31  1.6953E+04   1.157    
   65   21   0.000       0.000    
   65   22   0.000       0.000    
   65   23   0.000       0.000    
   65   24   0.000       0.000    
   65   25   0.000       0.000    
   65   26   0.000       0.000    
   65   27   0.000       0.000    
   65   28   434.9       6.268    
   65   29   0.000       0.000    
   65   30  3.6712E+04  0.8468    
   65   31   4046.       2.470    
   64   21   0.000       0.000    
   64   22   0.000       0.000    
   64   23   0.000       0.000    
   64   24   0.000       0.000    
   64   25   0.000       0.000    
   64   26   0.000       0.000    
   64   27   0.000       0.000    
   64   28   0.000       0.000    
   64   29  9.8770E+04  0.2839    
   64   30   0.000       0.000    
   64   31   168.8       2.607    
   63   21   0.000       0.000    
   63   22   0.000       0.000    
   63   23   0.000       0.000    
   63   24   0.000       0.000    
   63   25   0.000       0.000    
   63   26   0.000       0.000    
   63   27  8.5295E-09   39.77    
   63   28   52.57       1.620    
   63   29   0.000       0.000    
   63   30  7.7241E+04  0.7602    
   63   31  7.3825E-06   3.487    
   62   21   0.000       0.000    
   62   22   0.000       0.000    
   62   23   0.000       0.000    
   62   24   0.000       0.000    
   62   25   0.000       0.000    
   62   26   0.000       0.000    
   62   27  0.7536       5.065    
   62   28   0.000       0.000    
   62   29  1.2905E+05  0.7699    
   62   30  3.4921E+04   1.690    
   62   31   0.000       0.000    
   61   21   0.000       0.000    
   61   22   0.000       0.000    
   61   23   0.000       0.000    
   61   24   0.000       0.000    
   61   25   0.000       0.000    
   61   26  0.8286       99.00    
   61   27   2339.       1.921    
   61   28   0.000       0.000    
   61   29  1.4158E+05  9.1873E-02
   61   30   3.111       5.658    
   61   31   0.000       0.000    
   60   21   0.000       0.000    
   60   22   0.000       0.000    
   60   23   0.000       0.000    
   60   24   0.000       0.000    
   60   25   0.000       0.000    
   60   26  8.8768E-06   31.62    
   60   27   505.7       2.242    
   60   28   0.000       0.000    
   60   29  1.4160E+04   1.475    
   60   30   3.279       16.76    
   60   31   0.000       0.000    
   59   21   0.000       0.000    
   59   22   0.000       0.000    
   59   23   0.000       0.000    
   59   24   0.000       0.000    
   59   25   0.000       0.000    
   59   26   364.4       10.19    
   59   27   0.000       0.000    
   59   28  0.5868      0.8931    
   59   29   1.358       4.741    
   59   30   0.000       0.000    
   59   31   0.000       0.000    
   58   21   0.000       0.000    
   58   22   0.000       0.000    
   58   23   0.000       0.000    
   58   24   0.000       0.000    
   58   25  3.5516E-05   99.00    
   58   26   0.000       0.000    
   58   27  5.5057E+04  0.2714    
   58   28   0.000       0.000    
   58   29   0.000       0.000    
   58   30   0.000       0.000    
   58   31   0.000       0.000    
   57   21   0.000       0.000    
   57   22   0.000       0.000    
   57   23   0.000       0.000    
   57   24   0.000       0.000    
   57   25  0.1993       19.38    
   57   26   0.000       0.000    
   57   27  2.2831E+04  0.9015    
   57   28   2941.       6.683    
   57   29   0.000       0.000    
   57   30   0.000       0.000    
   57   31   0.000       0.000    
   56   21   0.000       0.000    
   56   22   0.000       0.000    
   56   23   0.000       0.000    
   56   24   0.000       0.000    
   56   25   888.8       4.735    
   56   26   0.000       0.000    
   56   27  1.2433E+04   1.287    
   56   28   202.1       10.78    
   56   29   0.000       0.000    
   56   30   0.000       0.000    
   56   31   0.000       0.000    
   55   21   0.000       0.000    
   55   22   0.000       0.000    
   55   23   0.000       0.000    
   55   24  0.2407       99.00    
   55   25   0.000       0.000    
   55   26   2437.       1.586    
   55   27   1058.       9.098    
   55   28   0.000       0.000    
   55   29   0.000       0.000    
   55   30   0.000       0.000    
   55   31   0.000       0.000    
   54   21   0.000       0.000    
   54   22   0.000       0.000    
   54   23   0.000       0.000    
   54   24   0.000       0.000    
   54   25   1990.       2.781    
   54   26   0.000       0.000    
   54   27   0.000       0.000    
   54   28   0.000       0.000    
   54   29   0.000       0.000    
   54   30   0.000       0.000    
   54   31   0.000       0.000    
   53   21   0.000       0.000    
   53   22   0.000       0.000    
   53   23  5.5748E-03   99.00    
   53   24   0.000       0.000    
   53   25  4.6804E-04   3.525    
   53   26   168.4       16.43    
   53   27   0.000       0.000    
   53   28   0.000       0.000    
   53   29   0.000       0.000    
   53   30   0.000       0.000    
   53   31   0.000       0.000    
   52   21   0.000       0.000    
   52   22   0.000       0.000    
   52   23   1.756       61.24    
   52   24   0.000       0.000    
   52   25   463.6       10.24    
   52   26   27.65       40.82    
   52   27   0.000       0.000    
   52   28   0.000       0.000    
   52   29   0.000       0.000    
   52   30   0.000       0.000    
   52   31   0.000       0.000    
   51   21   0.000       0.000    
   51   22  0.7739       99.00    
   51   23   0.000       0.000    
   51   24   924.1       5.528    
   51   25   86.42       18.95    
   51   26   0.000       0.000    
   51   27   0.000       0.000    
   51   28   0.000       0.000    
   51   29   0.000       0.000    
   51   30   0.000       0.000    
   51   31   0.000       0.000    
   50   21   0.000       0.000    
   50   22   0.000       0.000    
   50   23   0.000       0.000    
   50   24   0.000       0.000    
   50   25   0.000       0.000    
   50   26   0.000       0.000    
   50   27   0.000       0.000    
   50   28   0.000       0.000    
   50   29   0.000       0.000    
   50   30   0.000       0.000    
   50   31   0.000       0.000    
   49   21   0.000       0.000    
   49   22   0.000       0.000    
   49   23   79.09       17.49    
   49   24   22.08       61.24    
   49   25   0.000       0.000    
   49   26   0.000       0.000    
   49   27   0.000       0.000    
   49   28   0.000       0.000    
   49   29   0.000       0.000    
   49   30   0.000       0.000    
   49   31   0.000       0.000    
   48   21   0.000       0.000    
   48   22   0.000       0.000    
   48   23   75.22       18.22    
   48   24   0.000       0.000    
   48   25   0.000       0.000    
   48   26   0.000       0.000    
   48   27   0.000       0.000    
   48   28   0.000       0.000    
   48   29   0.000       0.000    
   48   30   0.000       0.000    
   48   31   0.000       0.000    
   47   21   4.696       99.00    
   47   22   0.000       0.000    
   47   23   13.68       46.77    
   47   24   0.000       0.000    
   47   25   0.000       0.000    
   47   26   0.000       0.000    
   47   27   0.000       0.000    
   47   28   0.000       0.000    
   47   29   0.000       0.000    
   47   30   0.000       0.000    
   47   31   0.000       0.000    
   46   21   14.35       61.24    
   46   22   0.000       0.000    
   46   23   0.000       0.000    
   46   24   0.000       0.000    
   46   25   0.000       0.000    
   46   26   0.000       0.000    
   46   27   0.000       0.000    
   46   28   0.000       0.000    
   46   29   0.000       0.000    
   46   30   0.000       0.000    
   46   31   0.000       0.000    
   45   21   0.000       0.000    
   45   22   8.897       61.24    
   45   23   0.000       0.000    
   45   24   0.000       0.000    
   45   25   0.000       0.000    
   45   26   0.000       0.000    
   45   27   0.000       0.000    
   45   28   0.000       0.000    
   45   29   0.000       0.000    
   45   30   0.000       0.000    
   45   31   0.000       0.000    
   44   21   9.010       61.24    
   44   22   0.000       0.000    
   44   23   0.000       0.000    
   44   24   0.000       0.000    
   44   25   0.000       0.000    
   44   26   0.000       0.000    
   44   27   0.000       0.000    
   44   28   0.000       0.000    
   44   29   0.000       0.000    
   44   30   0.000       0.000    
   44   31   0.000       0.000    
   41   10   0.000       0.000    
   41   11   0.000       0.000    
   41   12   0.000       0.000    
   41   13   0.000       0.000    
   41   14   0.000       0.000    
   41   15   0.000       0.000    
   41   16   0.000       0.000    
   41   17   0.000       0.000    
   41   18   8.560       61.24    
   41   19   0.000       0.000    
   41   20  1.5598E-05   99.00    
   40   10   0.000       0.000    
   40   11   0.000       0.000    
   40   12   0.000       0.000    
   40   13   0.000       0.000    
   40   14   0.000       0.000    
   40   15   0.000       0.000    
   40   16   0.000       0.000    
   40   17  1.4892E-02   36.42    
   40   18   0.000       0.000    
   40   19  2.3232E-07   7.868    
   40   20   0.000       0.000    
   39   10   0.000       0.000    
   39   11   0.000       0.000    
   39   12   0.000       0.000    
   39   13   0.000       0.000    
   39   14   0.000       0.000    
   39   15   0.000       0.000    
   39   16   0.000       0.000    
   39   17   422.4       9.667    
   39   18   5.276       2.620    
   39   19   0.000       0.000    
   39   20   0.000       0.000    
   38   10   0.000       0.000    
   38   11   0.000       0.000    
   38   12   0.000       0.000    
   38   13   0.000       0.000    
   38   14   0.000       0.000    
   38   15   0.000       0.000    
   38   16   4.427       99.00    
   38   17   374.9       6.669    
   38   18   0.000       0.000    
   38   19   4.824       46.77    
   38   20   0.000       0.000    
   37   10   0.000       0.000    
   37   11   0.000       0.000    
   37   12   0.000       0.000    
   37   13   0.000       0.000    
   37   14   0.000       0.000    
   37   15   0.000       0.000    
   37   16   6.005       44.72    
   37   17   0.000       0.000    
   37   18   1248.       8.683    
   37   19   0.000       0.000    
   37   20   0.000       0.000    
   36   10   0.000       0.000    
   36   11   0.000       0.000    
   36   12   0.000       0.000    
   36   13   0.000       0.000    
   36   14   0.000       0.000    
   36   15   0.000       0.000    
   36   16   0.000       0.000    
   36   17  2.7685E-03   4.680    
   36   18   0.000       0.000    
   36   19   0.000       0.000    
   36   20   0.000       0.000    
   35   10   0.000       0.000    
   35   11   0.000       0.000    
   35   12   0.000       0.000    
   35   13   0.000       0.000    
   35   14   0.000       0.000    
   35   15  3.5226E-05   46.77    
   35   16   496.1       8.858    
   35   17   0.000       0.000    
   35   18   0.000       0.000    
   35   19   0.000       0.000    
   35   20   0.000       0.000    
   34   10   0.000       0.000    
   34   11   0.000       0.000    
   34   12   0.000       0.000    
   34   13   0.000       0.000    
   34   14   0.000       0.000    
   34   15  6.0188E-21   42.39    
   34   16   0.000       0.000    
   34   17   24.28       26.88    
   34   18   0.000       0.000    
   34   19   0.000       0.000    
   34   20   0.000       0.000    
   33   10   0.000       0.000    
   33   11   0.000       0.000    
   33   12   0.000       0.000    
   33   13   0.000       0.000    
   33   14   0.000       0.000    
   33   15   275.2       12.68    
   33   16   0.000       0.000    
   33   17   0.000       0.000    
   33   18   0.000       0.000    
   33   19   0.000       0.000    
   33   20   0.000       0.000    
   32   10   0.000       0.000    
   32   11   0.000       0.000    
   32   12   0.000       0.000    
   32   13   0.000       0.000    
   32   14  4.0492E-02   46.77    
   32   15   310.4       21.61    
   32   16   0.000       0.000    
   32   17   0.000       0.000    
   32   18   0.000       0.000    
   32   19   0.000       0.000    
   32   20   0.000       0.000    
   31   10   0.000       0.000    
   31   11   0.000       0.000    
   31   12   0.000       0.000    
   31   13   0.000       0.000    
   31   14   88.10       11.18    
   31   15   0.000       0.000    
   31   16   0.000       0.000    
   31   17   0.000       0.000    
   31   18   0.000       0.000    
   31   19   0.000       0.000    
   31   20   0.000       0.000    
   30   10   0.000       0.000    
   30   11   0.000       0.000    
   30   12   0.000       0.000    
   30   13   0.000       0.000    
   30   14   0.000       0.000    
   30   15  0.8794       16.67    
   30   16   0.000       0.000    
   30   17   0.000       0.000    
   30   18   0.000       0.000    
   30   19   0.000       0.000    
   30   20   0.000       0.000    
   29   10   0.000       0.000    
   29   11   0.000       0.000    
   29   12   0.000       0.000    
   29   13   5.787       48.59    
   29   14   0.000       0.000    
   29   15   0.000       0.000    
   29   16   0.000       0.000    
   29   17   0.000       0.000    
   29   18   0.000       0.000    
   29   19   0.000       0.000    
   29   20   0.000       0.000    
   28   10   0.000       0.000    
   28   11   0.000       0.000    
   28   12   0.000       0.000    
   28   13  0.2292       31.62    
   28   14   0.000       0.000    
   28   15   0.000       0.000    
   28   16   0.000       0.000    
   28   17   0.000       0.000    
   28   18   0.000       0.000    
   28   19   0.000       0.000    
   28   20   0.000       0.000    
   27   10   0.000       0.000    
   27   11   0.000       0.000    
   27   12   0.000       0.000    
   27   13   0.000       0.000    
   27   14   0.000       0.000    
   27   15   0.000       0.000    
   27   16   0.000       0.000    
   27   17   0.000       0.000    
   27   18   0.000       0.000    
   27   19   0.000       0.000    
   27   20   0.000       0.000    
   26   10   0.000       0.000    
   26   11   0.000       0.000    
   26   12   0.000       0.000    
   26   13  2.1624E-06   99.00    
   26   14   0.000       0.000    
   26   15   0.000       0.000    
   26   16   0.000       0.000    
   26   17   0.000       0.000    
   26   18   0.000       0.000    
   26   19   0.000       0.000    
   26   20   0.000       0.000    
   25   10   0.000       0.000    
   25   11   0.000       0.000    
   25   12   0.000       0.000    
   25   13   0.000       0.000    
   25   14   0.000       0.000    
   25   15   0.000       0.000    
   25   16   0.000       0.000    
   25   17   0.000       0.000    
   25   18   0.000       0.000    
   25   19   0.000       0.000    
   25   20   0.000       0.000    
   24   10   0.000       0.000    
   24   11   0.000       0.000    
   24   12   0.000       0.000    
   24   13   0.000       0.000    
   24   14   0.000       0.000    
   24   15   0.000       0.000    
   24   16   0.000       0.000    
   24   17   0.000       0.000    
   24   18   0.000       0.000    
   24   19   0.000       0.000    
   24   20   0.000       0.000    
   23   10   0.000       0.000    
   23   11   0.000       0.000    
   23   12   0.000       0.000    
   23   13   0.000       0.000    
   23   14   0.000       0.000    
   23   15   0.000       0.000    
   23   16   0.000       0.000    
   23   17   0.000       0.000    
   23   18   0.000       0.000    
   23   19   0.000       0.000    
   23   20   0.000       0.000    
   22   10   0.000       0.000    
   22   11   0.000       0.000    
   22   12   0.000       0.000    
   22   13   0.000       0.000    
   22   14   0.000       0.000    
   22   15   0.000       0.000    
   22   16   0.000       0.000    
   22   17   0.000       0.000    
   22   18   0.000       0.000    
   22   19   0.000       0.000    
   22   20   0.000       0.000    
   21   10   0.000       0.000    
   21   11  4.2275E-12   99.00    
   21   12   0.000       0.000    
   21   13   0.000       0.000    
   21   14   0.000       0.000    
   21   15   0.000       0.000    
   21   16   0.000       0.000    
   21   17   0.000       0.000    
   21   18   0.000       0.000    
   21   19   0.000       0.000    
   21   20   0.000       0.000    
   20   10   0.000       0.000    
   20   11   0.000       0.000    
   20   12   0.000       0.000    
   20   13   0.000       0.000    
   20   14   0.000       0.000    
   20   15   0.000       0.000    
   20   16   0.000       0.000    
   20   17   0.000       0.000    
   20   18   0.000       0.000    
   20   19   0.000       0.000    
   20   20   0.000       0.000    
   19   10  8.6969E-16   99.00    
   19   11   0.000       0.000    
   19   12   0.000       0.000    
   19   13   0.000       0.000    
   19   14   0.000       0.000    
   19   15   0.000       0.000    
   19   16   0.000       0.000    
   19   17   0.000       0.000    
   19   18   0.000       0.000    
   19   19   0.000       0.000    
   19   20   0.000       0.000    
   20    1   0.000       0.000    
   20    2   0.000       0.000    
   20    3   0.000       0.000    
   20    4   0.000       0.000    
   20    5   0.000       0.000    
   20    6   0.000       0.000    
   20    7   0.000       0.000    
   20    8   0.000       0.000    
   20    9  1.5800E-24   99.00    
   19    1   0.000       0.000    
   19    2   0.000       0.000    
   19    3   0.000       0.000    
   19    4   0.000       0.000    
   19    5   0.000       0.000    
   19    6   0.000       0.000    
   19    7   0.000       0.000    
   19    8   0.000       0.000    
   19    9   0.000       0.000    
   18    1   0.000       0.000    
   18    2   0.000       0.000    
   18    3   0.000       0.000    
   18    4   0.000       0.000    
   18    5   0.000       0.000    
   18    6   0.000       0.000    
   18    7   0.000       0.000    
   18    8   0.000       0.000    
   18    9   51.37       16.67    
   17    1   0.000       0.000    
   17    2   0.000       0.000    
   17    3   0.000       0.000    
   17    4   0.000       0.000    
   17    5   0.000       0.000    
   17    6   0.000       0.000    
   17    7   0.000       0.000    
   17    8   0.000       0.000    
   17    9  1.4810E-03   31.62    
   16    1   0.000       0.000    
   16    2   0.000       0.000    
   16    3   0.000       0.000    
   16    4   0.000       0.000    
   16    5   0.000       0.000    
   16    6   0.000       0.000    
   16    7  1.3563E-35   4.146    
   16    8   0.000       0.000    
   16    9   0.000       0.000    
   15    1   0.000       0.000    
   15    2   0.000       0.000    
   15    3   0.000       0.000    
   15    4   0.000       0.000    
   15    5   0.000       0.000    
   15    6   0.000       0.000    
   15    7   0.000       0.000    
   15    8   628.8      0.4718    
   15    9   0.000       0.000    
   14    1   0.000       0.000    
   14    2   0.000       0.000    
   14    3   0.000       0.000    
   14    4   0.000       0.000    
   14    5   0.000       0.000    
   14    6   5.045       1.119    
   14    7   0.000       0.000    
   14    8   1.772       2.463    
   14    9   0.000       0.000    
   13    1   0.000       0.000    
   13    2   0.000       0.000    
   13    3   0.000       0.000    
   13    4   0.000       0.000    
   13    5   0.000       0.000    
   13    6   0.000       0.000    
   13    7  5.4330E+04  0.4100    
   13    8   0.000       0.000    
   13    9   0.000       0.000    
   12    1   0.000       0.000    
   12    2   0.000       0.000    
   12    3   0.000       0.000    
   12    4   0.000       0.000    
   12    5   0.000       0.000    
   12    6   0.000       0.000    
   12    7   0.000       0.000    
   12    8   0.000       0.000    
   12    9   0.000       0.000    
   11    1   0.000       0.000    
   11    2   0.000       0.000    
   11    3   0.000       0.000    
   11    4  1.4430E-18   21.08    
   11    5   0.000       0.000    
   11    6  1.1466E+05  0.2308    
   11    7   0.000       0.000    
   11    8   0.000       0.000    
   11    9   0.000       0.000    
   10    1   0.000       0.000    
   10    2   0.000       0.000    
   10    3   0.000       0.000    
   10    4  1.5248E-03   2.393    
   10    5   0.000       0.000    
   10    6  2.3321E-10  0.8463    
   10    7   0.000       0.000    
   10    8   0.000       0.000    
   10    9   0.000       0.000    
    9    1   0.000       0.000    
    9    2   0.000       0.000    
    9    3   0.000       0.000    
    9    4   0.000       0.000    
    9    5   0.000       0.000    
    9    6   0.000       0.000    
    9    7   0.000       0.000    
    9    8   0.000       0.000    
    9    9   0.000       0.000    
    8    1   0.000       0.000    
    8    2   0.000       0.000    
    8    3   0.000       0.000    
    8    4   0.000       0.000    
    8    5   0.000       0.000    
    8    6   0.000       0.000    
    8    7   0.000       0.000    
    8    8   0.000       0.000    
    8    9   0.000       0.000    
    7    1   0.000       0.000    
    7    2   0.000       0.000    
    7    3   0.000       0.000    
    7    4  8.2555E+04  0.5267    
    7    5   0.000       0.000    
    7    6   0.000       0.000    
    7    7   0.000       0.000    
    7    8   0.000       0.000    
    7    9   0.000       0.000    
    6    1   0.000       0.000    
    6    2   0.000       0.000    
    6    3   0.000       0.000    
    6    4   0.000       0.000    
    6    5   0.000       0.000    
    6    6   0.000       0.000    
    6    7   0.000       0.000    
    6    8   0.000       0.000    
    6    9   0.000       0.000    
    5    1   0.000       0.000    
    5    2   0.000       0.000    
    5    3   0.000       0.000    
    5    4   0.000       0.000    
    5    5   0.000       0.000    
    5    6   0.000       0.000    
    5    7   0.000       0.000    
    5    8   0.000       0.000    
    5    9   0.000       0.000    
    4    1   0.000       0.000    
    4    2   0.000       0.000    
    4    3   0.000       0.000    
    4    4   0.000       0.000    
    4    5   0.000       0.000    
    4    6   0.000       0.000    
    4    7   0.000       0.000    
    4    8   0.000       0.000    
    4    9   0.000       0.000    
    3    1   3010.      0.5135    
    3    2   0.000       0.000    
    3    3   0.000       0.000    
    3    4   0.000       0.000    
    3    5   0.000       0.000    
    3    6   0.000       0.000    
    3    7   0.000       0.000    
    3    8   0.000       0.000    
    3    9   0.000       0.000    
# A/Z/m Isomers:
   34   17    1   54.40       26.88    
   45   21    1  2.0617E-03   61.24    
   46   21    2  1.6719E-14   99.00    
   52   25    1   445.0       7.852    
   53   26    1  7.8506E-02   99.00    
   54   27    1  4.1847E-03   99.00    
   58   25    1  3.3886E-04   99.00    
   58   27    1  2.2637E+04  0.6681    
   60   27    1   1663.       2.644    
   62   27    1   73.34       10.28    
   63   28    1  8.3283E-09   39.77    
   65   30    1   1280.       2.470    
   67   30    1  1.2075E+04  0.9709    
   68   29    1  0.2941       99.00    
   69   30    1   185.9       7.906    
   72   31    1  0.1475       99.00    
   75   32    1  9.8363E-06   99.00    
   75   33    1  3.1573E-06   61.24    
   77   33    1   1.532       99.00    
   77   34    1  5.8186E-02   46.81    
   79   32    1  2.9720E-08   99.00    
   79   34    1   4.691       61.25    
   81   34    1  0.3422       61.24    
   81   35    1  1.7254E-04   61.24    
   82   35    1   1.726       61.24    
   83   34    1  6.4236E-04   99.00    
   83   36    1   37.09       32.03    
   85   36    1   49.33       8.961    
   85   37    1  2.1462E-03   27.67    
   89   39    1  2.4698E-03   61.24    
   90   37    1   1.258       66.67    
   91   39    1   30.82       43.11    
   93   39    1   1.203       63.30    
   93   41    1  7.1585E-08   30.92    
   95   41    1   5.998       79.37    
   97   41    1   30.99       28.54    
   99   41    1  0.4655       43.56    
   99   42    1  9.1690E-02   43.56    
   99   43    1   78.34       21.05    
  101   43    1   6.454       16.59    
  103   45    1   66.51       18.26    
  104   43    1  1.1773E-03   32.12    
  105   45    1   15.82       10.30    
  106   45    1   4.347       99.00    
  107   45    1  5.8131E-02   36.10    
  109   45    1  1.5858E-08   99.00    
  109   46    1  0.5158       99.00    
  109   47    1   60.51       19.61    
  111   47    1   25.27       42.43    
  113   47    1  8.0000E-02   61.24    
  113   48    1  0.1226       93.00    
  115   48    1   13.80       39.38    
  115   49    1   13.44       66.66    
  116   49    1   3.886       99.00    
  117   48    1   14.90       57.02    
  117   49    1   20.32       43.32    
  117   50    1  0.1393       25.44    
  118   49    1  0.4549       99.00    
  119   50    1  0.1169       99.00    
  121   49    1  0.4506       61.38    
  121   50    1  3.0079E-03   61.74    
  123   50    1   3.630       99.00    
  125   52    1   4.199       97.86    
  126   51    1  6.7407E-06   99.00    
  126   51    2  6.2948E-06   99.00    
  131   54    1  5.0913E-02   99.00    
  193   78    1  1.1171E-09   34.46    
  193   79    1  3.7137E-06   34.46    
  195   79    1  0.5750       48.06    
  195   80    1  8.3610E-02   44.61    
  196   81    1   20.81       31.62    
  196   82    1  0.4491       61.24    
  197   79    1   2.441       99.00    
  197   80    1   4.672       99.00    
  197   81    1   46.56       29.81    
  197   82    1   55.40       29.81    
  198   81    1   42.89       44.72    
  198   83    1   184.3       13.20    
  199   82    1   222.8       6.891    
  199   83    1   444.8       7.717    
  200   83    1   2672.       6.064    
  201   82    1   1984.       2.207    
  201   83    1   4466.       2.107    
  202   81    1   38.74       8.583    
  202   82    1   407.8       8.583    
  203   82    1   2838.       1.389    
  204   82    1   1226.       4.065    
  205   82    1   418.5       1.858    
  205   82    2   1568.       1.858    
  206   82    1   3291.       1.664    
  207   82    1   39.72       2.872    
