# Detector n:     1  
col2      
# A/Z Isotopes:
  187   68   0.000       0.000    
  187   69   0.000       0.000    
  187   70   0.000       0.000    
  187   71   0.000       0.000    
  187   72   0.000       0.000    
  187   73   0.000       0.000    
  187   74  2.0049E+07   2.905    
  187   75   0.000       0.000    
  187   76   0.000       0.000    
  187   77   0.000       0.000    
  187   78   0.000       0.000    
  186   68   0.000       0.000    
  186   69   0.000       0.000    
  186   70   0.000       0.000    
  186   71   0.000       0.000    
  186   72   0.000       0.000    
  186   73  2.8560E+06   38.30    
  186   74   0.000       0.000    
  186   75  8.0052E+05   6.427    
  186   76   0.000       0.000    
  186   77   0.000       0.000    
  186   78   0.000       0.000    
  185   68   0.000       0.000    
  185   69   0.000       0.000    
  185   70   0.000       0.000    
  185   71   0.000       0.000    
  185   72   0.000       0.000    
  185   73  3.7544E+07   8.455    
  185   74  5.3830E+05   1.585    
  185   75   0.000       0.000    
  185   76   0.000       0.000    
  185   77   0.000       0.000    
  185   78   0.000       0.000    
  184   68   0.000       0.000    
  184   69   0.000       0.000    
  184   70   0.000       0.000    
  184   71   0.000       0.000    
  184   72   0.000       0.000    
  184   73  3.0648E+06   4.435    
  184   74   0.000       0.000    
  184   75  8.0004E+05   1.902    
  184   76   0.000       0.000    
  184   77   0.000       0.000    
  184   78   0.000       0.000    
  183   68   0.000       0.000    
  183   69   0.000       0.000    
  183   70   0.000       0.000    
  183   71   0.000       0.000    
  183   72  2.1645E+05   71.42    
  183   73  6.5119E+05   2.964    
  183   74   0.000       0.000    
  183   75  8.8752E+05  0.7074    
  183   76   0.000       0.000    
  183   77   0.000       0.000    
  183   78   0.000       0.000    
  182   68   0.000       0.000    
  182   69   0.000       0.000    
  182   70   0.000       0.000    
  182   71   0.000       0.000    
  182   72  8.6359E-07   93.63    
  182   73  2.7296E+04   4.301    
  182   74   0.000       0.000    
  182   75  9.4987E+06   1.963    
  182   76   0.000       0.000    
  182   77   0.000       0.000    
  182   78   0.000       0.000    
  181   68   0.000       0.000    
  181   69   0.000       0.000    
  181   70   0.000       0.000    
  181   71   0.000       0.000    
  181   72   839.7       86.96    
  181   73   0.000       0.000    
  181   74  7.4504E+05   1.164    
  181   75  1.4498E+08  0.7444    
  181   76   0.000       0.000    
  181   77   0.000       0.000    
  181   78   0.000       0.000    
  180   68   0.000       0.000    
  180   69   0.000       0.000    
  180   70   0.000       0.000    
  180   71   0.000       0.000    
  180   72   0.000       0.000    
  180   73  6.9200E+06   5.544    
  180   74   0.000       0.000    
  180   75  5.3780E+08   1.116    
  180   76   0.000       0.000    
  180   77   0.000       0.000    
  180   78   0.000       0.000    
  179   68   0.000       0.000    
  179   69   0.000       0.000    
  179   70   0.000       0.000    
  179   71   0.000       0.000    
  179   72   0.000       0.000    
  179   73  4.2860E+04   1.309    
  179   74  3.4246E+09  0.6271    
  179   75  4.9293E+09  0.5677    
  179   76   0.000       0.000    
  179   77   0.000       0.000    
  179   78   0.000       0.000    
  178   68   0.000       0.000    
  178   69   0.000       0.000    
  178   70   0.000       0.000    
  178   71   0.000       0.000    
  178   72   0.000       0.000    
  178   73  2.3132E+07   5.342    
  178   74  5.1423E+06  0.9945    
  178   75  3.7803E+09   1.337    
  178   76   0.000       0.000    
  178   77   0.000       0.000    
  178   78   0.000       0.000    
  177   68   0.000       0.000    
  177   69   0.000       0.000    
  177   70   0.000       0.000    
  177   71   1930.       99.00    
  177   72   0.000       0.000    
  177   73  3.6566E+06   3.639    
  177   74  7.6175E+08   1.089    
  177   75  3.2314E+09  0.1779    
  177   76   0.000       0.000    
  177   77   0.000       0.000    
  177   78   0.000       0.000    
  176   68   0.000       0.000    
  176   69   0.000       0.000    
  176   70   0.000       0.000    
  176   71   0.000       0.000    
  176   72   0.000       0.000    
  176   73  2.0168E+07   2.310    
  176   74  4.8749E+08   1.660    
  176   75  9.7608E+08   2.156    
  176   76   0.000       0.000    
  176   77   0.000       0.000    
  176   78   0.000       0.000    
  175   68   0.000       0.000    
  175   69   0.000       0.000    
  175   70   0.000       0.000    
  175   71   0.000       0.000    
  175   72   8266.       11.87    
  175   73  2.4552E+07   1.555    
  175   74  8.4221E+08   2.346    
  175   75  6.2682E+08   3.025    
  175   76   0.000       0.000    
  175   77   0.000       0.000    
  175   78   0.000       0.000    
  174   68   0.000       0.000    
  174   69   0.000       0.000    
  174   70   0.000       0.000    
  174   71  7.6183E-04   99.00    
  174   72   0.000       0.000    
  174   73  1.2525E+08   3.291    
  174   74  2.6648E+08   3.804    
  174   75  1.9684E+07   5.045    
  174   76   0.000       0.000    
  174   77   0.000       0.000    
  174   78   0.000       0.000    
  173   68   0.000       0.000    
  173   69   0.000       0.000    
  173   70   0.000       0.000    
  173   71   63.63       41.92    
  173   72  8.5593E+05   8.021    
  173   73  3.5897E+07   4.054    
  173   74  6.6327E+07   9.113    
  173   75  1.2581E+06   13.42    
  173   76   0.000       0.000    
  173   77   0.000       0.000    
  173   78   0.000       0.000    
  172   68   0.000       0.000    
  172   69   0.000       0.000    
  172   70   0.000       0.000    
  172   71   5920.       36.63    
  172   72   1817.       3.333    
  172   73  7.2097E+07   4.042    
  172   74  6.7823E+06   27.00    
  172   75   0.000       0.000    
  172   76   0.000       0.000    
  172   77   0.000       0.000    
  172   78   0.000       0.000    
  171   68   0.000       0.000    
  171   69   0.000       0.000    
  171   70   0.000       0.000    
  171   71  1.1166E+04   44.82    
  171   72  1.4714E+06   14.24    
  171   73  4.2628E+07   13.21    
  171   74  9.7217E+04   99.00    
  171   75   0.000       0.000    
  171   76   0.000       0.000    
  171   77   0.000       0.000    
  171   78   0.000       0.000    
  170   68   0.000       0.000    
  170   69   0.000       0.000    
  170   70   0.000       0.000    
  170   71  6.0250E+04   23.40    
  170   72  3.0857E+05   7.669    
  170   73  6.6812E+06   5.200    
  170   74   0.000       0.000    
  170   75   0.000       0.000    
  170   76   0.000       0.000    
  170   77   0.000       0.000    
  170   78   0.000       0.000    
  169   68   0.000       0.000    
  169   69   0.000       0.000    
  169   70   17.89       38.51    
  169   71  7.6334E+04   34.09    
  169   72  1.5479E+06   69.79    
  169   73  7.2215E+05   71.96    
  169   74   0.000       0.000    
  169   75   0.000       0.000    
  169   76   0.000       0.000    
  169   77   0.000       0.000    
  169   78   0.000       0.000    
  168   68   0.000       0.000    
  168   69   0.000       0.000    
  168   70   0.000       0.000    
  168   71  3.4623E+05   88.44    
  168   72   0.000       0.000    
  168   73   0.000       0.000    
  168   74   0.000       0.000    
  168   75   0.000       0.000    
  168   76   0.000       0.000    
  168   77   0.000       0.000    
  168   78   0.000       0.000    
  167   68   0.000       0.000    
  167   69   0.000       0.000    
  167   70   0.000       0.000    
  167   71   0.000       0.000    
  167   72   0.000       0.000    
  167   73   0.000       0.000    
  167   74   0.000       0.000    
  167   75   0.000       0.000    
  167   76   0.000       0.000    
  167   77   0.000       0.000    
  167   78   0.000       0.000    
  166   68   0.000       0.000    
  166   69   0.000       0.000    
  166   70   0.000       0.000    
  166   71   0.000       0.000    
  166   72   0.000       0.000    
  166   73   0.000       0.000    
  166   74   0.000       0.000    
  166   75   0.000       0.000    
  166   76   0.000       0.000    
  166   77   0.000       0.000    
  166   78   0.000       0.000    
  165   68   0.000       0.000    
  165   69   0.000       0.000    
  165   70   0.000       0.000    
  165   71   0.000       0.000    
  165   72   0.000       0.000    
  165   73   0.000       0.000    
  165   74   0.000       0.000    
  165   75   0.000       0.000    
  165   76   0.000       0.000    
  165   77   0.000       0.000    
  165   78   0.000       0.000    
  164   68   0.000       0.000    
  164   69  2.2506E+04   99.00    
  164   70   0.000       0.000    
  164   71   0.000       0.000    
  164   72   0.000       0.000    
  164   73   0.000       0.000    
  164   74   0.000       0.000    
  164   75   0.000       0.000    
  164   76   0.000       0.000    
  164   77   0.000       0.000    
  164   78   0.000       0.000    
  162   57   0.000       0.000    
  162   58   0.000       0.000    
  162   59   0.000       0.000    
  162   60   0.000       0.000    
  162   61   0.000       0.000    
  162   62   0.000       0.000    
  162   63   0.000       0.000    
  162   64   0.000       0.000    
  162   65   0.000       0.000    
  162   66   0.000       0.000    
  162   67  2.1563E+04   99.00    
  119   46   0.000       0.000    
  119   47   0.000       0.000    
  119   48   0.000       0.000    
  119   49   0.000       0.000    
  119   50   0.000       0.000    
  119   51  1.1090E+04   99.00    
  119   52   0.000       0.000    
  119   53   0.000       0.000    
  119   54   0.000       0.000    
  119   55   0.000       0.000    
  119   56   0.000       0.000    
  118   46   0.000       0.000    
  118   47   0.000       0.000    
  118   48   0.000       0.000    
  118   49   0.000       0.000    
  118   50   0.000       0.000    
  118   51   0.000       0.000    
  118   52   0.000       0.000    
  118   53   0.000       0.000    
  118   54   0.000       0.000    
  118   55   0.000       0.000    
  118   56   0.000       0.000    
  117   46   0.000       0.000    
  117   47   0.000       0.000    
  117   48   0.000       0.000    
  117   49  2.6976E+05   99.00    
  117   50   0.000       0.000    
  117   51   0.000       0.000    
  117   52   0.000       0.000    
  117   53   0.000       0.000    
  117   54   0.000       0.000    
  117   55   0.000       0.000    
  117   56   0.000       0.000    
  116   46   0.000       0.000    
  116   47   0.000       0.000    
  116   48   0.000       0.000    
  116   49   0.000       0.000    
  116   50   0.000       0.000    
  116   51   0.000       0.000    
  116   52   0.000       0.000    
  116   53   0.000       0.000    
  116   54   0.000       0.000    
  116   55   0.000       0.000    
  116   56   0.000       0.000    
  115   46   0.000       0.000    
  115   47   0.000       0.000    
  115   48   0.000       0.000    
  115   49   0.000       0.000    
  115   50   0.000       0.000    
  115   51   0.000       0.000    
  115   52   0.000       0.000    
  115   53   0.000       0.000    
  115   54   0.000       0.000    
  115   55   0.000       0.000    
  115   56   0.000       0.000    
  114   46   0.000       0.000    
  114   47   0.000       0.000    
  114   48   0.000       0.000    
  114   49   0.000       0.000    
  114   50   0.000       0.000    
  114   51   0.000       0.000    
  114   52   0.000       0.000    
  114   53   0.000       0.000    
  114   54   0.000       0.000    
  114   55   0.000       0.000    
  114   56   0.000       0.000    
  113   46   0.000       0.000    
  113   47   0.000       0.000    
  113   48   0.000       0.000    
  113   49   0.000       0.000    
  113   50   0.000       0.000    
  113   51   0.000       0.000    
  113   52   0.000       0.000    
  113   53   0.000       0.000    
  113   54   0.000       0.000    
  113   55   0.000       0.000    
  113   56   0.000       0.000    
  112   46   0.000       0.000    
  112   47  1.4797E+04   99.00    
  112   48   0.000       0.000    
  112   49   0.000       0.000    
  112   50   0.000       0.000    
  112   51   0.000       0.000    
  112   52   0.000       0.000    
  112   53   0.000       0.000    
  112   54   0.000       0.000    
  112   55   0.000       0.000    
  112   56   0.000       0.000    
  111   46   0.000       0.000    
  111   47   565.8       99.00    
  111   48   0.000       0.000    
  111   49   0.000       0.000    
  111   50   0.000       0.000    
  111   51   0.000       0.000    
  111   52   0.000       0.000    
  111   53   0.000       0.000    
  111   54   0.000       0.000    
  111   55   0.000       0.000    
  111   56   0.000       0.000    
  110   46   0.000       0.000    
  110   47   0.000       0.000    
  110   48   0.000       0.000    
  110   49   0.000       0.000    
  110   50   0.000       0.000    
  110   51   0.000       0.000    
  110   52   0.000       0.000    
  110   53   0.000       0.000    
  110   54   0.000       0.000    
  110   55   0.000       0.000    
  110   56   0.000       0.000    
  109   46   0.000       0.000    
  109   47   0.000       0.000    
  109   48   0.000       0.000    
  109   49   0.000       0.000    
  109   50   0.000       0.000    
  109   51   0.000       0.000    
  109   52   0.000       0.000    
  109   53   0.000       0.000    
  109   54   0.000       0.000    
  109   55   0.000       0.000    
  109   56   0.000       0.000    
  108   46   0.000       0.000    
  108   47   0.000       0.000    
  108   48   0.000       0.000    
  108   49   0.000       0.000    
  108   50   0.000       0.000    
  108   51   0.000       0.000    
  108   52   0.000       0.000    
  108   53   0.000       0.000    
  108   54   0.000       0.000    
  108   55   0.000       0.000    
  108   56   0.000       0.000    
  107   46  2.2634E-06   64.48    
  107   47   0.000       0.000    
  107   48   0.000       0.000    
  107   49   0.000       0.000    
  107   50   0.000       0.000    
  107   51   0.000       0.000    
  107   52   0.000       0.000    
  107   53   0.000       0.000    
  107   54   0.000       0.000    
  107   55   0.000       0.000    
  107   56   0.000       0.000    
  108   35   0.000       0.000    
  108   36   0.000       0.000    
  108   37   0.000       0.000    
  108   38   0.000       0.000    
  108   39   0.000       0.000    
  108   40   0.000       0.000    
  108   41   0.000       0.000    
  108   42   0.000       0.000    
  108   43   0.000       0.000    
  108   44   0.000       0.000    
  108   45  7.3150E-11   99.00    
  107   35   0.000       0.000    
  107   36   0.000       0.000    
  107   37   0.000       0.000    
  107   38   0.000       0.000    
  107   39   0.000       0.000    
  107   40   0.000       0.000    
  107   41   0.000       0.000    
  107   42   0.000       0.000    
  107   43   0.000       0.000    
  107   44  1.6692E+05   99.00    
  107   45  4.5450E+05   99.00    
  106   35   0.000       0.000    
  106   36   0.000       0.000    
  106   37   0.000       0.000    
  106   38   0.000       0.000    
  106   39   0.000       0.000    
  106   40   0.000       0.000    
  106   41   0.000       0.000    
  106   42   0.000       0.000    
  106   43   0.000       0.000    
  106   44   0.000       0.000    
  106   45   0.000       0.000    
  105   35   0.000       0.000    
  105   36   0.000       0.000    
  105   37   0.000       0.000    
  105   38   0.000       0.000    
  105   39   0.000       0.000    
  105   40   0.000       0.000    
  105   41   0.000       0.000    
  105   42   0.000       0.000    
  105   43  5.4821E+05   63.07    
  105   44  1.0542E+05   44.13    
  105   45   475.1       51.61    
  104   35   0.000       0.000    
  104   36   0.000       0.000    
  104   37   0.000       0.000    
  104   38   0.000       0.000    
  104   39   0.000       0.000    
  104   40   0.000       0.000    
  104   41   0.000       0.000    
  104   42   0.000       0.000    
  104   43  2.7579E+05   99.00    
  104   44   0.000       0.000    
  104   45   0.000       0.000    
  103   35   0.000       0.000    
  103   36   0.000       0.000    
  103   37   0.000       0.000    
  103   38   0.000       0.000    
  103   39   0.000       0.000    
  103   40   0.000       0.000    
  103   41   0.000       0.000    
  103   42   0.000       0.000    
  103   43   0.000       0.000    
  103   44   0.000       0.000    
  103   45   0.000       0.000    
  102   35   0.000       0.000    
  102   36   0.000       0.000    
  102   37   0.000       0.000    
  102   38   0.000       0.000    
  102   39   0.000       0.000    
  102   40   0.000       0.000    
  102   41   0.000       0.000    
  102   42   0.000       0.000    
  102   43   0.000       0.000    
  102   44   0.000       0.000    
  102   45   0.000       0.000    
  101   35   0.000       0.000    
  101   36   0.000       0.000    
  101   37   0.000       0.000    
  101   38   0.000       0.000    
  101   39   0.000       0.000    
  101   40   0.000       0.000    
  101   41   0.000       0.000    
  101   42   0.000       0.000    
  101   43   0.000       0.000    
  101   44   0.000       0.000    
  101   45   0.000       0.000    
  100   35   0.000       0.000    
  100   36   0.000       0.000    
  100   37   0.000       0.000    
  100   38   0.000       0.000    
  100   39   0.000       0.000    
  100   40   0.000       0.000    
  100   41   0.000       0.000    
  100   42   0.000       0.000    
  100   43   0.000       0.000    
  100   44   0.000       0.000    
  100   45   0.000       0.000    
   99   35   0.000       0.000    
   99   36   0.000       0.000    
   99   37   0.000       0.000    
   99   38   0.000       0.000    
   99   39   0.000       0.000    
   99   40   0.000       0.000    
   99   41  5.9105E-12   99.00    
   99   42  1.4367E+04   62.73    
   99   43  2.1582E-07   62.92    
   99   44   0.000       0.000    
   99   45   0.000       0.000    
   98   35   0.000       0.000    
   98   36   0.000       0.000    
   98   37   0.000       0.000    
   98   38   0.000       0.000    
   98   39   0.000       0.000    
   98   40   0.000       0.000    
   98   41   0.000       0.000    
   98   42   0.000       0.000    
   98   43   0.000       0.000    
   98   44   0.000       0.000    
   98   45   0.000       0.000    
   97   35   0.000       0.000    
   97   36   0.000       0.000    
   97   37   0.000       0.000    
   97   38   0.000       0.000    
   97   39   0.000       0.000    
   97   40   5530.       99.00    
   97   41  1.8430E+05   57.64    
   97   42   0.000       0.000    
   97   43  3.1118E-10   99.00    
   97   44   0.000       0.000    
   97   45   0.000       0.000    
   96   35   0.000       0.000    
   96   36   0.000       0.000    
   96   37   0.000       0.000    
   96   38   0.000       0.000    
   96   39   0.000       0.000    
   96   40   0.000       0.000    
   96   41  1.7267E+04   58.64    
   96   42   0.000       0.000    
   96   43   0.000       0.000    
   96   44   0.000       0.000    
   96   45   0.000       0.000    
   95   35   0.000       0.000    
   95   36   0.000       0.000    
   95   37   0.000       0.000    
   95   38   0.000       0.000    
   95   39   0.000       0.000    
   95   40   334.9       65.23    
   95   41   128.1       99.00    
   95   42   0.000       0.000    
   95   43   0.000       0.000    
   95   44   0.000       0.000    
   95   45   0.000       0.000    
   94   35   0.000       0.000    
   94   36   0.000       0.000    
   94   37   0.000       0.000    
   94   38   1480.       99.00    
   94   39  8.1424E+05   77.39    
   94   40   0.000       0.000    
   94   41   0.000       0.000    
   94   42   0.000       0.000    
   94   43   0.000       0.000    
   94   44   0.000       0.000    
   94   45   0.000       0.000    
   93   35   0.000       0.000    
   93   36   0.000       0.000    
   93   37   0.000       0.000    
   93   38   0.000       0.000    
   93   39   0.000       0.000    
   93   40   0.000       0.000    
   93   41   0.000       0.000    
   93   42   0.000       0.000    
   93   43   0.000       0.000    
   93   44   0.000       0.000    
   93   45   0.000       0.000    
   92   35   0.000       0.000    
   92   36   0.000       0.000    
   92   37   0.000       0.000    
   92   38  2.3669E+04   99.00    
   92   39   1365.       99.00    
   92   40   0.000       0.000    
   92   41   0.000       0.000    
   92   42   0.000       0.000    
   92   43   0.000       0.000    
   92   44   0.000       0.000    
   92   45   0.000       0.000    
   91   35   0.000       0.000    
   91   36   0.000       0.000    
   91   37   0.000       0.000    
   91   38   4870.       99.00    
   91   39   48.14       99.00    
   91   40   0.000       0.000    
   91   41   0.000       0.000    
   91   42   0.000       0.000    
   91   43   0.000       0.000    
   91   44   0.000       0.000    
   91   45   0.000       0.000    
   90   35   0.000       0.000    
   90   36   0.000       0.000    
   90   37   0.000       0.000    
   90   38   2.755       71.22    
   90   39  8.6879E-03   71.22    
   90   40   0.000       0.000    
   90   41   0.000       0.000    
   90   42   0.000       0.000    
   90   43   0.000       0.000    
   90   44   0.000       0.000    
   90   45   0.000       0.000    
   89   35   0.000       0.000    
   89   36   0.000       0.000    
   89   37   0.000       0.000    
   89   38   429.2       84.51    
   89   39   0.000       0.000    
   89   40   0.000       0.000    
   89   41   0.000       0.000    
   89   42   0.000       0.000    
   89   43   0.000       0.000    
   89   44   0.000       0.000    
   89   45   0.000       0.000    
   88   35   0.000       0.000    
   88   36   0.000       0.000    
   88   37  3.0354E+05   61.25    
   88   38   0.000       0.000    
   88   39   153.9       99.00    
   88   40   0.000       0.000    
   88   41   0.000       0.000    
   88   42   0.000       0.000    
   88   43   0.000       0.000    
   88   44   0.000       0.000    
   88   45   0.000       0.000    
   87   35   0.000       0.000    
   87   36   0.000       0.000    
   87   37   0.000       0.000    
   87   38   0.000       0.000    
   87   39   0.000       0.000    
   87   40   0.000       0.000    
   87   41   0.000       0.000    
   87   42   0.000       0.000    
   87   43   0.000       0.000    
   87   44   0.000       0.000    
   87   45   0.000       0.000    
   86   35   0.000       0.000    
   86   36   0.000       0.000    
   86   37   488.5       67.96    
   86   38   0.000       0.000    
   86   39   0.000       0.000    
   86   40   0.000       0.000    
   86   41   0.000       0.000    
   86   42   0.000       0.000    
   86   43   0.000       0.000    
   86   44   0.000       0.000    
   86   45   0.000       0.000    
   85   35  3.7439E+04   61.33    
   85   36  4.5655E-02   44.17    
   85   37   0.000       0.000    
   85   38   0.000       0.000    
   85   39   0.000       0.000    
   85   40   0.000       0.000    
   85   41   0.000       0.000    
   85   42   0.000       0.000    
   85   43   0.000       0.000    
   85   44   0.000       0.000    
   85   45   0.000       0.000    
   84   35   0.000       0.000    
   84   36   0.000       0.000    
   84   37   850.5       73.52    
   84   38   0.000       0.000    
   84   39   0.000       0.000    
   84   40   0.000       0.000    
   84   41   0.000       0.000    
   84   42   0.000       0.000    
   84   43   0.000       0.000    
   84   44   0.000       0.000    
   84   45   0.000       0.000    
   83   35  8.7449E+04   76.77    
   83   36   0.000       0.000    
   83   37   0.000       0.000    
   83   38   0.000       0.000    
   83   39   0.000       0.000    
   83   40   0.000       0.000    
   83   41   0.000       0.000    
   83   42   0.000       0.000    
   83   43   0.000       0.000    
   83   44   0.000       0.000    
   83   45   0.000       0.000    
   82   35  1.0819E+04   76.72    
   82   36   0.000       0.000    
   82   37   48.08       99.00    
   82   38   0.000       0.000    
   82   39   0.000       0.000    
   82   40   0.000       0.000    
   82   41   0.000       0.000    
   82   42   0.000       0.000    
   82   43   0.000       0.000    
   82   44   0.000       0.000    
   82   45   0.000       0.000    
   83   24   0.000       0.000    
   83   25   0.000       0.000    
   83   26   0.000       0.000    
   83   27   0.000       0.000    
   83   28   0.000       0.000    
   83   29   0.000       0.000    
   83   30   0.000       0.000    
   83   31   0.000       0.000    
   83   32   0.000       0.000    
   83   33   0.000       0.000    
   83   34  1.6815E+05   99.00    
   82   24   0.000       0.000    
   82   25   0.000       0.000    
   82   26   0.000       0.000    
   82   27   0.000       0.000    
   82   28   0.000       0.000    
   82   29   0.000       0.000    
   82   30   0.000       0.000    
   82   31   0.000       0.000    
   82   32   0.000       0.000    
   82   33   0.000       0.000    
   82   34   0.000       0.000    
   81   24   0.000       0.000    
   81   25   0.000       0.000    
   81   26   0.000       0.000    
   81   27   0.000       0.000    
   81   28   0.000       0.000    
   81   29   0.000       0.000    
   81   30   0.000       0.000    
   81   31   0.000       0.000    
   81   32   0.000       0.000    
   81   33  1.3410E-02   99.00    
   81   34  4.7251E+05   67.74    
   80   24   0.000       0.000    
   80   25   0.000       0.000    
   80   26   0.000       0.000    
   80   27   0.000       0.000    
   80   28   0.000       0.000    
   80   29   0.000       0.000    
   80   30   0.000       0.000    
   80   31   0.000       0.000    
   80   32  1.5032E-03   99.00    
   80   33  3.1011E-03   99.00    
   80   34   0.000       0.000    
   79   24   0.000       0.000    
   79   25   0.000       0.000    
   79   26   0.000       0.000    
   79   27   0.000       0.000    
   79   28   0.000       0.000    
   79   29   0.000       0.000    
   79   30   0.000       0.000    
   79   31   0.000       0.000    
   79   32   0.000       0.000    
   79   33  5.7521E+05   85.35    
   79   34  1.7659E-04   51.80    
   78   24   0.000       0.000    
   78   25   0.000       0.000    
   78   26   0.000       0.000    
   78   27   0.000       0.000    
   78   28   0.000       0.000    
   78   29   0.000       0.000    
   78   30   0.000       0.000    
   78   31   0.000       0.000    
   78   32   0.000       0.000    
   78   33  3.9219E+05   57.03    
   78   34   0.000       0.000    
   77   24   0.000       0.000    
   77   25   0.000       0.000    
   77   26   0.000       0.000    
   77   27   0.000       0.000    
   77   28   0.000       0.000    
   77   29   0.000       0.000    
   77   30   0.000       0.000    
   77   31   0.000       0.000    
   77   32   0.000       0.000    
   77   33   3749.       99.00    
   77   34   0.000       0.000    
   76   24   0.000       0.000    
   76   25   0.000       0.000    
   76   26   0.000       0.000    
   76   27   0.000       0.000    
   76   28   0.000       0.000    
   76   29   0.000       0.000    
   76   30   0.000       0.000    
   76   31   0.000       0.000    
   76   32   0.000       0.000    
   76   33   0.000       0.000    
   76   34   0.000       0.000    
   75   24   0.000       0.000    
   75   25   0.000       0.000    
   75   26   0.000       0.000    
   75   27   0.000       0.000    
   75   28   0.000       0.000    
   75   29   0.000       0.000    
   75   30   0.000       0.000    
   75   31  1.0639E+04   99.00    
   75   32  6.8768E+04   99.00    
   75   33   0.000       0.000    
   75   34   0.000       0.000    
   74   24   0.000       0.000    
   74   25   0.000       0.000    
   74   26   0.000       0.000    
   74   27   0.000       0.000    
   74   28   0.000       0.000    
   74   29   0.000       0.000    
   74   30   0.000       0.000    
   74   31   0.000       0.000    
   74   32   0.000       0.000    
   74   33   0.000       0.000    
   74   34   0.000       0.000    
   73   24   0.000       0.000    
   73   25   0.000       0.000    
   73   26   0.000       0.000    
   73   27   0.000       0.000    
   73   28   0.000       0.000    
   73   29   0.000       0.000    
   73   30  2.5531E-06   99.00    
   73   31  3.1085E+04   67.74    
   73   32   0.000       0.000    
   73   33   0.000       0.000    
   73   34   0.000       0.000    
   72   24   0.000       0.000    
   72   25   0.000       0.000    
   72   26   0.000       0.000    
   72   27   0.000       0.000    
   72   28   0.000       0.000    
   72   29  1.1372E-35   99.00    
   72   30   1028.       99.00    
   72   31  1.4152E+04   99.00    
   72   32   0.000       0.000    
   72   33   0.000       0.000    
   72   34   0.000       0.000    
   71   24   0.000       0.000    
   71   25   0.000       0.000    
   71   26   0.000       0.000    
   71   27   0.000       0.000    
   71   28   0.000       0.000    
   71   29   0.000       0.000    
   71   30   0.000       0.000    
   71   31   0.000       0.000    
   71   32   0.000       0.000    
   71   33   0.000       0.000    
   71   34   0.000       0.000    
   70   24   0.000       0.000    
   70   25   0.000       0.000    
   70   26   0.000       0.000    
   70   27   0.000       0.000    
   70   28   0.000       0.000    
   70   29   0.000       0.000    
   70   30   0.000       0.000    
   70   31   0.000       0.000    
   70   32   0.000       0.000    
   70   33   0.000       0.000    
   70   34   0.000       0.000    
   69   24   0.000       0.000    
   69   25   0.000       0.000    
   69   26   0.000       0.000    
   69   27   0.000       0.000    
   69   28   0.000       0.000    
   69   29   0.000       0.000    
   69   30  4.8529E+04   99.00    
   69   31   0.000       0.000    
   69   32   0.000       0.000    
   69   33   0.000       0.000    
   69   34   0.000       0.000    
   68   24   0.000       0.000    
   68   25   0.000       0.000    
   68   26   0.000       0.000    
   68   27   0.000       0.000    
   68   28  8.0217E-04   99.00    
   68   29  3.6704E-02   99.00    
   68   30   0.000       0.000    
   68   31   0.000       0.000    
   68   32   0.000       0.000    
   68   33   0.000       0.000    
   68   34   0.000       0.000    
   67   24   0.000       0.000    
   67   25   0.000       0.000    
   67   26   0.000       0.000    
   67   27   0.000       0.000    
   67   28   0.000       0.000    
   67   29   0.000       0.000    
   67   30   0.000       0.000    
   67   31   0.000       0.000    
   67   32   0.000       0.000    
   67   33   0.000       0.000    
   67   34   0.000       0.000    
   66   24   0.000       0.000    
   66   25   0.000       0.000    
   66   26   0.000       0.000    
   66   27   0.000       0.000    
   66   28   901.5       99.00    
   66   29   816.5       99.00    
   66   30   0.000       0.000    
   66   31   0.000       0.000    
   66   32   0.000       0.000    
   66   33   0.000       0.000    
   66   34   0.000       0.000    
   65   24   0.000       0.000    
   65   25   0.000       0.000    
   65   26   0.000       0.000    
   65   27   0.000       0.000    
   65   28  3.5754E+04   99.00    
   65   29   0.000       0.000    
   65   30   0.000       0.000    
   65   31   0.000       0.000    
   65   32   0.000       0.000    
   65   33   0.000       0.000    
   65   34   0.000       0.000    
   64   24   0.000       0.000    
   64   25   0.000       0.000    
   64   26   0.000       0.000    
   64   27   0.000       0.000    
   64   28   0.000       0.000    
   64   29   0.000       0.000    
   64   30   0.000       0.000    
   64   31   0.000       0.000    
   64   32   0.000       0.000    
   64   33   0.000       0.000    
   64   34   0.000       0.000    
   63   24   0.000       0.000    
   63   25   0.000       0.000    
   63   26   0.000       0.000    
   63   27   0.000       0.000    
   63   28   0.000       0.000    
   63   29   0.000       0.000    
   63   30   0.000       0.000    
   63   31   0.000       0.000    
   63   32   0.000       0.000    
   63   33   0.000       0.000    
   63   34   0.000       0.000    
   62   24   0.000       0.000    
   62   25   0.000       0.000    
   62   26   0.000       0.000    
   62   27   0.000       0.000    
   62   28   0.000       0.000    
   62   29   0.000       0.000    
   62   30   0.000       0.000    
   62   31   0.000       0.000    
   62   32   0.000       0.000    
   62   33   0.000       0.000    
   62   34   0.000       0.000    
   61   24   0.000       0.000    
   61   25   0.000       0.000    
   61   26   0.000       0.000    
   61   27   0.000       0.000    
   61   28   0.000       0.000    
   61   29   0.000       0.000    
   61   30   0.000       0.000    
   61   31   0.000       0.000    
   61   32   0.000       0.000    
   61   33   0.000       0.000    
   61   34   0.000       0.000    
   60   24   0.000       0.000    
   60   25   0.000       0.000    
   60   26  1.1196E-05   99.00    
   60   27  1.2672E-10   99.00    
   60   28   0.000       0.000    
   60   29   0.000       0.000    
   60   30   0.000       0.000    
   60   31   0.000       0.000    
   60   32   0.000       0.000    
   60   33   0.000       0.000    
   60   34   0.000       0.000    
   59   24   0.000       0.000    
   59   25   0.000       0.000    
   59   26   0.000       0.000    
   59   27   0.000       0.000    
   59   28   0.000       0.000    
   59   29   0.000       0.000    
   59   30   0.000       0.000    
   59   31   0.000       0.000    
   59   32   0.000       0.000    
   59   33   0.000       0.000    
   59   34   0.000       0.000    
   58   24   0.000       0.000    
   58   25   0.000       0.000    
   58   26   0.000       0.000    
   58   27   0.000       0.000    
   58   28   0.000       0.000    
   58   29   0.000       0.000    
   58   30   0.000       0.000    
   58   31   0.000       0.000    
   58   32   0.000       0.000    
   58   33   0.000       0.000    
   58   34   0.000       0.000    
   57   24  1.0650E-06   99.00    
   57   25   6005.       99.00    
   57   26   0.000       0.000    
   57   27   0.000       0.000    
   57   28   0.000       0.000    
   57   29   0.000       0.000    
   57   30   0.000       0.000    
   57   31   0.000       0.000    
   57   32   0.000       0.000    
   57   33   0.000       0.000    
   57   34   0.000       0.000    
   15    2   0.000       0.000    
   15    3   0.000       0.000    
   15    4   0.000       0.000    
   15    5   0.000       0.000    
   15    6   0.000       0.000    
   15    7   0.000       0.000    
   15    8  1.4491E+04   99.00    
   15    9   0.000       0.000    
   15   10   0.000       0.000    
   15   11   0.000       0.000    
   15   12   0.000       0.000    
   14    2   0.000       0.000    
   14    3   0.000       0.000    
   14    4   0.000       0.000    
   14    5   0.000       0.000    
   14    6   0.000       0.000    
   14    7   0.000       0.000    
   14    8   0.000       0.000    
   14    9   0.000       0.000    
   14   10   0.000       0.000    
   14   11   0.000       0.000    
   14   12   0.000       0.000    
   13    2   0.000       0.000    
   13    3   0.000       0.000    
   13    4   0.000       0.000    
   13    5   0.000       0.000    
   13    6   0.000       0.000    
   13    7   0.000       0.000    
   13    8   0.000       0.000    
   13    9   0.000       0.000    
   13   10   0.000       0.000    
   13   11   0.000       0.000    
   13   12   0.000       0.000    
   12    2   0.000       0.000    
   12    3   0.000       0.000    
   12    4   0.000       0.000    
   12    5   0.000       0.000    
   12    6   0.000       0.000    
   12    7   0.000       0.000    
   12    8   0.000       0.000    
   12    9   0.000       0.000    
   12   10   0.000       0.000    
   12   11   0.000       0.000    
   12   12   0.000       0.000    
   11    2   0.000       0.000    
   11    3   0.000       0.000    
   11    4   0.000       0.000    
   11    5   0.000       0.000    
   11    6  9.5888E+05   35.35    
   11    7   0.000       0.000    
   11    8   0.000       0.000    
   11    9   0.000       0.000    
   11   10   0.000       0.000    
   11   11   0.000       0.000    
   11   12   0.000       0.000    
   10    2   0.000       0.000    
   10    3   0.000       0.000    
   10    4  4.5825E-06   99.00    
   10    5   0.000       0.000    
   10    6  1.9946E-08   99.00    
   10    7   0.000       0.000    
   10    8   0.000       0.000    
   10    9   0.000       0.000    
   10   10   0.000       0.000    
   10   11   0.000       0.000    
   10   12   0.000       0.000    
    9    2   0.000       0.000    
    9    3   0.000       0.000    
    9    4   0.000       0.000    
    9    5   0.000       0.000    
    9    6   0.000       0.000    
    9    7   0.000       0.000    
    9    8   0.000       0.000    
    9    9   0.000       0.000    
    9   10   0.000       0.000    
    9   11   0.000       0.000    
    9   12   0.000       0.000    
    8    2   0.000       0.000    
    8    3   0.000       0.000    
    8    4   0.000       0.000    
    8    5   0.000       0.000    
    8    6   0.000       0.000    
    8    7   0.000       0.000    
    8    8   0.000       0.000    
    8    9   0.000       0.000    
    8   10   0.000       0.000    
    8   11   0.000       0.000    
    8   12   0.000       0.000    
    7    2   0.000       0.000    
    7    3   0.000       0.000    
    7    4   743.0       42.75    
    7    5   0.000       0.000    
    7    6   0.000       0.000    
    7    7   0.000       0.000    
    7    8   0.000       0.000    
    7    9   0.000       0.000    
    7   10   0.000       0.000    
    7   11   0.000       0.000    
    7   12   0.000       0.000    
    3    1   4290.       3.823    
# A/Z/m Isomers:
   60   27    1  7.6659E-06   99.00    
   72   31    1   32.34       99.00    
   73   32    1  3.0920E+04   67.74    
   73   32    2  3.0527E+04   67.74    
   75   33    1  2.6033E-02   99.00    
   77   34    1   11.63       99.00    
   79   34    1  9.9867E+05   69.84    
   81   34    1  6.2061E+04   92.30    
   81   35    1   31.30       92.30    
   82   35    1  6.2593E+05   76.72    
   82   37    1  1.4571E+04   99.00    
   83   36    1   8618.       85.30    
   84   37    1  5.8907E+05   99.00    
   85   36    1  4.3911E+04   45.10    
   85   37    1  1.9815E-04   44.17    
   89   39    1  4.1378E-02   84.51    
   91   39    1  2.4382E+05   99.00    
   95   41    1  1.5153E-02   65.23    
   97   41    1   5282.       99.00    
   97   43    1   60.77       99.00    
   99   42    1  5.8518E-12   99.00    
   99   43    1   413.7       62.90    
  103   45    1  4.2939E+04   99.00    
  105   45    1  2.9868E+04   44.43    
  107   45    1   3232.       99.00    
  111   47    1   111.7       99.00    
  117   50    1  0.6425       99.00    
  162   67    1  5.8048E+04   99.00    
  168   71    1  8.4070E+05   85.71    
  169   70    1   7188.       34.39    
  169   71    1  1.1574E+05   67.47    
  170   71    1   307.0       7.670    
  171   70    1  1.0444E+04   44.82    
  171   71    1   613.3       94.50    
  171   72    1  4.4562E-02   13.68    
  172   71    1  3.4850E+05   62.63    
  172   71    2   204.4       3.333    
  173   71    1  8.5504E+05   8.021    
  174   70    1  0.6821       99.00    
  174   71    1   110.0       99.00    
  175   71    1   19.03       11.87    
  175   72    1  1.4538E+06   1.555    
  177   73    1  5.6548E+08   1.089    
  178   72    1  2.3143E+07   5.342    
  178   73    1  3.8866E+07   18.17    
  179   72    1  5.3835E-08   66.89    
  179   73    1  3.3810E+09  0.6271    
  179   74    1  1.7211E+09   1.046    
  181   73    1  5.5090E+05   1.165    
  181   73    2   777.0       86.96    
  181   74    1  1.1822E+08  0.7444    
  182   72    1  3.4154E+04   99.00    
  182   73    1  4.5046E+06   30.04    
  182   73    2  4.5025E+06   30.04    
  182   75    1  9.6614E+07  0.5805    
  183   74    1  4.0117E+04   2.964    
  184   74    1  2.9743E+06   4.433    
  184   75    1  2.4800E+04   4.582    
  185   74    1  2.4524E+06   3.727    
  186   75    1  1.5792E-03   36.01    
