  **** 20tungsten1p27_67.rnc ****


  Total primaries run:       100000000

    Total weight of the primaries run:   9.20230588E+16


  Beam intensity  :   9.99999987E+14  pr/s

  Irradiation time:   300.000000      s

  Decay time      :   21600.0000      s

  Detector n:            1   col17     
     (Region          18  Volume:     5.00000000      cmc,
      distr. type  :           3    ,
      Z_max:          78 , N-Z_max:          42 , N-Z_min:          -4 )

     Tot. response (Bq/cmc)   1.10017677E+09   +/-  0.496719867      %
     ( --> Bq                 5.50088397E+09   +/-  0.496719867      % )



  **** Residual nuclei distribution  **** ****           (Bq/cmc)            ****



  A \ Z   68         69         70         71         72         73         74         75         76         77         78
 187   0.00E+00   0.00E+00   0.00E+00   0.00E+00   0.00E+00   0.00E+00   1.82E+07   0.00E+00   0.00E+00   0.00E+00   0.00E+00
      +/- 0.0 %  +/- 0.0 %  +/- 0.0 %  +/- 0.0 %  +/- 0.0 %  +/- 0.0 %  +/- 1.6 %  +/- 0.0 %  +/- 0.0 %  +/- 0.0 %  +/- 0.0 %
 186   0.00E+00   0.00E+00   0.00E+00   0.00E+00   0.00E+00   2.10E-04   0.00E+00   8.48E+05   0.00E+00   0.00E+00   0.00E+00
      +/- 0.0 %  +/- 0.0 %  +/- 0.0 %  +/- 0.0 %  +/- 0.0 %  +/-48.7 %  +/- 0.0 %  +/- 6.7 %  +/- 0.0 %  +/- 0.0 %  +/- 0.0 %
 185   0.00E+00   0.00E+00   0.00E+00   0.00E+00   0.00E+00   3.30E+05   6.03E+05   0.00E+00   0.00E+00   0.00E+00   0.00E+00
      +/- 0.0 %  +/- 0.0 %  +/- 0.0 %  +/- 0.0 %  +/- 0.0 %  +/- 2.9 %  +/- 0.5 %  +/- 0.0 %  +/- 0.0 %  +/- 0.0 %  +/- 0.0 %
 184   0.00E+00   0.00E+00   0.00E+00   0.00E+00   0.00E+00   1.75E+06   0.00E+00   8.23E+05   0.00E+00   0.00E+00   0.00E+00
      +/- 0.0 %  +/- 0.0 %  +/- 0.0 %  +/- 0.0 %  +/- 0.0 %  +/-12.2 %  +/- 0.0 %  +/- 1.1 %  +/- 0.0 %  +/- 0.0 %  +/- 0.0 %
 183   0.00E+00   0.00E+00   0.00E+00   0.00E+00   4.87E+03   6.28E+05   0.00E+00   9.48E+05   0.00E+00   0.00E+00   0.00E+00
      +/- 0.0 %  +/- 0.0 %  +/- 0.0 %  +/- 0.0 %  +/-99.0 %  +/- 3.5 %  +/- 0.0 %  +/- 1.4 %  +/- 0.0 %  +/- 0.0 %  +/- 0.0 %
 182   0.00E+00   0.00E+00   0.00E+00   0.00E+00   1.80E-05   3.11E+04   0.00E+00   9.11E+06   0.00E+00   0.00E+00   0.00E+00
      +/- 0.0 %  +/- 0.0 %  +/- 0.0 %  +/- 0.0 %  +/-38.9 %  +/- 3.9 %  +/- 0.0 %  +/- 1.5 %  +/- 0.0 %  +/- 0.0 %  +/- 0.0 %
 181   0.00E+00   0.00E+00   0.00E+00   0.00E+00   8.16E+02   0.00E+00   9.96E+05   1.24E+08   0.00E+00   0.00E+00   0.00E+00
      +/- 0.0 %  +/- 0.0 %  +/- 0.0 %  +/- 0.0 %  +/-43.0 %  +/- 0.0 %  +/- 0.9 %  +/- 0.7 %  +/- 0.0 %  +/- 0.0 %  +/- 0.0 %
 180   0.00E+00   0.00E+00   0.00E+00   0.00E+00   0.00E+00   4.59E+06   0.00E+00   3.46E-34   0.00E+00   0.00E+00   0.00E+00
      +/- 0.0 %  +/- 0.0 %  +/- 0.0 %  +/- 0.0 %  +/- 0.0 %  +/-10.1 %  +/- 0.0 %  +/- 0.7 %  +/- 0.0 %  +/- 0.0 %  +/- 0.0 %
 179   0.00E+00   0.00E+00   0.00E+00   0.00E+00   0.00E+00   2.95E+05   1.56E+07   2.42E+04   0.00E+00   0.00E+00   0.00E+00
      +/- 0.0 %  +/- 0.0 %  +/- 0.0 %  +/- 0.0 %  +/- 0.0 %  +/- 0.6 %  +/- 0.6 %  +/- 0.6 %  +/- 0.0 %  +/- 0.0 %  +/- 0.0 %
 178   0.00E+00   0.00E+00   0.00E+00   0.00E+00   0.00E+00   4.08E+06   6.69E+06   5.20E+01   0.00E+00   0.00E+00   0.00E+00
      +/- 0.0 %  +/- 0.0 %  +/- 0.0 %  +/- 0.0 %  +/- 0.0 %  +/- 4.5 %  +/- 1.1 %  +/- 1.2 %  +/- 0.0 %  +/- 0.0 %  +/- 0.0 %
 177   0.00E+00   0.00E+00   0.00E+00   0.00E+00   0.00E+00   3.90E+07   1.94E+08   1.29E+02   0.00E+00   0.00E+00   0.00E+00
      +/- 0.0 %  +/- 0.0 %  +/- 0.0 %  +/- 0.0 %  +/- 0.0 %  +/- 1.2 %  +/- 1.2 %  +/- 0.6 %  +/- 0.0 %  +/- 0.0 %  +/- 0.0 %
 176   0.00E+00   0.00E+00   0.00E+00   0.00E+00   0.00E+00   1.16E+08   1.15E+08   2.76E-11   0.00E+00   0.00E+00   0.00E+00
      +/- 0.0 %  +/- 0.0 %  +/- 0.0 %  +/- 0.0 %  +/- 0.0 %  +/- 0.9 %  +/- 1.4 %  +/- 2.0 %  +/- 0.0 %  +/- 0.0 %  +/- 0.0 %
 175   0.00E+00   0.00E+00   0.00E+00   0.00E+00   1.45E+05   5.37E+07   1.04E+06   1.41E-09   0.00E+00   0.00E+00   0.00E+00
      +/- 0.0 %  +/- 0.0 %  +/- 0.0 %  +/- 0.0 %  +/- 1.4 %  +/- 1.2 %  +/- 1.2 %  +/- 1.4 %  +/- 0.0 %  +/- 0.0 %  +/- 0.0 %
 174   0.00E+00   0.00E+00   0.00E+00   1.25E+01   0.00E+00   1.13E+07   2.07E+05   9.30E-37   0.00E+00   0.00E+00   0.00E+00
      +/- 0.0 %  +/- 0.0 %  +/- 0.0 %  +/-99.0 %  +/- 0.0 %  +/- 4.2 %  +/- 5.2 %  +/- 3.3 %  +/- 0.0 %  +/- 0.0 %  +/- 0.0 %
 173   0.00E+00   0.00E+00   0.00E+00   1.18E+03   4.70E+06   1.28E+07   1.43E-06   0.00E+00   0.00E+00   0.00E+00   0.00E+00
      +/- 0.0 %  +/- 0.0 %  +/- 0.0 %  +/- 6.1 %  +/- 4.4 %  +/- 4.7 %  +/- 5.3 %  +/- 0.0 %  +/- 0.0 %  +/- 0.0 %  +/- 0.0 %
 172   0.00E+00   0.00E+00   0.00E+00   8.69E+03   4.18E+03   1.02E+05   9.70E-10   0.00E+00   0.00E+00   0.00E+00   0.00E+00
      +/- 0.0 %  +/- 0.0 %  +/- 0.0 %  +/-40.0 %  +/- 8.2 %  +/- 9.7 %  +/-10.9 %  +/- 0.0 %  +/- 0.0 %  +/- 0.0 %  +/- 0.0 %
 171   0.00E+00   0.00E+00   0.00E+00   5.00E+04   1.91E+06   1.39E+03   3.47E-40   0.00E+00   0.00E+00   0.00E+00   0.00E+00
      +/- 0.0 %  +/- 0.0 %  +/- 0.0 %  +/-14.9 %  +/-14.7 %  +/-12.6 %  +/-99.0 %  +/- 0.0 %  +/- 0.0 %  +/- 0.0 %  +/- 0.0 %
 170   0.00E+00   0.00E+00   0.00E+00   4.42E+04   1.82E+05   1.31E-09   0.00E+00   0.00E+00   0.00E+00   0.00E+00   0.00E+00
      +/- 0.0 %  +/- 0.0 %  +/- 0.0 %  +/-27.4 %  +/-26.7 %  +/-28.4 %  +/- 0.0 %  +/- 0.0 %  +/- 0.0 %  +/- 0.0 %  +/- 0.0 %
 169   0.00E+00   0.00E+00   5.45E+02   7.47E+04   3.09E-27   0.00E+00   0.00E+00   0.00E+00   0.00E+00   0.00E+00   0.00E+00
      +/- 0.0 %  +/- 0.0 %  +/-28.2 %  +/-14.2 %  +/-49.5 %  +/- 0.0 %  +/- 0.0 %  +/- 0.0 %  +/- 0.0 %  +/- 0.0 %  +/- 0.0 %
 168   0.00E+00   0.00E+00   0.00E+00   1.39E-11   0.00E+00   0.00E+00   0.00E+00   0.00E+00   0.00E+00   0.00E+00   0.00E+00
      +/- 0.0 %  +/- 0.0 %  +/- 0.0 %  +/-54.8 %  +/- 0.0 %  +/- 0.0 %  +/- 0.0 %  +/- 0.0 %  +/- 0.0 %  +/- 0.0 %  +/- 0.0 %
 167   0.00E+00   3.62E+03   4.72E+03   3.11E+03   0.00E+00   0.00E+00   0.00E+00   0.00E+00   0.00E+00   0.00E+00   0.00E+00
      +/- 0.0 %  +/-61.9 %  +/-71.0 %  +/-71.0 %  +/- 0.0 %  +/- 0.0 %  +/- 0.0 %  +/- 0.0 %  +/- 0.0 %  +/- 0.0 %  +/- 0.0 %
 166   0.00E+00   7.69E+03   0.00E+00   0.00E+00   0.00E+00   0.00E+00   0.00E+00   0.00E+00   0.00E+00   0.00E+00   0.00E+00
      +/- 0.0 %  +/-99.0 %  +/- 0.0 %  +/- 0.0 %  +/- 0.0 %  +/- 0.0 %  +/- 0.0 %  +/- 0.0 %  +/- 0.0 %  +/- 0.0 %  +/- 0.0 %
 165   9.92E+02   2.79E+03   0.00E+00   0.00E+00   0.00E+00   0.00E+00   0.00E+00   0.00E+00   0.00E+00   0.00E+00   0.00E+00
      +/-99.0 %  +/-99.0 %  +/- 0.0 %  +/- 0.0 %  +/- 0.0 %  +/- 0.0 %  +/- 0.0 %  +/- 0.0 %  +/- 0.0 %  +/- 0.0 %  +/- 0.0 %

  A \ Z   57         58         59         60         61         62         63         64         65         66         67
 162   0.00E+00   0.00E+00   0.00E+00   0.00E+00   0.00E+00   0.00E+00   0.00E+00   0.00E+00   0.00E+00   0.00E+00   3.33E+03
      +/- 0.0 %  +/- 0.0 %  +/- 0.0 %  +/- 0.0 %  +/- 0.0 %  +/- 0.0 %  +/- 0.0 %  +/- 0.0 %  +/- 0.0 %  +/- 0.0 %  +/-99.0 %

  A \ Z   46         47         48         49         50         51         52         53         54         55         56
 121   0.00E+00   0.00E+00   0.00E+00   0.00E+00   2.14E+03   0.00E+00   0.00E+00   0.00E+00   0.00E+00   0.00E+00   0.00E+00
      +/- 0.0 %  +/- 0.0 %  +/- 0.0 %  +/- 0.0 %  +/-99.0 %  +/- 0.0 %  +/- 0.0 %  +/- 0.0 %  +/- 0.0 %  +/- 0.0 %  +/- 0.0 %
 111   0.00E+00   1.98E+03   0.00E+00   0.00E+00   0.00E+00   0.00E+00   0.00E+00   0.00E+00   0.00E+00   0.00E+00   0.00E+00
      +/- 0.0 %  +/-99.0 %  +/- 0.0 %  +/- 0.0 %  +/- 0.0 %  +/- 0.0 %  +/- 0.0 %  +/- 0.0 %  +/- 0.0 %  +/- 0.0 %  +/- 0.0 %

  A \ Z   35         36         37         38         39         40         41         42         43         44         45
 106   0.00E+00   0.00E+00   0.00E+00   0.00E+00   0.00E+00   0.00E+00   0.00E+00   0.00E+00   0.00E+00   5.34E+00   5.34E+00
      +/- 0.0 %  +/- 0.0 %  +/- 0.0 %  +/- 0.0 %  +/- 0.0 %  +/- 0.0 %  +/- 0.0 %  +/- 0.0 %  +/- 0.0 %  +/-99.0 %  +/-99.0 %
 105   0.00E+00   0.00E+00   0.00E+00   0.00E+00   0.00E+00   0.00E+00   0.00E+00   0.00E+00   0.00E+00   3.45E+04   8.55E+03
      +/- 0.0 %  +/- 0.0 %  +/- 0.0 %  +/- 0.0 %  +/- 0.0 %  +/- 0.0 %  +/- 0.0 %  +/- 0.0 %  +/- 0.0 %  +/-99.0 %  +/-72.2 %
 104   0.00E+00   0.00E+00   0.00E+00   0.00E+00   0.00E+00   0.00E+00   0.00E+00   0.00E+00   2.39E-01   0.00E+00   0.00E+00
      +/- 0.0 %  +/- 0.0 %  +/- 0.0 %  +/- 0.0 %  +/- 0.0 %  +/- 0.0 %  +/- 0.0 %  +/- 0.0 %  +/-99.0 %  +/- 0.0 %  +/- 0.0 %
 101   0.00E+00   0.00E+00   0.00E+00   0.00E+00   0.00E+00   0.00E+00   0.00E+00   0.00E+00   5.63E-04   0.00E+00   0.00E+00
      +/- 0.0 %  +/- 0.0 %  +/- 0.0 %  +/- 0.0 %  +/- 0.0 %  +/- 0.0 %  +/- 0.0 %  +/- 0.0 %  +/-99.0 %  +/- 0.0 %  +/- 0.0 %
  99   0.00E+00   0.00E+00   0.00E+00   0.00E+00   0.00E+00   0.00E+00   0.00E+00   3.25E+03   2.36E-05   0.00E+00   0.00E+00
      +/- 0.0 %  +/- 0.0 %  +/- 0.0 %  +/- 0.0 %  +/- 0.0 %  +/- 0.0 %  +/- 0.0 %  +/-99.0 %  +/-99.0 %  +/- 0.0 %  +/- 0.0 %
  97   0.00E+00   0.00E+00   0.00E+00   0.00E+00   0.00E+00   0.00E+00   1.09E+03   0.00E+00   0.00E+00   0.00E+00   0.00E+00
      +/- 0.0 %  +/- 0.0 %  +/- 0.0 %  +/- 0.0 %  +/- 0.0 %  +/- 0.0 %  +/-99.0 %  +/- 0.0 %  +/- 0.0 %  +/- 0.0 %  +/- 0.0 %
  96   0.00E+00   0.00E+00   0.00E+00   0.00E+00   0.00E+00   0.00E+00   2.52E+03   0.00E+00   0.00E+00   0.00E+00   0.00E+00
      +/- 0.0 %  +/- 0.0 %  +/- 0.0 %  +/- 0.0 %  +/- 0.0 %  +/- 0.0 %  +/-99.0 %  +/- 0.0 %  +/- 0.0 %  +/- 0.0 %  +/- 0.0 %
  95   0.00E+00   0.00E+00   0.00E+00   0.00E+00   2.04E-05   2.36E+02   4.06E+01   0.00E+00   0.00E+00   0.00E+00   0.00E+00
      +/- 0.0 %  +/- 0.0 %  +/- 0.0 %  +/- 0.0 %  +/-99.0 %  +/-44.5 %  +/-60.9 %  +/- 0.0 %  +/- 0.0 %  +/- 0.0 %  +/- 0.0 %
  94   0.00E+00   0.00E+00   0.00E+00   0.00E+00   1.34E+00   0.00E+00   0.00E+00   0.00E+00   0.00E+00   0.00E+00   0.00E+00
      +/- 0.0 %  +/- 0.0 %  +/- 0.0 %  +/- 0.0 %  +/-99.0 %  +/- 0.0 %  +/- 0.0 %  +/- 0.0 %  +/- 0.0 %  +/- 0.0 %  +/- 0.0 %
  93   0.00E+00   0.00E+00   0.00E+00   1.39E-09   5.46E+03   4.32E-05   0.00E+00   0.00E+00   0.00E+00   0.00E+00   0.00E+00
      +/- 0.0 %  +/- 0.0 %  +/- 0.0 %  +/-99.0 %  +/-99.0 %  +/-79.7 %  +/- 0.0 %  +/- 0.0 %  +/- 0.0 %  +/- 0.0 %  +/- 0.0 %
  91   0.00E+00   0.00E+00   0.00E+00   0.00E+00   1.43E+02   0.00E+00   0.00E+00   0.00E+00   0.00E+00   0.00E+00   0.00E+00
      +/- 0.0 %  +/- 0.0 %  +/- 0.0 %  +/- 0.0 %  +/-62.3 %  +/- 0.0 %  +/- 0.0 %  +/- 0.0 %  +/- 0.0 %  +/- 0.0 %  +/- 0.0 %
  90   0.00E+00   0.00E+00   4.44E-22   5.68E-01   1.56E+03   0.00E+00   0.00E+00   0.00E+00   0.00E+00   0.00E+00   0.00E+00
      +/- 0.0 %  +/- 0.0 %  +/-99.0 %  +/-61.3 %  +/-99.0 %  +/- 0.0 %  +/- 0.0 %  +/- 0.0 %  +/- 0.0 %  +/- 0.0 %  +/- 0.0 %
  89   0.00E+00   0.00E+00   2.07E-02   2.36E+02   0.00E+00   0.00E+00   0.00E+00   0.00E+00   0.00E+00   0.00E+00   0.00E+00
      +/- 0.0 %  +/- 0.0 %  +/-99.0 %  +/-48.0 %  +/- 0.0 %  +/- 0.0 %  +/- 0.0 %  +/- 0.0 %  +/- 0.0 %  +/- 0.0 %  +/- 0.0 %
  88   0.00E+00   5.59E+03   6.24E+03   0.00E+00   2.86E+01   0.00E+00   0.00E+00   0.00E+00   0.00E+00   0.00E+00   0.00E+00
      +/- 0.0 %  +/-99.0 %  +/-99.0 %  +/- 0.0 %  +/-99.0 %  +/- 0.0 %  +/- 0.0 %  +/- 0.0 %  +/- 0.0 %  +/- 0.0 %  +/- 0.0 %
  84   1.47E+02   0.00E+00   0.00E+00   0.00E+00   0.00E+00   0.00E+00   0.00E+00   0.00E+00   0.00E+00   0.00E+00   0.00E+00
      +/-65.4 %  +/- 0.0 %  +/- 0.0 %  +/- 0.0 %  +/- 0.0 %  +/- 0.0 %  +/- 0.0 %  +/- 0.0 %  +/- 0.0 %  +/- 0.0 %  +/- 0.0 %
  83   2.01E+04   0.00E+00   3.30E+01   0.00E+00   0.00E+00   0.00E+00   0.00E+00   0.00E+00   0.00E+00   0.00E+00   0.00E+00
      +/-48.4 %  +/- 0.0 %  +/-99.0 %  +/- 0.0 %  +/- 0.0 %  +/- 0.0 %  +/- 0.0 %  +/- 0.0 %  +/- 0.0 %  +/- 0.0 %  +/- 0.0 %
  82   1.64E+04   0.00E+00   2.21E+01   0.00E+00   0.00E+00   0.00E+00   0.00E+00   0.00E+00   0.00E+00   0.00E+00   0.00E+00
      +/-73.9 %  +/- 0.0 %  +/-99.0 %  +/- 0.0 %  +/- 0.0 %  +/- 0.0 %  +/- 0.0 %  +/- 0.0 %  +/- 0.0 %  +/- 0.0 %  +/- 0.0 %

  A \ Z   24         25         26         27         28         29         30         31         32         33         34
  78   0.00E+00   0.00E+00   0.00E+00   0.00E+00   0.00E+00   0.00E+00   0.00E+00   0.00E+00   0.00E+00   2.54E+03   0.00E+00
      +/- 0.0 %  +/- 0.0 %  +/- 0.0 %  +/- 0.0 %  +/- 0.0 %  +/- 0.0 %  +/- 0.0 %  +/- 0.0 %  +/- 0.0 %  +/-99.0 %  +/- 0.0 %
  74   0.00E+00   0.00E+00   0.00E+00   0.00E+00   0.00E+00   0.00E+00   0.00E+00   3.28E-08   0.00E+00   0.00E+00   0.00E+00
      +/- 0.0 %  +/- 0.0 %  +/- 0.0 %  +/- 0.0 %  +/- 0.0 %  +/- 0.0 %  +/- 0.0 %  +/-99.0 %  +/- 0.0 %  +/- 0.0 %  +/- 0.0 %
  73   0.00E+00   0.00E+00   0.00E+00   0.00E+00   0.00E+00   0.00E+00   0.00E+00   7.68E+04   0.00E+00   0.00E+00   0.00E+00
      +/- 0.0 %  +/- 0.0 %  +/- 0.0 %  +/- 0.0 %  +/- 0.0 %  +/- 0.0 %  +/- 0.0 %  +/-61.8 %  +/- 0.0 %  +/- 0.0 %  +/- 0.0 %
  69   0.00E+00   0.00E+00   0.00E+00   0.00E+00   0.00E+00   1.07E-32   1.14E+03   0.00E+00   0.00E+00   0.00E+00   0.00E+00
      +/- 0.0 %  +/- 0.0 %  +/- 0.0 %  +/- 0.0 %  +/- 0.0 %  +/-99.0 %  +/-99.0 %  +/- 0.0 %  +/- 0.0 %  +/- 0.0 %  +/- 0.0 %
  65   0.00E+00   0.00E+00   0.00E+00   0.00E+00   2.73E+04   0.00E+00   0.00E+00   0.00E+00   0.00E+00   0.00E+00   0.00E+00
      +/- 0.0 %  +/- 0.0 %  +/- 0.0 %  +/- 0.0 %  +/-99.0 %  +/- 0.0 %  +/- 0.0 %  +/- 0.0 %  +/- 0.0 %  +/- 0.0 %  +/- 0.0 %
  56   1.80E-15   3.27E+01   0.00E+00   0.00E+00   0.00E+00   0.00E+00   0.00E+00   0.00E+00   0.00E+00   0.00E+00   0.00E+00
      +/-99.0 %  +/-99.0 %  +/- 0.0 %  +/- 0.0 %  +/- 0.0 %  +/- 0.0 %  +/- 0.0 %  +/- 0.0 %  +/- 0.0 %  +/- 0.0 %  +/- 0.0 %

  A \ Z   13         14         15         16         17         18         19         20         21         22         23

  A \ Z    2          3          4          5          6          7          8          9         10         11         12
  14   0.00E+00   0.00E+00   0.00E+00   0.00E+00   2.76E-03   0.00E+00   0.00E+00   0.00E+00   0.00E+00   0.00E+00   0.00E+00
      +/- 0.0 %  +/- 0.0 %  +/- 0.0 %  +/- 0.0 %  +/-61.9 %  +/- 0.0 %  +/- 0.0 %  +/- 0.0 %  +/- 0.0 %  +/- 0.0 %  +/- 0.0 %
  13   0.00E+00   0.00E+00   0.00E+00   0.00E+00   0.00E+00   2.81E-05   0.00E+00   0.00E+00   0.00E+00   0.00E+00   0.00E+00
      +/- 0.0 %  +/- 0.0 %  +/- 0.0 %  +/- 0.0 %  +/- 0.0 %  +/-65.9 %  +/- 0.0 %  +/- 0.0 %  +/- 0.0 %  +/- 0.0 %  +/- 0.0 %
  11   0.00E+00   0.00E+00   0.00E+00   0.00E+00   1.91E+00   0.00E+00   0.00E+00   0.00E+00   0.00E+00   0.00E+00   0.00E+00
      +/- 0.0 %  +/- 0.0 %  +/- 0.0 %  +/- 0.0 %  +/-62.0 %  +/- 0.0 %  +/- 0.0 %  +/- 0.0 %  +/- 0.0 %  +/- 0.0 %  +/- 0.0 %
  10   0.00E+00   0.00E+00   1.36E-06   0.00E+00   0.00E+00   0.00E+00   0.00E+00   0.00E+00   0.00E+00   0.00E+00   0.00E+00
      +/- 0.0 %  +/- 0.0 %  +/-99.0 %  +/- 0.0 %  +/- 0.0 %  +/- 0.0 %  +/- 0.0 %  +/- 0.0 %  +/- 0.0 %  +/- 0.0 %  +/- 0.0 %
   7   0.00E+00   0.00E+00   5.70E+02   0.00E+00   0.00E+00   0.00E+00   0.00E+00   0.00E+00   0.00E+00   0.00E+00   0.00E+00
      +/- 0.0 %  +/- 0.0 %  +/-57.6 %  +/- 0.0 %  +/- 0.0 %  +/- 0.0 %  +/- 0.0 %  +/- 0.0 %  +/- 0.0 %  +/- 0.0 %  +/- 0.0 %

  A \ Z    1
   3   4.31E+03
      +/- 2.9 %


  **** Isomers (Bq/cmc)     ****
      A        Z       mth
       73      32       1    7.64E+04 +/- 61.8 %
       73      32       2    7.55E+04 +/- 61.8 %
       82      35       1    1.04E-11 +/- 73.9 %
       82      37       1    6.70E+03 +/- 99.0 %
       83      36       1    3.58E+04 +/- 48.4 %
       89      39       1    2.27E-02 +/- 48.0 %
       90      37       1    6.62E-21 +/- 99.0 %
       91      39       1    7.92E+02 +/- 92.5 %
       93      39       1    4.63E-10 +/- 99.0 %
       95      41       1    8.21E+03 +/- 63.8 %
       99      43       1    7.83E+03 +/- 99.0 %
      105      45       1    9.93E+03 +/- 99.0 %
      121      50       1    2.43E-02 +/- 99.0 %
      162      67       1    4.17E+03 +/- 99.0 %
      167      68       1    3.56E+03 +/- 61.9 %
      167      69       1    3.39E+03 +/- 71.0 %
      168      71       1    3.10E-10 +/- 54.8 %
      169      70       1    7.10E+03 +/- 14.2 %
      169      71       1    8.91E-28 +/- 49.5 %
      170      71       1    1.81E+02 +/- 26.7 %
      171      70       1    4.68E+04 +/- 14.9 %
      172      71       1    4.18E+03 +/-  8.2 %
      172      71       2    4.70E+02 +/-  8.2 %
      173      71       1    4.69E+06 +/-  4.4 %
      174      70       1    4.65E-01 +/- 99.0 %
      174      71       1    7.49E+01 +/- 99.0 %
      175      71       1    3.33E+02 +/-  1.4 %
      175      72       1    3.18E+06 +/-  1.2 %
      177      73       1    1.44E+08 +/-  1.2 %
      178      72       1    4.08E+06 +/-  4.5 %
      178      73       1    6.70E+06 +/-  1.1 %
      179      73       1    1.54E+07 +/-  0.6 %
      179      74       1    9.71E+03 +/-  0.6 %
      181      73       1    7.36E+05 +/-  0.9 %
      181      73       2    7.55E+02 +/- 43.0 %
      181      74       1    1.01E+08 +/-  0.7 %
      182      72       1    1.18E+03 +/- 99.0 %
      182      73       1    1.84E+02 +/- 99.0 %
      182      73       2    1.58E+02 +/- 99.0 %
      182      75       1    7.75E+07 +/-  1.5 %
      183      74       1    3.87E+04 +/-  3.5 %
      184      74       1    1.70E+06 +/- 12.2 %
      184      75       1    2.73E+04 +/-  6.4 %
      186      75       1    9.05E-04 +/- 28.6 %

