# Detector n:     1  
cool2     
# A/Z Isotopes:
  188   68   0.000       0.000    
  188   69   0.000       0.000    
  188   70   0.000       0.000    
  188   71   0.000       0.000    
  188   72   0.000       0.000    
  188   73   0.000       0.000    
  188   74   0.000       0.000    
  188   75  2.0441E-08   99.00    
  188   76   0.000       0.000    
  188   77   0.000       0.000    
  188   78   0.000       0.000    
  187   68   0.000       0.000    
  187   69   0.000       0.000    
  187   70   0.000       0.000    
  187   71   0.000       0.000    
  187   72   0.000       0.000    
  187   73   0.000       0.000    
  187   74  2.7799E-05   1.586    
  187   75   0.000       0.000    
  187   76   0.000       0.000    
  187   77   0.000       0.000    
  187   78   0.000       0.000    
  186   68   0.000       0.000    
  186   69   0.000       0.000    
  186   70   0.000       0.000    
  186   71   0.000       0.000    
  186   72   0.000       0.000    
  186   73  8.5596E-06   14.16    
  186   74   0.000       0.000    
  186   75  3.6870E-06   3.352    
  186   76   0.000       0.000    
  186   77   0.000       0.000    
  186   78   0.000       0.000    
  185   68   0.000       0.000    
  185   69   0.000       0.000    
  185   70   0.000       0.000    
  185   71   0.000       0.000    
  185   72   0.000       0.000    
  185   73  1.7726E-04   5.000    
  185   74  2.6581E-06  0.6214    
  185   75   0.000       0.000    
  185   76   0.000       0.000    
  185   77   0.000       0.000    
  185   78   0.000       0.000    
  184   68   0.000       0.000    
  184   69   0.000       0.000    
  184   70   0.000       0.000    
  184   71   0.000       0.000    
  184   72  3.2172E-07   46.77    
  184   73  1.3633E-05   6.895    
  184   74   0.000       0.000    
  184   75  3.6407E-06  0.5716    
  184   76   0.000       0.000    
  184   77   0.000       0.000    
  184   78   0.000       0.000    
  183   68   0.000       0.000    
  183   69   0.000       0.000    
  183   70   0.000       0.000    
  183   71   0.000       0.000    
  183   72  1.0755E-06   46.77    
  183   73  2.9345E-06   3.905    
  183   74   0.000       0.000    
  183   75  4.1967E-06  0.7871    
  183   76   0.000       0.000    
  183   77   0.000       0.000    
  183   78   0.000       0.000    
  182   68   0.000       0.000    
  182   69   0.000       0.000    
  182   70   0.000       0.000    
  182   71   0.000       0.000    
  182   72  2.3084E-17   43.87    
  182   73  1.2694E-07   3.099    
  182   74   0.000       0.000    
  182   75  4.3412E-05   1.069    
  182   76   0.000       0.000    
  182   77   0.000       0.000    
  182   78   0.000       0.000    
  181   68   0.000       0.000    
  181   69   0.000       0.000    
  181   70   0.000       0.000    
  181   71   0.000       0.000    
  181   72  1.7341E-09   44.72    
  181   73   0.000       0.000    
  181   74  3.5745E-06  0.6031    
  181   75  6.5936E-04  0.3444    
  181   76   0.000       0.000    
  181   77   0.000       0.000    
  181   78   0.000       0.000    
  180   68   0.000       0.000    
  180   69   0.000       0.000    
  180   70   0.000       0.000    
  180   71   0.000       0.000    
  180   72   0.000       0.000    
  180   73  3.5930E-05   2.133    
  180   74   0.000       0.000    
  180   75  1.0887E-03  0.4996    
  180   76   0.000       0.000    
  180   77   0.000       0.000    
  180   78   0.000       0.000    
  179   68   0.000       0.000    
  179   69   0.000       0.000    
  179   70   0.000       0.000    
  179   71  7.2661E-08   99.00    
  179   72   0.000       0.000    
  179   73  2.5198E-07  0.2912    
  179   74  1.6071E-02  0.4737    
  179   75  1.9146E-02  0.3780    
  179   76   0.000       0.000    
  179   77   0.000       0.000    
  179   78   0.000       0.000    
  178   68   0.000       0.000    
  178   69   0.000       0.000    
  178   70   0.000       0.000    
  178   71  4.3296E-07   99.00    
  178   72   0.000       0.000    
  178   73  9.9680E-05   3.233    
  178   74  2.4568E-05  0.2122    
  178   75  1.3766E-02  0.3918    
  178   76   0.000       0.000    
  178   77   0.000       0.000    
  178   78   0.000       0.000    
  177   68   0.000       0.000    
  177   69   0.000       0.000    
  177   70   0.000       0.000    
  177   71  4.4174E-09   61.24    
  177   72   0.000       0.000    
  177   73  2.0601E-05   1.938    
  177   74  3.6437E-03  0.4746    
  177   75  1.1656E-02  0.7568    
  177   76   0.000       0.000    
  177   77   0.000       0.000    
  177   78   0.000       0.000    
  176   68   0.000       0.000    
  176   69   0.000       0.000    
  176   70   0.000       0.000    
  176   71   0.000       0.000    
  176   72   0.000       0.000    
  176   73  1.0795E-04   1.176    
  176   74  2.2568E-03  0.4068    
  176   75  2.7897E-03  0.7357    
  176   76   0.000       0.000    
  176   77   0.000       0.000    
  176   78   0.000       0.000    
  175   68   0.000       0.000    
  175   69   0.000       0.000    
  175   70   0.000       0.000    
  175   71   0.000       0.000    
  175   72  4.2240E-08   7.852    
  175   73  1.2357E-04   1.391    
  175   74  3.3643E-03   1.140    
  175   75  1.6396E-03   1.386    
  175   76   0.000       0.000    
  175   77   0.000       0.000    
  175   78   0.000       0.000    
  174   68   0.000       0.000    
  174   69   0.000       0.000    
  174   70   0.000       0.000    
  174   71  1.2165E-11   99.00    
  174   72   0.000       0.000    
  174   73  5.3863E-04  0.9661    
  174   74  9.8931E-04   1.758    
  174   75  3.3380E-05   3.483    
  174   76   0.000       0.000    
  174   77   0.000       0.000    
  174   78   0.000       0.000    
  173   68   0.000       0.000    
  173   69   0.000       0.000    
  173   70   0.000       0.000    
  173   71  3.0978E-10   25.73    
  173   72  4.2428E-06   5.996    
  173   73  1.5400E-04   1.926    
  173   74  1.1562E-04   4.494    
  173   75  9.0266E-07   10.69    
  173   76   0.000       0.000    
  173   77   0.000       0.000    
  173   78   0.000       0.000    
  172   68   0.000       0.000    
  172   69   0.000       0.000    
  172   70   0.000       0.000    
  172   71  2.3764E-08   26.54    
  172   72  8.2044E-09   2.200    
  172   73  2.7006E-04   3.928    
  172   74  8.3693E-06   14.07    
  172   75  1.7665E-24   99.00    
  172   76   0.000       0.000    
  172   77   0.000       0.000    
  172   78   0.000       0.000    
  171   68   0.000       0.000    
  171   69   0.000       0.000    
  171   70   0.000       0.000    
  171   71  4.7589E-08   11.29    
  171   72  5.2219E-06   5.655    
  171   73  1.2294E-04   7.406    
  171   74   0.000       0.000    
  171   75   0.000       0.000    
  171   76   0.000       0.000    
  171   77   0.000       0.000    
  171   78   0.000       0.000    
  170   68   0.000       0.000    
  170   69   0.000       0.000    
  170   70   0.000       0.000    
  170   71  1.9230E-07   26.41    
  170   72  7.1807E-07   11.41    
  170   73  6.1831E-06   22.57    
  170   74   0.000       0.000    
  170   75   0.000       0.000    
  170   76   0.000       0.000    
  170   77   0.000       0.000    
  170   78   0.000       0.000    
  169   68   0.000       0.000    
  169   69   0.000       0.000    
  169   70  5.5602E-10   80.46    
  169   71  2.9780E-07   21.45    
  169   72  1.5790E-07   61.24    
  169   73   0.000       0.000    
  169   74   0.000       0.000    
  169   75   0.000       0.000    
  169   76   0.000       0.000    
  169   77   0.000       0.000    
  169   78   0.000       0.000    
  168   68   0.000       0.000    
  168   69   0.000       0.000    
  168   70   0.000       0.000    
  168   71  5.3341E-07   61.26    
  168   72   0.000       0.000    
  168   73   0.000       0.000    
  168   74   0.000       0.000    
  168   75   0.000       0.000    
  168   76   0.000       0.000    
  168   77   0.000       0.000    
  168   78   0.000       0.000    
  167   68   0.000       0.000    
  167   69   0.000       0.000    
  167   70   0.000       0.000    
  167   71   0.000       0.000    
  167   72   0.000       0.000    
  167   73   0.000       0.000    
  167   74   0.000       0.000    
  167   75   0.000       0.000    
  167   76   0.000       0.000    
  167   77   0.000       0.000    
  167   78   0.000       0.000    
  166   68   0.000       0.000    
  166   69  4.4314E-08   99.00    
  166   70   0.000       0.000    
  166   71   0.000       0.000    
  166   72   0.000       0.000    
  166   73   0.000       0.000    
  166   74   0.000       0.000    
  166   75   0.000       0.000    
  166   76   0.000       0.000    
  166   77   0.000       0.000    
  166   78   0.000       0.000    
  165   68   0.000       0.000    
  165   69   0.000       0.000    
  165   70   0.000       0.000    
  165   71   0.000       0.000    
  165   72   0.000       0.000    
  165   73   0.000       0.000    
  165   74   0.000       0.000    
  165   75   0.000       0.000    
  165   76   0.000       0.000    
  165   77   0.000       0.000    
  165   78   0.000       0.000    
  164   68   0.000       0.000    
  164   69   0.000       0.000    
  164   70   0.000       0.000    
  164   71   0.000       0.000    
  164   72   0.000       0.000    
  164   73   0.000       0.000    
  164   74   0.000       0.000    
  164   75   0.000       0.000    
  164   76   0.000       0.000    
  164   77   0.000       0.000    
  164   78   0.000       0.000    
  163   68  3.3815E-08   99.00    
  163   69  1.6897E-07   99.00    
  163   70   0.000       0.000    
  163   71   0.000       0.000    
  163   72   0.000       0.000    
  163   73   0.000       0.000    
  163   74   0.000       0.000    
  163   75   0.000       0.000    
  163   76   0.000       0.000    
  163   77   0.000       0.000    
  163   78   0.000       0.000    
  163   57   0.000       0.000    
  163   58   0.000       0.000    
  163   59   0.000       0.000    
  163   60   0.000       0.000    
  163   61   0.000       0.000    
  163   62   0.000       0.000    
  163   63   0.000       0.000    
  163   64   0.000       0.000    
  163   65   0.000       0.000    
  163   66   0.000       0.000    
  163   67  1.2048E-16   99.00    
  115   46   0.000       0.000    
  115   47  4.9094E-07   99.00    
  115   48  3.3601E-09   99.00    
  115   49   0.000       0.000    
  115   50   0.000       0.000    
  115   51   0.000       0.000    
  115   52   0.000       0.000    
  115   53   0.000       0.000    
  115   54   0.000       0.000    
  115   55   0.000       0.000    
  115   56   0.000       0.000    
  114   46   0.000       0.000    
  114   47   0.000       0.000    
  114   48   0.000       0.000    
  114   49   0.000       0.000    
  114   50   0.000       0.000    
  114   51   0.000       0.000    
  114   52   0.000       0.000    
  114   53   0.000       0.000    
  114   54   0.000       0.000    
  114   55   0.000       0.000    
  114   56   0.000       0.000    
  113   46   0.000       0.000    
  113   47   0.000       0.000    
  113   48   0.000       0.000    
  113   49   0.000       0.000    
  113   50   0.000       0.000    
  113   51   0.000       0.000    
  113   52   0.000       0.000    
  113   53   0.000       0.000    
  113   54   0.000       0.000    
  113   55   0.000       0.000    
  113   56   0.000       0.000    
  112   46   0.000       0.000    
  112   47   0.000       0.000    
  112   48   0.000       0.000    
  112   49   0.000       0.000    
  112   50   0.000       0.000    
  112   51   0.000       0.000    
  112   52   0.000       0.000    
  112   53   0.000       0.000    
  112   54   0.000       0.000    
  112   55   0.000       0.000    
  112   56   0.000       0.000    
  111   46   0.000       0.000    
  111   47   0.000       0.000    
  111   48   0.000       0.000    
  111   49   0.000       0.000    
  111   50   0.000       0.000    
  111   51   0.000       0.000    
  111   52   0.000       0.000    
  111   53   0.000       0.000    
  111   54   0.000       0.000    
  111   55   0.000       0.000    
  111   56   0.000       0.000    
  110   46   0.000       0.000    
  110   47  7.8282E-13   99.00    
  110   48   0.000       0.000    
  110   49   0.000       0.000    
  110   50   0.000       0.000    
  110   51   0.000       0.000    
  110   52   0.000       0.000    
  110   53   0.000       0.000    
  110   54   0.000       0.000    
  110   55   0.000       0.000    
  110   56   0.000       0.000    
  109   46  2.5518E-08   99.00    
  109   47   0.000       0.000    
  109   48   0.000       0.000    
  109   49   0.000       0.000    
  109   50   0.000       0.000    
  109   51   0.000       0.000    
  109   52   0.000       0.000    
  109   53   0.000       0.000    
  109   54   0.000       0.000    
  109   55   0.000       0.000    
  109   56   0.000       0.000    
  108   46   0.000       0.000    
  108   47   0.000       0.000    
  108   48   0.000       0.000    
  108   49   0.000       0.000    
  108   50   0.000       0.000    
  108   51   0.000       0.000    
  108   52   0.000       0.000    
  108   53   0.000       0.000    
  108   54   0.000       0.000    
  108   55   0.000       0.000    
  108   56   0.000       0.000    
  107   46  3.1463E-18   99.00    
  107   47   0.000       0.000    
  107   48   0.000       0.000    
  107   49   0.000       0.000    
  107   50   0.000       0.000    
  107   51   0.000       0.000    
  107   52   0.000       0.000    
  107   53   0.000       0.000    
  107   54   0.000       0.000    
  107   55   0.000       0.000    
  107   56   0.000       0.000    
  109   35   0.000       0.000    
  109   36   0.000       0.000    
  109   37   0.000       0.000    
  109   38   0.000       0.000    
  109   39   0.000       0.000    
  109   40   0.000       0.000    
  109   41   0.000       0.000    
  109   42   0.000       0.000    
  109   43   0.000       0.000    
  109   44   0.000       0.000    
  109   45  9.0296E-10   99.00    
  108   35   0.000       0.000    
  108   36   0.000       0.000    
  108   37   0.000       0.000    
  108   38   0.000       0.000    
  108   39   0.000       0.000    
  108   40   0.000       0.000    
  108   41   0.000       0.000    
  108   42   0.000       0.000    
  108   43   0.000       0.000    
  108   44   0.000       0.000    
  108   45   0.000       0.000    
  107   35   0.000       0.000    
  107   36   0.000       0.000    
  107   37   0.000       0.000    
  107   38   0.000       0.000    
  107   39   0.000       0.000    
  107   40   0.000       0.000    
  107   41   0.000       0.000    
  107   42   0.000       0.000    
  107   43   0.000       0.000    
  107   44   0.000       0.000    
  107   45  4.8017E-07   99.00    
  106   35   0.000       0.000    
  106   36   0.000       0.000    
  106   37   0.000       0.000    
  106   38   0.000       0.000    
  106   39   0.000       0.000    
  106   40   0.000       0.000    
  106   41   0.000       0.000    
  106   42   0.000       0.000    
  106   43   0.000       0.000    
  106   44   0.000       0.000    
  106   45  1.9909E-15   99.00    
  105   35   0.000       0.000    
  105   36   0.000       0.000    
  105   37   0.000       0.000    
  105   38   0.000       0.000    
  105   39   0.000       0.000    
  105   40   0.000       0.000    
  105   41   0.000       0.000    
  105   42   0.000       0.000    
  105   43   0.000       0.000    
  105   44  7.4973E-08   99.00    
  105   45  1.0465E-08   99.00    
  104   35   0.000       0.000    
  104   36   0.000       0.000    
  104   37   0.000       0.000    
  104   38   0.000       0.000    
  104   39   0.000       0.000    
  104   40   0.000       0.000    
  104   41   0.000       0.000    
  104   42   0.000       0.000    
  104   43   0.000       0.000    
  104   44   0.000       0.000    
  104   45   0.000       0.000    
  103   35   0.000       0.000    
  103   36   0.000       0.000    
  103   37   0.000       0.000    
  103   38   0.000       0.000    
  103   39   0.000       0.000    
  103   40   0.000       0.000    
  103   41   0.000       0.000    
  103   42   0.000       0.000    
  103   43  4.0859E-11   61.24    
  103   44  7.4917E-10   61.24    
  103   45   0.000       0.000    
  102   35   0.000       0.000    
  102   36   0.000       0.000    
  102   37   0.000       0.000    
  102   38   0.000       0.000    
  102   39   0.000       0.000    
  102   40   0.000       0.000    
  102   41   0.000       0.000    
  102   42  1.9527E-06   46.77    
  102   43  1.9680E-06   46.77    
  102   44   0.000       0.000    
  102   45   0.000       0.000    
  101   35   0.000       0.000    
  101   36   0.000       0.000    
  101   37   0.000       0.000    
  101   38   0.000       0.000    
  101   39   0.000       0.000    
  101   40   0.000       0.000    
  101   41   0.000       0.000    
  101   42  1.0180E-06   99.00    
  101   43  1.5656E-06   67.21    
  101   44   0.000       0.000    
  101   45   0.000       0.000    
  100   35   0.000       0.000    
  100   36   0.000       0.000    
  100   37   0.000       0.000    
  100   38   0.000       0.000    
  100   39   0.000       0.000    
  100   40   0.000       0.000    
  100   41   0.000       0.000    
  100   42   0.000       0.000    
  100   43  6.0888E-24   99.00    
  100   44   0.000       0.000    
  100   45   0.000       0.000    
   99   35   0.000       0.000    
   99   36   0.000       0.000    
   99   37   0.000       0.000    
   99   38   0.000       0.000    
   99   39   0.000       0.000    
   99   40   0.000       0.000    
   99   41  1.3321E-09   99.00    
   99   42  1.5968E-08   66.71    
   99   43  1.9103E-16   99.00    
   99   44   0.000       0.000    
   99   45   0.000       0.000    
   98   35   0.000       0.000    
   98   36   0.000       0.000    
   98   37   0.000       0.000    
   98   38   0.000       0.000    
   98   39   0.000       0.000    
   98   40   0.000       0.000    
   98   41   0.000       0.000    
   98   42   0.000       0.000    
   98   43   0.000       0.000    
   98   44   0.000       0.000    
   98   45   0.000       0.000    
   97   35   0.000       0.000    
   97   36   0.000       0.000    
   97   37   0.000       0.000    
   97   38   0.000       0.000    
   97   39   0.000       0.000    
   97   40  2.0747E-08   99.00    
   97   41  9.6070E-07   46.75    
   97   42   0.000       0.000    
   97   43   0.000       0.000    
   97   44   0.000       0.000    
   97   45   0.000       0.000    
   96   35   0.000       0.000    
   96   36   0.000       0.000    
   96   37   0.000       0.000    
   96   38   0.000       0.000    
   96   39   0.000       0.000    
   96   40   0.000       0.000    
   96   41  2.9895E-08   99.00    
   96   42   0.000       0.000    
   96   43   0.000       0.000    
   96   44   0.000       0.000    
   96   45   0.000       0.000    
   95   35   0.000       0.000    
   95   36   0.000       0.000    
   95   37   0.000       0.000    
   95   38   0.000       0.000    
   95   39   0.000       0.000    
   95   40  4.5923E-10   61.24    
   95   41  1.3938E-13   61.24    
   95   42   0.000       0.000    
   95   43   0.000       0.000    
   95   44   0.000       0.000    
   95   45   0.000       0.000    
   94   35   0.000       0.000    
   94   36   0.000       0.000    
   94   37   0.000       0.000    
   94   38   0.000       0.000    
   94   39  9.9633E-07   61.24    
   94   40   0.000       0.000    
   94   41   0.000       0.000    
   94   42   0.000       0.000    
   94   43   0.000       0.000    
   94   44   0.000       0.000    
   94   45   0.000       0.000    
   93   35   0.000       0.000    
   93   36   0.000       0.000    
   93   37   0.000       0.000    
   93   38   0.000       0.000    
   93   39  1.3518E-07   25.00    
   93   40  2.7528E-17   91.44    
   93   41   0.000       0.000    
   93   42   0.000       0.000    
   93   43   0.000       0.000    
   93   44   0.000       0.000    
   93   45   0.000       0.000    
   92   35   0.000       0.000    
   92   36   0.000       0.000    
   92   37   0.000       0.000    
   92   38  1.2238E-07   99.00    
   92   39  1.0172E-07   99.00    
   92   40   0.000       0.000    
   92   41   0.000       0.000    
   92   42   0.000       0.000    
   92   43   0.000       0.000    
   92   44   0.000       0.000    
   92   45   0.000       0.000    
   91   35   0.000       0.000    
   91   36   0.000       0.000    
   91   37   0.000       0.000    
   91   38   0.000       0.000    
   91   39   0.000       0.000    
   91   40   0.000       0.000    
   91   41   0.000       0.000    
   91   42   0.000       0.000    
   91   43   0.000       0.000    
   91   44   0.000       0.000    
   91   45   0.000       0.000    
   90   35   0.000       0.000    
   90   36   0.000       0.000    
   90   37  1.9012E-08   61.24    
   90   38  5.4966E-12   46.78    
   90   39  1.9608E-14   47.18    
   90   40   0.000       0.000    
   90   41   0.000       0.000    
   90   42   0.000       0.000    
   90   43   0.000       0.000    
   90   44   0.000       0.000    
   90   45   0.000       0.000    
   89   35   0.000       0.000    
   89   36   0.000       0.000    
   89   37  1.0181E-06   61.24    
   89   38  1.2397E-09   31.32    
   89   39   0.000       0.000    
   89   40   0.000       0.000    
   89   41   0.000       0.000    
   89   42   0.000       0.000    
   89   43   0.000       0.000    
   89   44   0.000       0.000    
   89   45   0.000       0.000    
   88   35   0.000       0.000    
   88   36   0.000       0.000    
   88   37  1.0050E-06   61.24    
   88   38   0.000       0.000    
   88   39   0.000       0.000    
   88   40   0.000       0.000    
   88   41   0.000       0.000    
   88   42   0.000       0.000    
   88   43   0.000       0.000    
   88   44   0.000       0.000    
   88   45   0.000       0.000    
   87   35   0.000       0.000    
   87   36   0.000       0.000    
   87   37   0.000       0.000    
   87   38   0.000       0.000    
   87   39   0.000       0.000    
   87   40   0.000       0.000    
   87   41   0.000       0.000    
   87   42   0.000       0.000    
   87   43   0.000       0.000    
   87   44   0.000       0.000    
   87   45   0.000       0.000    
   86   35   0.000       0.000    
   86   36   0.000       0.000    
   86   37  7.8837E-10   99.00    
   86   38   0.000       0.000    
   86   39   0.000       0.000    
   86   40   0.000       0.000    
   86   41   0.000       0.000    
   86   42   0.000       0.000    
   86   43   0.000       0.000    
   86   44   0.000       0.000    
   86   45   0.000       0.000    
   85   35  5.4910E-08   99.00    
   85   36  7.6220E-12   99.00    
   85   37   0.000       0.000    
   85   38   0.000       0.000    
   85   39   0.000       0.000    
   85   40   0.000       0.000    
   85   41   0.000       0.000    
   85   42   0.000       0.000    
   85   43   0.000       0.000    
   85   44   0.000       0.000    
   85   45   0.000       0.000    
   84   35  8.1971E-07   61.24    
   84   36   0.000       0.000    
   84   37   0.000       0.000    
   84   38   0.000       0.000    
   84   39   0.000       0.000    
   84   40   0.000       0.000    
   84   41   0.000       0.000    
   84   42   0.000       0.000    
   84   43   0.000       0.000    
   84   44   0.000       0.000    
   84   45   0.000       0.000    
   83   35  1.3327E-07   99.00    
   83   36   0.000       0.000    
   83   37   0.000       0.000    
   83   38   0.000       0.000    
   83   39   0.000       0.000    
   83   40   0.000       0.000    
   83   41   0.000       0.000    
   83   42   0.000       0.000    
   83   43   0.000       0.000    
   83   44   0.000       0.000    
   83   45   0.000       0.000    
   82   35  8.8549E-09   99.00    
   82   36   0.000       0.000    
   82   37   0.000       0.000    
   82   38   0.000       0.000    
   82   39   0.000       0.000    
   82   40   0.000       0.000    
   82   41   0.000       0.000    
   82   42   0.000       0.000    
   82   43   0.000       0.000    
   82   44   0.000       0.000    
   82   45   0.000       0.000    
   81   35   0.000       0.000    
   81   36  1.7582E-16   99.00    
   81   37   0.000       0.000    
   81   38   0.000       0.000    
   81   39   0.000       0.000    
   81   40   0.000       0.000    
   81   41   0.000       0.000    
   81   42   0.000       0.000    
   81   43   0.000       0.000    
   81   44   0.000       0.000    
   81   45   0.000       0.000    
   80   35  5.4766E-07   90.14    
   80   36   0.000       0.000    
   80   37   0.000       0.000    
   80   38   0.000       0.000    
   80   39   0.000       0.000    
   80   40   0.000       0.000    
   80   41   0.000       0.000    
   80   42   0.000       0.000    
   80   43   0.000       0.000    
   80   44   0.000       0.000    
   80   45   0.000       0.000    
   81   24   0.000       0.000    
   81   25   0.000       0.000    
   81   26   0.000       0.000    
   81   27   0.000       0.000    
   81   28   0.000       0.000    
   81   29   0.000       0.000    
   81   30   0.000       0.000    
   81   31   0.000       0.000    
   81   32   0.000       0.000    
   81   33   0.000       0.000    
   81   34  4.9941E-07   99.00    
   80   24   0.000       0.000    
   80   25   0.000       0.000    
   80   26   0.000       0.000    
   80   27   0.000       0.000    
   80   28   0.000       0.000    
   80   29   0.000       0.000    
   80   30   0.000       0.000    
   80   31   0.000       0.000    
   80   32   0.000       0.000    
   80   33   0.000       0.000    
   80   34   0.000       0.000    
   79   24   0.000       0.000    
   79   25   0.000       0.000    
   79   26   0.000       0.000    
   79   27   0.000       0.000    
   79   28   0.000       0.000    
   79   29   0.000       0.000    
   79   30   0.000       0.000    
   79   31   0.000       0.000    
   79   32   0.000       0.000    
   79   33  1.3192E-06   40.82    
   79   34  5.0150E-16   46.57    
   78   24   0.000       0.000    
   78   25   0.000       0.000    
   78   26   0.000       0.000    
   78   27   0.000       0.000    
   78   28   0.000       0.000    
   78   29   0.000       0.000    
   78   30   0.000       0.000    
   78   31   0.000       0.000    
   78   32  2.0167E-07   99.00    
   78   33  6.2462E-07   35.45    
   78   34   0.000       0.000    
   77   24   0.000       0.000    
   77   25   0.000       0.000    
   77   26   0.000       0.000    
   77   27   0.000       0.000    
   77   28   0.000       0.000    
   77   29   0.000       0.000    
   77   30   0.000       0.000    
   77   31   0.000       0.000    
   77   32  5.8520E-09   99.00    
   77   33  6.1586E-08   30.15    
   77   34   0.000       0.000    
   76   24   0.000       0.000    
   76   25   0.000       0.000    
   76   26   0.000       0.000    
   76   27   0.000       0.000    
   76   28   0.000       0.000    
   76   29   0.000       0.000    
   76   30   0.000       0.000    
   76   31   0.000       0.000    
   76   32   0.000       0.000    
   76   33  2.6635E-08   61.24    
   76   34   0.000       0.000    
   75   24   0.000       0.000    
   75   25   0.000       0.000    
   75   26   0.000       0.000    
   75   27   0.000       0.000    
   75   28   0.000       0.000    
   75   29   0.000       0.000    
   75   30   0.000       0.000    
   75   31   0.000       0.000    
   75   32   0.000       0.000    
   75   33   0.000       0.000    
   75   34   0.000       0.000    
   74   24   0.000       0.000    
   74   25   0.000       0.000    
   74   26   0.000       0.000    
   74   27   0.000       0.000    
   74   28   0.000       0.000    
   74   29   0.000       0.000    
   74   30   0.000       0.000    
   74   31  8.1742E-07   61.24    
   74   32   0.000       0.000    
   74   33   0.000       0.000    
   74   34   0.000       0.000    
   73   24   0.000       0.000    
   73   25   0.000       0.000    
   73   26   0.000       0.000    
   73   27   0.000       0.000    
   73   28   0.000       0.000    
   73   29   0.000       0.000    
   73   30  7.3314E-18   99.00    
   73   31  6.8881E-08   99.00    
   73   32   0.000       0.000    
   73   33   0.000       0.000    
   73   34   0.000       0.000    
   72   24   0.000       0.000    
   72   25   0.000       0.000    
   72   26   0.000       0.000    
   72   27   0.000       0.000    
   72   28   0.000       0.000    
   72   29   0.000       0.000    
   72   30  7.5551E-09   99.00    
   72   31  1.3832E-10   99.00    
   72   32   0.000       0.000    
   72   33   0.000       0.000    
   72   34   0.000       0.000    
   71   24   0.000       0.000    
   71   25   0.000       0.000    
   71   26   0.000       0.000    
   71   27   0.000       0.000    
   71   28   0.000       0.000    
   71   29   0.000       0.000    
   71   30  4.2018E-11   99.00    
   71   31   0.000       0.000    
   71   32   0.000       0.000    
   71   33   0.000       0.000    
   71   34   0.000       0.000    
   70   24   0.000       0.000    
   70   25   0.000       0.000    
   70   26   0.000       0.000    
   70   27   0.000       0.000    
   70   28   0.000       0.000    
   70   29   0.000       0.000    
   70   30   0.000       0.000    
   70   31   0.000       0.000    
   70   32   0.000       0.000    
   70   33   0.000       0.000    
   70   34   0.000       0.000    
   69   24   0.000       0.000    
   69   25   0.000       0.000    
   69   26   0.000       0.000    
   69   27   0.000       0.000    
   69   28   0.000       0.000    
   69   29   0.000       0.000    
   69   30   0.000       0.000    
   69   31   0.000       0.000    
   69   32   0.000       0.000    
   69   33   0.000       0.000    
   69   34   0.000       0.000    
   68   24   0.000       0.000    
   68   25   0.000       0.000    
   68   26   0.000       0.000    
   68   27   0.000       0.000    
   68   28   0.000       0.000    
   68   29   0.000       0.000    
   68   30   0.000       0.000    
   68   31   0.000       0.000    
   68   32   0.000       0.000    
   68   33   0.000       0.000    
   68   34   0.000       0.000    
   67   24   0.000       0.000    
   67   25   0.000       0.000    
   67   26   0.000       0.000    
   67   27   0.000       0.000    
   67   28  5.1657E-19   61.24    
   67   29  1.1369E-08   61.24    
   67   30   0.000       0.000    
   67   31   0.000       0.000    
   67   32   0.000       0.000    
   67   33   0.000       0.000    
   67   34   0.000       0.000    
   66   24   0.000       0.000    
   66   25   0.000       0.000    
   66   26   0.000       0.000    
   66   27   0.000       0.000    
   66   28   0.000       0.000    
   66   29   0.000       0.000    
   66   30   0.000       0.000    
   66   31   0.000       0.000    
   66   32   0.000       0.000    
   66   33   0.000       0.000    
   66   34   0.000       0.000    
   65   24   0.000       0.000    
   65   25   0.000       0.000    
   65   26   0.000       0.000    
   65   27   0.000       0.000    
   65   28  1.2646E-07   99.00    
   65   29   0.000       0.000    
   65   30   0.000       0.000    
   65   31   0.000       0.000    
   65   32   0.000       0.000    
   65   33   0.000       0.000    
   65   34   0.000       0.000    
   64   24   0.000       0.000    
   64   25   0.000       0.000    
   64   26   0.000       0.000    
   64   27   0.000       0.000    
   64   28   0.000       0.000    
   64   29   0.000       0.000    
   64   30   0.000       0.000    
   64   31   0.000       0.000    
   64   32   0.000       0.000    
   64   33   0.000       0.000    
   64   34   0.000       0.000    
   63   24   0.000       0.000    
   63   25   0.000       0.000    
   63   26   0.000       0.000    
   63   27   0.000       0.000    
   63   28   0.000       0.000    
   63   29   0.000       0.000    
   63   30   0.000       0.000    
   63   31   0.000       0.000    
   63   32   0.000       0.000    
   63   33   0.000       0.000    
   63   34   0.000       0.000    
   62   24   0.000       0.000    
   62   25   0.000       0.000    
   62   26   0.000       0.000    
   62   27   0.000       0.000    
   62   28   0.000       0.000    
   62   29   0.000       0.000    
   62   30   0.000       0.000    
   62   31   0.000       0.000    
   62   32   0.000       0.000    
   62   33   0.000       0.000    
   62   34   0.000       0.000    
   61   24   0.000       0.000    
   61   25   0.000       0.000    
   61   26   0.000       0.000    
   61   27   0.000       0.000    
   61   28   0.000       0.000    
   61   29   0.000       0.000    
   61   30   0.000       0.000    
   61   31   0.000       0.000    
   61   32   0.000       0.000    
   61   33   0.000       0.000    
   61   34   0.000       0.000    
   60   24   0.000       0.000    
   60   25   0.000       0.000    
   60   26  3.0734E-17   61.24    
   60   27 -7.3726E-23  2.0383E-43
   60   28   0.000       0.000    
   60   29   0.000       0.000    
   60   30   0.000       0.000    
   60   31   0.000       0.000    
   60   32   0.000       0.000    
   60   33   0.000       0.000    
   60   34   0.000       0.000    
   41   13   0.000       0.000    
   41   14   0.000       0.000    
   41   15   0.000       0.000    
   41   16   0.000       0.000    
   41   17   0.000       0.000    
   41   18  1.5087E-06   20.79    
   41   19   0.000       0.000    
   41   20   0.000       0.000    
   41   21   0.000       0.000    
   41   22   0.000       0.000    
   41   23   0.000       0.000    
   40   13   0.000       0.000    
   40   14   0.000       0.000    
   40   15   0.000       0.000    
   40   16   0.000       0.000    
   40   17  7.3627E-09   57.96    
   40   18   0.000       0.000    
   40   19  6.0142E-18   7.479    
   40   20   0.000       0.000    
   40   21   0.000       0.000    
   40   22   0.000       0.000    
   40   23   0.000       0.000    
   39   13   0.000       0.000    
   39   14   0.000       0.000    
   39   15   0.000       0.000    
   39   16   0.000       0.000    
   39   17  3.2020E-05   4.140    
   39   18  1.2917E-10   2.582    
   39   19   0.000       0.000    
   39   20   0.000       0.000    
   39   21   0.000       0.000    
   39   22   0.000       0.000    
   39   23   0.000       0.000    
   38   13   0.000       0.000    
   38   14   0.000       0.000    
   38   15   0.000       0.000    
   38   16  1.1348E-07   99.00    
   38   17  3.6070E-05   15.12    
   38   18   0.000       0.000    
   38   19  2.3289E-06   48.59    
   38   20   0.000       0.000    
   38   21   0.000       0.000    
   38   22   0.000       0.000    
   38   23   0.000       0.000    
   37   13   0.000       0.000    
   37   14   0.000       0.000    
   37   15   0.000       0.000    
   37   16  1.3603E-06   31.18    
   37   17   0.000       0.000    
   37   18  1.2891E-07   3.840    
   37   19   0.000       0.000    
   37   20   0.000       0.000    
   37   21   0.000       0.000    
   37   22   0.000       0.000    
   37   23   0.000       0.000    
   36   13   0.000       0.000    
   36   14   0.000       0.000    
   36   15   0.000       0.000    
   36   16   0.000       0.000    
   36   17  7.2693E-14   4.823    
   36   18   0.000       0.000    
   36   19   0.000       0.000    
   36   20   0.000       0.000    
   36   21   0.000       0.000    
   36   22   0.000       0.000    
   36   23   0.000       0.000    
   35   13   0.000       0.000    
   35   14   0.000       0.000    
   35   15  1.1434E-11   40.82    
   35   16  2.4739E-08   7.801    
   35   17   0.000       0.000    
   35   18   0.000       0.000    
   35   19   0.000       0.000    
   35   20   0.000       0.000    
   35   21   0.000       0.000    
   35   22   0.000       0.000    
   35   23   0.000       0.000    
   34   13   0.000       0.000    
   34   14   0.000       0.000    
   34   15  3.9073E-27   53.68    
   34   16   0.000       0.000    
   34   17  1.8226E-06   22.36    
   34   18   0.000       0.000    
   34   19   0.000       0.000    
   34   20   0.000       0.000    
   34   21   0.000       0.000    
   34   22   0.000       0.000    
   34   23   0.000       0.000    
   33   13   0.000       0.000    
   33   14   0.000       0.000    
   33   15  3.4790E-08   8.740    
   33   16   0.000       0.000    
   33   17   0.000       0.000    
   33   18   0.000       0.000    
   33   19   0.000       0.000    
   33   20   0.000       0.000    
   33   21   0.000       0.000    
   33   22   0.000       0.000    
   33   23   0.000       0.000    
   32   13   0.000       0.000    
   32   14  5.2630E-13   61.24    
   32   15  6.7971E-08   10.82    
   32   16   0.000       0.000    
   32   17   0.000       0.000    
   32   18   0.000       0.000    
   32   19   0.000       0.000    
   32   20   0.000       0.000    
   32   21   0.000       0.000    
   32   22   0.000       0.000    
   32   23   0.000       0.000    
   31   13   0.000       0.000    
   31   14  1.2189E-06   41.83    
   31   15   0.000       0.000    
   31   16   0.000       0.000    
   31   17   0.000       0.000    
   31   18   0.000       0.000    
   31   19   0.000       0.000    
   31   20   0.000       0.000    
   31   21   0.000       0.000    
   31   22   0.000       0.000    
   31   23   0.000       0.000    
   30   13   0.000       0.000    
   30   14   0.000       0.000    
   30   15  2.1856E-07   53.45    
   30   16   0.000       0.000    
   30   17   0.000       0.000    
   30   18   0.000       0.000    
   30   19   0.000       0.000    
   30   20   0.000       0.000    
   30   21   0.000       0.000    
   30   22   0.000       0.000    
   30   23   0.000       0.000    
   29   13  1.6594E-06   44.72    
   29   14   0.000       0.000    
   29   15   0.000       0.000    
   29   16   0.000       0.000    
   29   17   0.000       0.000    
   29   18   0.000       0.000    
   29   19   0.000       0.000    
   29   20   0.000       0.000    
   29   21   0.000       0.000    
   29   22   0.000       0.000    
   29   23   0.000       0.000    
   28   13  1.9649E-07   27.39    
   28   14   0.000       0.000    
   28   15   0.000       0.000    
   28   16   0.000       0.000    
   28   17   0.000       0.000    
   28   18   0.000       0.000    
   28   19   0.000       0.000    
   28   20   0.000       0.000    
   28   21   0.000       0.000    
   28   22   0.000       0.000    
   28   23   0.000       0.000    
   27   13   0.000       0.000    
   27   14   0.000       0.000    
   27   15   0.000       0.000    
   27   16   0.000       0.000    
   27   17   0.000       0.000    
   27   18   0.000       0.000    
   27   19   0.000       0.000    
   27   20   0.000       0.000    
   27   21   0.000       0.000    
   27   22   0.000       0.000    
   27   23   0.000       0.000    
   26   13  1.1231E-16   61.24    
   26   14   0.000       0.000    
   26   15   0.000       0.000    
   26   16   0.000       0.000    
   26   17   0.000       0.000    
   26   18   0.000       0.000    
   26   19   0.000       0.000    
   26   20   0.000       0.000    
   26   21   0.000       0.000    
   26   22   0.000       0.000    
   26   23   0.000       0.000    
   25    2   0.000       0.000    
   25    3   0.000       0.000    
   25    4   0.000       0.000    
   25    5   0.000       0.000    
   25    6   0.000       0.000    
   25    7   0.000       0.000    
   25    8   0.000       0.000    
   25    9   0.000       0.000    
   25   10   0.000       0.000    
   25   11  5.3051E-11   99.00    
   25   12   0.000       0.000    
   24    2   0.000       0.000    
   24    3   0.000       0.000    
   24    4   0.000       0.000    
   24    5   0.000       0.000    
   24    6   0.000       0.000    
   24    7   0.000       0.000    
   24    8   0.000       0.000    
   24    9   0.000       0.000    
   24   10   0.000       0.000    
   24   11  4.6246E-08   61.24    
   24   12   0.000       0.000    
   23    2   0.000       0.000    
   23    3   0.000       0.000    
   23    4   0.000       0.000    
   23    5   0.000       0.000    
   23    6   0.000       0.000    
   23    7   0.000       0.000    
   23    8   0.000       0.000    
   23    9   0.000       0.000    
   23   10  1.0808E-13   99.00    
   23   11   0.000       0.000    
   23   12   0.000       0.000    
   22    2   0.000       0.000    
   22    3   0.000       0.000    
   22    4   0.000       0.000    
   22    5   0.000       0.000    
   22    6   0.000       0.000    
   22    7   0.000       0.000    
   22    8   0.000       0.000    
   22    9   0.000       0.000    
   22   10   0.000       0.000    
   22   11   0.000       0.000    
   22   12   0.000       0.000    
   21    2   0.000       0.000    
   21    3   0.000       0.000    
   21    4   0.000       0.000    
   21    5   0.000       0.000    
   21    6   0.000       0.000    
   21    7   0.000       0.000    
   21    8   0.000       0.000    
   21    9   0.000       0.000    
   21   10   0.000       0.000    
   21   11   0.000       0.000    
   21   12   0.000       0.000    
   20    2   0.000       0.000    
   20    3   0.000       0.000    
   20    4   0.000       0.000    
   20    5   0.000       0.000    
   20    6   0.000       0.000    
   20    7   0.000       0.000    
   20    8   0.000       0.000    
   20    9   0.000       0.000    
   20   10   0.000       0.000    
   20   11   0.000       0.000    
   20   12   0.000       0.000    
   19    2   0.000       0.000    
   19    3   0.000       0.000    
   19    4   0.000       0.000    
   19    5   0.000       0.000    
   19    6   0.000       0.000    
   19    7   0.000       0.000    
   19    8   0.000       0.000    
   19    9   0.000       0.000    
   19   10   0.000       0.000    
   19   11   0.000       0.000    
   19   12   0.000       0.000    
   18    2   0.000       0.000    
   18    3   0.000       0.000    
   18    4   0.000       0.000    
   18    5   0.000       0.000    
   18    6   0.000       0.000    
   18    7   0.000       0.000    
   18    8   0.000       0.000    
   18    9  3.3484E-06   17.68    
   18   10   0.000       0.000    
   18   11   0.000       0.000    
   18   12   0.000       0.000    
   17    2   0.000       0.000    
   17    3   0.000       0.000    
   17    4   0.000       0.000    
   17    5   0.000       0.000    
   17    6   0.000       0.000    
   17    7   0.000       0.000    
   17    8   0.000       0.000    
   17    9  1.2818E-10   99.00    
   17   10   0.000       0.000    
   17   11   0.000       0.000    
   17   12   0.000       0.000    
   16    2   0.000       0.000    
   16    3   0.000       0.000    
   16    4   0.000       0.000    
   16    5   0.000       0.000    
   16    6   0.000       0.000    
   16    7  5.9110E-42   7.802    
   16    8   0.000       0.000    
   16    9   0.000       0.000    
   16   10   0.000       0.000    
   16   11   0.000       0.000    
   16   12   0.000       0.000    
   15    2   0.000       0.000    
   15    3   0.000       0.000    
   15    4   0.000       0.000    
   15    5   0.000       0.000    
   15    6   0.000       0.000    
   15    7   0.000       0.000    
   15    8  2.8029E-04  0.7351    
   15    9   0.000       0.000    
   15   10   0.000       0.000    
   15   11   0.000       0.000    
   15   12   0.000       0.000    
   14    2   0.000       0.000    
   14    3   0.000       0.000    
   14    4   0.000       0.000    
   14    5   0.000       0.000    
   14    6  2.4362E-10  0.4046    
   14    7   0.000       0.000    
   14    8  7.8334E-07   2.710    
   14    9   0.000       0.000    
   14   10   0.000       0.000    
   14   11   0.000       0.000    
   14   12   0.000       0.000    
   13    2   0.000       0.000    
   13    3   0.000       0.000    
   13    4   0.000       0.000    
   13    5   0.000       0.000    
   13    6   0.000       0.000    
   13    7  1.5808E-02  0.5169    
   13    8   0.000       0.000    
   13    9   0.000       0.000    
   13   10   0.000       0.000    
   13   11   0.000       0.000    
   13   12   0.000       0.000    
   12    2   0.000       0.000    
   12    3   0.000       0.000    
   12    4   0.000       0.000    
   12    5   0.000       0.000    
   12    6   0.000       0.000    
   12    7   0.000       0.000    
   12    8   0.000       0.000    
   12    9   0.000       0.000    
   12   10   0.000       0.000    
   12   11   0.000       0.000    
   12   12   0.000       0.000    
   11    2   0.000       0.000    
   11    3   0.000       0.000    
   11    4  4.1635E-25   15.81    
   11    5   0.000       0.000    
   11    6  2.0095E-02  0.5099    
   11    7   0.000       0.000    
   11    8   0.000       0.000    
   11    9   0.000       0.000    
   11   10   0.000       0.000    
   11   11   0.000       0.000    
   11   12   0.000       0.000    
   10    2   0.000       0.000    
   10    3   0.000       0.000    
   10    4  3.9169E-14   3.777    
   10    5   0.000       0.000    
   10    6  1.0306E-16   1.035    
   10    7   0.000       0.000    
   10    8   0.000       0.000    
   10    9   0.000       0.000    
   10   10   0.000       0.000    
   10   11   0.000       0.000    
   10   12   0.000       0.000    
    9    2   0.000       0.000    
    9    3   0.000       0.000    
    9    4   0.000       0.000    
    9    5   0.000       0.000    
    9    6   0.000       0.000    
    9    7   0.000       0.000    
    9    8   0.000       0.000    
    9    9   0.000       0.000    
    9   10   0.000       0.000    
    9   11   0.000       0.000    
    9   12   0.000       0.000    
    8    2   0.000       0.000    
    8    3   0.000       0.000    
    8    4   0.000       0.000    
    8    5   0.000       0.000    
    8    6   0.000       0.000    
    8    7   0.000       0.000    
    8    8   0.000       0.000    
    8    9   0.000       0.000    
    8   10   0.000       0.000    
    8   11   0.000       0.000    
    8   12   0.000       0.000    
    7    2   0.000       0.000    
    7    3   0.000       0.000    
    7    4  5.5364E-06  0.9839    
    7    5   0.000       0.000    
    7    6   0.000       0.000    
    7    7   0.000       0.000    
    7    8   0.000       0.000    
    7    9   0.000       0.000    
    7   10   0.000       0.000    
    7   11   0.000       0.000    
    7   12   0.000       0.000    
    3    1  7.8850E-08  0.5133    
# A/Z/m Isomers:
   34   17    1  4.0832E-06   22.36    
   60   27    1  2.3516E-17   61.24    
   67   30    1  3.4082E-09   61.24    
   71   30    1  8.3467E-08   99.00    
   72   31    1  2.3770E-10   99.00    
   73   32    1  6.8516E-08   99.00    
   73   32    2  6.7645E-08   99.00    
   77   32    1  1.8354E-11   99.00    
   77   33    1  1.9345E-09   99.00    
   77   34    1  1.9101E-10   30.15    
   79   34    1  1.9685E-06   40.82    
   80   35    1  7.5284E-08   99.00    
   82   35    1  3.0501E-07   99.00    
   83   36    1  1.8511E-08   99.00    
   85   36    1  7.2790E-08   99.00    
   85   37    1  3.3081E-14   99.00    
   87   38    1  1.1433E-07   99.00    
   89   39    1  1.1915E-13   31.33    
   90   37    1  3.3061E-07   61.24    
   93   41    1  4.1810E-22   35.65    
   95   41    1  2.6702E-14   61.24    
   97   41    1  1.9863E-08   99.00    
   99   41    1  3.1326E-08   99.00    
   99   42    1  6.1696E-09   99.00    
   99   43    1  5.6257E-10   69.19    
  101   43    1  2.3564E-07   99.00    
  103   45    1  1.6968E-10   61.24    
  105   45    1  2.1574E-08   99.00    
  106   45    1  1.4354E-07   99.00    
  109   47    1  2.5524E-08   99.00    
  110   47    1  5.8859E-11   99.00    
  115   48    1  8.5448E-12   99.00    
  115   49    1  1.1101E-10   99.00    
  163   67    1  5.0879E-12   99.00    
  168   71    1  6.8015E-07   99.00    
  169   70    1  2.8275E-08   21.47    
  169   71    1  1.8807E-07   33.00    
  170   71    1  7.1451E-10   11.41    
  171   70    1  4.4513E-08   11.29    
  171   71    1  7.5736E-10   99.00    
  171   72    1  3.6001E-14   23.86    
  172   71    1  9.2889E-07   24.82    
  172   71    2  9.2318E-10   2.200    
  173   71    1  4.2383E-06   5.996    
  174   70    1  6.4201E-13   99.00    
  174   71    1  1.0355E-10   99.00    
  175   71    1  9.7253E-11   7.852    
  175   72    1  7.3171E-06   1.391    
  177   73    1  2.7049E-03  0.4746    
  178   72    1  9.9727E-05   3.233    
  178   73    1  1.5020E-04   6.415    
  179   72    1  1.6589E-13   99.00    
  179   73    1  1.5866E-02  0.4737    
  179   74    1  6.9645E-03  0.3533    
  181   73    1  2.6431E-06  0.6030    
  181   73    2  1.6047E-09   44.72    
  181   74    1  5.3763E-04  0.3444    
  182   72    1  2.6751E-07   99.00    
  182   73    1  1.6808E-05   16.21    
  182   73    2  1.6797E-05   16.24    
  182   75    1  4.5464E-04  0.4882    
  183   74    1  1.8078E-07   3.905    
  184   74    1  1.3231E-05   6.885    
  184   75    1  1.1398E-07   3.051    
  185   74    1  5.5271E-06   2.277    
  186   75    1  3.6235E-15   20.79    
