# Detector n:     1  
cool15    
# A/Z Isotopes:
  188   68   0.000       0.000    
  188   69   0.000       0.000    
  188   70   0.000       0.000    
  188   71   0.000       0.000    
  188   72   0.000       0.000    
  188   73   0.000       0.000    
  188   74  1.5595E-10   99.00    
  188   75  1.8664E-11   99.00    
  188   76   0.000       0.000    
  188   77   0.000       0.000    
  188   78   0.000       0.000    
  187   68   0.000       0.000    
  187   69   0.000       0.000    
  187   70   0.000       0.000    
  187   71   0.000       0.000    
  187   72   0.000       0.000    
  187   73   0.000       0.000    
  187   74  1.9454E-05   1.788    
  187   75   0.000       0.000    
  187   76   0.000       0.000    
  187   77   0.000       0.000    
  187   78   0.000       0.000    
  186   68   0.000       0.000    
  186   69   0.000       0.000    
  186   70   0.000       0.000    
  186   71   0.000       0.000    
  186   72   0.000       0.000    
  186   73  6.5543E-11   35.36    
  186   74   0.000       0.000    
  186   75  2.7573E-06   3.462    
  186   76   0.000       0.000    
  186   77   0.000       0.000    
  186   78   0.000       0.000    
  185   68   0.000       0.000    
  185   69   0.000       0.000    
  185   70   0.000       0.000    
  185   71   0.000       0.000    
  185   72   0.000       0.000    
  185   73  1.1527E-05   5.368    
  185   74  2.0505E-06  0.6707    
  185   75   0.000       0.000    
  185   76   0.000       0.000    
  185   77   0.000       0.000    
  185   78   0.000       0.000    
  184   68   0.000       0.000    
  184   69   0.000       0.000    
  184   70   0.000       0.000    
  184   71   0.000       0.000    
  184   72  7.5048E-08   61.24    
  184   73  8.0831E-06   4.150    
  184   74   0.000       0.000    
  184   75  2.7336E-06  0.5384    
  184   76   0.000       0.000    
  184   77   0.000       0.000    
  184   78   0.000       0.000    
  183   68   0.000       0.000    
  183   69   0.000       0.000    
  183   70   0.000       0.000    
  183   71   0.000       0.000    
  183   72  3.0633E-08   99.00    
  183   73  2.1451E-06   2.045    
  183   74   0.000       0.000    
  183   75  3.1696E-06  0.9084    
  183   76   0.000       0.000    
  183   77   0.000       0.000    
  183   78   0.000       0.000    
  182   68   0.000       0.000    
  182   69   0.000       0.000    
  182   70   0.000       0.000    
  182   71   0.000       0.000    
  182   72  8.0598E-18   46.67    
  182   73  1.0281E-07  0.8162    
  182   74   0.000       0.000    
  182   75  3.1834E-05   1.696    
  182   76   0.000       0.000    
  182   77   0.000       0.000    
  182   78   0.000       0.000    
  181   68   0.000       0.000    
  181   69   0.000       0.000    
  181   70   0.000       0.000    
  181   71   0.000       0.000    
  181   72  2.0521E-09   54.49    
  181   73   0.000       0.000    
  181   74  2.9789E-06  0.1596    
  181   75  4.4234E-04  0.3538    
  181   76   0.000       0.000    
  181   77   0.000       0.000    
  181   78   0.000       0.000    
  180   68   0.000       0.000    
  180   69   0.000       0.000    
  180   70   0.000       0.000    
  180   71   0.000       0.000    
  180   72   0.000       0.000    
  180   73  2.0632E-05   3.070    
  180   74   0.000       0.000    
  180   75  5.1530E-24  0.5427    
  180   76   0.000       0.000    
  180   77   0.000       0.000    
  180   78   0.000       0.000    
  179   68   0.000       0.000    
  179   69   0.000       0.000    
  179   70   0.000       0.000    
  179   71   0.000       0.000    
  179   72   0.000       0.000    
  179   73  9.1840E-07  0.3071    
  179   74  1.3002E-03  0.3236    
  179   75  4.0211E-05  0.4841    
  179   76   0.000       0.000    
  179   77   0.000       0.000    
  179   78   0.000       0.000    
  178   68   0.000       0.000    
  178   69   0.000       0.000    
  178   70   0.000       0.000    
  178   71   0.000       0.000    
  178   72   0.000       0.000    
  178   73  3.4263E-05   3.634    
  178   74  2.2297E-05  0.4710    
  178   75  1.7566E-06  0.8503    
  178   76   0.000       0.000    
  178   77   0.000       0.000    
  178   78   0.000       0.000    
  177   68   0.000       0.000    
  177   69   0.000       0.000    
  177   70   0.000       0.000    
  177   71   0.000       0.000    
  177   72   0.000       0.000    
  177   73  9.3230E-05  0.8732    
  177   74  1.5740E-03  0.8129    
  177   75  2.4527E-06  0.8853    
  177   76   0.000       0.000    
  177   77   0.000       0.000    
  177   78   0.000       0.000    
  176   68   0.000       0.000    
  176   69   0.000       0.000    
  176   70   0.000       0.000    
  176   71   0.000       0.000    
  176   72   0.000       0.000    
  176   73  3.1441E-04  0.6373    
  176   74  8.1525E-04  0.6467    
  176   75  8.7017E-13  0.8084    
  176   76   0.000       0.000    
  176   77   0.000       0.000    
  176   78   0.000       0.000    
  175   68   0.000       0.000    
  175   69   0.000       0.000    
  175   70   0.000       0.000    
  175   71   0.000       0.000    
  175   72  2.3827E-07   1.218    
  175   73  2.0394E-04  0.2209    
  175   74  1.0669E-04  0.4642    
  175   75  4.5270E-12  0.9895    
  175   76   0.000       0.000    
  175   77   0.000       0.000    
  175   78   0.000       0.000    
  174   68   0.000       0.000    
  174   69   0.000       0.000    
  174   70   0.000       0.000    
  174   71  9.0354E-12   99.00    
  174   72   0.000       0.000    
  174   73  1.8343E-04  0.8589    
  174   74  2.3653E-05   1.521    
  174   75  4.9357E-26   1.195    
  174   76   0.000       0.000    
  174   77   0.000       0.000    
  174   78   0.000       0.000    
  173   68   0.000       0.000    
  173   69   0.000       0.000    
  173   70   0.000       0.000    
  173   71  1.3080E-09   6.014    
  173   72  9.4320E-06   2.485    
  173   73  6.3777E-05   2.944    
  173   74  2.2966E-11   6.651    
  173   75  5.1663E-32   8.385    
  173   76   0.000       0.000    
  173   77   0.000       0.000    
  173   78   0.000       0.000    
  172   68   0.000       0.000    
  172   69   0.000       0.000    
  172   70   0.000       0.000    
  172   71  1.7787E-08   16.88    
  172   72  1.3211E-08   3.907    
  172   73  8.8853E-06   3.663    
  172   74  1.9959E-13   23.90    
  172   75   0.000       0.000    
  172   76   0.000       0.000    
  172   77   0.000       0.000    
  172   78   0.000       0.000    
  171   68   0.000       0.000    
  171   69   0.000       0.000    
  171   70   0.000       0.000    
  171   71  9.4997E-08   11.87    
  171   72  6.3662E-06   7.373    
  171   73  7.4703E-07   6.838    
  171   74   0.000       0.000    
  171   75   0.000       0.000    
  171   76   0.000       0.000    
  171   77   0.000       0.000    
  171   78   0.000       0.000    
  170   68   0.000       0.000    
  170   69   0.000       0.000    
  170   70   0.000       0.000    
  170   71  1.2068E-07   26.32    
  170   72  4.8662E-07   8.557    
  170   73  1.7148E-13   18.26    
  170   74   0.000       0.000    
  170   75   0.000       0.000    
  170   76   0.000       0.000    
  170   77   0.000       0.000    
  170   78   0.000       0.000    
  169   68   0.000       0.000    
  169   69   0.000       0.000    
  169   70  1.1940E-09   42.35    
  169   71  1.8031E-07   23.67    
  169   72  1.7145E-16   63.25    
  169   73  5.8082E-17   63.25    
  169   74   0.000       0.000    
  169   75   0.000       0.000    
  169   76   0.000       0.000    
  169   77   0.000       0.000    
  169   78   0.000       0.000    
  168   68   0.000       0.000    
  168   69  1.1693E-10   99.00    
  168   70   0.000       0.000    
  168   71  3.3434E-15   49.61    
  168   72   0.000       0.000    
  168   73   0.000       0.000    
  168   74   0.000       0.000    
  168   75   0.000       0.000    
  168   76   0.000       0.000    
  168   77   0.000       0.000    
  168   78   0.000       0.000    
  167   68   0.000       0.000    
  167   69  2.3340E-09   99.00    
  167   70  5.4158E-10   99.00    
  167   71   0.000       0.000    
  167   72   0.000       0.000    
  167   73   0.000       0.000    
  167   74   0.000       0.000    
  167   75   0.000       0.000    
  167   76   0.000       0.000    
  167   77   0.000       0.000    
  167   78   0.000       0.000    
  121   46   0.000       0.000    
  121   47   0.000       0.000    
  121   48   0.000       0.000    
  121   49   0.000       0.000    
  121   50  7.8442E-09   99.00    
  121   51   0.000       0.000    
  121   52   0.000       0.000    
  121   53   0.000       0.000    
  121   54   0.000       0.000    
  121   55   0.000       0.000    
  121   56   0.000       0.000    
  120   46   0.000       0.000    
  120   47   0.000       0.000    
  120   48   0.000       0.000    
  120   49   0.000       0.000    
  120   50   0.000       0.000    
  120   51   0.000       0.000    
  120   52   0.000       0.000    
  120   53   0.000       0.000    
  120   54   0.000       0.000    
  120   55   0.000       0.000    
  120   56   0.000       0.000    
  119   46   0.000       0.000    
  119   47   0.000       0.000    
  119   48   0.000       0.000    
  119   49   0.000       0.000    
  119   50   0.000       0.000    
  119   51   0.000       0.000    
  119   52   0.000       0.000    
  119   53   0.000       0.000    
  119   54   0.000       0.000    
  119   55   0.000       0.000    
  119   56   0.000       0.000    
  118   46   0.000       0.000    
  118   47   0.000       0.000    
  118   48   0.000       0.000    
  118   49   0.000       0.000    
  118   50   0.000       0.000    
  118   51   0.000       0.000    
  118   52   0.000       0.000    
  118   53   0.000       0.000    
  118   54   0.000       0.000    
  118   55   0.000       0.000    
  118   56   0.000       0.000    
  117   46   0.000       0.000    
  117   47   0.000       0.000    
  117   48   0.000       0.000    
  117   49   0.000       0.000    
  117   50   0.000       0.000    
  117   51   0.000       0.000    
  117   52   0.000       0.000    
  117   53   0.000       0.000    
  117   54   0.000       0.000    
  117   55   0.000       0.000    
  117   56   0.000       0.000    
  116   46   0.000       0.000    
  116   47   0.000       0.000    
  116   48   0.000       0.000    
  116   49   0.000       0.000    
  116   50   0.000       0.000    
  116   51   0.000       0.000    
  116   52   0.000       0.000    
  116   53   0.000       0.000    
  116   54   0.000       0.000    
  116   55   0.000       0.000    
  116   56   0.000       0.000    
  115   46   0.000       0.000    
  115   47   0.000       0.000    
  115   48   0.000       0.000    
  115   49   0.000       0.000    
  115   50   0.000       0.000    
  115   51   0.000       0.000    
  115   52   0.000       0.000    
  115   53   0.000       0.000    
  115   54   0.000       0.000    
  115   55   0.000       0.000    
  115   56   0.000       0.000    
  114   46  6.0551E-29   99.00    
  114   47  6.2532E-29   99.00    
  114   48   0.000       0.000    
  114   49   0.000       0.000    
  114   50   0.000       0.000    
  114   51   0.000       0.000    
  114   52   0.000       0.000    
  114   53   0.000       0.000    
  114   54   0.000       0.000    
  114   55   0.000       0.000    
  114   56   0.000       0.000    
  113   46   0.000       0.000    
  113   47   0.000       0.000    
  113   48   0.000       0.000    
  113   49   0.000       0.000    
  113   50   0.000       0.000    
  113   51   0.000       0.000    
  113   52   0.000       0.000    
  113   53   0.000       0.000    
  113   54   0.000       0.000    
  113   55   0.000       0.000    
  113   56   0.000       0.000    
  112   46  1.1214E-08   99.00    
  112   47  5.8634E-09   99.00    
  112   48   0.000       0.000    
  112   49   0.000       0.000    
  112   50   0.000       0.000    
  112   51   0.000       0.000    
  112   52   0.000       0.000    
  112   53   0.000       0.000    
  112   54   0.000       0.000    
  112   55   0.000       0.000    
  112   56   0.000       0.000    
  111   46  2.6176E-09   99.00    
  111   47  1.4323E-09   99.00    
  111   48   0.000       0.000    
  111   49   0.000       0.000    
  111   50   0.000       0.000    
  111   51   0.000       0.000    
  111   52   0.000       0.000    
  111   53   0.000       0.000    
  111   54   0.000       0.000    
  111   55   0.000       0.000    
  111   56   0.000       0.000    
  110   46   0.000       0.000    
  110   47   0.000       0.000    
  110   48   0.000       0.000    
  110   49   0.000       0.000    
  110   50   0.000       0.000    
  110   51   0.000       0.000    
  110   52   0.000       0.000    
  110   53   0.000       0.000    
  110   54   0.000       0.000    
  110   55   0.000       0.000    
  110   56   0.000       0.000    
  109   46  3.2817E-08   61.24    
  109   47   0.000       0.000    
  109   48   0.000       0.000    
  109   49   0.000       0.000    
  109   50   0.000       0.000    
  109   51   0.000       0.000    
  109   52   0.000       0.000    
  109   53   0.000       0.000    
  109   54   0.000       0.000    
  109   55   0.000       0.000    
  109   56   0.000       0.000    
  108   46   0.000       0.000    
  108   47   0.000       0.000    
  108   48   0.000       0.000    
  108   49   0.000       0.000    
  108   50   0.000       0.000    
  108   51   0.000       0.000    
  108   52   0.000       0.000    
  108   53   0.000       0.000    
  108   54   0.000       0.000    
  108   55   0.000       0.000    
  108   56   0.000       0.000    
  107   46  1.3746E-17   66.68    
  107   47   0.000       0.000    
  107   48   0.000       0.000    
  107   49   0.000       0.000    
  107   50   0.000       0.000    
  107   51   0.000       0.000    
  107   52   0.000       0.000    
  107   53   0.000       0.000    
  107   54   0.000       0.000    
  107   55   0.000       0.000    
  107   56   0.000       0.000    
  108   35   0.000       0.000    
  108   36   0.000       0.000    
  108   37   0.000       0.000    
  108   38   0.000       0.000    
  108   39   0.000       0.000    
  108   40   0.000       0.000    
  108   41   0.000       0.000    
  108   42   0.000       0.000    
  108   43   0.000       0.000    
  108   44  1.6720E-18   99.00    
  108   45  1.7817E-18   99.00    
  107   35   0.000       0.000    
  107   36   0.000       0.000    
  107   37   0.000       0.000    
  107   38   0.000       0.000    
  107   39   0.000       0.000    
  107   40   0.000       0.000    
  107   41   0.000       0.000    
  107   42   0.000       0.000    
  107   43   0.000       0.000    
  107   44   0.000       0.000    
  107   45  3.6585E-09   61.24    
  106   35   0.000       0.000    
  106   36   0.000       0.000    
  106   37   0.000       0.000    
  106   38   0.000       0.000    
  106   39   0.000       0.000    
  106   40   0.000       0.000    
  106   41   0.000       0.000    
  106   42   0.000       0.000    
  106   43   0.000       0.000    
  106   44  2.9301E-11   99.00    
  106   45  2.9301E-11   99.00    
  105   35   0.000       0.000    
  105   36   0.000       0.000    
  105   37   0.000       0.000    
  105   38   0.000       0.000    
  105   39   0.000       0.000    
  105   40   0.000       0.000    
  105   41   0.000       0.000    
  105   42   0.000       0.000    
  105   43   0.000       0.000    
  105   44  7.2327E-08   61.24    
  105   45  5.5183E-09   61.24    
  104   35   0.000       0.000    
  104   36   0.000       0.000    
  104   37   0.000       0.000    
  104   38   0.000       0.000    
  104   39   0.000       0.000    
  104   40   0.000       0.000    
  104   41   0.000       0.000    
  104   42   0.000       0.000    
  104   43   0.000       0.000    
  104   44   0.000       0.000    
  104   45  5.3524E-19   99.00    
  103   35   0.000       0.000    
  103   36   0.000       0.000    
  103   37   0.000       0.000    
  103   38   0.000       0.000    
  103   39   0.000       0.000    
  103   40   0.000       0.000    
  103   41   0.000       0.000    
  103   42   0.000       0.000    
  103   43   0.000       0.000    
  103   44  2.7701E-10   99.00    
  103   45   0.000       0.000    
  102   35   0.000       0.000    
  102   36   0.000       0.000    
  102   37   0.000       0.000    
  102   38   0.000       0.000    
  102   39   0.000       0.000    
  102   40   0.000       0.000    
  102   41   0.000       0.000    
  102   42  1.4549E-11   99.00    
  102   43  1.4663E-11   99.00    
  102   44   0.000       0.000    
  102   45   0.000       0.000    
  101   35   0.000       0.000    
  101   36   0.000       0.000    
  101   37   0.000       0.000    
  101   38   0.000       0.000    
  101   39   0.000       0.000    
  101   40   0.000       0.000    
  101   41   0.000       0.000    
  101   42  1.5025E-10   99.00    
  101   43  1.5767E-09   81.25    
  101   44   0.000       0.000    
  101   45   0.000       0.000    
  100   35   0.000       0.000    
  100   36   0.000       0.000    
  100   37   0.000       0.000    
  100   38   0.000       0.000    
  100   39   0.000       0.000    
  100   40   0.000       0.000    
  100   41   0.000       0.000    
  100   42   0.000       0.000    
  100   43   0.000       0.000    
  100   44   0.000       0.000    
  100   45   0.000       0.000    
   99   35   0.000       0.000    
   99   36   0.000       0.000    
   99   37   0.000       0.000    
   99   38   0.000       0.000    
   99   39   0.000       0.000    
   99   40   0.000       0.000    
   99   41   0.000       0.000    
   99   42  1.1508E-08   66.67    
   99   43  4.2761E-16   40.25    
   99   44   0.000       0.000    
   99   45   0.000       0.000    
   98   35   0.000       0.000    
   98   36   0.000       0.000    
   98   37   0.000       0.000    
   98   38   0.000       0.000    
   98   39   0.000       0.000    
   98   40   0.000       0.000    
   98   41   0.000       0.000    
   98   42   0.000       0.000    
   98   43   0.000       0.000    
   98   44   0.000       0.000    
   98   45   0.000       0.000    
   97   35   0.000       0.000    
   97   36   0.000       0.000    
   97   37   0.000       0.000    
   97   38   0.000       0.000    
   97   39   0.000       0.000    
   97   40   0.000       0.000    
   97   41  3.5913E-08   99.00    
   97   42   0.000       0.000    
   97   43   0.000       0.000    
   97   44   0.000       0.000    
   97   45   0.000       0.000    
   96   35   0.000       0.000    
   96   36   0.000       0.000    
   96   37   0.000       0.000    
   96   38   0.000       0.000    
   96   39   0.000       0.000    
   96   40   0.000       0.000    
   96   41  2.0415E-08   99.00    
   96   42   0.000       0.000    
   96   43   0.000       0.000    
   96   44   0.000       0.000    
   96   45   0.000       0.000    
   95   35   0.000       0.000    
   95   36   0.000       0.000    
   95   37   0.000       0.000    
   95   38   0.000       0.000    
   95   39   0.000       0.000    
   95   40  3.3987E-10   61.24    
   95   41  3.1872E-10   96.84    
   95   42   0.000       0.000    
   95   43   0.000       0.000    
   95   44   0.000       0.000    
   95   45   0.000       0.000    
   94   35   0.000       0.000    
   94   36   0.000       0.000    
   94   37   0.000       0.000    
   94   38   0.000       0.000    
   94   39  1.6296E-09   99.00    
   94   40   0.000       0.000    
   94   41  1.4696E-15   99.00    
   94   42   0.000       0.000    
   94   43   0.000       0.000    
   94   44   0.000       0.000    
   94   45   0.000       0.000    
   93   35   0.000       0.000    
   93   36   0.000       0.000    
   93   37   0.000       0.000    
   93   38  5.7928E-14   99.00    
   93   39  2.1022E-08   99.00    
   93   40  9.6019E-17   30.71    
   93   41   0.000       0.000    
   93   42   0.000       0.000    
   93   43   0.000       0.000    
   93   44   0.000       0.000    
   93   45   0.000       0.000    
   92   35   0.000       0.000    
   92   36   0.000       0.000    
   92   37   0.000       0.000    
   92   38  1.3110E-07   66.67    
   92   39  2.0979E-07   38.65    
   92   40   0.000       0.000    
   92   41   0.000       0.000    
   92   42   0.000       0.000    
   92   43   0.000       0.000    
   92   44   0.000       0.000    
   92   45   0.000       0.000    
   91   35   0.000       0.000    
   91   36   0.000       0.000    
   91   37   0.000       0.000    
   91   38  2.1652E-08   99.00    
   91   39  3.8552E-10   90.67    
   91   40   0.000       0.000    
   91   41   0.000       0.000    
   91   42   0.000       0.000    
   91   43   0.000       0.000    
   91   44   0.000       0.000    
   91   45   0.000       0.000    
   90   35   0.000       0.000    
   90   36   0.000       0.000    
   90   37  2.3096E-20   99.00    
   90   38  5.1813E-12   44.72    
   90   39  1.9765E-09   99.00    
   90   40   0.000       0.000    
   90   41   0.000       0.000    
   90   42   0.000       0.000    
   90   43   0.000       0.000    
   90   44   0.000       0.000    
   90   45   0.000       0.000    
   89   35   0.000       0.000    
   89   36  9.1351E-24   99.00    
   89   37  4.8787E-10   99.00    
   89   38  1.5058E-09   36.42    
   89   39   0.000       0.000    
   89   40   0.000       0.000    
   89   41   0.000       0.000    
   89   42   0.000       0.000    
   89   43   0.000       0.000    
   89   44   0.000       0.000    
   89   45   0.000       0.000    
   88   35   0.000       0.000    
   88   36  4.3008E-08   99.00    
   88   37  4.8574E-08   98.47    
   88   38   0.000       0.000    
   88   39  2.0422E-10   61.24    
   88   40   0.000       0.000    
   88   41   0.000       0.000    
   88   42   0.000       0.000    
   88   43   0.000       0.000    
   88   44   0.000       0.000    
   88   45   0.000       0.000    
   87   35   0.000       0.000    
   87   36   0.000       0.000    
   87   37   0.000       0.000    
   87   38   0.000       0.000    
   87   39   0.000       0.000    
   87   40   0.000       0.000    
   87   41   0.000       0.000    
   87   42   0.000       0.000    
   87   43   0.000       0.000    
   87   44   0.000       0.000    
   87   45   0.000       0.000    
   86   35   0.000       0.000    
   86   36   0.000       0.000    
   86   37  3.4884E-09   48.58    
   86   38   0.000       0.000    
   86   39   0.000       0.000    
   86   40   0.000       0.000    
   86   41   0.000       0.000    
   86   42   0.000       0.000    
   86   43   0.000       0.000    
   86   44   0.000       0.000    
   86   45   0.000       0.000    
   85   35  3.0332E-25   99.00    
   85   36  3.2861E-12   82.05    
   85   37   0.000       0.000    
   85   38   0.000       0.000    
   85   39   0.000       0.000    
   85   40   0.000       0.000    
   85   41   0.000       0.000    
   85   42   0.000       0.000    
   85   43   0.000       0.000    
   85   44   0.000       0.000    
   85   45   0.000       0.000    
   84   35  5.8027E-08   17.50    
   84   36   0.000       0.000    
   84   37   0.000       0.000    
   84   38   0.000       0.000    
   84   39   0.000       0.000    
   84   40   0.000       0.000    
   84   41   0.000       0.000    
   84   42   0.000       0.000    
   84   43   0.000       0.000    
   84   44   0.000       0.000    
   84   45   0.000       0.000    
   83   35  1.3273E-07   99.00    
   83   36   0.000       0.000    
   83   37  1.2628E-10   99.00    
   83   38   0.000       0.000    
   83   39   0.000       0.000    
   83   40   0.000       0.000    
   83   41   0.000       0.000    
   83   42   0.000       0.000    
   83   43   0.000       0.000    
   83   44   0.000       0.000    
   83   45   0.000       0.000    
   82   35  6.8233E-09   99.00    
   82   36   0.000       0.000    
   82   37   0.000       0.000    
   82   38   0.000       0.000    
   82   39   0.000       0.000    
   82   40   0.000       0.000    
   82   41   0.000       0.000    
   82   42   0.000       0.000    
   82   43   0.000       0.000    
   82   44   0.000       0.000    
   82   45   0.000       0.000    
   81   35   0.000       0.000    
   81   36   0.000       0.000    
   81   37   0.000       0.000    
   81   38   0.000       0.000    
   81   39   0.000       0.000    
   81   40   0.000       0.000    
   81   41   0.000       0.000    
   81   42   0.000       0.000    
   81   43   0.000       0.000    
   81   44   0.000       0.000    
   81   45   0.000       0.000    
   80   35  3.8793E-08   99.00    
   80   36   0.000       0.000    
   80   37   0.000       0.000    
   80   38   0.000       0.000    
   80   39   0.000       0.000    
   80   40   0.000       0.000    
   80   41   0.000       0.000    
   80   42   0.000       0.000    
   80   43   0.000       0.000    
   80   44   0.000       0.000    
   80   45   0.000       0.000    
   81   24   0.000       0.000    
   81   25   0.000       0.000    
   81   26   0.000       0.000    
   81   27   0.000       0.000    
   81   28   0.000       0.000    
   81   29   0.000       0.000    
   81   30   0.000       0.000    
   81   31   0.000       0.000    
   81   32   0.000       0.000    
   81   33   0.000       0.000    
   81   34  4.7321E-08   91.41    
   80   24   0.000       0.000    
   80   25   0.000       0.000    
   80   26   0.000       0.000    
   80   27   0.000       0.000    
   80   28   0.000       0.000    
   80   29   0.000       0.000    
   80   30   0.000       0.000    
   80   31   0.000       0.000    
   80   32   0.000       0.000    
   80   33   0.000       0.000    
   80   34   0.000       0.000    
   79   24   0.000       0.000    
   79   25   0.000       0.000    
   79   26   0.000       0.000    
   79   27   0.000       0.000    
   79   28   0.000       0.000    
   79   29   0.000       0.000    
   79   30   0.000       0.000    
   79   31   0.000       0.000    
   79   32   0.000       0.000    
   79   33  3.0018E-12   40.82    
   79   34  3.6479E-16   25.00    
   78   24   0.000       0.000    
   78   25   0.000       0.000    
   78   26   0.000       0.000    
   78   27   0.000       0.000    
   78   28   0.000       0.000    
   78   29   0.000       0.000    
   78   30   0.000       0.000    
   78   31   0.000       0.000    
   78   32  8.1481E-08   61.24    
   78   33  2.0187E-07   47.32    
   78   34   0.000       0.000    
   77   24   0.000       0.000    
   77   25   0.000       0.000    
   77   26   0.000       0.000    
   77   27   0.000       0.000    
   77   28   0.000       0.000    
   77   29   0.000       0.000    
   77   30   0.000       0.000    
   77   31   0.000       0.000    
   77   32  2.2887E-08   81.50    
   77   33  6.5346E-09   79.83    
   77   34   0.000       0.000    
   76   24   0.000       0.000    
   76   25   0.000       0.000    
   76   26   0.000       0.000    
   76   27   0.000       0.000    
   76   28   0.000       0.000    
   76   29   0.000       0.000    
   76   30   0.000       0.000    
   76   31   0.000       0.000    
   76   32   0.000       0.000    
   76   33  3.6707E-08   25.00    
   76   34   0.000       0.000    
   75   24   0.000       0.000    
   75   25   0.000       0.000    
   75   26   0.000       0.000    
   75   27   0.000       0.000    
   75   28   0.000       0.000    
   75   29   0.000       0.000    
   75   30   0.000       0.000    
   75   31  2.3609E-32   99.00    
   75   32  4.0488E-08   99.00    
   75   33   0.000       0.000    
   75   34   0.000       0.000    
   74   24   0.000       0.000    
   74   25   0.000       0.000    
   74   26   0.000       0.000    
   74   27   0.000       0.000    
   74   28   0.000       0.000    
   74   29   0.000       0.000    
   74   30   0.000       0.000    
   74   31  4.6268E-13   61.24    
   74   32   0.000       0.000    
   74   33  6.1009E-10   99.00    
   74   34   0.000       0.000    
   73   24   0.000       0.000    
   73   25   0.000       0.000    
   73   26   0.000       0.000    
   73   27   0.000       0.000    
   73   28   0.000       0.000    
   73   29   0.000       0.000    
   73   30   0.000       0.000    
   73   31  6.8968E-08   61.24    
   73   32   0.000       0.000    
   73   33   0.000       0.000    
   73   34   0.000       0.000    
   72   24   0.000       0.000    
   72   25   0.000       0.000    
   72   26   0.000       0.000    
   72   27   0.000       0.000    
   72   28   0.000       0.000    
   72   29   0.000       0.000    
   72   30   0.000       0.000    
   72   31  1.5906E-08   99.00    
   72   32   0.000       0.000    
   72   33   0.000       0.000    
   72   34   0.000       0.000    
   71   24   0.000       0.000    
   71   25   0.000       0.000    
   71   26   0.000       0.000    
   71   27   0.000       0.000    
   71   28   0.000       0.000    
   71   29   0.000       0.000    
   71   30  7.2736E-12   61.24    
   71   31   0.000       0.000    
   71   32   0.000       0.000    
   71   33   0.000       0.000    
   71   34   0.000       0.000    
   70   24   0.000       0.000    
   70   25   0.000       0.000    
   70   26   0.000       0.000    
   70   27   0.000       0.000    
   70   28   0.000       0.000    
   70   29   0.000       0.000    
   70   30   0.000       0.000    
   70   31   0.000       0.000    
   70   32   0.000       0.000    
   70   33   0.000       0.000    
   70   34   0.000       0.000    
   69   24   0.000       0.000    
   69   25   0.000       0.000    
   69   26   0.000       0.000    
   69   27   0.000       0.000    
   69   28   0.000       0.000    
   69   29  2.8568E-25   61.24    
   69   30  8.6395E-08   40.85    
   69   31   0.000       0.000    
   69   32   0.000       0.000    
   69   33   0.000       0.000    
   69   34   0.000       0.000    
   68   24   0.000       0.000    
   68   25   0.000       0.000    
   68   26   0.000       0.000    
   68   27   0.000       0.000    
   68   28   0.000       0.000    
   68   29   0.000       0.000    
   68   30   0.000       0.000    
   68   31   0.000       0.000    
   68   32   0.000       0.000    
   68   33   0.000       0.000    
   68   34   0.000       0.000    
   67   24   0.000       0.000    
   67   25   0.000       0.000    
   67   26   0.000       0.000    
   67   27   0.000       0.000    
   67   28   0.000       0.000    
   67   29  4.0840E-09   99.00    
   67   30   0.000       0.000    
   67   31   0.000       0.000    
   67   32   0.000       0.000    
   67   33   0.000       0.000    
   67   34   0.000       0.000    
   66   24   0.000       0.000    
   66   25   0.000       0.000    
   66   26   0.000       0.000    
   66   27   0.000       0.000    
   66   28  4.6034E-09   99.00    
   66   29  4.6106E-09   99.00    
   66   30   0.000       0.000    
   66   31   0.000       0.000    
   66   32   0.000       0.000    
   66   33   0.000       0.000    
   66   34   0.000       0.000    
   65   24   0.000       0.000    
   65   25   0.000       0.000    
   65   26   0.000       0.000    
   65   27   0.000       0.000    
   65   28  4.3954E-08   99.00    
   65   29   0.000       0.000    
   65   30   0.000       0.000    
   65   31   0.000       0.000    
   65   32   0.000       0.000    
   65   33   0.000       0.000    
   65   34   0.000       0.000    
   64   24   0.000       0.000    
   64   25   0.000       0.000    
   64   26   0.000       0.000    
   64   27   0.000       0.000    
   64   28   0.000       0.000    
   64   29   0.000       0.000    
   64   30   0.000       0.000    
   64   31   0.000       0.000    
   64   32   0.000       0.000    
   64   33   0.000       0.000    
   64   34   0.000       0.000    
   63   24   0.000       0.000    
   63   25   0.000       0.000    
   63   26   0.000       0.000    
   63   27   0.000       0.000    
   63   28  2.9480E-13   99.00    
   63   29   0.000       0.000    
   63   30   0.000       0.000    
   63   31   0.000       0.000    
   63   32   0.000       0.000    
   63   33   0.000       0.000    
   63   34   0.000       0.000    
   62   24   0.000       0.000    
   62   25   0.000       0.000    
   62   26   0.000       0.000    
   62   27   0.000       0.000    
   62   28   0.000       0.000    
   62   29   0.000       0.000    
   62   30   0.000       0.000    
   62   31   0.000       0.000    
   62   32   0.000       0.000    
   62   33   0.000       0.000    
   62   34   0.000       0.000    
   61   24   0.000       0.000    
   61   25   0.000       0.000    
   61   26   0.000       0.000    
   61   27   0.000       0.000    
   61   28   0.000       0.000    
   61   29   0.000       0.000    
   61   30   0.000       0.000    
   61   31   0.000       0.000    
   61   32   0.000       0.000    
   61   33   0.000       0.000    
   61   34   0.000       0.000    
   60   24   0.000       0.000    
   60   25   0.000       0.000    
   60   26  1.1387E-17   99.00    
   60   27  4.3100E-22   99.00    
   60   28   0.000       0.000    
   60   29   0.000       0.000    
   60   30   0.000       0.000    
   60   31   0.000       0.000    
   60   32   0.000       0.000    
   60   33   0.000       0.000    
   60   34   0.000       0.000    
   53   13   0.000       0.000    
   53   14   0.000       0.000    
   53   15   0.000       0.000    
   53   16   0.000       0.000    
   53   17   0.000       0.000    
   53   18   0.000       0.000    
   53   19   0.000       0.000    
   53   20   0.000       0.000    
   53   21   0.000       0.000    
   53   22   0.000       0.000    
   53   23  1.7805E-41   99.00    
   52   13   0.000       0.000    
   52   14   0.000       0.000    
   52   15   0.000       0.000    
   52   16   0.000       0.000    
   52   17   0.000       0.000    
   52   18   0.000       0.000    
   52   19   0.000       0.000    
   52   20   0.000       0.000    
   52   21   0.000       0.000    
   52   22   0.000       0.000    
   52   23   0.000       0.000    
   51   13   0.000       0.000    
   51   14   0.000       0.000    
   51   15   0.000       0.000    
   51   16   0.000       0.000    
   51   17   0.000       0.000    
   51   18   0.000       0.000    
   51   19   0.000       0.000    
   51   20   0.000       0.000    
   51   21   0.000       0.000    
   51   22   0.000       0.000    
   51   23   0.000       0.000    
   50   13   0.000       0.000    
   50   14   0.000       0.000    
   50   15   0.000       0.000    
   50   16   0.000       0.000    
   50   17   0.000       0.000    
   50   18   0.000       0.000    
   50   19   0.000       0.000    
   50   20   0.000       0.000    
   50   21   0.000       0.000    
   50   22   0.000       0.000    
   50   23   0.000       0.000    
   49   13   0.000       0.000    
   49   14   0.000       0.000    
   49   15   0.000       0.000    
   49   16   0.000       0.000    
   49   17   0.000       0.000    
   49   18   0.000       0.000    
   49   19   0.000       0.000    
   49   20   0.000       0.000    
   49   21   0.000       0.000    
   49   22   0.000       0.000    
   49   23   0.000       0.000    
   48   13   0.000       0.000    
   48   14   0.000       0.000    
   48   15   0.000       0.000    
   48   16   0.000       0.000    
   48   17   0.000       0.000    
   48   18   0.000       0.000    
   48   19   0.000       0.000    
   48   20   0.000       0.000    
   48   21   0.000       0.000    
   48   22   0.000       0.000    
   48   23   0.000       0.000    
   47   13   0.000       0.000    
   47   14   0.000       0.000    
   47   15   0.000       0.000    
   47   16   0.000       0.000    
   47   17   0.000       0.000    
   47   18   0.000       0.000    
   47   19   0.000       0.000    
   47   20   0.000       0.000    
   47   21   0.000       0.000    
   47   22   0.000       0.000    
   47   23   0.000       0.000    
   46   13   0.000       0.000    
   46   14   0.000       0.000    
   46   15   0.000       0.000    
   46   16   0.000       0.000    
   46   17   0.000       0.000    
   46   18   0.000       0.000    
   46   19   0.000       0.000    
   46   20   0.000       0.000    
   46   21   0.000       0.000    
   46   22   0.000       0.000    
   46   23   0.000       0.000    
   45   13   0.000       0.000    
   45   14   0.000       0.000    
   45   15   0.000       0.000    
   45   16   0.000       0.000    
   45   17   0.000       0.000    
   45   18   0.000       0.000    
   45   19   0.000       0.000    
   45   20   0.000       0.000    
   45   21   0.000       0.000    
   45   22   0.000       0.000    
   45   23   0.000       0.000    
   44   13   0.000       0.000    
   44   14   0.000       0.000    
   44   15   0.000       0.000    
   44   16   0.000       0.000    
   44   17   0.000       0.000    
   44   18   0.000       0.000    
   44   19   0.000       0.000    
   44   20   0.000       0.000    
   44   21   0.000       0.000    
   44   22   0.000       0.000    
   44   23   0.000       0.000    
   43   13   0.000       0.000    
   43   14   0.000       0.000    
   43   15   0.000       0.000    
   43   16   0.000       0.000    
   43   17   0.000       0.000    
   43   18   0.000       0.000    
   43   19   0.000       0.000    
   43   20   0.000       0.000    
   43   21   0.000       0.000    
   43   22   0.000       0.000    
   43   23   0.000       0.000    
   42   13   0.000       0.000    
   42   14   0.000       0.000    
   42   15   0.000       0.000    
   42   16   0.000       0.000    
   42   17   0.000       0.000    
   42   18   0.000       0.000    
   42   19   0.000       0.000    
   42   20   0.000       0.000    
   42   21   0.000       0.000    
   42   22   0.000       0.000    
   42   23   0.000       0.000    
   41   13   0.000       0.000    
   41   14   0.000       0.000    
   41   15   0.000       0.000    
   41   16   0.000       0.000    
   41   17   0.000       0.000    
   41   18  3.0628E-07   17.50    
   41   19   0.000       0.000    
   41   20   0.000       0.000    
   41   21   0.000       0.000    
   41   22   0.000       0.000    
   41   23   0.000       0.000    
   40   13   0.000       0.000    
   40   14   0.000       0.000    
   40   15   0.000       0.000    
   40   16   0.000       0.000    
   40   17   0.000       0.000    
   40   18   0.000       0.000    
   40   19  4.3128E-18   9.338    
   40   20   0.000       0.000    
   40   21   0.000       0.000    
   40   22   0.000       0.000    
   40   23   0.000       0.000    
   39   13   0.000       0.000    
   39   14   0.000       0.000    
   39   15   0.000       0.000    
   39   16   0.000       0.000    
   39   17  2.8513E-06   10.48    
   39   18  1.0844E-10   3.656    
   39   19   0.000       0.000    
   39   20   0.000       0.000    
   39   21   0.000       0.000    
   39   22   0.000       0.000    
   39   23   0.000       0.000    
   38   13   0.000       0.000    
   38   14   0.000       0.000    
   38   15   0.000       0.000    
   38   16  1.7184E-07   46.77    
   38   17  1.2371E-06   7.774    
   38   18   0.000       0.000    
   38   19  2.6904E-13   40.83    
   38   20   0.000       0.000    
   38   21   0.000       0.000    
   38   22   0.000       0.000    
   38   23   0.000       0.000    
   37   13   0.000       0.000    
   37   14   0.000       0.000    
   37   15   0.000       0.000    
   37   16  1.4717E-16   31.18    
   37   17   0.000       0.000    
   37   18  9.3751E-08   6.339    
   37   19   0.000       0.000    
   37   20   0.000       0.000    
   37   21   0.000       0.000    
   37   22   0.000       0.000    
   37   23   0.000       0.000    
   36   13   0.000       0.000    
   36   14   0.000       0.000    
   36   15   0.000       0.000    
   36   16   0.000       0.000    
   36   17  5.5054E-14   2.039    
   36   18   0.000       0.000    
   36   19   0.000       0.000    
   36   20   0.000       0.000    
   36   21   0.000       0.000    
   36   22   0.000       0.000    
   36   23   0.000       0.000    
   35   13   0.000       0.000    
   35   14   0.000       0.000    
   35   15   0.000       0.000    
   35   16  1.8190E-08   4.386    
   35   17   0.000       0.000    
   35   18   0.000       0.000    
   35   19   0.000       0.000    
   35   20   0.000       0.000    
   35   21   0.000       0.000    
   35   22   0.000       0.000    
   35   23   0.000       0.000    
   34   13   0.000       0.000    
   34   14   0.000       0.000    
   34   15   0.000       0.000    
   34   16   0.000       0.000    
   34   17  2.6481E-08   36.42    
   34   18   0.000       0.000    
   34   19   0.000       0.000    
   34   20   0.000       0.000    
   34   21   0.000       0.000    
   34   22   0.000       0.000    
   34   23   0.000       0.000    
   33   13   0.000       0.000    
   33   14   0.000       0.000    
   33   15  2.3986E-08   7.143    
   33   16   0.000       0.000    
   33   17   0.000       0.000    
   33   18   0.000       0.000    
   33   19   0.000       0.000    
   33   20   0.000       0.000    
   33   21   0.000       0.000    
   33   22   0.000       0.000    
   33   23   0.000       0.000    
   32   13   0.000       0.000    
   32   14  7.7997E-13   46.77    
   32   15  5.6917E-08   10.33    
   32   16   0.000       0.000    
   32   17   0.000       0.000    
   32   18   0.000       0.000    
   32   19   0.000       0.000    
   32   20   0.000       0.000    
   32   21   0.000       0.000    
   32   22   0.000       0.000    
   32   23   0.000       0.000    
   31   13   0.000       0.000    
   31   14  5.2400E-07   21.25    
   31   15   0.000       0.000    
   31   16   0.000       0.000    
   31   17   0.000       0.000    
   31   18   0.000       0.000    
   31   19   0.000       0.000    
   31   20   0.000       0.000    
   31   21   0.000       0.000    
   31   22   0.000       0.000    
   31   23   0.000       0.000    
   30   13   0.000       0.000    
   30   14   0.000       0.000    
   30   15  3.6273E-27   28.26    
   30   16   0.000       0.000    
   30   17   0.000       0.000    
   30   18   0.000       0.000    
   30   19   0.000       0.000    
   30   20   0.000       0.000    
   30   21   0.000       0.000    
   30   22   0.000       0.000    
   30   23   0.000       0.000    
   29   13  2.6376E-14   46.77    
   29   14   0.000       0.000    
   29   15   0.000       0.000    
   29   16   0.000       0.000    
   29   17   0.000       0.000    
   29   18   0.000       0.000    
   29   19   0.000       0.000    
   29   20   0.000       0.000    
   29   21   0.000       0.000    
   29   22   0.000       0.000    
   29   23   0.000       0.000    
   28   13  8.7406E-30   31.87    
   28   14   0.000       0.000    
   28   15   0.000       0.000    
   28   16   0.000       0.000    
   28   17   0.000       0.000    
   28   18   0.000       0.000    
   28   19   0.000       0.000    
   28   20   0.000       0.000    
   28   21   0.000       0.000    
   28   22   0.000       0.000    
   28   23   0.000       0.000    
   24    2   0.000       0.000    
   24    3   0.000       0.000    
   24    4   0.000       0.000    
   24    5   0.000       0.000    
   24    6   0.000       0.000    
   24    7   0.000       0.000    
   24    8   0.000       0.000    
   24    9   0.000       0.000    
   24   10   0.000       0.000    
   24   11  1.5093E-08   99.00    
   24   12   0.000       0.000    
   23    2   0.000       0.000    
   23    3   0.000       0.000    
   23    4   0.000       0.000    
   23    5   0.000       0.000    
   23    6   0.000       0.000    
   23    7   0.000       0.000    
   23    8   0.000       0.000    
   23    9   0.000       0.000    
   23   10   0.000       0.000    
   23   11   0.000       0.000    
   23   12   0.000       0.000    
   22    2   0.000       0.000    
   22    3   0.000       0.000    
   22    4   0.000       0.000    
   22    5   0.000       0.000    
   22    6   0.000       0.000    
   22    7   0.000       0.000    
   22    8   0.000       0.000    
   22    9   0.000       0.000    
   22   10   0.000       0.000    
   22   11   0.000       0.000    
   22   12   0.000       0.000    
   21    2   0.000       0.000    
   21    3   0.000       0.000    
   21    4   0.000       0.000    
   21    5   0.000       0.000    
   21    6   0.000       0.000    
   21    7   0.000       0.000    
   21    8   0.000       0.000    
   21    9   0.000       0.000    
   21   10   0.000       0.000    
   21   11   0.000       0.000    
   21   12   0.000       0.000    
   20    2   0.000       0.000    
   20    3   0.000       0.000    
   20    4   0.000       0.000    
   20    5   0.000       0.000    
   20    6   0.000       0.000    
   20    7   0.000       0.000    
   20    8   0.000       0.000    
   20    9   0.000       0.000    
   20   10   0.000       0.000    
   20   11   0.000       0.000    
   20   12   0.000       0.000    
   19    2   0.000       0.000    
   19    3   0.000       0.000    
   19    4   0.000       0.000    
   19    5   0.000       0.000    
   19    6   0.000       0.000    
   19    7   0.000       0.000    
   19    8   0.000       0.000    
   19    9   0.000       0.000    
   19   10   0.000       0.000    
   19   11   0.000       0.000    
   19   12   0.000       0.000    
   18    2   0.000       0.000    
   18    3   0.000       0.000    
   18    4   0.000       0.000    
   18    5   0.000       0.000    
   18    6   0.000       0.000    
   18    7   0.000       0.000    
   18    8   0.000       0.000    
   18    9  4.3766E-07   22.36    
   18   10   0.000       0.000    
   18   11   0.000       0.000    
   18   12   0.000       0.000    
   17    2   0.000       0.000    
   17    3   0.000       0.000    
   17    4   0.000       0.000    
   17    5   0.000       0.000    
   17    6   0.000       0.000    
   17    7   0.000       0.000    
   17    8   0.000       0.000    
   17    9   0.000       0.000    
   17   10   0.000       0.000    
   17   11   0.000       0.000    
   17   12   0.000       0.000    
   16    2   0.000       0.000    
   16    3   0.000       0.000    
   16    4   0.000       0.000    
   16    5   0.000       0.000    
   16    6   0.000       0.000    
   16    7   0.000       0.000    
   16    8   0.000       0.000    
   16    9   0.000       0.000    
   16   10   0.000       0.000    
   16   11   0.000       0.000    
   16   12   0.000       0.000    
   15    2   0.000       0.000    
   15    3   0.000       0.000    
   15    4   0.000       0.000    
   15    5   0.000       0.000    
   15    6   0.000       0.000    
   15    7   0.000       0.000    
   15    8  8.5457E-29  0.8888    
   15    9   0.000       0.000    
   15   10   0.000       0.000    
   15   11   0.000       0.000    
   15   12   0.000       0.000    
   14    2   0.000       0.000    
   14    3   0.000       0.000    
   14    4   0.000       0.000    
   14    5   0.000       0.000    
   14    6  1.7977E-10  0.7727    
   14    7   0.000       0.000    
   14    8   0.000       0.000    
   14    9   0.000       0.000    
   14   10   0.000       0.000    
   14   11   0.000       0.000    
   14   12   0.000       0.000    
   13    2   0.000       0.000    
   13    3   0.000       0.000    
   13    4   0.000       0.000    
   13    5   0.000       0.000    
   13    6   0.000       0.000    
   13    7  1.2209E-07  0.6823    
   13    8   0.000       0.000    
   13    9   0.000       0.000    
   13   10   0.000       0.000    
   13   11   0.000       0.000    
   13   12   0.000       0.000    
   12    2   0.000       0.000    
   12    3   0.000       0.000    
   12    4   0.000       0.000    
   12    5   0.000       0.000    
   12    6   0.000       0.000    
   12    7   0.000       0.000    
   12    8   0.000       0.000    
   12    9   0.000       0.000    
   12   10   0.000       0.000    
   12   11   0.000       0.000    
   12   12   0.000       0.000    
   11    2   0.000       0.000    
   11    3   0.000       0.000    
   11    4   0.000       0.000    
   11    5   0.000       0.000    
   11    6  5.5404E-05  0.3417    
   11    7   0.000       0.000    
   11    8   0.000       0.000    
   11    9   0.000       0.000    
   11   10   0.000       0.000    
   11   11   0.000       0.000    
   11   12   0.000       0.000    
   10    2   0.000       0.000    
   10    3   0.000       0.000    
   10    4  2.9913E-14   2.010    
   10    5   0.000       0.000    
   10    6   0.000       0.000    
   10    7   0.000       0.000    
   10    8   0.000       0.000    
   10    9   0.000       0.000    
   10   10   0.000       0.000    
   10   11   0.000       0.000    
   10   12   0.000       0.000    
    9    2   0.000       0.000    
    9    3   0.000       0.000    
    9    4   0.000       0.000    
    9    5   0.000       0.000    
    9    6   0.000       0.000    
    9    7   0.000       0.000    
    9    8   0.000       0.000    
    9    9   0.000       0.000    
    9   10   0.000       0.000    
    9   11   0.000       0.000    
    9   12   0.000       0.000    
    8    2   0.000       0.000    
    8    3   0.000       0.000    
    8    4   0.000       0.000    
    8    5   0.000       0.000    
    8    6   0.000       0.000    
    8    7   0.000       0.000    
    8    8   0.000       0.000    
    8    9   0.000       0.000    
    8   10   0.000       0.000    
    8   11   0.000       0.000    
    8   12   0.000       0.000    
    7    2   0.000       0.000    
    7    3   0.000       0.000    
    7    4  4.1062E-06  0.8159    
    7    5   0.000       0.000    
    7    6   0.000       0.000    
    7    7   0.000       0.000    
    7    8   0.000       0.000    
    7    9   0.000       0.000    
    7   10   0.000       0.000    
    7   11   0.000       0.000    
    7   12   0.000       0.000    
    3    1  5.9233E-08  0.7028    
# A/Z/m Isomers:
   34   17    1  5.9326E-08   36.42    
   60   27    1  1.1387E-17   99.00    
   67   30    1  1.2243E-09   99.00    
   71   30    1  1.4397E-08   61.24    
   73   32    1  6.8602E-08   61.24    
   73   32    2  6.7731E-08   61.24    
   75   33    1  1.5328E-14   99.00    
   77   33    1  7.5657E-09   81.50    
   77   34    1  2.0259E-11   79.86    
   79   34    1  5.1605E-12   40.82    
   80   35    1  3.6245E-08   99.00    
   81   34    1  3.0843E-08   95.07    
   81   35    1  1.5553E-11   95.07    
   82   35    1  1.7839E-15   99.00    
   83   36    1  1.3739E-07   99.00    
   85   36    1  7.1526E-08   99.00    
   85   37    1  1.4262E-14   82.05    
   89   39    1  1.4516E-13   36.42    
   90   37    1  3.4431E-19   99.00    
   90   39    1  4.1578E-08   99.00    
   90   40    1  7.4847E-13   99.00    
   91   39    1  3.5814E-08   65.47    
   93   39    1  1.9339E-14   99.00    
   93   41    1  1.3942E-21   30.40    
   95   41    1  2.9441E-09   99.00    
   99   43    1  3.0983E-09   66.66    
  101   43    1  3.4779E-11   99.00    
  103   45    1  2.4644E-10   99.00    
  104   45    1  4.4888E-19   99.00    
  105   45    1  2.0813E-08   61.24    
  106   45    1  4.4426E-08   99.00    
  109   47    1  3.2826E-08   61.24    
  111   47    1  2.7260E-09   99.00    
  115   48    1  2.4404E-10   99.00    
  115   49    1  4.1603E-15   99.00    
  121   50    1  8.2774E-14   99.00    
  167   68    1  2.2951E-09   99.00    
  167   69    1  3.8931E-10   99.00    
  168   71    1  6.8087E-14   48.45    
  169   70    1  1.7129E-08   23.67    
  169   71    1  1.9192E-17   63.25    
  170   71    1  4.8426E-10   8.557    
  171   70    1  8.8857E-08   11.87    
  172   71    1  1.3174E-08   3.908    
  172   71    2  1.4865E-09   3.907    
  173   71    1  9.4222E-06   2.485    
  174   70    1  1.9019E-12   46.77    
  174   71    1  3.0675E-10   46.77    
  175   71    1  5.4859E-10   1.218    
  175   72    1  1.2076E-05  0.2209    
  176   71    1  3.9522E-08   99.00    
  177   73    1  1.1685E-03  0.8129    
  178   72    1  3.4279E-05   3.634    
  178   73    1  2.2302E-05  0.4711    
  179   72    2  8.6686E-10   61.24    
  179   73    1  1.2837E-03  0.3236    
  179   74    1  1.6151E-05  0.4841    
  181   73    1  2.2026E-06  0.1598    
  181   73    2  1.8989E-09   54.49    
  181   74    1  3.6068E-04  0.3538    
  182   72    1  3.0869E-08   99.00    
  182   73    1  1.3866E-08   37.87    
  182   73    2  1.3165E-08   34.98    
  182   75    1  2.9356E-04  0.7429    
  183   74    1  1.3215E-07   2.045    
  184   74    1  7.8494E-06   4.133    
  184   75    1  8.5386E-08   2.298    
  186   75    1  3.2817E-15   15.41    
