# Detector n:     1  
col19     
# A/Z Isotopes:
  187   68   0.000       0.000    
  187   69   0.000       0.000    
  187   70   0.000       0.000    
  187   71   0.000       0.000    
  187   72   0.000       0.000    
  187   73   0.000       0.000    
  187   74  1.5760E+07   1.668    
  187   75   0.000       0.000    
  187   76   0.000       0.000    
  187   77   0.000       0.000    
  187   78   0.000       0.000    
  186   68   0.000       0.000    
  186   69   0.000       0.000    
  186   70   0.000       0.000    
  186   71   0.000       0.000    
  186   72   0.000       0.000    
  186   73  6.1244E+06   71.50    
  186   74   0.000       0.000    
  186   75  7.4317E+05   4.736    
  186   76   0.000       0.000    
  186   77   0.000       0.000    
  186   78   0.000       0.000    
  185   68   0.000       0.000    
  185   69   0.000       0.000    
  185   70   0.000       0.000    
  185   71   0.000       0.000    
  185   72   0.000       0.000    
  185   73  4.4153E+07   4.322    
  185   74  4.3404E+05   1.476    
  185   75   0.000       0.000    
  185   76   0.000       0.000    
  185   77   0.000       0.000    
  185   78   0.000       0.000    
  184   68   0.000       0.000    
  184   69   0.000       0.000    
  184   70   0.000       0.000    
  184   71   0.000       0.000    
  184   72  3.1340E+04   68.24    
  184   73  2.6775E+06   5.940    
  184   74   0.000       0.000    
  184   75  7.0177E+05   2.292    
  184   76   0.000       0.000    
  184   77   0.000       0.000    
  184   78   0.000       0.000    
  183   68   0.000       0.000    
  183   69   0.000       0.000    
  183   70   0.000       0.000    
  183   71   0.000       0.000    
  183   72  9.1108E+04   99.00    
  183   73  6.3738E+05   6.477    
  183   74   0.000       0.000    
  183   75  8.1348E+05   2.259    
  183   76   0.000       0.000    
  183   77   0.000       0.000    
  183   78   0.000       0.000    
  182   68   0.000       0.000    
  182   69   0.000       0.000    
  182   70   0.000       0.000    
  182   71   0.000       0.000    
  182   72  7.1460E-06   73.22    
  182   73  2.6635E+04   3.298    
  182   74   0.000       0.000    
  182   75  8.3625E+06   1.626    
  182   76   0.000       0.000    
  182   77   0.000       0.000    
  182   78   0.000       0.000    
  181   68   0.000       0.000    
  181   69   0.000       0.000    
  181   70   0.000       0.000    
  181   71   0.000       0.000    
  181   72   1077.       53.40    
  181   73   0.000       0.000    
  181   74  6.8016E+05  0.6892    
  181   75  1.3064E+08   1.449    
  181   76   0.000       0.000    
  181   77   0.000       0.000    
  181   78   0.000       0.000    
  180   68   0.000       0.000    
  180   69   0.000       0.000    
  180   70   0.000       0.000    
  180   71   0.000       0.000    
  180   72   0.000       0.000    
  180   73  7.9535E+06   9.252    
  180   74   0.000       0.000    
  180   75  1.6549E+10  0.3566    
  180   76   0.000       0.000    
  180   77   0.000       0.000    
  180   78   0.000       0.000    
  179   68   0.000       0.000    
  179   69   0.000       0.000    
  179   70   0.000       0.000    
  179   71   0.000       0.000    
  179   72   0.000       0.000    
  179   73  1.3561E+04   1.451    
  179   74  2.4473E+09  0.6042    
  179   75  7.1360E+09  0.9871    
  179   76   0.000       0.000    
  179   77   0.000       0.000    
  179   78   0.000       0.000    
  178   68   0.000       0.000    
  178   69   0.000       0.000    
  178   70   0.000       0.000    
  178   71   0.000       0.000    
  178   72   0.000       0.000    
  178   73  2.4145E+07   6.628    
  178   74  3.4548E+06  0.7353    
  178   75  6.9171E+09  0.7811    
  178   76   0.000       0.000    
  178   77   0.000       0.000    
  178   78   0.000       0.000    
  177   68   0.000       0.000    
  177   69   0.000       0.000    
  177   70   0.000       0.000    
  177   71   440.0       99.00    
  177   72   0.000       0.000    
  177   73  1.9711E+06   4.903    
  177   74  4.9269E+08   1.389    
  177   75  5.7198E+09   1.049    
  177   76   0.000       0.000    
  177   77   0.000       0.000    
  177   78   0.000       0.000    
  176   68   0.000       0.000    
  176   69   0.000       0.000    
  176   70   0.000       0.000    
  176   71   0.000       0.000    
  176   72   0.000       0.000    
  176   73  1.1224E+07   2.649    
  176   74  3.7360E+08  0.4724    
  176   75  5.2225E+09   1.241    
  176   76   0.000       0.000    
  176   77   0.000       0.000    
  176   78   0.000       0.000    
  175   68   0.000       0.000    
  175   69   0.000       0.000    
  175   70   0.000       0.000    
  175   71   0.000       0.000    
  175   72   7051.       11.88    
  175   73  1.3276E+07   3.636    
  175   74  6.7872E+08   1.600    
  175   75  2.6700E+09  0.9464    
  175   76   0.000       0.000    
  175   77   0.000       0.000    
  175   78   0.000       0.000    
  174   68   0.000       0.000    
  174   69   0.000       0.000    
  174   70   0.000       0.000    
  174   71   9.555       66.03    
  174   72   0.000       0.000    
  174   73  8.8193E+07   2.021    
  174   74  2.8224E+08   5.612    
  174   75  6.0667E+08   7.559    
  174   76   0.000       0.000    
  174   77   0.000       0.000    
  174   78   0.000       0.000    
  173   68   0.000       0.000    
  173   69   0.000       0.000    
  173   70   0.000       0.000    
  173   71   65.10       56.70    
  173   72  7.5081E+05   6.189    
  173   73  3.6313E+07   3.999    
  173   74  1.3968E+08   11.66    
  173   75  6.4329E+07   14.49    
  173   76   0.000       0.000    
  173   77   0.000       0.000    
  173   78   0.000       0.000    
  172   68   0.000       0.000    
  172   69   0.000       0.000    
  172   70   0.000       0.000    
  172   71   4185.       47.43    
  172   72   1118.       7.001    
  172   73  8.5066E+07   7.217    
  172   74  2.3364E+07   22.03    
  172   75   0.000       0.000    
  172   76   0.000       0.000    
  172   77   0.000       0.000    
  172   78   0.000       0.000    
  171   68   0.000       0.000    
  171   69   0.000       0.000    
  171   70   0.000       0.000    
  171   71   5093.       30.38    
  171   72  7.0187E+05   13.27    
  171   73  5.1172E+07   17.41    
  171   74   0.000       0.000    
  171   75   0.000       0.000    
  171   76   0.000       0.000    
  171   77   0.000       0.000    
  171   78   0.000       0.000    
  170   68   0.000       0.000    
  170   69   0.000       0.000    
  170   70   0.000       0.000    
  170   71  6.0419E+04   15.31    
  170   72  1.7200E+05   22.17    
  170   73  1.8020E+07   25.37    
  170   74   0.000       0.000    
  170   75   0.000       0.000    
  170   76   0.000       0.000    
  170   77   0.000       0.000    
  170   78   0.000       0.000    
  169   68   0.000       0.000    
  169   69   0.000       0.000    
  169   70   71.24       95.97    
  169   71  4.5783E+04   19.82    
  169   72  2.7155E+06   87.06    
  169   73  3.5020E+05   99.00    
  169   74   0.000       0.000    
  169   75   0.000       0.000    
  169   76   0.000       0.000    
  169   77   0.000       0.000    
  169   78   0.000       0.000    
  168   68   0.000       0.000    
  168   69   168.0       99.00    
  168   70   0.000       0.000    
  168   71  1.8003E+06   99.00    
  168   72   0.000       0.000    
  168   73   0.000       0.000    
  168   74   0.000       0.000    
  168   75   0.000       0.000    
  168   76   0.000       0.000    
  168   77   0.000       0.000    
  168   78   0.000       0.000    
  167   68   0.000       0.000    
  167   69   0.000       0.000    
  167   70   0.000       0.000    
  167   71   0.000       0.000    
  167   72   0.000       0.000    
  167   73   0.000       0.000    
  167   74   0.000       0.000    
  167   75   0.000       0.000    
  167   76   0.000       0.000    
  167   77   0.000       0.000    
  167   78   0.000       0.000    
  166   68   0.000       0.000    
  166   69   39.93       99.00    
  166   70   5342.       99.00    
  166   71   0.000       0.000    
  166   72   0.000       0.000    
  166   73   0.000       0.000    
  166   74   0.000       0.000    
  166   75   0.000       0.000    
  166   76   0.000       0.000    
  166   77   0.000       0.000    
  166   78   0.000       0.000    
  165   68   0.000       0.000    
  165   69   0.000       0.000    
  165   70   0.000       0.000    
  165   71   0.000       0.000    
  165   72   0.000       0.000    
  165   73   0.000       0.000    
  165   74   0.000       0.000    
  165   75   0.000       0.000    
  165   76   0.000       0.000    
  165   77   0.000       0.000    
  165   78   0.000       0.000    
  164   68   0.000       0.000    
  164   69   0.000       0.000    
  164   70   0.000       0.000    
  164   71   0.000       0.000    
  164   72   0.000       0.000    
  164   73   0.000       0.000    
  164   74   0.000       0.000    
  164   75   0.000       0.000    
  164   76   0.000       0.000    
  164   77   0.000       0.000    
  164   78   0.000       0.000    
  163   68  2.2727E+04   61.67    
  163   69  4.9694E+05   61.67    
  163   70   0.000       0.000    
  163   71   0.000       0.000    
  163   72   0.000       0.000    
  163   73   0.000       0.000    
  163   74   0.000       0.000    
  163   75   0.000       0.000    
  163   76   0.000       0.000    
  163   77   0.000       0.000    
  163   78   0.000       0.000    
  163   57   0.000       0.000    
  163   58   0.000       0.000    
  163   59   0.000       0.000    
  163   60   0.000       0.000    
  163   61   0.000       0.000    
  163   62   0.000       0.000    
  163   63   0.000       0.000    
  163   64   0.000       0.000    
  163   65   0.000       0.000    
  163   66   0.000       0.000    
  163   67  1.7969E-05   61.67    
  114   46   0.000       0.000    
  114   47   0.000       0.000    
  114   48   0.000       0.000    
  114   49   122.5       99.00    
  114   50   0.000       0.000    
  114   51   0.000       0.000    
  114   52   0.000       0.000    
  114   53   0.000       0.000    
  114   54   0.000       0.000    
  114   55   0.000       0.000    
  114   56   0.000       0.000    
  113   46   0.000       0.000    
  113   47  5.4521E+04   74.57    
  113   48   0.000       0.000    
  113   49   0.000       0.000    
  113   50   0.000       0.000    
  113   51   0.000       0.000    
  113   52   0.000       0.000    
  113   53   0.000       0.000    
  113   54   0.000       0.000    
  113   55   0.000       0.000    
  113   56   0.000       0.000    
  112   46   0.000       0.000    
  112   47   8945.       99.00    
  112   48   0.000       0.000    
  112   49   0.000       0.000    
  112   50   0.000       0.000    
  112   51   0.000       0.000    
  112   52   0.000       0.000    
  112   53   0.000       0.000    
  112   54   0.000       0.000    
  112   55   0.000       0.000    
  112   56   0.000       0.000    
  111   46   0.000       0.000    
  111   47   0.000       0.000    
  111   48   0.000       0.000    
  111   49   0.000       0.000    
  111   50   0.000       0.000    
  111   51   0.000       0.000    
  111   52   0.000       0.000    
  111   53   0.000       0.000    
  111   54   0.000       0.000    
  111   55   0.000       0.000    
  111   56   0.000       0.000    
  110   46   0.000       0.000    
  110   47   0.000       0.000    
  110   48   0.000       0.000    
  110   49   0.000       0.000    
  110   50   0.000       0.000    
  110   51   0.000       0.000    
  110   52   0.000       0.000    
  110   53   0.000       0.000    
  110   54   0.000       0.000    
  110   55   0.000       0.000    
  110   56   0.000       0.000    
  109   46  3.2315E+04   79.83    
  109   47   0.000       0.000    
  109   48   0.000       0.000    
  109   49   0.000       0.000    
  109   50   0.000       0.000    
  109   51   0.000       0.000    
  109   52   0.000       0.000    
  109   53   0.000       0.000    
  109   54   0.000       0.000    
  109   55   0.000       0.000    
  109   56   0.000       0.000    
  110   35   0.000       0.000    
  110   36   0.000       0.000    
  110   37   0.000       0.000    
  110   38   0.000       0.000    
  110   39   0.000       0.000    
  110   40   0.000       0.000    
  110   41   0.000       0.000    
  110   42   0.000       0.000    
  110   43   0.000       0.000    
  110   44   0.000       0.000    
  110   45  4.0700E-08   99.00    
  109   35   0.000       0.000    
  109   36   0.000       0.000    
  109   37   0.000       0.000    
  109   38   0.000       0.000    
  109   39   0.000       0.000    
  109   40   0.000       0.000    
  109   41   0.000       0.000    
  109   42   0.000       0.000    
  109   43   0.000       0.000    
  109   44   0.000       0.000    
  109   45   0.000       0.000    
  108   35   0.000       0.000    
  108   36   0.000       0.000    
  108   37   0.000       0.000    
  108   38   0.000       0.000    
  108   39   0.000       0.000    
  108   40   0.000       0.000    
  108   41   0.000       0.000    
  108   42   0.000       0.000    
  108   43   0.000       0.000    
  108   44   0.000       0.000    
  108   45   4417.       99.00    
  107   35   0.000       0.000    
  107   36   0.000       0.000    
  107   37   0.000       0.000    
  107   38   0.000       0.000    
  107   39   0.000       0.000    
  107   40   0.000       0.000    
  107   41   0.000       0.000    
  107   42   0.000       0.000    
  107   43   0.000       0.000    
  107   44   0.000       0.000    
  107   45   0.000       0.000    
  106   35   0.000       0.000    
  106   36   0.000       0.000    
  106   37   0.000       0.000    
  106   38   0.000       0.000    
  106   39   0.000       0.000    
  106   40   0.000       0.000    
  106   41   0.000       0.000    
  106   42   0.000       0.000    
  106   43   0.000       0.000    
  106   44   0.000       0.000    
  106   45   0.000       0.000    
  105   35   0.000       0.000    
  105   36   0.000       0.000    
  105   37   0.000       0.000    
  105   38   0.000       0.000    
  105   39   0.000       0.000    
  105   40   0.000       0.000    
  105   41   0.000       0.000    
  105   42   0.000       0.000    
  105   43   0.000       0.000    
  105   44   0.000       0.000    
  105   45   0.000       0.000    
  104   35   0.000       0.000    
  104   36   0.000       0.000    
  104   37   0.000       0.000    
  104   38   0.000       0.000    
  104   39   0.000       0.000    
  104   40   0.000       0.000    
  104   41   0.000       0.000    
  104   42   0.000       0.000    
  104   43  8.6553E+04   99.00    
  104   44   0.000       0.000    
  104   45   0.000       0.000    
  103   35   0.000       0.000    
  103   36   0.000       0.000    
  103   37   0.000       0.000    
  103   38   0.000       0.000    
  103   39   0.000       0.000    
  103   40   0.000       0.000    
  103   41   0.000       0.000    
  103   42  8.4927E+05   63.63    
  103   43  1.8781E+06   63.63    
  103   44   901.0       63.50    
  103   45   0.000       0.000    
  102   35   0.000       0.000    
  102   36   0.000       0.000    
  102   37   0.000       0.000    
  102   38   0.000       0.000    
  102   39   0.000       0.000    
  102   40   0.000       0.000    
  102   41   0.000       0.000    
  102   42  6.3914E+05   99.00    
  102   43  6.4415E+05   99.00    
  102   44   0.000       0.000    
  102   45   0.000       0.000    
  101   35   0.000       0.000    
  101   36   0.000       0.000    
  101   37   0.000       0.000    
  101   38   0.000       0.000    
  101   39   0.000       0.000    
  101   40   0.000       0.000    
  101   41   0.000       0.000    
  101   42   0.000       0.000    
  101   43   0.000       0.000    
  101   44   0.000       0.000    
  101   45   0.000       0.000    
  100   35   0.000       0.000    
  100   36   0.000       0.000    
  100   37   0.000       0.000    
  100   38   0.000       0.000    
  100   39   0.000       0.000    
  100   40   0.000       0.000    
  100   41  1.1969E-24   99.00    
  100   42   0.000       0.000    
  100   43   0.000       0.000    
  100   44   0.000       0.000    
  100   45   0.000       0.000    
   99   35   0.000       0.000    
   99   36   0.000       0.000    
   99   37   0.000       0.000    
   99   38   0.000       0.000    
   99   39   0.000       0.000    
   99   40   0.000       0.000    
   99   41   0.000       0.000    
   99   42   9148.       65.31    
   99   43  3.6777E-08   65.31    
   99   44   0.000       0.000    
   99   45   0.000       0.000    
   98   35   0.000       0.000    
   98   36   0.000       0.000    
   98   37   0.000       0.000    
   98   38   0.000       0.000    
   98   39   0.000       0.000    
   98   40   0.000       0.000    
   98   41   0.000       0.000    
   98   42   0.000       0.000    
   98   43  1.0200E-05   99.00    
   98   44   0.000       0.000    
   98   45   0.000       0.000    
   97   35   0.000       0.000    
   97   36   0.000       0.000    
   97   37   0.000       0.000    
   97   38   0.000       0.000    
   97   39   0.000       0.000    
   97   40   5572.       99.00    
   97   41  1.9709E+05   89.99    
   97   42   0.000       0.000    
   97   43   0.000       0.000    
   97   44   0.000       0.000    
   97   45   0.000       0.000    
   96   35   0.000       0.000    
   96   36   0.000       0.000    
   96   37   0.000       0.000    
   96   38   0.000       0.000    
   96   39   0.000       0.000    
   96   40   0.000       0.000    
   96   41   0.000       0.000    
   96   42   0.000       0.000    
   96   43   0.000       0.000    
   96   44   0.000       0.000    
   96   45   0.000       0.000    
   95   35   0.000       0.000    
   95   36   0.000       0.000    
   95   37   0.000       0.000    
   95   38   0.000       0.000    
   95   39   0.000       0.000    
   95   40   45.33       99.00    
   95   41  0.1599       41.86    
   95   42   0.000       0.000    
   95   43   0.000       0.000    
   95   44   0.000       0.000    
   95   45   0.000       0.000    
   94   35   0.000       0.000    
   94   36   0.000       0.000    
   94   37   0.000       0.000    
   94   38   0.000       0.000    
   94   39   0.000       0.000    
   94   40   0.000       0.000    
   94   41   0.000       0.000    
   94   42   0.000       0.000    
   94   43   0.000       0.000    
   94   44   0.000       0.000    
   94   45   0.000       0.000    
   93   35   0.000       0.000    
   93   36   0.000       0.000    
   93   37   0.000       0.000    
   93   38   0.000       0.000    
   93   39   6511.       99.00    
   93   40  5.9627E-06   99.00    
   93   41   0.000       0.000    
   93   42   0.000       0.000    
   93   43   0.000       0.000    
   93   44   0.000       0.000    
   93   45   0.000       0.000    
   92   35   0.000       0.000    
   92   36   0.000       0.000    
   92   37   0.000       0.000    
   92   38  7.9382E+04   68.06    
   92   39  1.1305E+05   73.22    
   92   40   0.000       0.000    
   92   41   0.000       0.000    
   92   42   0.000       0.000    
   92   43   0.000       0.000    
   92   44   0.000       0.000    
   92   45   0.000       0.000    
   91   35   0.000       0.000    
   91   36   0.000       0.000    
   91   37  1.2003E+06   99.00    
   91   38  4.1914E+04   99.00    
   91   39  0.5696       99.00    
   91   40   0.000       0.000    
   91   41   0.000       0.000    
   91   42   0.000       0.000    
   91   43   0.000       0.000    
   91   44   0.000       0.000    
   91   45   0.000       0.000    
   90   35   0.000       0.000    
   90   36   0.000       0.000    
   90   37  2.1006E+04   99.00    
   90   38   2.509       54.82    
   90   39  2.1645E-03   53.21    
   90   40   0.000       0.000    
   90   41   0.000       0.000    
   90   42   0.000       0.000    
   90   43   0.000       0.000    
   90   44   0.000       0.000    
   90   45   0.000       0.000    
   89   35   0.000       0.000    
   89   36   0.000       0.000    
   89   37   0.000       0.000    
   89   38   0.000       0.000    
   89   39   0.000       0.000    
   89   40   0.000       0.000    
   89   41   0.000       0.000    
   89   42   0.000       0.000    
   89   43   0.000       0.000    
   89   44   0.000       0.000    
   89   45   0.000       0.000    
   88   35   0.000       0.000    
   88   36  2.5035E+04   99.00    
   88   37   4443.       99.00    
   88   38   0.000       0.000    
   88   39   0.000       0.000    
   88   40   0.000       0.000    
   88   41   0.000       0.000    
   88   42   0.000       0.000    
   88   43   0.000       0.000    
   88   44   0.000       0.000    
   88   45   0.000       0.000    
   87   35   0.000       0.000    
   87   36   0.000       0.000    
   87   37   0.000       0.000    
   87   38   0.000       0.000    
   87   39   903.9       99.00    
   87   40   0.000       0.000    
   87   41   0.000       0.000    
   87   42   0.000       0.000    
   87   43   0.000       0.000    
   87   44   0.000       0.000    
   87   45   0.000       0.000    
   86   35   0.000       0.000    
   86   36   0.000       0.000    
   86   37   383.8       99.00    
   86   38   0.000       0.000    
   86   39   0.000       0.000    
   86   40   0.000       0.000    
   86   41   0.000       0.000    
   86   42   0.000       0.000    
   86   43   0.000       0.000    
   86   44   0.000       0.000    
   86   45   0.000       0.000    
   85   35  2.3182E+06   99.00    
   85   36  4.6759E-02   99.00    
   85   37   0.000       0.000    
   85   38   0.000       0.000    
   85   39   0.000       0.000    
   85   40   0.000       0.000    
   85   41   0.000       0.000    
   85   42   0.000       0.000    
   85   43   0.000       0.000    
   85   44   0.000       0.000    
   85   45   0.000       0.000    
   84   35   0.000       0.000    
   84   36   0.000       0.000    
   84   37   0.000       0.000    
   84   38   0.000       0.000    
   84   39   0.000       0.000    
   84   40   0.000       0.000    
   84   41   0.000       0.000    
   84   42   0.000       0.000    
   84   43   0.000       0.000    
   84   44   0.000       0.000    
   84   45   0.000       0.000    
   83   35  6.2619E+04   60.18    
   83   36   0.000       0.000    
   83   37   83.80       64.04    
   83   38   0.000       0.000    
   83   39   0.000       0.000    
   83   40   0.000       0.000    
   83   41   0.000       0.000    
   83   42   0.000       0.000    
   83   43   0.000       0.000    
   83   44   0.000       0.000    
   83   45   0.000       0.000    
   82   35   2692.       68.68    
   82   36   0.000       0.000    
   82   37   0.000       0.000    
   82   38   0.000       0.000    
   82   39   0.000       0.000    
   82   40   0.000       0.000    
   82   41   0.000       0.000    
   82   42   0.000       0.000    
   82   43   0.000       0.000    
   82   44   0.000       0.000    
   82   45   0.000       0.000    
   85   24   0.000       0.000    
   85   25   0.000       0.000    
   85   26   0.000       0.000    
   85   27   0.000       0.000    
   85   28   0.000       0.000    
   85   29   0.000       0.000    
   85   30   0.000       0.000    
   85   31   0.000       0.000    
   85   32   0.000       0.000    
   85   33   0.000       0.000    
   85   34  2.1189E+05   99.00    
   84   24   0.000       0.000    
   84   25   0.000       0.000    
   84   26   0.000       0.000    
   84   27   0.000       0.000    
   84   28   0.000       0.000    
   84   29   0.000       0.000    
   84   30   0.000       0.000    
   84   31   0.000       0.000    
   84   32   0.000       0.000    
   84   33   0.000       0.000    
   84   34   0.000       0.000    
   83   24   0.000       0.000    
   83   25   0.000       0.000    
   83   26   0.000       0.000    
   83   27   0.000       0.000    
   83   28   0.000       0.000    
   83   29   0.000       0.000    
   83   30   0.000       0.000    
   83   31   0.000       0.000    
   83   32   0.000       0.000    
   83   33   0.000       0.000    
   83   34  4.9292E+04   99.00    
   82   24   0.000       0.000    
   82   25   0.000       0.000    
   82   26   0.000       0.000    
   82   27   0.000       0.000    
   82   28   0.000       0.000    
   82   29   0.000       0.000    
   82   30   0.000       0.000    
   82   31   0.000       0.000    
   82   32   0.000       0.000    
   82   33   0.000       0.000    
   82   34   0.000       0.000    
   81   24   0.000       0.000    
   81   25   0.000       0.000    
   81   26   0.000       0.000    
   81   27   0.000       0.000    
   81   28   0.000       0.000    
   81   29   0.000       0.000    
   81   30   0.000       0.000    
   81   31   0.000       0.000    
   81   32   0.000       0.000    
   81   33   0.000       0.000    
   81   34  6.1435E+05   99.00    
   80   24   0.000       0.000    
   80   25   0.000       0.000    
   80   26   0.000       0.000    
   80   27   0.000       0.000    
   80   28   0.000       0.000    
   80   29   0.000       0.000    
   80   30   0.000       0.000    
   80   31   0.000       0.000    
   80   32   0.000       0.000    
   80   33   0.000       0.000    
   80   34   0.000       0.000    
   79   24   0.000       0.000    
   79   25   0.000       0.000    
   79   26   0.000       0.000    
   79   27   0.000       0.000    
   79   28   0.000       0.000    
   79   29   0.000       0.000    
   79   30   0.000       0.000    
   79   31   0.000       0.000    
   79   32   0.000       0.000    
   79   33   0.000       0.000    
   79   34  1.7520E-05   99.00    
   78   24   0.000       0.000    
   78   25   0.000       0.000    
   78   26   0.000       0.000    
   78   27   0.000       0.000    
   78   28   0.000       0.000    
   78   29   0.000       0.000    
   78   30   0.000       0.000    
   78   31   0.000       0.000    
   78   32   0.000       0.000    
   78   33   0.000       0.000    
   78   34   0.000       0.000    
   77   24   0.000       0.000    
   77   25   0.000       0.000    
   77   26   0.000       0.000    
   77   27   0.000       0.000    
   77   28   0.000       0.000    
   77   29   0.000       0.000    
   77   30   0.000       0.000    
   77   31   0.000       0.000    
   77   32   6107.       99.00    
   77   33  3.3954E+04   32.09    
   77   34   0.000       0.000    
   76   24   0.000       0.000    
   76   25   0.000       0.000    
   76   26   0.000       0.000    
   76   27   0.000       0.000    
   76   28   0.000       0.000    
   76   29   0.000       0.000    
   76   30   0.000       0.000    
   76   31   0.000       0.000    
   76   32   0.000       0.000    
   76   33   9760.       64.84    
   76   34   0.000       0.000    
   75   24   0.000       0.000    
   75   25   0.000       0.000    
   75   26   0.000       0.000    
   75   27   0.000       0.000    
   75   28   0.000       0.000    
   75   29   0.000       0.000    
   75   30   0.000       0.000    
   75   31   0.000       0.000    
   75   32   0.000       0.000    
   75   33   0.000       0.000    
   75   34   0.000       0.000    
   74   24   0.000       0.000    
   74   25   0.000       0.000    
   74   26   0.000       0.000    
   74   27   0.000       0.000    
   74   28   0.000       0.000    
   74   29   0.000       0.000    
   74   30   0.000       0.000    
   74   31  7.0695E+05   99.00    
   74   32   0.000       0.000    
   74   33   0.000       0.000    
   74   34   0.000       0.000    
   73   24   0.000       0.000    
   73   25   0.000       0.000    
   73   26   0.000       0.000    
   73   27   0.000       0.000    
   73   28   0.000       0.000    
   73   29   0.000       0.000    
   73   30   0.000       0.000    
   73   31   0.000       0.000    
   73   32   0.000       0.000    
   73   33   0.000       0.000    
   73   34   0.000       0.000    
   72   24   0.000       0.000    
   72   25   0.000       0.000    
   72   26   0.000       0.000    
   72   27   0.000       0.000    
   72   28   0.000       0.000    
   72   29   0.000       0.000    
   72   30   1825.       99.00    
   72   31  3.5855E+04   99.00    
   72   32   0.000       0.000    
   72   33   0.000       0.000    
   72   34   0.000       0.000    
   71   24   0.000       0.000    
   71   25   0.000       0.000    
   71   26   0.000       0.000    
   71   27   0.000       0.000    
   71   28   0.000       0.000    
   71   29   6325.       99.00    
   71   30  4.6855E+05   99.00    
   71   31   0.000       0.000    
   71   32   0.000       0.000    
   71   33   0.000       0.000    
   71   34   0.000       0.000    
   70   24   0.000       0.000    
   70   25   0.000       0.000    
   70   26   0.000       0.000    
   70   27   0.000       0.000    
   70   28   0.000       0.000    
   70   29   0.000       0.000    
   70   30   0.000       0.000    
   70   31   0.000       0.000    
   70   32   0.000       0.000    
   70   33   0.000       0.000    
   70   34   0.000       0.000    
   69   24   0.000       0.000    
   69   25   0.000       0.000    
   69   26   0.000       0.000    
   69   27   0.000       0.000    
   69   28   0.000       0.000    
   69   29   0.000       0.000    
   69   30  5.7345E+04   99.00    
   69   31   0.000       0.000    
   69   32   0.000       0.000    
   69   33   0.000       0.000    
   69   34   0.000       0.000    
   68   24   0.000       0.000    
   68   25   0.000       0.000    
   68   26   0.000       0.000    
   68   27   0.000       0.000    
   68   28   0.000       0.000    
   68   29   0.000       0.000    
   68   30   0.000       0.000    
   68   31   0.000       0.000    
   68   32   0.000       0.000    
   68   33   0.000       0.000    
   68   34   0.000       0.000    
   67   24   0.000       0.000    
   67   25   0.000       0.000    
   67   26   0.000       0.000    
   67   27   0.000       0.000    
   67   28  2.7884E+04   99.00    
   67   29   3676.       99.00    
   67   30   0.000       0.000    
   67   31   0.000       0.000    
   67   32   0.000       0.000    
   67   33   0.000       0.000    
   67   34   0.000       0.000    
   66   24   0.000       0.000    
   66   25   0.000       0.000    
   66   26   0.000       0.000    
   66   27   0.000       0.000    
   66   28   3003.       62.66    
   66   29  2.2069E+06   99.00    
   66   30   0.000       0.000    
   66   31   0.000       0.000    
   66   32   0.000       0.000    
   66   33   0.000       0.000    
   66   34   0.000       0.000    
   65   24   0.000       0.000    
   65   25   0.000       0.000    
   65   26   0.000       0.000    
   65   27   0.000       0.000    
   65   28   0.000       0.000    
   65   29   0.000       0.000    
   65   30   0.000       0.000    
   65   31   0.000       0.000    
   65   32   0.000       0.000    
   65   33   0.000       0.000    
   65   34   0.000       0.000    
   64   24   0.000       0.000    
   64   25   0.000       0.000    
   64   26   0.000       0.000    
   64   27   0.000       0.000    
   64   28   0.000       0.000    
   64   29   0.000       0.000    
   64   30   0.000       0.000    
   64   31   0.000       0.000    
   64   32   0.000       0.000    
   64   33   0.000       0.000    
   64   34   0.000       0.000    
   63   24   0.000       0.000    
   63   25   0.000       0.000    
   63   26  0.1117       99.00    
   63   27  8.1583E+04   99.00    
   63   28  0.2151       82.60    
   63   29   0.000       0.000    
   63   30   0.000       0.000    
   63   31   0.000       0.000    
   63   32   0.000       0.000    
   63   33   0.000       0.000    
   63   34   0.000       0.000    
   15    2   0.000       0.000    
   15    3   0.000       0.000    
   15    4   0.000       0.000    
   15    5   0.000       0.000    
   15    6   0.000       0.000    
   15    7   0.000       0.000    
   15    8  2.1531E+06   27.61    
   15    9   0.000       0.000    
   15   10   0.000       0.000    
   15   11   0.000       0.000    
   15   12   0.000       0.000    
   14    2   0.000       0.000    
   14    3   0.000       0.000    
   14    4   0.000       0.000    
   14    5   0.000       0.000    
   14    6  1.1433E-02   86.66    
   14    7   0.000       0.000    
   14    8  2.6464E+05   99.00    
   14    9   0.000       0.000    
   14   10   0.000       0.000    
   14   11   0.000       0.000    
   14   12   0.000       0.000    
   13    2   0.000       0.000    
   13    3   0.000       0.000    
   13    4   0.000       0.000    
   13    5   0.000       0.000    
   13    6   0.000       0.000    
   13    7  3.0027E+06   36.42    
   13    8   0.000       0.000    
   13    9   0.000       0.000    
   13   10   0.000       0.000    
   13   11   0.000       0.000    
   13   12   0.000       0.000    
   12    2   0.000       0.000    
   12    3   0.000       0.000    
   12    4   0.000       0.000    
   12    5   0.000       0.000    
   12    6   0.000       0.000    
   12    7   0.000       0.000    
   12    8   0.000       0.000    
   12    9   0.000       0.000    
   12   10   0.000       0.000    
   12   11   0.000       0.000    
   12   12   0.000       0.000    
   11    2   0.000       0.000    
   11    3   0.000       0.000    
   11    4   0.000       0.000    
   11    5   0.000       0.000    
   11    6  3.7360E+06   45.53    
   11    7   0.000       0.000    
   11    8   0.000       0.000    
   11    9   0.000       0.000    
   11   10   0.000       0.000    
   11   11   0.000       0.000    
   11   12   0.000       0.000    
   10    2   0.000       0.000    
   10    3   0.000       0.000    
   10    4   0.000       0.000    
   10    5   0.000       0.000    
   10    6   0.000       0.000    
   10    7   0.000       0.000    
   10    8   0.000       0.000    
   10    9   0.000       0.000    
   10   10   0.000       0.000    
   10   11   0.000       0.000    
   10   12   0.000       0.000    
    9    2   0.000       0.000    
    9    3   0.000       0.000    
    9    4   0.000       0.000    
    9    5   0.000       0.000    
    9    6   0.000       0.000    
    9    7   0.000       0.000    
    9    8   0.000       0.000    
    9    9   0.000       0.000    
    9   10   0.000       0.000    
    9   11   0.000       0.000    
    9   12   0.000       0.000    
    8    2   0.000       0.000    
    8    3   0.000       0.000    
    8    4   0.000       0.000    
    8    5   0.000       0.000    
    8    6   0.000       0.000    
    8    7   0.000       0.000    
    8    8   0.000       0.000    
    8    9   0.000       0.000    
    8   10   0.000       0.000    
    8   11   0.000       0.000    
    8   12   0.000       0.000    
    7    2   0.000       0.000    
    7    3   0.000       0.000    
    7    4   988.8       39.81    
    7    5   0.000       0.000    
    7    6   0.000       0.000    
    7    7   0.000       0.000    
    7    8   0.000       0.000    
    7    9   0.000       0.000    
    7   10   0.000       0.000    
    7   11   0.000       0.000    
    7   12   0.000       0.000    
    3    1   4085.       3.319    
# A/Z/m Isomers:
   63   28    1  7.9659E+04   99.00    
   67   30    1   1102.       99.00    
   69   30    1   5127.       99.00    
   71   30    1   3639.       99.00    
   72   31    1   57.42       99.00    
   77   32    1  9.1831E+05   99.00    
   77   33    1   2019.       99.00    
   77   34    1   104.9       32.13    
   79   34    1  5.7233E+05   99.00    
   82   35    1  1.2941E+06   68.68    
   83   34    1  5.9575E+05   62.23    
   83   36    1   1447.       60.61    
   85   36    1  3.7886E+04   99.00    
   85   37    1  2.0294E-04   99.00    
   86   37    1  5.5324E+05   99.00    
   87   38    1   18.35       99.00    
   90   37    1  8.4086E+05   99.00    
   91   39    1   1282.       99.00    
   95   41    1   2415.       43.76    
   97   41    1  6.6190E+04   90.77    
   99   43    1   76.71       65.31    
  103   45    1   48.28       67.11    
  106   45    1  3.7904E+04   99.00    
  109   47    1  3.1871E+04   79.83    
  113   48    1  4.9467E-04   74.57    
  114   49    1   137.1       99.00    
  163   67    1   3.406       61.67    
  168   71    1  2.4194E+06   99.00    
  169   70    1   4151.       19.17    
  169   71    1  1.3951E+05   92.52    
  170   71    1   171.0       22.18    
  171   70    1   4764.       30.38    
  171   71    1  5.7927E+05   64.70    
  171   72    1  1.5469E+06   40.74    
  172   71    1   594.4       7.460    
  172   71    2   125.8       7.001    
  173   71    1  7.5002E+05   6.189    
  175   71    1   16.24       11.88    
  175   72    1  7.8612E+05   3.636    
  177   73    1  3.6575E+08   1.389    
  178   72    1  2.4156E+07   6.628    
  178   73    1  9.9559E+07   10.83    
  179   72    1  2.2134E+04   99.00    
  179   73    1  2.4161E+09  0.6042    
  179   74    1  1.9779E+09   1.937    
  181   73    1  5.0293E+05  0.6890    
  181   73    2   996.6       53.40    
  181   74    1  1.0652E+08   1.449    
  182   73    1  4.6246E+06   18.98    
  182   73    2  4.6233E+06   18.98    
  182   75    1  8.9275E+07   1.256    
  183   74    1  3.9280E+04   6.475    
  184   74    1  2.5980E+06   5.925    
  184   75    1  2.0195E+04   6.046    
  185   74    1  3.3718E+08   4.148    
  186   75    1  6.3880E-04   20.85    
