# Detector n:     1  
cool2     
# A/Z Isotopes:
   70   24   0.000       0.000    
   70   25   0.000       0.000    
   70   26   0.000       0.000    
   70   27   0.000       0.000    
   70   28   0.000       0.000    
   70   29  4.0927E-07   99.00    
   70   30   0.000       0.000    
   70   31   3.483       15.33    
   70   32   0.000       0.000    
   70   33   0.000       0.000    
   70   34   0.000       0.000    
   69   24   0.000       0.000    
   69   25   0.000       0.000    
   69   26   0.000       0.000    
   69   27   0.000       0.000    
   69   28   0.000       0.000    
   69   29  8.9519E-02   26.09    
   69   30   7.590       3.725    
   69   31   0.000       0.000    
   69   32   0.000       0.000    
   69   33   0.000       0.000    
   69   34   0.000       0.000    
   68   24   0.000       0.000    
   68   25   0.000       0.000    
   68   26   0.000       0.000    
   68   27   0.000       0.000    
   68   28  1.2345E-10   99.00    
   68   29  6.3440E-02   46.77    
   68   30   0.000       0.000    
   68   31   60.96       2.652    
   68   32   0.000       0.000    
   68   33   0.000       0.000    
   68   34   0.000       0.000    
   67   24   0.000       0.000    
   67   25   0.000       0.000    
   67   26   0.000       0.000    
   67   27   0.000       0.000    
   67   28   0.000       0.000    
   67   29  0.4516       4.930    
   67   30   0.000       0.000    
   67   31   2.110       1.081    
   67   32   0.000       0.000    
   67   33   0.000       0.000    
   67   34   0.000       0.000    
   66   24   0.000       0.000    
   66   25   0.000       0.000    
   66   26   0.000       0.000    
   66   27   0.000       0.000    
   66   28  2.5729E-03   40.82    
   66   29   29.26       2.738    
   66   30   0.000       0.000    
   66   31   17.85       1.391    
   66   32   0.000       0.000    
   66   33   0.000       0.000    
   66   34   0.000       0.000    
   65   24   0.000       0.000    
   65   25   0.000       0.000    
   65   26   0.000       0.000    
   65   27   0.000       0.000    
   65   28   2.225       8.604    
   65   29   0.000       0.000    
   65   30  0.1664      0.6116    
   65   31   116.5       1.662    
   65   32   0.000       0.000    
   65   33   0.000       0.000    
   65   34   0.000       0.000    
   64   24   0.000       0.000    
   64   25   0.000       0.000    
   64   26   0.000       0.000    
   64   27   0.000       0.000    
   64   28   0.000       0.000    
   64   29   88.43      0.6900    
   64   30   0.000       0.000    
   64   31   9.571       3.013    
   64   32   0.000       0.000    
   64   33   0.000       0.000    
   64   34   0.000       0.000    
   63   24   0.000       0.000    
   63   25   0.000       0.000    
   63   26   0.000       0.000    
   63   27  8.0850E-10   11.08    
   63   28  2.4610E-04  0.5692    
   63   29   0.000       0.000    
   63   30   1123.      0.4738    
   63   31  4.2831E-07   7.032    
   63   32   0.000       0.000    
   63   33   0.000       0.000    
   63   34   0.000       0.000    
   62   24   0.000       0.000    
   62   25   0.000       0.000    
   62   26   0.000       0.000    
   62   27  3.5131E-02   13.07    
   62   28   0.000       0.000    
   62   29   4032.      0.2055    
   62   30   40.50       1.380    
   62   31   0.000       0.000    
   62   32   0.000       0.000    
   62   33   0.000       0.000    
   62   34   0.000       0.000    
   61   24   0.000       0.000    
   61   25   0.000       0.000    
   61   26   0.000       0.000    
   61   27   14.53       6.613    
   61   28   0.000       0.000    
   61   29   458.6      0.5434    
   61   30  0.1799       3.119    
   61   31   0.000       0.000    
   61   32   0.000       0.000    
   61   33   0.000       0.000    
   61   34   0.000       0.000    
   60   24   0.000       0.000    
   60   25   0.000       0.000    
   60   26  2.6632E-11   35.67    
   60   27  1.9135E-03  0.7601    
   60   28   0.000       0.000    
   60   29   331.8       2.191    
   60   30  0.1834       8.977    
   60   31   0.000       0.000    
   60   32   0.000       0.000    
   60   33   0.000       0.000    
   60   34   0.000       0.000    
   59   24   0.000       0.000    
   59   25   0.000       0.000    
   59   26  3.7001E-03   5.771    
   59   27   0.000       0.000    
   59   28  2.2534E-06  0.5918    
   59   29  8.0907E-02   3.816    
   59   30   0.000       0.000    
   59   31   0.000       0.000    
   59   32   0.000       0.000    
   59   33   0.000       0.000    
   59   34   0.000       0.000    
   58   24   0.000       0.000    
   58   25   0.000       0.000    
   58   26   0.000       0.000    
   58   27  0.2992       1.298    
   58   28   0.000       0.000    
   58   29   0.000       0.000    
   58   30   0.000       0.000    
   58   31   0.000       0.000    
   58   32   0.000       0.000    
   58   33   0.000       0.000    
   58   34   0.000       0.000    
   57   24   0.000       0.000    
   57   25  1.0033E-02   9.959    
   57   26   0.000       0.000    
   57   27  0.1042       1.054    
   57   28  0.9473       3.797    
   57   29   0.000       0.000    
   57   30   0.000       0.000    
   57   31   0.000       0.000    
   57   32   0.000       0.000    
   57   33   0.000       0.000    
   57   34   0.000       0.000    
   56   24   0.000       0.000    
   56   25   3.943       9.822    
   56   26   0.000       0.000    
   56   27  9.6240E-02  0.4801    
   56   28  2.4482E-02   7.616    
   56   29   0.000       0.000    
   56   30   0.000       0.000    
   56   31   0.000       0.000    
   56   32   0.000       0.000    
   56   33   0.000       0.000    
   56   34   0.000       0.000    
   55   24  2.6351E-02   61.24    
   55   25   0.000       0.000    
   55   26  9.7391E-03  0.8369    
   55   27  0.7087       8.188    
   55   28   0.000       0.000    
   55   29   0.000       0.000    
   55   30   0.000       0.000    
   55   31   0.000       0.000    
   55   32   0.000       0.000    
   55   33   0.000       0.000    
   55   34   0.000       0.000    
   54   24   0.000       0.000    
   54   25  9.3372E-03   2.647    
   54   26   0.000       0.000    
   54   27   0.000       0.000    
   54   28   0.000       0.000    
   54   29   0.000       0.000    
   54   30   0.000       0.000    
   54   31   0.000       0.000    
   54   32   0.000       0.000    
   54   33   0.000       0.000    
   54   34   0.000       0.000    
   53   24   0.000       0.000    
   53   25  1.7996E-09   2.285    
   53   26   9.310       11.73    
   53   27   0.000       0.000    
   53   28   0.000       0.000    
   53   29   0.000       0.000    
   53   30   0.000       0.000    
   53   31   0.000       0.000    
   53   32   0.000       0.000    
   53   33   0.000       0.000    
   53   34   0.000       0.000    
   52   24   0.000       0.000    
   52   25  3.7305E-02   7.360    
   52   26  2.7551E-02   63.25    
   52   27   0.000       0.000    
   52   28   0.000       0.000    
   52   29   0.000       0.000    
   52   30   0.000       0.000    
   52   31   0.000       0.000    
   52   32   0.000       0.000    
   52   33   0.000       0.000    
   52   34   0.000       0.000    
   51   24  1.4612E-02   8.695    
   51   25   1.005       18.95    
   51   26   0.000       0.000    
   51   27   0.000       0.000    
   51   28   0.000       0.000    
   51   29   0.000       0.000    
   51   30   0.000       0.000    
   51   31   0.000       0.000    
   51   32   0.000       0.000    
   51   33   0.000       0.000    
   51   34   0.000       0.000    
   50   24   0.000       0.000    
   50   25   0.000       0.000    
   50   26   0.000       0.000    
   50   27   0.000       0.000    
   50   28   0.000       0.000    
   50   29   0.000       0.000    
   50   30   0.000       0.000    
   50   31   0.000       0.000    
   50   32   0.000       0.000    
   50   33   0.000       0.000    
   50   34   0.000       0.000    
   49   24   1.111       13.82    
   49   25   0.000       0.000    
   49   26   0.000       0.000    
   49   27   0.000       0.000    
   49   28   0.000       0.000    
   49   29   0.000       0.000    
   49   30   0.000       0.000    
   49   31   0.000       0.000    
   49   32   0.000       0.000    
   49   33   0.000       0.000    
   49   34   0.000       0.000    
   48   24  2.1562E-03   99.00    
   48   25   0.000       0.000    
   48   26   0.000       0.000    
   48   27   0.000       0.000    
   48   28   0.000       0.000    
   48   29   0.000       0.000    
   48   30   0.000       0.000    
   48   31   0.000       0.000    
   48   32   0.000       0.000    
   48   33   0.000       0.000    
   48   34   0.000       0.000    
   52   13   0.000       0.000    
   52   14   0.000       0.000    
   52   15   0.000       0.000    
   52   16   0.000       0.000    
   52   17   0.000       0.000    
   52   18   0.000       0.000    
   52   19   0.000       0.000    
   52   20   0.000       0.000    
   52   21   0.000       0.000    
   52   22   0.000       0.000    
   52   23  0.1108       48.45    
   51   13   0.000       0.000    
   51   14   0.000       0.000    
   51   15   0.000       0.000    
   51   16   0.000       0.000    
   51   17   0.000       0.000    
   51   18   0.000       0.000    
   51   19   0.000       0.000    
   51   20   0.000       0.000    
   51   21   0.000       0.000    
   51   22   0.000       0.000    
   51   23   0.000       0.000    
   50   13   0.000       0.000    
   50   14   0.000       0.000    
   50   15   0.000       0.000    
   50   16   0.000       0.000    
   50   17   0.000       0.000    
   50   18   0.000       0.000    
   50   19   0.000       0.000    
   50   20   0.000       0.000    
   50   21   0.000       0.000    
   50   22   0.000       0.000    
   50   23   0.000       0.000    
   49   13   0.000       0.000    
   49   14   0.000       0.000    
   49   15   0.000       0.000    
   49   16   0.000       0.000    
   49   17   0.000       0.000    
   49   18   0.000       0.000    
   49   19   0.000       0.000    
   49   20   0.000       0.000    
   49   21   0.000       0.000    
   49   22   0.000       0.000    
   49   23  3.5856E-04   20.87    
   48   13   0.000       0.000    
   48   14   0.000       0.000    
   48   15   0.000       0.000    
   48   16   0.000       0.000    
   48   17   0.000       0.000    
   48   18   0.000       0.000    
   48   19   0.000       0.000    
   48   20   0.000       0.000    
   48   21   0.000       0.000    
   48   22   0.000       0.000    
   48   23  2.8224E-03   22.36    
   47   13   0.000       0.000    
   47   14   0.000       0.000    
   47   15   0.000       0.000    
   47   16   0.000       0.000    
   47   17   0.000       0.000    
   47   18   0.000       0.000    
   47   19   0.000       0.000    
   47   20   0.000       0.000    
   47   21  5.8345E-04   99.00    
   47   22   0.000       0.000    
   47   23  0.1617       66.67    
   46   13   0.000       0.000    
   46   14   0.000       0.000    
   46   15   0.000       0.000    
   46   16   0.000       0.000    
   46   17   0.000       0.000    
   46   18   0.000       0.000    
   46   19   0.000       0.000    
   46   20   0.000       0.000    
   46   21  1.4036E-04   66.67    
   46   22   0.000       0.000    
   46   23   0.000       0.000    
   45   13   0.000       0.000    
   45   14   0.000       0.000    
   45   15   0.000       0.000    
   45   16   0.000       0.000    
   45   17   0.000       0.000    
   45   18   0.000       0.000    
   45   19   0.000       0.000    
   45   20  1.2055E-05   99.00    
   45   21   0.000       0.000    
   45   22  2.8083E-02   61.24    
   45   23   0.000       0.000    
   44   13   0.000       0.000    
   44   14   0.000       0.000    
   44   15   0.000       0.000    
   44   16   0.000       0.000    
   44   17   0.000       0.000    
   44   18   0.000       0.000    
   44   19   0.000       0.000    
   44   20   0.000       0.000    
   44   21  3.3354E-02   40.67    
   44   22  9.0821E-08   99.00    
   44   23   0.000       0.000    
   43   13   0.000       0.000    
   43   14   0.000       0.000    
   43   15   0.000       0.000    
   43   16   0.000       0.000    
   43   17   0.000       0.000    
   43   18   0.000       0.000    
   43   19   0.000       0.000    
   43   20   0.000       0.000    
   43   21  1.1312E-02   99.00    
   43   22   0.000       0.000    
   43   23   0.000       0.000    
   42   13   0.000       0.000    
   42   14   0.000       0.000    
   42   15   0.000       0.000    
   42   16   0.000       0.000    
   42   17   0.000       0.000    
   42   18   0.000       0.000    
   42   19   0.000       0.000    
   42   20   0.000       0.000    
   42   21   0.000       0.000    
   42   22   0.000       0.000    
   42   23   0.000       0.000    
   41   13   0.000       0.000    
   41   14   0.000       0.000    
   41   15   0.000       0.000    
   41   16   0.000       0.000    
   41   17   0.000       0.000    
   41   18  2.2348E-02   99.00    
   41   19   0.000       0.000    
   41   20   0.000       0.000    
   41   21   0.000       0.000    
   41   22   0.000       0.000    
   41   23   0.000       0.000    
   40   13   0.000       0.000    
   40   14   0.000       0.000    
   40   15   0.000       0.000    
   40   16   0.000       0.000    
   40   17  1.1042E-03   20.79    
   40   18   0.000       0.000    
   40   19  9.1386E-13   4.193    
   40   20   0.000       0.000    
   40   21   0.000       0.000    
   40   22   0.000       0.000    
   40   23   0.000       0.000    
   39   13   0.000       0.000    
   39   14   0.000       0.000    
   39   15   0.000       0.000    
   39   16   0.000       0.000    
   39   17   4.612       8.609    
   39   18  1.6086E-05   3.193    
   39   19   0.000       0.000    
   39   20   0.000       0.000    
   39   21   0.000       0.000    
   39   22   0.000       0.000    
   39   23   0.000       0.000    
   38   13   0.000       0.000    
   38   14   0.000       0.000    
   38   15   0.000       0.000    
   38   16  4.5385E-02   40.82    
   38   17   4.519       16.51    
   38   18   0.000       0.000    
   38   19  0.1552       40.82    
   38   20   0.000       0.000    
   38   21   0.000       0.000    
   38   22   0.000       0.000    
   38   23   0.000       0.000    
   37   13   0.000       0.000    
   37   14   0.000       0.000    
   37   15   0.000       0.000    
   37   16  9.0675E-02   66.67    
   37   17   0.000       0.000    
   37   18  1.6457E-02   5.974    
   37   19   0.000       0.000    
   37   20   0.000       0.000    
   37   21   0.000       0.000    
   37   22   0.000       0.000    
   37   23   0.000       0.000    
   36   13   0.000       0.000    
   36   14   0.000       0.000    
   36   15   0.000       0.000    
   36   16   0.000       0.000    
   36   17  8.6222E-09   4.750    
   36   18   0.000       0.000    
   36   19   0.000       0.000    
   36   20   0.000       0.000    
   36   21   0.000       0.000    
   36   22   0.000       0.000    
   36   23   0.000       0.000    
   35   13   0.000       0.000    
   35   14   0.000       0.000    
   35   15  3.0486E-06   48.59    
   35   16  3.4102E-03   9.511    
   35   17   0.000       0.000    
   35   18   0.000       0.000    
   35   19   0.000       0.000    
   35   20   0.000       0.000    
   35   21   0.000       0.000    
   35   22   0.000       0.000    
   35   23   0.000       0.000    
   34   13   0.000       0.000    
   34   14   0.000       0.000    
   34   15  4.3409E-22   52.44    
   34   16   0.000       0.000    
   34   17  0.2673       9.091    
   34   18   0.000       0.000    
   34   19   0.000       0.000    
   34   20   0.000       0.000    
   34   21   0.000       0.000    
   34   22   0.000       0.000    
   34   23   0.000       0.000    
   33   13   0.000       0.000    
   33   14   0.000       0.000    
   33   15  3.6332E-03   17.35    
   33   16   0.000       0.000    
   33   17   0.000       0.000    
   33   18   0.000       0.000    
   33   19   0.000       0.000    
   33   20   0.000       0.000    
   33   21   0.000       0.000    
   33   22   0.000       0.000    
   33   23   0.000       0.000    
   32   13   0.000       0.000    
   32   14  1.7541E-07   31.62    
   32   15  1.0435E-02   10.49    
   32   16   0.000       0.000    
   32   17   0.000       0.000    
   32   18   0.000       0.000    
   32   19   0.000       0.000    
   32   20   0.000       0.000    
   32   21   0.000       0.000    
   32   22   0.000       0.000    
   32   23   0.000       0.000    
   31   13   0.000       0.000    
   31   14  0.2275       23.69    
   31   15   0.000       0.000    
   31   16   0.000       0.000    
   31   17   0.000       0.000    
   31   18   0.000       0.000    
   31   19   0.000       0.000    
   31   20   0.000       0.000    
   31   21   0.000       0.000    
   31   22   0.000       0.000    
   31   23   0.000       0.000    
   30   13   0.000       0.000    
   30   14   0.000       0.000    
   30   15  6.2438E-02   18.26    
   30   16   0.000       0.000    
   30   17   0.000       0.000    
   30   18   0.000       0.000    
   30   19   0.000       0.000    
   30   20   0.000       0.000    
   30   21   0.000       0.000    
   30   22   0.000       0.000    
   30   23   0.000       0.000    
   29   13   0.000       0.000    
   29   14   0.000       0.000    
   29   15   0.000       0.000    
   29   16   0.000       0.000    
   29   17   0.000       0.000    
   29   18   0.000       0.000    
   29   19   0.000       0.000    
   29   20   0.000       0.000    
   29   21   0.000       0.000    
   29   22   0.000       0.000    
   29   23   0.000       0.000    
   28   13  2.0956E-02   42.39    
   28   14   0.000       0.000    
   28   15   0.000       0.000    
   28   16   0.000       0.000    
   28   17   0.000       0.000    
   28   18   0.000       0.000    
   28   19   0.000       0.000    
   28   20   0.000       0.000    
   28   21   0.000       0.000    
   28   22   0.000       0.000    
   28   23   0.000       0.000    
   27   13   0.000       0.000    
   27   14   0.000       0.000    
   27   15   0.000       0.000    
   27   16   0.000       0.000    
   27   17   0.000       0.000    
   27   18   0.000       0.000    
   27   19   0.000       0.000    
   27   20   0.000       0.000    
   27   21   0.000       0.000    
   27   22   0.000       0.000    
   27   23   0.000       0.000    
   26   13  7.4861E-12   99.00    
   26   14   0.000       0.000    
   26   15   0.000       0.000    
   26   16   0.000       0.000    
   26   17   0.000       0.000    
   26   18   0.000       0.000    
   26   19   0.000       0.000    
   26   20   0.000       0.000    
   26   21   0.000       0.000    
   26   22   0.000       0.000    
   26   23   0.000       0.000    
   24    2   0.000       0.000    
   24    3   0.000       0.000    
   24    4   0.000       0.000    
   24    5   0.000       0.000    
   24    6   0.000       0.000    
   24    7   0.000       0.000    
   24    8   0.000       0.000    
   24    9   0.000       0.000    
   24   10   0.000       0.000    
   24   11  6.1653E-03   61.24    
   24   12   0.000       0.000    
   23    2   0.000       0.000    
   23    3   0.000       0.000    
   23    4   0.000       0.000    
   23    5   0.000       0.000    
   23    6   0.000       0.000    
   23    7   0.000       0.000    
   23    8   0.000       0.000    
   23    9   0.000       0.000    
   23   10   0.000       0.000    
   23   11   0.000       0.000    
   23   12   0.000       0.000    
   22    2   0.000       0.000    
   22    3   0.000       0.000    
   22    4   0.000       0.000    
   22    5   0.000       0.000    
   22    6   0.000       0.000    
   22    7   0.000       0.000    
   22    8   0.000       0.000    
   22    9   0.000       0.000    
   22   10   0.000       0.000    
   22   11  2.0630E-06   99.00    
   22   12   0.000       0.000    
   21    2   0.000       0.000    
   21    3   0.000       0.000    
   21    4   0.000       0.000    
   21    5   0.000       0.000    
   21    6   0.000       0.000    
   21    7   0.000       0.000    
   21    8   0.000       0.000    
   21    9   0.000       0.000    
   21   10   0.000       0.000    
   21   11  2.4392E-13   99.00    
   21   12   0.000       0.000    
   20    2   0.000       0.000    
   20    3   0.000       0.000    
   20    4   0.000       0.000    
   20    5   0.000       0.000    
   20    6   0.000       0.000    
   20    7   0.000       0.000    
   20    8   0.000       0.000    
   20    9   0.000       0.000    
   20   10   0.000       0.000    
   20   11   0.000       0.000    
   20   12   0.000       0.000    
   19    2   0.000       0.000    
   19    3   0.000       0.000    
   19    4   0.000       0.000    
   19    5   0.000       0.000    
   19    6   0.000       0.000    
   19    7   0.000       0.000    
   19    8   0.000       0.000    
   19    9   0.000       0.000    
   19   10  5.0179E-17   99.00    
   19   11   0.000       0.000    
   19   12   0.000       0.000    
   18    2   0.000       0.000    
   18    3   0.000       0.000    
   18    4   0.000       0.000    
   18    5   0.000       0.000    
   18    6   0.000       0.000    
   18    7   0.000       0.000    
   18    8   0.000       0.000    
   18    9  0.4687       23.08    
   18   10   0.000       0.000    
   18   11   0.000       0.000    
   18   12   0.000       0.000    
   17    2   0.000       0.000    
   17    3   0.000       0.000    
   17    4   0.000       0.000    
   17    5   0.000       0.000    
   17    6   0.000       0.000    
   17    7   0.000       0.000    
   17    8   0.000       0.000    
   17    9  8.5442E-05   77.46    
   17   10   0.000       0.000    
   17   11   0.000       0.000    
   17   12   0.000       0.000    
   16    2   0.000       0.000    
   16    3   0.000       0.000    
   16    4   0.000       0.000    
   16    5   0.000       0.000    
   16    6   0.000       0.000    
   16    7  6.9801E-37   5.774    
   16    8   0.000       0.000    
   16    9   0.000       0.000    
   16   10   0.000       0.000    
   16   11   0.000       0.000    
   16   12   0.000       0.000    
   15    2   0.000       0.000    
   15    3   0.000       0.000    
   15    4   0.000       0.000    
   15    5   0.000       0.000    
   15    6   0.000       0.000    
   15    7   0.000       0.000    
   15    8   35.35      0.3099    
   15    9   0.000       0.000    
   15   10   0.000       0.000    
   15   11   0.000       0.000    
   15   12   0.000       0.000    
   14    2   0.000       0.000    
   14    3   0.000       0.000    
   14    4   0.000       0.000    
   14    5   0.000       0.000    
   14    6  1.6820E-05   1.301    
   14    7   0.000       0.000    
   14    8  9.6413E-02  0.9682    
   14    9   0.000       0.000    
   14   10   0.000       0.000    
   14   11   0.000       0.000    
   14   12   0.000       0.000    
   13    2   0.000       0.000    
   13    3   0.000       0.000    
   13    4   0.000       0.000    
   13    5   0.000       0.000    
   13    6   0.000       0.000    
   13    7   2010.      0.3551    
   13    8   0.000       0.000    
   13    9   0.000       0.000    
   13   10   0.000       0.000    
   13   11   0.000       0.000    
   13   12   0.000       0.000    
   12    2   0.000       0.000    
   12    3   0.000       0.000    
   12    4   0.000       0.000    
   12    5   0.000       0.000    
   12    6   0.000       0.000    
   12    7   0.000       0.000    
   12    8   0.000       0.000    
   12    9   0.000       0.000    
   12   10   0.000       0.000    
   12   11   0.000       0.000    
   12   12   0.000       0.000    
   11    2   0.000       0.000    
   11    3   0.000       0.000    
   11    4  7.7708E-20   13.36    
   11    5   0.000       0.000    
   11    6   2550.      0.8670    
   11    7   0.000       0.000    
   11    8   0.000       0.000    
   11    9   0.000       0.000    
   11   10   0.000       0.000    
   11   11   0.000       0.000    
   11   12   0.000       0.000    
   10    2   0.000       0.000    
   10    3   0.000       0.000    
   10    4  4.8876E-09   3.351    
   10    5   0.000       0.000    
   10    6  1.3583E-11   1.359    
   10    7   0.000       0.000    
   10    8   0.000       0.000    
   10    9   0.000       0.000    
   10   10   0.000       0.000    
   10   11   0.000       0.000    
   10   12   0.000       0.000    
    9    2   0.000       0.000    
    9    3   0.000       0.000    
    9    4   0.000       0.000    
    9    5   0.000       0.000    
    9    6   0.000       0.000    
    9    7   0.000       0.000    
    9    8   0.000       0.000    
    9    9   0.000       0.000    
    9   10   0.000       0.000    
    9   11   0.000       0.000    
    9   12   0.000       0.000    
    8    2   0.000       0.000    
    8    3   0.000       0.000    
    8    4   0.000       0.000    
    8    5   0.000       0.000    
    8    6   0.000       0.000    
    8    7   0.000       0.000    
    8    8   0.000       0.000    
    8    9   0.000       0.000    
    8   10   0.000       0.000    
    8   11   0.000       0.000    
    8   12   0.000       0.000    
    7    2   0.000       0.000    
    7    3   0.000       0.000    
    7    4  0.7048      0.5200    
    7    5   0.000       0.000    
    7    6   0.000       0.000    
    7    7   0.000       0.000    
    7    8   0.000       0.000    
    7    9   0.000       0.000    
    7   10   0.000       0.000    
    7   11   0.000       0.000    
    7   12   0.000       0.000    
    3    1  1.0495E-02  0.5405    
# A/Z/m Isomers:
   34   17    1  0.5988       9.091    
   44   21    1  9.0457E-08   99.00    
   44   21    2  7.9922E-04   99.00    
   45   21    1  6.5080E-06   61.23    
   46   21    2  9.6462E-16   99.00    
   52   25    1   11.37       5.658    
   53   26    1  2.2270E-02   31.62    
   54   27    1  2.4123E-04   99.00    
   58   27    1   28.37      0.5252    
   60   27    1   76.99       2.536    
   62   27    1   2.639       9.421    
   63   28    1  7.8943E-10   11.08    
   65   30    1   36.86       1.662    
   67   30    1   1.664       1.093    
   68   29    1  6.3637E-02   46.77    
   69   30    1  0.1712       4.803    
   70   29    1  1.6745E-09   99.00    
