  **** n50brass1p27_26.rnc ****


  Total primaries run:        10000000

    Total weight of the primaries run:   10000000.0    


  Beam intensity  :   1.00000000E+09  pr/s

  Irradiation time:   900.000000      s

  Decay time      :   28800.0000      s

  Detector n:            1   cool6     
     (Region          -1  Volume:     368.299988      cmc,
      distr. type  :           3    ,
      Z_max:          34 , N-Z_max:          12 , N-Z_min:          -4 )

     Tot. response (Bq/cmc)   230.478088       +/-  0.268471628      %
     ( --> Bq                 84885.0781       +/-  0.268471628      % )



  **** Residual nuclei distribution  **** ****           (Bq/cmc)            ****



  A \ Z   24         25         26         27         28         29         30         31         32         33         34
  70   0.00E+00   0.00E+00   0.00E+00   0.00E+00   0.00E+00   0.00E+00   0.00E+00   8.33E-07   0.00E+00   0.00E+00   0.00E+00
      +/- 0.0 %  +/- 0.0 %  +/- 0.0 %  +/- 0.0 %  +/- 0.0 %  +/- 0.0 %  +/- 0.0 %  +/-15.3 %  +/- 0.0 %  +/- 0.0 %  +/- 0.0 %
  69   0.00E+00   0.00E+00   0.00E+00   0.00E+00   0.00E+00   0.00E+00   1.49E-01   0.00E+00   0.00E+00   0.00E+00   0.00E+00
      +/- 0.0 %  +/- 0.0 %  +/- 0.0 %  +/- 0.0 %  +/- 0.0 %  +/- 0.0 %  +/- 4.4 %  +/- 0.0 %  +/- 0.0 %  +/- 0.0 %  +/- 0.0 %
  68   0.00E+00   0.00E+00   0.00E+00   0.00E+00   0.00E+00   2.98E-39   0.00E+00   5.22E-01   0.00E+00   0.00E+00   0.00E+00
      +/- 0.0 %  +/- 0.0 %  +/- 0.0 %  +/- 0.0 %  +/- 0.0 %  +/-46.8 %  +/- 0.0 %  +/- 2.7 %  +/- 0.0 %  +/- 0.0 %  +/- 0.0 %
  67   0.00E+00   0.00E+00   0.00E+00   0.00E+00   0.00E+00   4.14E-01   0.00E+00   1.97E+00   0.00E+00   0.00E+00   0.00E+00
      +/- 0.0 %  +/- 0.0 %  +/- 0.0 %  +/- 0.0 %  +/- 0.0 %  +/- 4.9 %  +/- 0.0 %  +/- 1.1 %  +/- 0.0 %  +/- 0.0 %  +/- 0.0 %
  66   0.00E+00   0.00E+00   0.00E+00   0.00E+00   2.33E-03   2.34E-03   0.00E+00   1.01E+01   0.00E+00   0.00E+00   0.00E+00
      +/- 0.0 %  +/- 0.0 %  +/- 0.0 %  +/- 0.0 %  +/-40.8 %  +/-40.8 %  +/- 0.0 %  +/- 1.4 %  +/- 0.0 %  +/- 0.0 %  +/- 0.0 %
  65   0.00E+00   0.00E+00   0.00E+00   0.00E+00   2.63E-01   0.00E+00   1.71E-01   7.20E-08   0.00E+00   0.00E+00   0.00E+00
      +/- 0.0 %  +/- 0.0 %  +/- 0.0 %  +/- 0.0 %  +/- 8.6 %  +/- 0.0 %  +/- 0.6 %  +/- 1.7 %  +/- 0.0 %  +/- 0.0 %  +/- 0.0 %
  64   0.00E+00   0.00E+00   0.00E+00   0.00E+00   0.00E+00   5.79E+01   0.00E+00   0.00E+00   0.00E+00   0.00E+00   0.00E+00
      +/- 0.0 %  +/- 0.0 %  +/- 0.0 %  +/- 0.0 %  +/- 0.0 %  +/- 0.7 %  +/- 0.0 %  +/- 0.0 %  +/- 0.0 %  +/- 0.0 %  +/- 0.0 %
  63   0.00E+00   0.00E+00   0.00E+00   0.00E+00   2.46E-04   0.00E+00   2.58E-01   0.00E+00   0.00E+00   0.00E+00   0.00E+00
      +/- 0.0 %  +/- 0.0 %  +/- 0.0 %  +/- 0.0 %  +/- 0.6 %  +/- 0.0 %  +/- 0.5 %  +/- 0.0 %  +/- 0.0 %  +/- 0.0 %  +/- 0.0 %
  62   0.00E+00   0.00E+00   0.00E+00   1.18E-12   0.00E+00   2.30E+01   2.26E+01   0.00E+00   0.00E+00   0.00E+00   0.00E+00
      +/- 0.0 %  +/- 0.0 %  +/- 0.0 %  +/- 9.4 %  +/- 0.0 %  +/- 1.4 %  +/- 1.4 %  +/- 0.0 %  +/- 0.0 %  +/- 0.0 %  +/- 0.0 %
  61   0.00E+00   0.00E+00   0.00E+00   5.59E-01   0.00E+00   9.18E+01   0.00E+00   0.00E+00   0.00E+00   0.00E+00   0.00E+00
      +/- 0.0 %  +/- 0.0 %  +/- 0.0 %  +/- 6.6 %  +/- 0.0 %  +/- 0.5 %  +/- 0.0 %  +/- 0.0 %  +/- 0.0 %  +/- 0.0 %  +/- 0.0 %
  60   0.00E+00   0.00E+00   2.66E-11   2.20E-03   0.00E+00   4.12E-04   0.00E+00   0.00E+00   0.00E+00   0.00E+00   0.00E+00
      +/- 0.0 %  +/- 0.0 %  +/-35.7 %  +/- 0.8 %  +/- 0.0 %  +/- 2.2 %  +/- 0.0 %  +/- 0.0 %  +/- 0.0 %  +/- 0.0 %  +/- 0.0 %
  59   0.00E+00   0.00E+00   3.68E-03   0.00E+00   2.25E-06   0.00E+00   0.00E+00   0.00E+00   0.00E+00   0.00E+00   0.00E+00
      +/- 0.0 %  +/- 0.0 %  +/- 5.8 %  +/- 0.0 %  +/- 0.6 %  +/- 0.0 %  +/- 0.0 %  +/- 0.0 %  +/- 0.0 %  +/- 0.0 %  +/- 0.0 %
  58   0.00E+00   0.00E+00   0.00E+00   3.66E-01   0.00E+00   0.00E+00   0.00E+00   0.00E+00   0.00E+00   0.00E+00   0.00E+00
      +/- 0.0 %  +/- 0.0 %  +/- 0.0 %  +/- 1.1 %  +/- 0.0 %  +/- 0.0 %  +/- 0.0 %  +/- 0.0 %  +/- 0.0 %  +/- 0.0 %  +/- 0.0 %
  57   0.00E+00   0.00E+00   0.00E+00   1.05E-01   8.15E-01   0.00E+00   0.00E+00   0.00E+00   0.00E+00   0.00E+00   0.00E+00
      +/- 0.0 %  +/- 0.0 %  +/- 0.0 %  +/- 1.0 %  +/- 3.8 %  +/- 0.0 %  +/- 0.0 %  +/- 0.0 %  +/- 0.0 %  +/- 0.0 %  +/- 0.0 %
  56   0.00E+00   4.91E-01   0.00E+00   9.60E-02   2.36E-02   0.00E+00   0.00E+00   0.00E+00   0.00E+00   0.00E+00   0.00E+00
      +/- 0.0 %  +/- 9.8 %  +/- 0.0 %  +/- 0.5 %  +/- 7.6 %  +/- 0.0 %  +/- 0.0 %  +/- 0.0 %  +/- 0.0 %  +/- 0.0 %  +/- 0.0 %
  55   2.47E-42   0.00E+00   9.87E-03   5.22E-01   0.00E+00   0.00E+00   0.00E+00   0.00E+00   0.00E+00   0.00E+00   0.00E+00
      +/-61.2 %  +/- 0.0 %  +/- 0.8 %  +/- 8.2 %  +/- 0.0 %  +/- 0.0 %  +/- 0.0 %  +/- 0.0 %  +/- 0.0 %  +/- 0.0 %  +/- 0.0 %
  54   0.00E+00   9.33E-03   0.00E+00   0.00E+00   0.00E+00   0.00E+00   0.00E+00   0.00E+00   0.00E+00   0.00E+00   0.00E+00
      +/- 0.0 %  +/- 2.6 %  +/- 0.0 %  +/- 0.0 %  +/- 0.0 %  +/- 0.0 %  +/- 0.0 %  +/- 0.0 %  +/- 0.0 %  +/- 0.0 %  +/- 0.0 %
  53   0.00E+00   1.84E-09   3.32E-16   0.00E+00   0.00E+00   0.00E+00   0.00E+00   0.00E+00   0.00E+00   0.00E+00   0.00E+00
      +/- 0.0 %  +/- 2.5 %  +/-11.7 %  +/- 0.0 %  +/- 0.0 %  +/- 0.0 %  +/- 0.0 %  +/- 0.0 %  +/- 0.0 %  +/- 0.0 %  +/- 0.0 %
  52   0.00E+00   3.64E-02   1.44E-02   0.00E+00   0.00E+00   0.00E+00   0.00E+00   0.00E+00   0.00E+00   0.00E+00   0.00E+00
      +/- 0.0 %  +/- 7.2 %  +/-63.2 %  +/- 0.0 %  +/- 0.0 %  +/- 0.0 %  +/- 0.0 %  +/- 0.0 %  +/- 0.0 %  +/- 0.0 %  +/- 0.0 %
  51   1.56E-02   9.38E-04   0.00E+00   0.00E+00   0.00E+00   0.00E+00   0.00E+00   0.00E+00   0.00E+00   0.00E+00   0.00E+00
      +/- 9.1 %  +/-19.0 %  +/- 0.0 %  +/- 0.0 %  +/- 0.0 %  +/- 0.0 %  +/- 0.0 %  +/- 0.0 %  +/- 0.0 %  +/- 0.0 %  +/- 0.0 %
  49   5.45E-04   0.00E+00   0.00E+00   0.00E+00   0.00E+00   0.00E+00   0.00E+00   0.00E+00   0.00E+00   0.00E+00   0.00E+00
      +/-13.8 %  +/- 0.0 %  +/- 0.0 %  +/- 0.0 %  +/- 0.0 %  +/- 0.0 %  +/- 0.0 %  +/- 0.0 %  +/- 0.0 %  +/- 0.0 %  +/- 0.0 %
  48   1.68E-03   0.00E+00   0.00E+00   0.00E+00   0.00E+00   0.00E+00   0.00E+00   0.00E+00   0.00E+00   0.00E+00   0.00E+00
      +/-99.0 %  +/- 0.0 %  +/- 0.0 %  +/- 0.0 %  +/- 0.0 %  +/- 0.0 %  +/- 0.0 %  +/- 0.0 %  +/- 0.0 %  +/- 0.0 %  +/- 0.0 %

  A \ Z   13         14         15         16         17         18         19         20         21         22         23
  49   0.00E+00   0.00E+00   0.00E+00   0.00E+00   0.00E+00   0.00E+00   0.00E+00   0.00E+00   0.00E+00   0.00E+00   4.57E-04
      +/- 0.0 %  +/- 0.0 %  +/- 0.0 %  +/- 0.0 %  +/- 0.0 %  +/- 0.0 %  +/- 0.0 %  +/- 0.0 %  +/- 0.0 %  +/- 0.0 %  +/-18.1 %
  48   0.00E+00   0.00E+00   0.00E+00   0.00E+00   0.00E+00   0.00E+00   0.00E+00   0.00E+00   0.00E+00   0.00E+00   2.81E-03
      +/- 0.0 %  +/- 0.0 %  +/- 0.0 %  +/- 0.0 %  +/- 0.0 %  +/- 0.0 %  +/- 0.0 %  +/- 0.0 %  +/- 0.0 %  +/- 0.0 %  +/-22.0 %
  47   0.00E+00   0.00E+00   0.00E+00   0.00E+00   0.00E+00   0.00E+00   0.00E+00   0.00E+00   5.46E-04   0.00E+00   8.22E-06
      +/- 0.0 %  +/- 0.0 %  +/- 0.0 %  +/- 0.0 %  +/- 0.0 %  +/- 0.0 %  +/- 0.0 %  +/- 0.0 %  +/-99.0 %  +/- 0.0 %  +/-66.7 %
  46   0.00E+00   0.00E+00   0.00E+00   0.00E+00   0.00E+00   0.00E+00   0.00E+00   0.00E+00   1.40E-04   0.00E+00   0.00E+00
      +/- 0.0 %  +/- 0.0 %  +/- 0.0 %  +/- 0.0 %  +/- 0.0 %  +/- 0.0 %  +/- 0.0 %  +/- 0.0 %  +/-66.7 %  +/- 0.0 %  +/- 0.0 %
  45   0.00E+00   0.00E+00   0.00E+00   0.00E+00   0.00E+00   0.00E+00   0.00E+00   1.20E-05   0.00E+00   4.91E-03   0.00E+00
      +/- 0.0 %  +/- 0.0 %  +/- 0.0 %  +/- 0.0 %  +/- 0.0 %  +/- 0.0 %  +/- 0.0 %  +/-99.0 %  +/- 0.0 %  +/-61.2 %  +/- 0.0 %
  44   0.00E+00   0.00E+00   0.00E+00   0.00E+00   0.00E+00   0.00E+00   0.00E+00   0.00E+00   9.17E-03   9.08E-08   0.00E+00
      +/- 0.0 %  +/- 0.0 %  +/- 0.0 %  +/- 0.0 %  +/- 0.0 %  +/- 0.0 %  +/- 0.0 %  +/- 0.0 %  +/-34.9 %  +/-99.0 %  +/- 0.0 %
  43   0.00E+00   0.00E+00   0.00E+00   0.00E+00   0.00E+00   0.00E+00   0.00E+00   0.00E+00   2.84E-03   0.00E+00   0.00E+00
      +/- 0.0 %  +/- 0.0 %  +/- 0.0 %  +/- 0.0 %  +/- 0.0 %  +/- 0.0 %  +/- 0.0 %  +/- 0.0 %  +/-99.0 %  +/- 0.0 %  +/- 0.0 %
  41   0.00E+00   0.00E+00   0.00E+00   0.00E+00   0.00E+00   1.18E-03   0.00E+00   0.00E+00   0.00E+00   0.00E+00   0.00E+00
      +/- 0.0 %  +/- 0.0 %  +/- 0.0 %  +/- 0.0 %  +/- 0.0 %  +/-99.0 %  +/- 0.0 %  +/- 0.0 %  +/- 0.0 %  +/- 0.0 %  +/- 0.0 %
  40   0.00E+00   0.00E+00   0.00E+00   0.00E+00   0.00E+00   0.00E+00   9.14E-13   0.00E+00   0.00E+00   0.00E+00   0.00E+00
      +/- 0.0 %  +/- 0.0 %  +/- 0.0 %  +/- 0.0 %  +/- 0.0 %  +/- 0.0 %  +/- 4.2 %  +/- 0.0 %  +/- 0.0 %  +/- 0.0 %  +/- 0.0 %
  39   0.00E+00   0.00E+00   0.00E+00   0.00E+00   1.49E-02   1.79E-05   0.00E+00   0.00E+00   0.00E+00   0.00E+00   0.00E+00
      +/- 0.0 %  +/- 0.0 %  +/- 0.0 %  +/- 0.0 %  +/- 8.6 %  +/- 3.1 %  +/- 0.0 %  +/- 0.0 %  +/- 0.0 %  +/- 0.0 %  +/- 0.0 %
  38   0.00E+00   0.00E+00   0.00E+00   6.84E-03   9.53E-03   0.00E+00   7.24E-20   0.00E+00   0.00E+00   0.00E+00   0.00E+00
      +/- 0.0 %  +/- 0.0 %  +/- 0.0 %  +/-40.8 %  +/-37.4 %  +/- 0.0 %  +/-40.8 %  +/- 0.0 %  +/- 0.0 %  +/- 0.0 %  +/- 0.0 %
  37   0.00E+00   0.00E+00   0.00E+00   1.73E-29   0.00E+00   1.64E-02   0.00E+00   0.00E+00   0.00E+00   0.00E+00   0.00E+00
      +/- 0.0 %  +/- 0.0 %  +/- 0.0 %  +/-66.7 %  +/- 0.0 %  +/- 6.0 %  +/- 0.0 %  +/- 0.0 %  +/- 0.0 %  +/- 0.0 %  +/- 0.0 %
  36   0.00E+00   0.00E+00   0.00E+00   0.00E+00   8.62E-09   0.00E+00   0.00E+00   0.00E+00   0.00E+00   0.00E+00   0.00E+00
      +/- 0.0 %  +/- 0.0 %  +/- 0.0 %  +/- 0.0 %  +/- 4.7 %  +/- 0.0 %  +/- 0.0 %  +/- 0.0 %  +/- 0.0 %  +/- 0.0 %  +/- 0.0 %
  35   0.00E+00   0.00E+00   0.00E+00   3.40E-03   0.00E+00   0.00E+00   0.00E+00   0.00E+00   0.00E+00   0.00E+00   0.00E+00
      +/- 0.0 %  +/- 0.0 %  +/- 0.0 %  +/- 9.5 %  +/- 0.0 %  +/- 0.0 %  +/- 0.0 %  +/- 0.0 %  +/- 0.0 %  +/- 0.0 %  +/- 0.0 %
  34   0.00E+00   0.00E+00   0.00E+00   0.00E+00   1.13E-05   0.00E+00   0.00E+00   0.00E+00   0.00E+00   0.00E+00   0.00E+00
      +/- 0.0 %  +/- 0.0 %  +/- 0.0 %  +/- 0.0 %  +/- 9.1 %  +/- 0.0 %  +/- 0.0 %  +/- 0.0 %  +/- 0.0 %  +/- 0.0 %  +/- 0.0 %
  33   0.00E+00   0.00E+00   3.60E-03   0.00E+00   0.00E+00   0.00E+00   0.00E+00   0.00E+00   0.00E+00   0.00E+00   0.00E+00
      +/- 0.0 %  +/- 0.0 %  +/-17.4 %  +/- 0.0 %  +/- 0.0 %  +/- 0.0 %  +/- 0.0 %  +/- 0.0 %  +/- 0.0 %  +/- 0.0 %  +/- 0.0 %
  32   0.00E+00   1.75E-07   1.03E-02   0.00E+00   0.00E+00   0.00E+00   0.00E+00   0.00E+00   0.00E+00   0.00E+00   0.00E+00
      +/- 0.0 %  +/-31.6 %  +/-10.5 %  +/- 0.0 %  +/- 0.0 %  +/- 0.0 %  +/- 0.0 %  +/- 0.0 %  +/- 0.0 %  +/- 0.0 %  +/- 0.0 %
  31   0.00E+00   2.93E-02   0.00E+00   0.00E+00   0.00E+00   0.00E+00   0.00E+00   0.00E+00   0.00E+00   0.00E+00   0.00E+00
      +/- 0.0 %  +/-23.7 %  +/- 0.0 %  +/- 0.0 %  +/- 0.0 %  +/- 0.0 %  +/- 0.0 %  +/- 0.0 %  +/- 0.0 %  +/- 0.0 %  +/- 0.0 %
  26   7.49E-12   0.00E+00   0.00E+00   0.00E+00   0.00E+00   0.00E+00   0.00E+00   0.00E+00   0.00E+00   0.00E+00   0.00E+00
      +/-99.0 %  +/- 0.0 %  +/- 0.0 %  +/- 0.0 %  +/- 0.0 %  +/- 0.0 %  +/- 0.0 %  +/- 0.0 %  +/- 0.0 %  +/- 0.0 %  +/- 0.0 %

  A \ Z    2          3          4          5          6          7          8          9         10         11         12
  24   0.00E+00   0.00E+00   0.00E+00   0.00E+00   0.00E+00   0.00E+00   0.00E+00   0.00E+00   0.00E+00   4.31E-03   0.00E+00
      +/- 0.0 %  +/- 0.0 %  +/- 0.0 %  +/- 0.0 %  +/- 0.0 %  +/- 0.0 %  +/- 0.0 %  +/- 0.0 %  +/- 0.0 %  +/-61.2 %  +/- 0.0 %
  22   0.00E+00   0.00E+00   0.00E+00   0.00E+00   0.00E+00   0.00E+00   0.00E+00   0.00E+00   0.00E+00   2.06E-06   0.00E+00
      +/- 0.0 %  +/- 0.0 %  +/- 0.0 %  +/- 0.0 %  +/- 0.0 %  +/- 0.0 %  +/- 0.0 %  +/- 0.0 %  +/- 0.0 %  +/-99.0 %  +/- 0.0 %
  18   0.00E+00   0.00E+00   0.00E+00   0.00E+00   0.00E+00   0.00E+00   0.00E+00   2.49E-02   0.00E+00   0.00E+00   0.00E+00
      +/- 0.0 %  +/- 0.0 %  +/- 0.0 %  +/- 0.0 %  +/- 0.0 %  +/- 0.0 %  +/- 0.0 %  +/-23.1 %  +/- 0.0 %  +/- 0.0 %  +/- 0.0 %
  14   0.00E+00   0.00E+00   0.00E+00   0.00E+00   1.68E-05   0.00E+00   0.00E+00   0.00E+00   0.00E+00   0.00E+00   0.00E+00
      +/- 0.0 %  +/- 0.0 %  +/- 0.0 %  +/- 0.0 %  +/- 1.3 %  +/- 0.0 %  +/- 0.0 %  +/- 0.0 %  +/- 0.0 %  +/- 0.0 %  +/- 0.0 %
  13   0.00E+00   0.00E+00   0.00E+00   0.00E+00   0.00E+00   1.80E-11   0.00E+00   0.00E+00   0.00E+00   0.00E+00   0.00E+00
      +/- 0.0 %  +/- 0.0 %  +/- 0.0 %  +/- 0.0 %  +/- 0.0 %  +/- 0.4 %  +/- 0.0 %  +/- 0.0 %  +/- 0.0 %  +/- 0.0 %  +/- 0.0 %
  11   0.00E+00   0.00E+00   0.00E+00   0.00E+00   3.41E-04   0.00E+00   0.00E+00   0.00E+00   0.00E+00   0.00E+00   0.00E+00
      +/- 0.0 %  +/- 0.0 %  +/- 0.0 %  +/- 0.0 %  +/- 0.9 %  +/- 0.0 %  +/- 0.0 %  +/- 0.0 %  +/- 0.0 %  +/- 0.0 %  +/- 0.0 %
  10   0.00E+00   0.00E+00   4.89E-09   0.00E+00   0.00E+00   0.00E+00   0.00E+00   0.00E+00   0.00E+00   0.00E+00   0.00E+00
      +/- 0.0 %  +/- 0.0 %  +/- 3.4 %  +/- 0.0 %  +/- 0.0 %  +/- 0.0 %  +/- 0.0 %  +/- 0.0 %  +/- 0.0 %  +/- 0.0 %  +/- 0.0 %
   7   0.00E+00   0.00E+00   7.02E-01   0.00E+00   0.00E+00   0.00E+00   0.00E+00   0.00E+00   0.00E+00   0.00E+00   0.00E+00
      +/- 0.0 %  +/- 0.0 %  +/- 0.5 %  +/- 0.0 %  +/- 0.0 %  +/- 0.0 %  +/- 0.0 %  +/- 0.0 %  +/- 0.0 %  +/- 0.0 %  +/- 0.0 %

  A \ Z    1
   3   1.05E-02
      +/- 0.5 %


  **** Isomers (Bq/cmc)     ****
      A        Z       mth
       34      17       1    2.52E-05 +/-  9.1 %
       44      21       1    9.05E-08 +/- 99.0 %
       44      21       2    7.29E-04 +/- 99.0 %
       45      21       1    1.14E-06 +/- 61.2 %
       52      25       1    1.50E-02 +/- 63.2 %
       58      27       1    1.57E+01 +/-  0.5 %
       60      27       1    2.99E-11 +/- 31.9 %
       62      27       1    2.10E-10 +/-  9.4 %
       65      30       1    2.28E-08 +/-  1.7 %
       67      30       1    1.55E+00 +/-  1.1 %
       69      30       1    1.16E-01 +/-  4.8 %

