# Detector n:     1  
col11     
# A/Z Isotopes:
   70   24   0.000       0.000    
   70   25   0.000       0.000    
   70   26   0.000       0.000    
   70   27   0.000       0.000    
   70   28   0.000       0.000    
   70   29   0.000       0.000    
   70   30   0.000       0.000    
   70   31  2.7283E+06   33.44    
   70   32   0.000       0.000    
   70   33   0.000       0.000    
   70   34   0.000       0.000    
   69   24   0.000       0.000    
   69   25   0.000       0.000    
   69   26   0.000       0.000    
   69   27   0.000       0.000    
   69   28   0.000       0.000    
   69   29  6.5529E+05   37.79    
   69   30  4.8616E+06   12.74    
   69   31   0.000       0.000    
   69   32   9235.       99.00    
   69   33   0.000       0.000    
   69   34   0.000       0.000    
   68   24   0.000       0.000    
   68   25   0.000       0.000    
   68   26   0.000       0.000    
   68   27   0.000       0.000    
   68   28   0.000       0.000    
   68   29   727.7       39.44    
   68   30   0.000       0.000    
   68   31  5.4369E+07   8.555    
   68   32   0.000       0.000    
   68   33   0.000       0.000    
   68   34   0.000       0.000    
   67   24   0.000       0.000    
   67   25   0.000       0.000    
   67   26   0.000       0.000    
   67   27   0.000       0.000    
   67   28   0.000       0.000    
   67   29  4.9992E+05   4.900    
   67   30   0.000       0.000    
   67   31  1.5576E+06   6.391    
   67   32   0.000       0.000    
   67   33   0.000       0.000    
   67   34   0.000       0.000    
   66   24   0.000       0.000    
   66   25   0.000       0.000    
   66   26   0.000       0.000    
   66   27   0.000       0.000    
   66   28   2675.       99.00    
   66   29  1.5505E+08   4.264    
   66   30   0.000       0.000    
   66   31  1.5721E+07   4.478    
   66   32   0.000       0.000    
   66   33   0.000       0.000    
   66   34   0.000       0.000    
   65   24   0.000       0.000    
   65   25   0.000       0.000    
   65   26   0.000       0.000    
   65   27   0.000       0.000    
   65   28  8.8185E+05   43.08    
   65   29   0.000       0.000    
   65   30  1.4069E+05   1.208    
   65   31  1.7428E+08   7.931    
   65   32   0.000       0.000    
   65   33   0.000       0.000    
   65   34   0.000       0.000    
   64   24   0.000       0.000    
   64   25   0.000       0.000    
   64   26   0.000       0.000    
   64   27   0.000       0.000    
   64   28   0.000       0.000    
   64   29  7.8394E+07   1.195    
   64   30   0.000       0.000    
   64   31  1.2560E+08   4.039    
   64   32   0.000       0.000    
   64   33   0.000       0.000    
   64   34   0.000       0.000    
   63   24   0.000       0.000    
   63   25   0.000       0.000    
   63   26   0.000       0.000    
   63   27   134.5       63.25    
   63   28   160.0       3.670    
   63   29   0.000       0.000    
   63   30  1.2612E+09  0.8398    
   63   31  1.9120E+04   2.992    
   63   32   0.000       0.000    
   63   33   0.000       0.000    
   63   34   0.000       0.000    
   62   24   0.000       0.000    
   62   25   0.000       0.000    
   62   26   0.000       0.000    
   62   27  1.5971E+06   18.87    
   62   28   0.000       0.000    
   62   29  8.7293E+09   1.003    
   62   30  3.8261E+07   1.692    
   62   31   0.000       0.000    
   62   32   0.000       0.000    
   62   33   0.000       0.000    
   62   34   0.000       0.000    
   61   24   0.000       0.000    
   61   25   0.000       0.000    
   61   26   0.000       0.000    
   61   27  1.6527E+07   15.47    
   61   28   0.000       0.000    
   61   29  4.8544E+08   1.568    
   61   30  1.5298E+07   10.63    
   61   31   0.000       0.000    
   61   32   0.000       0.000    
   61   33   0.000       0.000    
   61   34   0.000       0.000    
   60   24   0.000       0.000    
   60   25   0.000       0.000    
   60   26   0.000       0.000    
   60   27   1384.       2.020    
   60   28   0.000       0.000    
   60   29  4.9313E+08   1.598    
   60   30  3.7067E+06   18.02    
   60   31   0.000       0.000    
   60   32   0.000       0.000    
   60   33   0.000       0.000    
   60   34   0.000       0.000    
   59   24   0.000       0.000    
   59   25  8.6641E-24   99.00    
   59   26   4796.       21.04    
   59   27   0.000       0.000    
   59   28   2.381       1.388    
   59   29  1.0176E+07   9.111    
   59   30   0.000       0.000    
   59   31   0.000       0.000    
   59   32   0.000       0.000    
   59   33   0.000       0.000    
   59   34   0.000       0.000    
   58   24   0.000       0.000    
   58   25   0.000       0.000    
   58   26   0.000       0.000    
   58   27  3.0347E+05   2.172    
   58   28   0.000       0.000    
   58   29  2.5603E-35   26.62    
   58   30   0.000       0.000    
   58   31   0.000       0.000    
   58   32   0.000       0.000    
   58   33   0.000       0.000    
   58   34   0.000       0.000    
   57   24   0.000       0.000    
   57   25  1.7771E+06   17.13    
   57   26   0.000       0.000    
   57   27  1.2070E+05   1.845    
   57   28  1.1763E+06   7.399    
   57   29   0.000       0.000    
   57   30   0.000       0.000    
   57   31   0.000       0.000    
   57   32   0.000       0.000    
   57   33   0.000       0.000    
   57   34   0.000       0.000    
   56   24   0.000       0.000    
   56   25  5.0307E+06   11.77    
   56   26   0.000       0.000    
   56   27  1.1191E+05   1.917    
   56   28  2.3168E+04   26.88    
   56   29   0.000       0.000    
   56   30   0.000       0.000    
   56   31   0.000       0.000    
   56   32   0.000       0.000    
   56   33   0.000       0.000    
   56   34   0.000       0.000    
   55   24  2.0327E+05   99.00    
   55   25   0.000       0.000    
   55   26  1.1742E+04   2.942    
   55   27  9.8316E+05   10.76    
   55   28   0.000       0.000    
   55   29   0.000       0.000    
   55   30   0.000       0.000    
   55   31   0.000       0.000    
   55   32   0.000       0.000    
   55   33   0.000       0.000    
   55   34   0.000       0.000    
   54   24   0.000       0.000    
   54   25  1.0966E+04   2.851    
   54   26   0.000       0.000    
   54   27   0.000       0.000    
   54   28   0.000       0.000    
   54   29   0.000       0.000    
   54   30   0.000       0.000    
   54   31   0.000       0.000    
   54   32   0.000       0.000    
   54   33   0.000       0.000    
   54   34   0.000       0.000    
   53   24   0.000       0.000    
   53   25  2.2008E-03   7.208    
   53   26  2.8743E+07   19.48    
   53   27   0.000       0.000    
   53   28   0.000       0.000    
   53   29   0.000       0.000    
   53   30   0.000       0.000    
   53   31   0.000       0.000    
   53   32   0.000       0.000    
   53   33   0.000       0.000    
   53   34   0.000       0.000    
   52   24   0.000       0.000    
   52   25  3.7799E+04   20.32    
   52   26  1.0671E+04   99.00    
   52   27   0.000       0.000    
   52   28   0.000       0.000    
   52   29   0.000       0.000    
   52   30   0.000       0.000    
   52   31   0.000       0.000    
   52   32   0.000       0.000    
   52   33   0.000       0.000    
   52   34   0.000       0.000    
   51   24  2.0196E+04   10.23    
   51   25  9.3257E+05   55.33    
   51   26   0.000       0.000    
   51   27   0.000       0.000    
   51   28   0.000       0.000    
   51   29   0.000       0.000    
   51   30   0.000       0.000    
   51   31   0.000       0.000    
   51   32   0.000       0.000    
   51   33   0.000       0.000    
   51   34   0.000       0.000    
   50   24   0.000       0.000    
   50   25   0.000       0.000    
   50   26   0.000       0.000    
   50   27   0.000       0.000    
   50   28   0.000       0.000    
   50   29   0.000       0.000    
   50   30   0.000       0.000    
   50   31   0.000       0.000    
   50   32   0.000       0.000    
   50   33   0.000       0.000    
   50   34   0.000       0.000    
   49   24  1.4407E+06   43.43    
   49   25   0.000       0.000    
   49   26   0.000       0.000    
   49   27   0.000       0.000    
   49   28   0.000       0.000    
   49   29   0.000       0.000    
   49   30   0.000       0.000    
   49   31   0.000       0.000    
   49   32   0.000       0.000    
   49   33   0.000       0.000    
   49   34   0.000       0.000    
   52   13   0.000       0.000    
   52   14   0.000       0.000    
   52   15   0.000       0.000    
   52   16   0.000       0.000    
   52   17   0.000       0.000    
   52   18   0.000       0.000    
   52   19   0.000       0.000    
   52   20   0.000       0.000    
   52   21   0.000       0.000    
   52   22   0.000       0.000    
   52   23  1.1383E+06   36.91    
   51   13   0.000       0.000    
   51   14   0.000       0.000    
   51   15   0.000       0.000    
   51   16   0.000       0.000    
   51   17   0.000       0.000    
   51   18   0.000       0.000    
   51   19   0.000       0.000    
   51   20   0.000       0.000    
   51   21   0.000       0.000    
   51   22   0.000       0.000    
   51   23   0.000       0.000    
   50   13   0.000       0.000    
   50   14   0.000       0.000    
   50   15   0.000       0.000    
   50   16   0.000       0.000    
   50   17   0.000       0.000    
   50   18   0.000       0.000    
   50   19   0.000       0.000    
   50   20   0.000       0.000    
   50   21   0.000       0.000    
   50   22   0.000       0.000    
   50   23   0.000       0.000    
   49   13   0.000       0.000    
   49   14   0.000       0.000    
   49   15   0.000       0.000    
   49   16   0.000       0.000    
   49   17   0.000       0.000    
   49   18   0.000       0.000    
   49   19   0.000       0.000    
   49   20   0.000       0.000    
   49   21   0.000       0.000    
   49   22   0.000       0.000    
   49   23   532.4       24.33    
   48   13   0.000       0.000    
   48   14   0.000       0.000    
   48   15   0.000       0.000    
   48   16   0.000       0.000    
   48   17   0.000       0.000    
   48   18   0.000       0.000    
   48   19   0.000       0.000    
   48   20   0.000       0.000    
   48   21   0.000       0.000    
   48   22   0.000       0.000    
   48   23   3590.       23.72    
   47   13   0.000       0.000    
   47   14   0.000       0.000    
   47   15   0.000       0.000    
   47   16   0.000       0.000    
   47   17   0.000       0.000    
   47   18   0.000       0.000    
   47   19   0.000       0.000    
   47   20   0.000       0.000    
   47   21   4578.       99.00    
   47   22   0.000       0.000    
   47   23   0.000       0.000    
   46   13   0.000       0.000    
   46   14   0.000       0.000    
   46   15   0.000       0.000    
   46   16   0.000       0.000    
   46   17   0.000       0.000    
   46   18   0.000       0.000    
   46   19   0.000       0.000    
   46   20   0.000       0.000    
   46   21   338.5       69.66    
   46   22   0.000       0.000    
   46   23   0.000       0.000    
   45   13   0.000       0.000    
   45   14   0.000       0.000    
   45   15   0.000       0.000    
   45   16   0.000       0.000    
   45   17   0.000       0.000    
   45   18   0.000       0.000    
   45   19   0.000       0.000    
   45   20   24.37       99.00    
   45   21   0.000       0.000    
   45   22  4.8845E+04   61.63    
   45   23   0.000       0.000    
   44   13   0.000       0.000    
   44   14   0.000       0.000    
   44   15   0.000       0.000    
   44   16   0.000       0.000    
   44   17   0.000       0.000    
   44   18   0.000       0.000    
   44   19   0.000       0.000    
   44   20   0.000       0.000    
   44   21  2.4983E+04   99.00    
   44   22   0.000       0.000    
   44   23   0.000       0.000    
   43   13   0.000       0.000    
   43   14   0.000       0.000    
   43   15   0.000       0.000    
   43   16   0.000       0.000    
   43   17   0.000       0.000    
   43   18   0.000       0.000    
   43   19   0.000       0.000    
   43   20   0.000       0.000    
   43   21   0.000       0.000    
   43   22   0.000       0.000    
   43   23   0.000       0.000    
   42   13   0.000       0.000    
   42   14   0.000       0.000    
   42   15   0.000       0.000    
   42   16   0.000       0.000    
   42   17   0.000       0.000    
   42   18   0.000       0.000    
   42   19   0.000       0.000    
   42   20   0.000       0.000    
   42   21   0.000       0.000    
   42   22   0.000       0.000    
   42   23   0.000       0.000    
   41   13   0.000       0.000    
   41   14   0.000       0.000    
   41   15   0.000       0.000    
   41   16   0.000       0.000    
   41   17   0.000       0.000    
   41   18   0.000       0.000    
   41   19   0.000       0.000    
   41   20  3.7186E-04   99.00    
   41   21   0.000       0.000    
   41   22   0.000       0.000    
   41   23   0.000       0.000    
   20    2   0.000       0.000    
   20    3   0.000       0.000    
   20    4   0.000       0.000    
   20    5   0.000       0.000    
   20    6   0.000       0.000    
   20    7   0.000       0.000    
   20    8   0.000       0.000    
   20    9  4.3769E-07   99.00    
   20   10   0.000       0.000    
   20   11   0.000       0.000    
   20   12   0.000       0.000    
   19    2   0.000       0.000    
   19    3   0.000       0.000    
   19    4   0.000       0.000    
   19    5   0.000       0.000    
   19    6   0.000       0.000    
   19    7   0.000       0.000    
   19    8   0.000       0.000    
   19    9   0.000       0.000    
   19   10   0.000       0.000    
   19   11   0.000       0.000    
   19   12   0.000       0.000    
   18    2   0.000       0.000    
   18    3   0.000       0.000    
   18    4   0.000       0.000    
   18    5   0.000       0.000    
   18    6   0.000       0.000    
   18    7   0.000       0.000    
   18    8   0.000       0.000    
   18    9   0.000       0.000    
   18   10   0.000       0.000    
   18   11   0.000       0.000    
   18   12   0.000       0.000    
   17    2   0.000       0.000    
   17    3   0.000       0.000    
   17    4   0.000       0.000    
   17    5   0.000       0.000    
   17    6   0.000       0.000    
   17    7   0.000       0.000    
   17    8   0.000       0.000    
   17    9   0.000       0.000    
   17   10   0.000       0.000    
   17   11   0.000       0.000    
   17   12   0.000       0.000    
   16    2   0.000       0.000    
   16    3   0.000       0.000    
   16    4   0.000       0.000    
   16    5   0.000       0.000    
   16    6   0.000       0.000    
   16    7  1.4745E-13   99.00    
   16    8   0.000       0.000    
   16    9   0.000       0.000    
   16   10   0.000       0.000    
   16   11   0.000       0.000    
   16   12   0.000       0.000    
   15    2   0.000       0.000    
   15    3   0.000       0.000    
   15    4   0.000       0.000    
   15    5   0.000       0.000    
   15    6   0.000       0.000    
   15    7   0.000       0.000    
   15    8   0.000       0.000    
   15    9   0.000       0.000    
   15   10   0.000       0.000    
   15   11   0.000       0.000    
   15   12   0.000       0.000    
   14    2   0.000       0.000    
   14    3   0.000       0.000    
   14    4   0.000       0.000    
   14    5   0.000       0.000    
   14    6  1.1316E-02   71.57    
   14    7   0.000       0.000    
   14    8   0.000       0.000    
   14    9   0.000       0.000    
   14   10   0.000       0.000    
   14   11   0.000       0.000    
   14   12   0.000       0.000    
   13    2   0.000       0.000    
   13    3   0.000       0.000    
   13    4   0.000       0.000    
   13    5   0.000       0.000    
   13    6   0.000       0.000    
   13    7  6.9108E+05   64.80    
   13    8   0.000       0.000    
   13    9   0.000       0.000    
   13   10   0.000       0.000    
   13   11   0.000       0.000    
   13   12   0.000       0.000    
   12    2   0.000       0.000    
   12    3   0.000       0.000    
   12    4   0.000       0.000    
   12    5   0.000       0.000    
   12    6   0.000       0.000    
   12    7   0.000       0.000    
   12    8   0.000       0.000    
   12    9   0.000       0.000    
   12   10   0.000       0.000    
   12   11   0.000       0.000    
   12   12   0.000       0.000    
   11    2   0.000       0.000    
   11    3   0.000       0.000    
   11    4   0.000       0.000    
   11    5   0.000       0.000    
   11    6  3.7962E+06   60.87    
   11    7   0.000       0.000    
   11    8   0.000       0.000    
   11    9   0.000       0.000    
   11   10   0.000       0.000    
   11   11   0.000       0.000    
   11   12   0.000       0.000    
   10    2   0.000       0.000    
   10    3   0.000       0.000    
   10    4  9.1128E-05   48.49    
   10    5   0.000       0.000    
   10    6   1.355       52.76    
   10    7   0.000       0.000    
   10    8   0.000       0.000    
   10    9   0.000       0.000    
   10   10   0.000       0.000    
   10   11   0.000       0.000    
   10   12   0.000       0.000    
    9    2   0.000       0.000    
    9    3   0.000       0.000    
    9    4   0.000       0.000    
    9    5   0.000       0.000    
    9    6   0.000       0.000    
    9    7   0.000       0.000    
    9    8   0.000       0.000    
    9    9   0.000       0.000    
    9   10   0.000       0.000    
    9   11   0.000       0.000    
    9   12   0.000       0.000    
    8    2   0.000       0.000    
    8    3   0.000       0.000    
    8    4   0.000       0.000    
    8    5   0.000       0.000    
    8    6   0.000       0.000    
    8    7   0.000       0.000    
    8    8   0.000       0.000    
    8    9   0.000       0.000    
    8   10   0.000       0.000    
    8   11   0.000       0.000    
    8   12   0.000       0.000    
    7    2   0.000       0.000    
    7    3   0.000       0.000    
    7    4   3021.       12.38    
    7    5   0.000       0.000    
    7    6   0.000       0.000    
    7    7   0.000       0.000    
    7    8   0.000       0.000    
    7    9   0.000       0.000    
    7   10   0.000       0.000    
    7   11   0.000       0.000    
    7   12   0.000       0.000    
    3    1   3464.       3.649    
# A/Z/m Isomers:
   45   21    1   11.32       61.63    
   46   21    2  0.5237       99.00    
   52   25    1  1.8669E+07   23.49    
   53   26    1  7.0883E+05   99.00    
   58   27    1  3.0163E+07   1.403    
   60   27    1  1.7223E+08   4.486    
   62   27    1  1.7792E+06   45.28    
   63   28    1   131.4       63.25    
   65   30    1  5.5128E+07   7.931    
   67   30    1  1.2777E+06   5.681    
   69   30    1  1.5251E+05   34.29    
