  **** tungsten_full_1p27mm_27.rnc ****


  Total primaries run:        10000000

    Total weight of the primaries run:   10000000.0    


  Beam intensity  :   1.00000000E+10  pr/s

  Irradiation time:   15000000.0      s

  Decay time      :   57600.0000      s

  Detector n:            1   cool7     
     (Region          -1  Volume:     86.4000015      cmc,
      distr. type  :           3    ,
      Z_max:          78 , N-Z_max:          42 , N-Z_min:          -4 )

     Tot. response (Bq/cmc)   3863160.50       +/-  0.130740523      %
     ( --> Bq                 333777088.       +/-  0.130740523      % )



  **** Residual nuclei distribution  **** ****           (Bq/cmc)            ****



  A \ Z   68         69         70         71         72         73         74         75         76         77         78
 187   0.00E+00   0.00E+00   0.00E+00   0.00E+00   0.00E+00   0.00E+00   1.08E+04   1.29E-07   0.00E+00   0.00E+00   0.00E+00
      +/- 0.0 %  +/- 0.0 %  +/- 0.0 %  +/- 0.0 %  +/- 0.0 %  +/- 0.0 %  +/- 2.7 %  +/- 2.7 %  +/- 0.0 %  +/- 0.0 %  +/- 0.0 %
 186   0.00E+00   0.00E+00   0.00E+00   0.00E+00   0.00E+00   8.68E-26   0.00E+00   9.94E+03   0.00E+00   0.00E+00   0.00E+00
      +/- 0.0 %  +/- 0.0 %  +/- 0.0 %  +/- 0.0 %  +/- 0.0 %  +/-14.1 %  +/- 0.0 %  +/- 2.1 %  +/- 0.0 %  +/- 0.0 %  +/- 0.0 %
 185   0.00E+00   0.00E+00   0.00E+00   0.00E+00   0.00E+00   8.40E-03   1.17E+05   0.00E+00   0.00E+00   0.00E+00   0.00E+00
      +/- 0.0 %  +/- 0.0 %  +/- 0.0 %  +/- 0.0 %  +/- 0.0 %  +/- 0.7 %  +/- 0.7 %  +/- 0.0 %  +/- 0.0 %  +/- 0.0 %  +/- 0.0 %
 184   0.00E+00   0.00E+00   0.00E+00   0.00E+00   7.84E-01   1.13E+03   0.00E+00   1.02E+05   0.00E+00   0.00E+00   0.00E+00
      +/- 0.0 %  +/- 0.0 %  +/- 0.0 %  +/- 0.0 %  +/-99.0 %  +/- 4.8 %  +/- 0.0 %  +/- 2.1 %  +/- 0.0 %  +/- 0.0 %  +/- 0.0 %
 183   0.00E+00   0.00E+00   0.00E+00   0.00E+00   2.15E-04   1.16E+04   0.00E+00   1.86E+05   0.00E+00   0.00E+00   0.00E+00
      +/- 0.0 %  +/- 0.0 %  +/- 0.0 %  +/- 0.0 %  +/-99.0 %  +/- 2.9 %  +/- 0.0 %  +/- 0.3 %  +/- 0.0 %  +/- 0.0 %  +/- 0.0 %
 182   0.00E+00   0.00E+00   0.00E+00   0.00E+00   1.45E-06   7.61E+03   0.00E+00   7.84E+04   0.00E+00   0.00E+00   0.00E+00
      +/- 0.0 %  +/- 0.0 %  +/- 0.0 %  +/- 0.0 %  +/-55.1 %  +/- 2.6 %  +/- 0.0 %  +/- 0.9 %  +/- 0.0 %  +/- 0.0 %  +/- 0.0 %
 181   0.00E+00   0.00E+00   0.00E+00   0.00E+00   1.08E+02   0.00E+00   4.79E+05   2.49E+05   0.00E+00   0.00E+00   0.00E+00
      +/- 0.0 %  +/- 0.0 %  +/- 0.0 %  +/- 0.0 %  +/-22.4 %  +/- 0.0 %  +/- 0.2 %  +/- 0.5 %  +/- 0.0 %  +/- 0.0 %  +/- 0.0 %
 180   0.00E+00   0.00E+00   0.00E+00   0.00E+00   0.00E+00   2.47E+03   0.00E+00   0.00E+00   0.00E+00   0.00E+00   0.00E+00
      +/- 0.0 %  +/- 0.0 %  +/- 0.0 %  +/- 0.0 %  +/- 0.0 %  +/- 1.6 %  +/- 0.0 %  +/- 0.0 %  +/- 0.0 %  +/- 0.0 %  +/- 0.0 %
 179   0.00E+00   0.00E+00   0.00E+00   0.00E+00   0.00E+00   1.14E+05   1.95E-02   6.83E-10   0.00E+00   0.00E+00   0.00E+00
      +/- 0.0 %  +/- 0.0 %  +/- 0.0 %  +/- 0.0 %  +/- 0.0 %  +/- 0.2 %  +/- 0.3 %  +/- 0.5 %  +/- 0.0 %  +/- 0.0 %  +/- 0.0 %
 178   0.00E+00   0.00E+00   0.00E+00   1.54E-09   0.00E+00   7.54E+01   4.99E+05   3.99E-17   0.00E+00   0.00E+00   0.00E+00
      +/- 0.0 %  +/- 0.0 %  +/- 0.0 %  +/-61.2 %  +/- 0.0 %  +/- 1.3 %  +/- 0.3 %  +/- 0.5 %  +/- 0.0 %  +/- 0.0 %  +/- 0.0 %
 177   0.00E+00   0.00E+00   0.00E+00   1.08E+01   0.00E+00   3.34E+05   2.64E+03   6.07E-16   0.00E+00   0.00E+00   0.00E+00
      +/- 0.0 %  +/- 0.0 %  +/- 0.0 %  +/-99.0 %  +/- 0.0 %  +/- 0.6 %  +/- 0.5 %  +/- 0.6 %  +/- 0.0 %  +/- 0.0 %  +/- 0.0 %
 176   0.00E+00   0.00E+00   0.00E+00   0.00E+00   0.00E+00   7.91E+04   2.53E+03   0.00E+00   0.00E+00   0.00E+00   0.00E+00
      +/- 0.0 %  +/- 0.0 %  +/- 0.0 %  +/- 0.0 %  +/- 0.0 %  +/- 0.5 %  +/- 0.5 %  +/- 0.0 %  +/- 0.0 %  +/- 0.0 %  +/- 0.0 %
 175   0.00E+00   0.00E+00   0.00E+00   0.00E+00   9.43E+04   4.18E+04   6.84E-04   5.61E-45   0.00E+00   0.00E+00   0.00E+00
      +/- 0.0 %  +/- 0.0 %  +/- 0.0 %  +/- 0.0 %  +/- 0.7 %  +/- 0.6 %  +/- 0.6 %  +/- 0.0 %  +/- 0.0 %  +/- 0.0 %  +/- 0.0 %
 174   0.00E+00   0.00E+00   0.00E+00   1.10E+00   0.00E+00   4.06E+00   5.50E-05   0.00E+00   0.00E+00   0.00E+00   0.00E+00
      +/- 0.0 %  +/- 0.0 %  +/- 0.0 %  +/-99.0 %  +/- 0.0 %  +/- 1.3 %  +/- 2.2 %  +/- 0.0 %  +/- 0.0 %  +/- 0.0 %  +/- 0.0 %
 173   0.00E+00   0.00E+00   0.00E+00   4.11E+03   1.36E+04   5.09E+02   2.90E-35   0.00E+00   0.00E+00   0.00E+00   0.00E+00
      +/- 0.0 %  +/- 0.0 %  +/- 0.0 %  +/- 1.6 %  +/- 1.5 %  +/- 1.8 %  +/- 1.1 %  +/- 0.0 %  +/- 0.0 %  +/- 0.0 %  +/- 0.0 %
 172   0.00E+00   0.00E+00   0.00E+00   1.60E+03   1.59E+03   1.14E-04   6.45E-42   0.00E+00   0.00E+00   0.00E+00   0.00E+00
      +/- 0.0 %  +/- 0.0 %  +/- 0.0 %  +/- 1.3 %  +/- 2.6 %  +/- 3.4 %  +/-11.8 %  +/- 0.0 %  +/- 0.0 %  +/- 0.0 %  +/- 0.0 %
 171   0.00E+00   0.00E+00   0.00E+00   4.09E+03   1.61E+03   1.30E-09   0.00E+00   0.00E+00   0.00E+00   0.00E+00   0.00E+00
      +/- 0.0 %  +/- 0.0 %  +/- 0.0 %  +/- 3.0 %  +/- 4.0 %  +/- 6.2 %  +/- 0.0 %  +/- 0.0 %  +/- 0.0 %  +/- 0.0 %  +/- 0.0 %
 170   0.00E+00   0.00E+00   0.00E+00   6.87E+02   2.09E+02   3.71E-41   0.00E+00   0.00E+00   0.00E+00   0.00E+00   0.00E+00
      +/- 0.0 %  +/- 0.0 %  +/- 0.0 %  +/-17.8 %  +/-21.3 %  +/-25.8 %  +/- 0.0 %  +/- 0.0 %  +/- 0.0 %  +/- 0.0 %  +/- 0.0 %
 169   0.00E+00   0.00E+00   2.48E+02   1.59E+02   0.00E+00   0.00E+00   0.00E+00   0.00E+00   0.00E+00   0.00E+00   0.00E+00
      +/- 0.0 %  +/- 0.0 %  +/-24.5 %  +/-31.6 %  +/- 0.0 %  +/- 0.0 %  +/- 0.0 %  +/- 0.0 %  +/- 0.0 %  +/- 0.0 %  +/- 0.0 %
 167   0.00E+00   1.10E+01   4.37E-06   2.89E-06   0.00E+00   0.00E+00   0.00E+00   0.00E+00   0.00E+00   0.00E+00   0.00E+00
      +/- 0.0 %  +/-99.0 %  +/-99.0 %  +/-99.0 %  +/- 0.0 %  +/- 0.0 %  +/- 0.0 %  +/- 0.0 %  +/- 0.0 %  +/- 0.0 %  +/- 0.0 %
 166   0.00E+00   2.74E+00   0.00E+00   0.00E+00   0.00E+00   0.00E+00   0.00E+00   0.00E+00   0.00E+00   0.00E+00   0.00E+00
      +/- 0.0 %  +/-99.0 %  +/- 0.0 %  +/- 0.0 %  +/- 0.0 %  +/- 0.0 %  +/- 0.0 %  +/- 0.0 %  +/- 0.0 %  +/- 0.0 %  +/- 0.0 %

  A \ Z   57         58         59         60         61         62         63         64         65         66         67

  A \ Z   46         47         48         49         50         51         52         53         54         55         56
 117   0.00E+00   0.00E+00   0.00E+00   2.83E-02   0.00E+00   0.00E+00   0.00E+00   0.00E+00   0.00E+00   0.00E+00   0.00E+00
      +/- 0.0 %  +/- 0.0 %  +/- 0.0 %  +/-99.0 %  +/- 0.0 %  +/- 0.0 %  +/- 0.0 %  +/- 0.0 %  +/- 0.0 %  +/- 0.0 %  +/- 0.0 %
 115   0.00E+00   0.00E+00   9.41E+00   0.00E+00   0.00E+00   0.00E+00   0.00E+00   0.00E+00   0.00E+00   0.00E+00   0.00E+00
      +/- 0.0 %  +/- 0.0 %  +/-99.0 %  +/- 0.0 %  +/- 0.0 %  +/- 0.0 %  +/- 0.0 %  +/- 0.0 %  +/- 0.0 %  +/- 0.0 %  +/- 0.0 %
 109   5.13E+00   0.00E+00   2.65E+00   0.00E+00   0.00E+00   0.00E+00   0.00E+00   0.00E+00   0.00E+00   0.00E+00   0.00E+00
      +/-99.0 %  +/- 0.0 %  +/-99.0 %  +/- 0.0 %  +/- 0.0 %  +/- 0.0 %  +/- 0.0 %  +/- 0.0 %  +/- 0.0 %  +/- 0.0 %  +/- 0.0 %
 107   5.87E-07   0.00E+00   0.00E+00   0.00E+00   0.00E+00   0.00E+00   0.00E+00   0.00E+00   0.00E+00   0.00E+00   0.00E+00
      +/-99.0 %  +/- 0.0 %  +/- 0.0 %  +/- 0.0 %  +/- 0.0 %  +/- 0.0 %  +/- 0.0 %  +/- 0.0 %  +/- 0.0 %  +/- 0.0 %  +/- 0.0 %

  A \ Z   35         36         37         38         39         40         41         42         43         44         45
 107   0.00E+00   0.00E+00   0.00E+00   0.00E+00   0.00E+00   0.00E+00   0.00E+00   0.00E+00   0.00E+00   0.00E+00   6.85E-13
      +/- 0.0 %  +/- 0.0 %  +/- 0.0 %  +/- 0.0 %  +/- 0.0 %  +/- 0.0 %  +/- 0.0 %  +/- 0.0 %  +/- 0.0 %  +/- 0.0 %  +/-99.0 %
 106   0.00E+00   0.00E+00   0.00E+00   0.00E+00   0.00E+00   0.00E+00   0.00E+00   0.00E+00   0.00E+00   6.39E+00   6.39E+00
      +/- 0.0 %  +/- 0.0 %  +/- 0.0 %  +/- 0.0 %  +/- 0.0 %  +/- 0.0 %  +/- 0.0 %  +/- 0.0 %  +/- 0.0 %  +/-61.2 %  +/-61.2 %
 105   0.00E+00   0.00E+00   0.00E+00   0.00E+00   0.00E+00   0.00E+00   0.00E+00   0.00E+00   1.09E-37   9.80E-01   1.80E+01
      +/- 0.0 %  +/- 0.0 %  +/- 0.0 %  +/- 0.0 %  +/- 0.0 %  +/- 0.0 %  +/- 0.0 %  +/- 0.0 %  +/-99.0 %  +/-99.0 %  +/-99.0 %
 104   0.00E+00   0.00E+00   0.00E+00   0.00E+00   0.00E+00   0.00E+00   0.00E+00   0.00E+00   1.87E-15   0.00E+00   0.00E+00
      +/- 0.0 %  +/- 0.0 %  +/- 0.0 %  +/- 0.0 %  +/- 0.0 %  +/- 0.0 %  +/- 0.0 %  +/- 0.0 %  +/-99.0 %  +/- 0.0 %  +/- 0.0 %
 103   0.00E+00   0.00E+00   0.00E+00   0.00E+00   0.00E+00   0.00E+00   0.00E+00   0.00E+00   0.00E+00   5.45E+01   0.00E+00
      +/- 0.0 %  +/- 0.0 %  +/- 0.0 %  +/- 0.0 %  +/- 0.0 %  +/- 0.0 %  +/- 0.0 %  +/- 0.0 %  +/- 0.0 %  +/-44.7 %  +/- 0.0 %
 101   0.00E+00   0.00E+00   0.00E+00   0.00E+00   0.00E+00   0.00E+00   0.00E+00   0.00E+00   5.51E-20   0.00E+00   0.00E+00
      +/- 0.0 %  +/- 0.0 %  +/- 0.0 %  +/- 0.0 %  +/- 0.0 %  +/- 0.0 %  +/- 0.0 %  +/- 0.0 %  +/-99.0 %  +/- 0.0 %  +/- 0.0 %
  99   0.00E+00   0.00E+00   0.00E+00   0.00E+00   0.00E+00   0.00E+00   0.00E+00   0.00E+00   1.81E-05   0.00E+00   0.00E+00
      +/- 0.0 %  +/- 0.0 %  +/- 0.0 %  +/- 0.0 %  +/- 0.0 %  +/- 0.0 %  +/- 0.0 %  +/- 0.0 %  +/-99.0 %  +/- 0.0 %  +/- 0.0 %
  97   0.00E+00   0.00E+00   0.00E+00   0.00E+00   0.00E+00   5.97E+00   6.44E+00   0.00E+00   3.90E-07   0.00E+00   0.00E+00
      +/- 0.0 %  +/- 0.0 %  +/- 0.0 %  +/- 0.0 %  +/- 0.0 %  +/-99.0 %  +/-99.0 %  +/- 0.0 %  +/-99.0 %  +/- 0.0 %  +/- 0.0 %
  96   0.00E+00   0.00E+00   0.00E+00   0.00E+00   0.00E+00   0.00E+00   1.44E+01   0.00E+00   0.00E+00   0.00E+00   0.00E+00
      +/- 0.0 %  +/- 0.0 %  +/- 0.0 %  +/- 0.0 %  +/- 0.0 %  +/- 0.0 %  +/-61.2 %  +/- 0.0 %  +/- 0.0 %  +/- 0.0 %  +/- 0.0 %
  95   0.00E+00   0.00E+00   0.00E+00   0.00E+00   1.01E-27   3.89E+01   6.47E+01   0.00E+00   0.00E+00   0.00E+00   0.00E+00
      +/- 0.0 %  +/- 0.0 %  +/- 0.0 %  +/- 0.0 %  +/-99.0 %  +/-46.8 %  +/-15.1 %  +/- 0.0 %  +/- 0.0 %  +/- 0.0 %  +/- 0.0 %
  94   0.00E+00   0.00E+00   0.00E+00   0.00E+00   4.07E-15   0.00E+00   0.00E+00   0.00E+00   0.00E+00   0.00E+00   0.00E+00
      +/- 0.0 %  +/- 0.0 %  +/- 0.0 %  +/- 0.0 %  +/-99.0 %  +/- 0.0 %  +/- 0.0 %  +/- 0.0 %  +/- 0.0 %  +/- 0.0 %  +/- 0.0 %
  93   0.00E+00   0.00E+00   0.00E+00   1.47E-38   7.84E+00   1.18E-05   0.00E+00   0.00E+00   0.00E+00   0.00E+00   0.00E+00
      +/- 0.0 %  +/- 0.0 %  +/- 0.0 %  +/-99.0 %  +/-61.2 %  +/- 0.0 %  +/- 0.0 %  +/- 0.0 %  +/- 0.0 %  +/- 0.0 %  +/- 0.0 %
  92   0.00E+00   0.00E+00   0.00E+00   1.66E-01   1.46E+00   0.00E+00   1.10E-07   0.00E+00   0.00E+00   0.00E+00   0.00E+00
      +/- 0.0 %  +/- 0.0 %  +/- 0.0 %  +/-99.0 %  +/-99.0 %  +/- 0.0 %  +/-99.0 %  +/- 0.0 %  +/- 0.0 %  +/- 0.0 %  +/- 0.0 %
  91   0.00E+00   0.00E+00   0.00E+00   1.47E+01   5.98E+01   0.00E+00   0.00E+00   0.00E+00   0.00E+00   0.00E+00   0.00E+00
      +/- 0.0 %  +/- 0.0 %  +/- 0.0 %  +/-46.8 %  +/-31.3 %  +/- 0.0 %  +/- 0.0 %  +/- 0.0 %  +/- 0.0 %  +/- 0.0 %  +/- 0.0 %
  90   0.00E+00   0.00E+00   0.00E+00   3.95E-01   1.01E+01   0.00E+00   0.00E+00   0.00E+00   0.00E+00   0.00E+00   0.00E+00
      +/- 0.0 %  +/- 0.0 %  +/- 0.0 %  +/-66.7 %  +/-98.4 %  +/- 0.0 %  +/- 0.0 %  +/- 0.0 %  +/- 0.0 %  +/- 0.0 %  +/- 0.0 %
  89   0.00E+00   0.00E+00   6.34E-18   7.29E+01   0.00E+00   0.00E+00   0.00E+00   0.00E+00   0.00E+00   0.00E+00   0.00E+00
      +/- 0.0 %  +/- 0.0 %  +/-72.9 %  +/-70.0 %  +/- 0.0 %  +/- 0.0 %  +/- 0.0 %  +/- 0.0 %  +/- 0.0 %  +/- 0.0 %  +/- 0.0 %
  88   0.00E+00   2.28E-01   2.55E-01   0.00E+00   7.80E+00   0.00E+00   0.00E+00   0.00E+00   0.00E+00   0.00E+00   0.00E+00
      +/- 0.0 %  +/-99.0 %  +/-99.0 %  +/- 0.0 %  +/-99.0 %  +/- 0.0 %  +/- 0.0 %  +/- 0.0 %  +/- 0.0 %  +/- 0.0 %  +/- 0.0 %
  87   0.00E+00   0.00E+00   1.53E-10   0.00E+00   0.00E+00   0.00E+00   0.00E+00   0.00E+00   0.00E+00   0.00E+00   0.00E+00
      +/- 0.0 %  +/- 0.0 %  +/-61.2 %  +/- 0.0 %  +/- 0.0 %  +/- 0.0 %  +/- 0.0 %  +/- 0.0 %  +/- 0.0 %  +/- 0.0 %  +/- 0.0 %
  86   0.00E+00   0.00E+00   4.51E+01   0.00E+00   0.00E+00   0.00E+00   0.00E+00   0.00E+00   0.00E+00   0.00E+00   0.00E+00
      +/- 0.0 %  +/- 0.0 %  +/-61.2 %  +/- 0.0 %  +/- 0.0 %  +/- 0.0 %  +/- 0.0 %  +/- 0.0 %  +/- 0.0 %  +/- 0.0 %  +/- 0.0 %
  85   0.00E+00   4.30E-01   0.00E+00   0.00E+00   0.00E+00   0.00E+00   0.00E+00   0.00E+00   0.00E+00   0.00E+00   0.00E+00
      +/- 0.0 %  +/-78.7 %  +/- 0.0 %  +/- 0.0 %  +/- 0.0 %  +/- 0.0 %  +/- 0.0 %  +/- 0.0 %  +/- 0.0 %  +/- 0.0 %  +/- 0.0 %
  84   3.79E-08   0.00E+00   0.00E+00   0.00E+00   0.00E+00   0.00E+00   0.00E+00   0.00E+00   0.00E+00   0.00E+00   0.00E+00
      +/-73.5 %  +/- 0.0 %  +/- 0.0 %  +/- 0.0 %  +/- 0.0 %  +/- 0.0 %  +/- 0.0 %  +/- 0.0 %  +/- 0.0 %  +/- 0.0 %  +/- 0.0 %
  83   3.25E-01   0.00E+00   8.66E+00   0.00E+00   0.00E+00   0.00E+00   0.00E+00   0.00E+00   0.00E+00   0.00E+00   0.00E+00
      +/-40.8 %  +/- 0.0 %  +/-99.0 %  +/- 0.0 %  +/- 0.0 %  +/- 0.0 %  +/- 0.0 %  +/- 0.0 %  +/- 0.0 %  +/- 0.0 %  +/- 0.0 %
  82   8.27E+00   0.00E+00   0.00E+00   0.00E+00   0.00E+00   0.00E+00   0.00E+00   0.00E+00   0.00E+00   0.00E+00   0.00E+00
      +/-99.0 %  +/- 0.0 %  +/- 0.0 %  +/- 0.0 %  +/- 0.0 %  +/- 0.0 %  +/- 0.0 %  +/- 0.0 %  +/- 0.0 %  +/- 0.0 %  +/- 0.0 %

  A \ Z   24         25         26         27         28         29         30         31         32         33         34
  81   0.00E+00   0.00E+00   0.00E+00   0.00E+00   0.00E+00   0.00E+00   0.00E+00   0.00E+00   0.00E+00   0.00E+00   1.60E-04
      +/- 0.0 %  +/- 0.0 %  +/- 0.0 %  +/- 0.0 %  +/- 0.0 %  +/- 0.0 %  +/- 0.0 %  +/- 0.0 %  +/- 0.0 %  +/- 0.0 %  +/-99.0 %
  79   0.00E+00   0.00E+00   0.00E+00   0.00E+00   0.00E+00   0.00E+00   0.00E+00   0.00E+00   0.00E+00   5.89E-31   6.99E-05
      +/- 0.0 %  +/- 0.0 %  +/- 0.0 %  +/- 0.0 %  +/- 0.0 %  +/- 0.0 %  +/- 0.0 %  +/- 0.0 %  +/- 0.0 %  +/-31.3 %  +/-31.2 %
  78   0.00E+00   0.00E+00   0.00E+00   0.00E+00   0.00E+00   0.00E+00   0.00E+00   0.00E+00   6.02E-03   5.71E-02   0.00E+00
      +/- 0.0 %  +/- 0.0 %  +/- 0.0 %  +/- 0.0 %  +/- 0.0 %  +/- 0.0 %  +/- 0.0 %  +/- 0.0 %  +/-99.0 %  +/-99.0 %  +/- 0.0 %
  77   0.00E+00   0.00E+00   0.00E+00   0.00E+00   0.00E+00   0.00E+00   0.00E+00   0.00E+00   5.12E+00   1.95E+01   0.00E+00
      +/- 0.0 %  +/- 0.0 %  +/- 0.0 %  +/- 0.0 %  +/- 0.0 %  +/- 0.0 %  +/- 0.0 %  +/- 0.0 %  +/-81.5 %  +/-61.5 %  +/- 0.0 %
  76   0.00E+00   0.00E+00   0.00E+00   0.00E+00   0.00E+00   0.00E+00   0.00E+00   0.00E+00   0.00E+00   7.58E+00   0.00E+00
      +/- 0.0 %  +/- 0.0 %  +/- 0.0 %  +/- 0.0 %  +/- 0.0 %  +/- 0.0 %  +/- 0.0 %  +/- 0.0 %  +/- 0.0 %  +/-99.0 %  +/- 0.0 %
  75   0.00E+00   0.00E+00   0.00E+00   0.00E+00   0.00E+00   0.00E+00   0.00E+00   0.00E+00   7.51E-03   0.00E+00   0.00E+00
      +/- 0.0 %  +/- 0.0 %  +/- 0.0 %  +/- 0.0 %  +/- 0.0 %  +/- 0.0 %  +/- 0.0 %  +/- 0.0 %  +/-61.2 %  +/- 0.0 %  +/- 0.0 %
  74   0.00E+00   0.00E+00   0.00E+00   0.00E+00   0.00E+00   0.00E+00   0.00E+00   8.93E-35   0.00E+00   0.00E+00   0.00E+00
      +/- 0.0 %  +/- 0.0 %  +/- 0.0 %  +/- 0.0 %  +/- 0.0 %  +/- 0.0 %  +/- 0.0 %  +/-66.7 %  +/- 0.0 %  +/- 0.0 %  +/- 0.0 %
  72   0.00E+00   0.00E+00   0.00E+00   0.00E+00   0.00E+00   0.00E+00   9.12E+00   1.08E+01   0.00E+00   0.00E+00   0.00E+00
      +/- 0.0 %  +/- 0.0 %  +/- 0.0 %  +/- 0.0 %  +/- 0.0 %  +/- 0.0 %  +/-99.0 %  +/-99.0 %  +/- 0.0 %  +/- 0.0 %  +/- 0.0 %
  71   0.00E+00   0.00E+00   0.00E+00   0.00E+00   0.00E+00   0.00E+00   6.69E-05   0.00E+00   1.11E+01   0.00E+00   0.00E+00
      +/- 0.0 %  +/- 0.0 %  +/- 0.0 %  +/- 0.0 %  +/- 0.0 %  +/- 0.0 %  +/-99.0 %  +/- 0.0 %  +/-99.0 %  +/- 0.0 %  +/- 0.0 %
  69   0.00E+00   0.00E+00   0.00E+00   0.00E+00   0.00E+00   0.00E+00   8.70E-05   0.00E+00   0.00E+00   0.00E+00   0.00E+00
      +/- 0.0 %  +/- 0.0 %  +/- 0.0 %  +/- 0.0 %  +/- 0.0 %  +/- 0.0 %  +/-99.0 %  +/- 0.0 %  +/- 0.0 %  +/- 0.0 %  +/- 0.0 %
  67   0.00E+00   0.00E+00   0.00E+00   0.00E+00   0.00E+00   9.67E+00   0.00E+00   1.00E+01   0.00E+00   0.00E+00   0.00E+00
      +/- 0.0 %  +/- 0.0 %  +/- 0.0 %  +/- 0.0 %  +/- 0.0 %  +/-99.0 %  +/- 0.0 %  +/-99.0 %  +/- 0.0 %  +/- 0.0 %  +/- 0.0 %
  61   0.00E+00   0.00E+00   0.00E+00   2.87E-02   0.00E+00   0.00E+00   0.00E+00   0.00E+00   0.00E+00   0.00E+00   0.00E+00
      +/- 0.0 %  +/- 0.0 %  +/- 0.0 %  +/-61.3 %  +/- 0.0 %  +/- 0.0 %  +/- 0.0 %  +/- 0.0 %  +/- 0.0 %  +/- 0.0 %  +/- 0.0 %

  A \ Z   13         14         15         16         17         18         19         20         21         22         23
  41   0.00E+00   0.00E+00   0.00E+00   0.00E+00   0.00E+00   2.14E-01   0.00E+00   3.84E-05   0.00E+00   0.00E+00   0.00E+00
      +/- 0.0 %  +/- 0.0 %  +/- 0.0 %  +/- 0.0 %  +/- 0.0 %  +/-25.0 %  +/- 0.0 %  +/-99.0 %  +/- 0.0 %  +/- 0.0 %  +/- 0.0 %
  40   0.00E+00   0.00E+00   0.00E+00   0.00E+00   0.00E+00   0.00E+00   6.11E-07   0.00E+00   0.00E+00   0.00E+00   0.00E+00
      +/- 0.0 %  +/- 0.0 %  +/- 0.0 %  +/- 0.0 %  +/- 0.0 %  +/- 0.0 %  +/- 8.8 %  +/- 0.0 %  +/- 0.0 %  +/- 0.0 %  +/- 0.0 %
  39   0.00E+00   0.00E+00   0.00E+00   0.00E+00   9.18E-03   1.36E+01   0.00E+00   0.00E+00   0.00E+00   0.00E+00   0.00E+00
      +/- 0.0 %  +/- 0.0 %  +/- 0.0 %  +/- 0.0 %  +/- 8.0 %  +/- 3.0 %  +/- 0.0 %  +/- 0.0 %  +/- 0.0 %  +/- 0.0 %  +/- 0.0 %
  38   0.00E+00   0.00E+00   0.00E+00   2.33E-01   2.98E-01   0.00E+00   9.91E-37   0.00E+00   0.00E+00   0.00E+00   0.00E+00
      +/- 0.0 %  +/- 0.0 %  +/- 0.0 %  +/-99.0 %  +/-99.0 %  +/- 0.0 %  +/-40.8 %  +/- 0.0 %  +/- 0.0 %  +/- 0.0 %  +/- 0.0 %
  37   0.00E+00   0.00E+00   0.00E+00   0.00E+00   0.00E+00   3.17E+03   0.00E+00   0.00E+00   0.00E+00   0.00E+00   0.00E+00
      +/- 0.0 %  +/- 0.0 %  +/- 0.0 %  +/- 0.0 %  +/- 0.0 %  +/- 4.6 %  +/- 0.0 %  +/- 0.0 %  +/- 0.0 %  +/- 0.0 %  +/- 0.0 %
  36   0.00E+00   0.00E+00   0.00E+00   0.00E+00   7.49E-03   0.00E+00   0.00E+00   0.00E+00   0.00E+00   0.00E+00   0.00E+00
      +/- 0.0 %  +/- 0.0 %  +/- 0.0 %  +/- 0.0 %  +/- 4.1 %  +/- 0.0 %  +/- 0.0 %  +/- 0.0 %  +/- 0.0 %  +/- 0.0 %  +/- 0.0 %
  35   0.00E+00   0.00E+00   0.00E+00   1.34E+03   0.00E+00   0.00E+00   0.00E+00   0.00E+00   0.00E+00   0.00E+00   0.00E+00
      +/- 0.0 %  +/- 0.0 %  +/- 0.0 %  +/- 6.7 %  +/- 0.0 %  +/- 0.0 %  +/- 0.0 %  +/- 0.0 %  +/- 0.0 %  +/- 0.0 %  +/- 0.0 %
  34   0.00E+00   0.00E+00   0.00E+00   0.00E+00   3.82E-08   0.00E+00   0.00E+00   0.00E+00   0.00E+00   0.00E+00   0.00E+00
      +/- 0.0 %  +/- 0.0 %  +/- 0.0 %  +/- 0.0 %  +/-25.0 %  +/- 0.0 %  +/- 0.0 %  +/- 0.0 %  +/- 0.0 %  +/- 0.0 %  +/- 0.0 %
  33   0.00E+00   0.00E+00   5.41E+02   0.00E+00   0.00E+00   0.00E+00   0.00E+00   0.00E+00   0.00E+00   0.00E+00   0.00E+00
      +/- 0.0 %  +/- 0.0 %  +/- 5.3 %  +/- 0.0 %  +/- 0.0 %  +/- 0.0 %  +/- 0.0 %  +/- 0.0 %  +/- 0.0 %  +/- 0.0 %  +/- 0.0 %
  32   0.00E+00   4.98E-02   9.19E+02   0.00E+00   0.00E+00   0.00E+00   0.00E+00   0.00E+00   0.00E+00   0.00E+00   0.00E+00
      +/- 0.0 %  +/-61.2 %  +/-10.8 %  +/- 0.0 %  +/- 0.0 %  +/- 0.0 %  +/- 0.0 %  +/- 0.0 %  +/- 0.0 %  +/- 0.0 %  +/- 0.0 %
  31   0.00E+00   3.20E+00   0.00E+00   0.00E+00   0.00E+00   0.00E+00   0.00E+00   0.00E+00   0.00E+00   0.00E+00   0.00E+00
      +/- 0.0 %  +/-22.6 %  +/- 0.0 %  +/- 0.0 %  +/- 0.0 %  +/- 0.0 %  +/- 0.0 %  +/- 0.0 %  +/- 0.0 %  +/- 0.0 %  +/- 0.0 %
  26   5.32E-06   0.00E+00   0.00E+00   0.00E+00   0.00E+00   0.00E+00   0.00E+00   0.00E+00   0.00E+00   0.00E+00   0.00E+00
      +/-99.0 %  +/- 0.0 %  +/- 0.0 %  +/- 0.0 %  +/- 0.0 %  +/- 0.0 %  +/- 0.0 %  +/- 0.0 %  +/- 0.0 %  +/- 0.0 %  +/- 0.0 %

  A \ Z    2          3          4          5          6          7          8          9         10         11         12
  27   0.00E+00   0.00E+00   0.00E+00   0.00E+00   0.00E+00   0.00E+00   0.00E+00   0.00E+00   0.00E+00   0.00E+00   3.22E-30
      +/- 0.0 %  +/- 0.0 %  +/- 0.0 %  +/- 0.0 %  +/- 0.0 %  +/- 0.0 %  +/- 0.0 %  +/- 0.0 %  +/- 0.0 %  +/- 0.0 %  +/-99.0 %
  24   0.00E+00   0.00E+00   0.00E+00   0.00E+00   0.00E+00   0.00E+00   0.00E+00   0.00E+00   0.00E+00   5.52E+00   0.00E+00
      +/- 0.0 %  +/- 0.0 %  +/- 0.0 %  +/- 0.0 %  +/- 0.0 %  +/- 0.0 %  +/- 0.0 %  +/- 0.0 %  +/- 0.0 %  +/-99.0 %  +/- 0.0 %
  18   0.00E+00   0.00E+00   0.00E+00   0.00E+00   0.00E+00   0.00E+00   0.00E+00   5.12E-01   0.00E+00   0.00E+00   0.00E+00
      +/- 0.0 %  +/- 0.0 %  +/- 0.0 %  +/- 0.0 %  +/- 0.0 %  +/- 0.0 %  +/- 0.0 %  +/-15.3 %  +/- 0.0 %  +/- 0.0 %  +/- 0.0 %
  14   0.00E+00   0.00E+00   0.00E+00   0.00E+00   2.30E+01   0.00E+00   0.00E+00   0.00E+00   0.00E+00   0.00E+00   0.00E+00
      +/- 0.0 %  +/- 0.0 %  +/- 0.0 %  +/- 0.0 %  +/- 1.1 %  +/- 0.0 %  +/- 0.0 %  +/- 0.0 %  +/- 0.0 %  +/- 0.0 %  +/- 0.0 %
  13   0.00E+00   0.00E+00   0.00E+00   0.00E+00   0.00E+00   3.98E-24   0.00E+00   0.00E+00   0.00E+00   0.00E+00   0.00E+00
      +/- 0.0 %  +/- 0.0 %  +/- 0.0 %  +/- 0.0 %  +/- 0.0 %  +/- 0.5 %  +/- 0.0 %  +/- 0.0 %  +/- 0.0 %  +/- 0.0 %  +/- 0.0 %
  11   0.00E+00   0.00E+00   0.00E+00   0.00E+00   3.11E-09   0.00E+00   0.00E+00   0.00E+00   0.00E+00   0.00E+00   0.00E+00
      +/- 0.0 %  +/- 0.0 %  +/- 0.0 %  +/- 0.0 %  +/- 0.7 %  +/- 0.0 %  +/- 0.0 %  +/- 0.0 %  +/- 0.0 %  +/- 0.0 %  +/- 0.0 %
  10   0.00E+00   0.00E+00   3.77E-03   0.00E+00   0.00E+00   0.00E+00   0.00E+00   0.00E+00   0.00E+00   0.00E+00   0.00E+00
      +/- 0.0 %  +/- 0.0 %  +/- 3.8 %  +/- 0.0 %  +/- 0.0 %  +/- 0.0 %  +/- 0.0 %  +/- 0.0 %  +/- 0.0 %  +/- 0.0 %  +/- 0.0 %
   7   0.00E+00   0.00E+00   2.08E+05   0.00E+00   0.00E+00   0.00E+00   0.00E+00   0.00E+00   0.00E+00   0.00E+00   0.00E+00
      +/- 0.0 %  +/- 0.0 %  +/- 0.3 %  +/- 0.0 %  +/- 0.0 %  +/- 0.0 %  +/- 0.0 %  +/- 0.0 %  +/- 0.0 %  +/- 0.0 %  +/- 0.0 %

  A \ Z    1
   3   7.42E+03
      +/- 0.8 %


  **** Isomers (Bq/cmc)     ****
      A        Z       mth
       34      17       1    8.57E-08 +/- 25.0 %
       67      30       1    1.02E+01 +/- 99.0 %
       71      30       1    1.32E-01 +/- 99.0 %
       72      31       1    2.87E-01 +/- 99.0 %
       75      33       1    2.84E-09 +/- 61.2 %
       77      33       1    1.69E+00 +/- 81.5 %
       77      34       1    6.05E-02 +/- 61.5 %
       79      34       1    1.01E-30 +/- 31.3 %
       81      34       1    1.09E-04 +/- 99.0 %
       81      35       1    5.49E-08 +/- 99.0 %
       83      36       1    7.46E+00 +/- 81.0 %
       85      36       1    9.61E-01 +/- 99.0 %
       85      37       1    1.87E-03 +/- 78.7 %
       89      39       1    7.02E-03 +/- 70.0 %
       91      39       1    9.46E+00 +/- 46.8 %
       93      41       1    2.34E-01 +/- 99.0 %
       95      41       1    2.11E+01 +/- 58.5 %
       97      41       1    5.67E+00 +/- 99.0 %
       97      43       1    8.45E+00 +/- 99.0 %
      103      45       1    5.39E+01 +/- 44.7 %
      105      45       1    2.82E-01 +/- 99.0 %
      109      47       1    7.78E+00 +/- 99.0 %
      115      49       1    1.02E+01 +/- 99.0 %
      117      49       1    3.77E-02 +/- 99.0 %
      117      50       1    1.83E-02 +/- 99.0 %
      167      68       1    1.08E+01 +/- 99.0 %
      167      69       1    3.14E-06 +/- 99.0 %
      169      70       1    1.51E+01 +/- 31.6 %
      170      71       1    2.08E-01 +/- 21.3 %
      171      70       1    3.83E+03 +/-  3.0 %
      172      71       1    1.59E+03 +/-  2.6 %
      172      71       2    1.79E+02 +/-  2.6 %
      173      71       1    1.36E+04 +/-  1.5 %
      175      71       1    2.17E+02 +/-  0.7 %
      175      72       1    2.47E+03 +/-  0.6 %
      177      73       1    1.96E+03 +/-  0.5 %
      178      72       1    7.56E+01 +/-  1.4 %
      178      72       2    1.22E-01 +/- 99.0 %
      178      73       1    4.99E+05 +/-  0.3 %
      179      73       1    1.93E-02 +/-  0.3 %
      179      74       1    2.75E-10 +/-  0.5 %
      181      73       1    3.54E+05 +/-  0.2 %
      181      73       2    9.97E+01 +/- 22.4 %
      181      74       1    2.03E+05 +/-  0.5 %
      182      72       1    6.94E-04 +/- 66.7 %
      182      73       1    1.07E-04 +/- 66.7 %
      182      73       2    9.17E-05 +/- 66.7 %
      182      75       1    9.77E+04 +/-  0.7 %
      183      74       1    7.13E+02 +/-  2.9 %
      184      74       1    3.10E+03 +/-  2.9 %
      184      75       1    7.88E+03 +/-  3.2 %
      186      75       1    3.62E-04 +/- 26.8 %

