# Detector n:     1  
cool18    
# A/Z Isotopes:
  210   76   0.000       0.000    
  210   77   0.000       0.000    
  210   78   0.000       0.000    
  210   79   0.000       0.000    
  210   80   0.000       0.000    
  210   81   0.000       0.000    
  210   82   0.000       0.000    
  210   83  0.2054       99.00    
  210   84  8.4838E-03   92.36    
  210   85   0.000       0.000    
  210   86   0.000       0.000    
  209   76   0.000       0.000    
  209   77   0.000       0.000    
  209   78   0.000       0.000    
  209   79   0.000       0.000    
  209   80   0.000       0.000    
  209   81   0.000       0.000    
  209   82   120.6       5.532    
  209   83   0.000       0.000    
  209   84   0.000       0.000    
  209   85   0.000       0.000    
  209   86   0.000       0.000    
  208   76   0.000       0.000    
  208   77   0.000       0.000    
  208   78   0.000       0.000    
  208   79   0.000       0.000    
  208   80   0.000       0.000    
  208   81   0.000       0.000    
  208   82   0.000       0.000    
  208   83  3.8903E-06   4.198    
  208   84  2.0836E-03   61.24    
  208   85   0.000       0.000    
  208   86   0.000       0.000    
  207   76   0.000       0.000    
  207   77   0.000       0.000    
  207   78   0.000       0.000    
  207   79   0.000       0.000    
  207   80   0.000       0.000    
  207   81  1.6783E-40   1.238    
  207   82   0.000       0.000    
  207   83  0.2629       2.285    
  207   84   1.088       99.00    
  207   85   0.000       0.000    
  207   86   0.000       0.000    
  206   76   0.000       0.000    
  206   77   0.000       0.000    
  206   78   0.000       0.000    
  206   79   0.000       0.000    
  206   80  2.3605E-23   38.13    
  206   81  2.7226E-07   99.00    
  206   82   0.000       0.000    
  206   83   748.2      0.6495    
  206   84  0.2410       61.24    
  206   85   0.000       0.000    
  206   86   0.000       0.000    
  205   76   0.000       0.000    
  205   77   0.000       0.000    
  205   78   0.000       0.000    
  205   79   0.000       0.000    
  205   80  5.6027E-39   16.14    
  205   81   0.000       0.000    
  205   82  3.9519E-06  0.7174    
  205   83   456.7       1.876    
  205   84  0.2553       61.24    
  205   85   0.000       0.000    
  205   86   0.000       0.000    
  204   76   0.000       0.000    
  204   77   0.000       0.000    
  204   78   0.000       0.000    
  204   79   0.000       0.000    
  204   80   0.000       0.000    
  204   81   1.759       1.511    
  204   82   0.000       0.000    
  204   83   7662.      0.6321    
  204   84   0.000       0.000    
  204   85   0.000       0.000    
  204   86   0.000       0.000    
  203   76   0.000       0.000    
  203   77   0.000       0.000    
  203   78   0.000       0.000    
  203   79   0.000       0.000    
  203   80   2.185       8.602    
  203   81   0.000       0.000    
  203   82   8747.      0.6829    
  203   83   9300.      0.9831    
  203   84   0.000       0.000    
  203   85   0.000       0.000    
  203   86   0.000       0.000    
  202   76   0.000       0.000    
  202   77   0.000       0.000    
  202   78   0.000       0.000    
  202   79   0.000       0.000    
  202   80   0.000       0.000    
  202   81   209.2       1.906    
  202   82  1.3241E-03  0.6205    
  202   83   326.5       2.010    
  202   84   0.000       0.000    
  202   85   0.000       0.000    
  202   86   0.000       0.000    
  201   76   0.000       0.000    
  201   77   0.000       0.000    
  201   78   0.000       0.000    
  201   79  2.8101E-07   99.00    
  201   80   0.000       0.000    
  201   81   4456.      0.6519    
  201   82  2.2888E+04  0.5177    
  201   83   482.1       1.870    
  201   84   0.000       0.000    
  201   85   0.000       0.000    
  201   86   0.000       0.000    
  200   76   0.000       0.000    
  200   77   0.000       0.000    
  200   78   0.000       0.000    
  200   79  3.2700E-03   66.67    
  200   80   0.000       0.000    
  200   81   6333.      0.2763    
  200   82  1.4346E+04  0.6318    
  200   83  6.4790E-02  0.2176    
  200   84   0.000       0.000    
  200   85   0.000       0.000    
  200   86   0.000       0.000    
  199   76   0.000       0.000    
  199   77   0.000       0.000    
  199   78   0.000       0.000    
  199   79   3.147       35.36    
  199   80   0.000       0.000    
  199   81  2.1949E+04   1.161    
  199   82   1048.       1.143    
  199   83  2.0175E-03   1.054    
  199   84   0.000       0.000    
  199   85   0.000       0.000    
  199   86   0.000       0.000    
  198   76   0.000       0.000    
  198   77   0.000       0.000    
  198   78   0.000       0.000    
  198   79   3.240       44.44    
  198   80   0.000       0.000    
  198   81  1.9804E+04  0.7143    
  198   82   3886.      0.7983    
  198   83  8.2763E-17   5.605    
  198   84   0.000       0.000    
  198   85   0.000       0.000    
  198   86   0.000       0.000    
  197   76   0.000       0.000    
  197   77  1.1576E-35   99.00    
  197   78   2.632       66.70    
  197   79   0.000       0.000    
  197   80   3340.      0.9595    
  197   81   5214.       1.019    
  197   82  0.1712       1.874    
  197   83  1.9554E-18   1.718    
  197   84   0.000       0.000    
  197   85   0.000       0.000    
  197   86   0.000       0.000    
  196   76   0.000       0.000    
  196   77   0.000       0.000    
  196   78   0.000       0.000    
  196   79   3.382       17.68    
  196   80   0.000       0.000    
  196   81   1507.       1.498    
  196   82  0.3445       1.562    
  196   83  1.9250E-37   5.296    
  196   84   0.000       0.000    
  196   85   0.000       0.000    
  196   86   0.000       0.000    
  195   76   0.000       0.000    
  195   77   0.000       0.000    
  195   78   0.000       0.000    
  195   79   14.39       1.674    
  195   80   6336.       1.819    
  195   81   96.46       1.954    
  195   82  8.5402E-10   3.006    
  195   83   0.000       0.000    
  195   84   0.000       0.000    
  195   85   0.000       0.000    
  195   86   0.000       0.000    
  194   76   0.000       0.000    
  194   77   0.000       0.000    
  194   78   0.000       0.000    
  194   79   20.15       30.86    
  194   80  2.5237E-02   2.030    
  194   81  5.2117E-02   2.504    
  194   82  1.7218E-15   2.929    
  194   83   0.000       0.000    
  194   84   0.000       0.000    
  194   85   0.000       0.000    
  194   86   0.000       0.000    
  193   76   0.000       0.000    
  193   77   0.000       0.000    
  193   78  3.1985E-02   1.030    
  193   79   2269.       1.047    
  193   80   1816.       1.034    
  193   81  1.2884E-05   1.077    
  193   82  2.5603E-39   8.994    
  193   83   0.000       0.000    
  193   84   0.000       0.000    
  193   85   0.000       0.000    
  193   86   0.000       0.000    
  192   76   0.000       0.000    
  192   77   0.000       0.000    
  192   78   0.000       0.000    
  192   79   2509.       4.223    
  192   80   1452.       4.353    
  192   81  4.9704E-18   4.876    
  192   82   0.000       0.000    
  192   83   0.000       0.000    
  192   84   0.000       0.000    
  192   85   0.000       0.000    
  192   86   0.000       0.000    
  191   76   0.000       0.000    
  191   77   0.000       0.000    
  191   78   320.0       2.578    
  191   79   800.5       2.973    
  191   80   1.177       3.967    
  191   81  2.3593E-07   5.744    
  191   82   0.000       0.000    
  191   83   0.000       0.000    
  191   84   0.000       0.000    
  191   85   0.000       0.000    
  191   86   0.000       0.000    
  190   76   0.000       0.000    
  190   77  0.1819       99.00    
  190   78   0.000       0.000    
  190   79  0.3387       5.146    
  190   80  6.3589E-07   5.260    
  190   81   0.000       0.000    
  190   82   0.000       0.000    
  190   83   0.000       0.000    
  190   84   0.000       0.000    
  190   85   0.000       0.000    
  190   86   0.000       0.000    
  189   76   0.000       0.000    
  189   77   13.80       4.834    
  189   78   382.3       4.859    
  189   79  3.9635E-04   4.983    
  189   80  1.0911E-24   3.900    
  189   81   0.000       0.000    
  189   82   0.000       0.000    
  189   83   0.000       0.000    
  189   84   0.000       0.000    
  189   85   0.000       0.000    
  189   86   0.000       0.000    
  188   76   0.000       0.000    
  188   77   4.519       16.15    
  188   78   22.07       7.217    
  188   79  1.5043E-20   7.850    
  188   80   0.000       0.000    
  188   81   0.000       0.000    
  188   82   0.000       0.000    
  188   83   0.000       0.000    
  188   84   0.000       0.000    
  188   85   0.000       0.000    
  188   86   0.000       0.000    
  187   76   0.000       0.000    
  187   77   143.0       7.427    
  187   78   34.65       7.059    
  187   79  1.3076E-22   10.42    
  187   80   0.000       0.000    
  187   81   0.000       0.000    
  187   82   0.000       0.000    
  187   83   0.000       0.000    
  187   84   0.000       0.000    
  187   85   0.000       0.000    
  187   86   0.000       0.000    
  186   76   0.000       0.000    
  186   77   82.51       8.262    
  186   78   18.02       8.468    
  186   79  4.4386E-17   11.79    
  186   80   0.000       0.000    
  186   81   0.000       0.000    
  186   82   0.000       0.000    
  186   83   0.000       0.000    
  186   84   0.000       0.000    
  186   85   0.000       0.000    
  186   86   0.000       0.000    
  185   76  0.2036       11.97    
  185   77   42.99       12.43    
  185   78  0.5925       13.99    
  185   79   0.000       0.000    
  185   80   0.000       0.000    
  185   81   0.000       0.000    
  185   82   0.000       0.000    
  185   83   0.000       0.000    
  185   84   0.000       0.000    
  185   85   0.000       0.000    
  185   86   0.000       0.000    
  184   76   0.000       0.000    
  184   77   24.33       3.769    
  184   78  7.7091E-10   13.42    
  184   79   0.000       0.000    
  184   80   0.000       0.000    
  184   81   0.000       0.000    
  184   82   0.000       0.000    
  184   83   0.000       0.000    
  184   84   0.000       0.000    
  184   85   0.000       0.000    
  184   86   0.000       0.000    
  183   76   9.289       28.56    
  183   77  9.3859E-02   27.67    
  183   78  5.9127E-31   20.71    
  183   79   0.000       0.000    
  183   80   0.000       0.000    
  183   81   0.000       0.000    
  183   82   0.000       0.000    
  183   83   0.000       0.000    
  183   84   0.000       0.000    
  183   85   0.000       0.000    
  183   86   0.000       0.000    
  182   76   13.39       20.71    
  182   77  5.2772E-12   20.51    
  182   78   0.000       0.000    
  182   79   0.000       0.000    
  182   80   0.000       0.000    
  182   81   0.000       0.000    
  182   82   0.000       0.000    
  182   83   0.000       0.000    
  182   84   0.000       0.000    
  182   85   0.000       0.000    
  182   86   0.000       0.000    
  181   76  0.7208       50.19    
  181   77  8.7618E-42   59.35    
  181   78   0.000       0.000    
  181   79   0.000       0.000    
  181   80   0.000       0.000    
  181   81   0.000       0.000    
  181   82   0.000       0.000    
  181   83   0.000       0.000    
  181   84   0.000       0.000    
  181   85   0.000       0.000    
  181   86   0.000       0.000    
  180   76  6.5984E-09   99.00    
  180   77   0.000       0.000    
  180   78   0.000       0.000    
  180   79   0.000       0.000    
  180   80   0.000       0.000    
  180   81   0.000       0.000    
  180   82   0.000       0.000    
  180   83   0.000       0.000    
  180   84   0.000       0.000    
  180   85   0.000       0.000    
  180   86   0.000       0.000    
  179   76  1.4492E-31   95.16    
  179   77   0.000       0.000    
  179   78   0.000       0.000    
  179   79   0.000       0.000    
  179   80   0.000       0.000    
  179   81   0.000       0.000    
  179   82   0.000       0.000    
  179   83   0.000       0.000    
  179   84   0.000       0.000    
  179   85   0.000       0.000    
  179   86   0.000       0.000    
  178   76  5.7453E-44   44.72    
  178   77   0.000       0.000    
  178   78   0.000       0.000    
  178   79   0.000       0.000    
  178   80   0.000       0.000    
  178   81   0.000       0.000    
  178   82   0.000       0.000    
  178   83   0.000       0.000    
  178   84   0.000       0.000    
  178   85   0.000       0.000    
  178   86   0.000       0.000    
  183   65   0.000       0.000    
  183   66   0.000       0.000    
  183   67   0.000       0.000    
  183   68   0.000       0.000    
  183   69   0.000       0.000    
  183   70   0.000       0.000    
  183   71   0.000       0.000    
  183   72   0.000       0.000    
  183   73   0.000       0.000    
  183   74   0.000       0.000    
  183   75  0.1271       28.70    
  182   65   0.000       0.000    
  182   66   0.000       0.000    
  182   67   0.000       0.000    
  182   68   0.000       0.000    
  182   69   0.000       0.000    
  182   70   0.000       0.000    
  182   71   0.000       0.000    
  182   72   0.000       0.000    
  182   73   0.000       0.000    
  182   74   0.000       0.000    
  182   75   0.000       0.000    
  181   65   0.000       0.000    
  181   66   0.000       0.000    
  181   67   0.000       0.000    
  181   68   0.000       0.000    
  181   69   0.000       0.000    
  181   70   0.000       0.000    
  181   71   0.000       0.000    
  181   72   0.000       0.000    
  181   73   0.000       0.000    
  181   74  1.9456E-02   45.65    
  181   75   6.775       45.91    
  180   65   0.000       0.000    
  180   66   0.000       0.000    
  180   67   0.000       0.000    
  180   68   0.000       0.000    
  180   69   0.000       0.000    
  180   70   0.000       0.000    
  180   71   0.000       0.000    
  180   72   0.000       0.000    
  180   73   0.000       0.000    
  180   74   0.000       0.000    
  180   75  7.4509E-09   99.00    
  179   65   0.000       0.000    
  179   66   0.000       0.000    
  179   67   0.000       0.000    
  179   68   0.000       0.000    
  179   69   0.000       0.000    
  179   70   0.000       0.000    
  179   71   0.000       0.000    
  179   72   0.000       0.000    
  179   73  3.3547E-03   60.67    
  179   74  3.0800E-04   61.24    
  179   75  1.6491E-09   63.18    
  178   65   0.000       0.000    
  178   66   0.000       0.000    
  178   67   0.000       0.000    
  178   68   0.000       0.000    
  178   69   0.000       0.000    
  178   70   0.000       0.000    
  178   71   0.000       0.000    
  178   72   0.000       0.000    
  178   73   0.000       0.000    
  178   74  5.0352E-02   99.00    
  178   75  1.7478E-17   44.68    
  177   65   0.000       0.000    
  177   66   0.000       0.000    
  177   67   0.000       0.000    
  177   68   0.000       0.000    
  177   69   0.000       0.000    
  177   70   0.000       0.000    
  177   71   0.000       0.000    
  177   72   0.000       0.000    
  177   73  7.2869E-05   46.67    
  177   74  5.6575E-05   46.69    
  177   75  9.6045E-18   46.87    
  176   65   0.000       0.000    
  176   66   0.000       0.000    
  176   67   0.000       0.000    
  176   68   0.000       0.000    
  176   69   0.000       0.000    
  176   70   0.000       0.000    
  176   71   0.000       0.000    
  176   72   0.000       0.000    
  176   73   2.694       62.11    
  176   74  0.3800       99.00    
  176   75   0.000       0.000    
  175   65   0.000       0.000    
  175   66   0.000       0.000    
  175   67   0.000       0.000    
  175   68   0.000       0.000    
  175   69   0.000       0.000    
  175   70   0.000       0.000    
  175   71   0.000       0.000    
  175   72  8.1793E-03   99.00    
  175   73   1.209       99.00    
  175   74  3.1349E-05   99.00    
  175   75   0.000       0.000    
  174   65   0.000       0.000    
  174   66   0.000       0.000    
  174   67   0.000       0.000    
  174   68   0.000       0.000    
  174   69   0.000       0.000    
  174   70   0.000       0.000    
  174   71   0.000       0.000    
  174   72   0.000       0.000    
  174   73  1.5732E-02   99.00    
  174   74   0.000       0.000    
  174   75   0.000       0.000    
  173   65   0.000       0.000    
  173   66   0.000       0.000    
  173   67   0.000       0.000    
  173   68   0.000       0.000    
  173   69   0.000       0.000    
  173   70   0.000       0.000    
  173   71  1.3139E-03   66.94    
  173   72   2.455       66.65    
  173   73   1.813       66.10    
  173   74  6.2792E-27   99.00    
  173   75   0.000       0.000    
  153   54   0.000       0.000    
  153   55   0.000       0.000    
  153   56   0.000       0.000    
  153   57   0.000       0.000    
  153   58   0.000       0.000    
  153   59   0.000       0.000    
  153   60   0.000       0.000    
  153   61   0.000       0.000    
  153   62   0.000       0.000    
  153   63   0.000       0.000    
  153   64  4.5820E-03   99.00    
  152   54   0.000       0.000    
  152   55   0.000       0.000    
  152   56   0.000       0.000    
  152   57   0.000       0.000    
  152   58   0.000       0.000    
  152   59   0.000       0.000    
  152   60   0.000       0.000    
  152   61   0.000       0.000    
  152   62   0.000       0.000    
  152   63   0.000       0.000    
  152   64   0.000       0.000    
  151   54   0.000       0.000    
  151   55   0.000       0.000    
  151   56   0.000       0.000    
  151   57   0.000       0.000    
  151   58   0.000       0.000    
  151   59   0.000       0.000    
  151   60   0.000       0.000    
  151   61   0.000       0.000    
  151   62   0.000       0.000    
  151   63   0.000       0.000    
  151   64   0.000       0.000    
  150   54   0.000       0.000    
  150   55   0.000       0.000    
  150   56   0.000       0.000    
  150   57   0.000       0.000    
  150   58   0.000       0.000    
  150   59   0.000       0.000    
  150   60   0.000       0.000    
  150   61   0.000       0.000    
  150   62   0.000       0.000    
  150   63   0.000       0.000    
  150   64   0.000       0.000    
  149   54   0.000       0.000    
  149   55   0.000       0.000    
  149   56   0.000       0.000    
  149   57   0.000       0.000    
  149   58   0.000       0.000    
  149   59   0.000       0.000    
  149   60  0.1271       99.00    
  149   61  0.4368       99.00    
  149   62   0.000       0.000    
  149   63   0.000       0.000    
  149   64   0.000       0.000    
  148   54   0.000       0.000    
  148   55   0.000       0.000    
  148   56   0.000       0.000    
  148   57   0.000       0.000    
  148   58   0.000       0.000    
  148   59   0.000       0.000    
  148   60   0.000       0.000    
  148   61   0.000       0.000    
  148   62   0.000       0.000    
  148   63   0.000       0.000    
  148   64   0.000       0.000    
  147   54   0.000       0.000    
  147   55   0.000       0.000    
  147   56   0.000       0.000    
  147   57   0.000       0.000    
  147   58   0.000       0.000    
  147   59   0.000       0.000    
  147   60  9.7342E-02   99.00    
  147   61  2.3374E-03   98.10    
  147   62   0.000       0.000    
  147   63   0.000       0.000    
  147   64   0.000       0.000    
  146   54   0.000       0.000    
  146   55   0.000       0.000    
  146   56   0.000       0.000    
  146   57   0.000       0.000    
  146   58   0.000       0.000    
  146   59   0.000       0.000    
  146   60   0.000       0.000    
  146   61   0.000       0.000    
  146   62  4.4409E-11   99.00    
  146   63   0.000       0.000    
  146   64   0.000       0.000    
  145   54   0.000       0.000    
  145   55   0.000       0.000    
  145   56   0.000       0.000    
  145   57   0.000       0.000    
  145   58   0.000       0.000    
  145   59   0.000       0.000    
  145   60   0.000       0.000    
  145   61   0.000       0.000    
  145   62   0.000       0.000    
  145   63   0.000       0.000    
  145   64   0.000       0.000    
  144   54   0.000       0.000    
  144   55   0.000       0.000    
  144   56   0.000       0.000    
  144   57   0.000       0.000    
  144   58  7.7341E-03   61.24    
  144   59  7.7344E-03   61.24    
  144   60   0.000       0.000    
  144   61   0.000       0.000    
  144   62   0.000       0.000    
  144   63   0.000       0.000    
  144   64   0.000       0.000    
  143   54   0.000       0.000    
  143   55   0.000       0.000    
  143   56   0.000       0.000    
  143   57   0.000       0.000    
  143   58   0.000       0.000    
  143   59   0.000       0.000    
  143   60   0.000       0.000    
  143   61   0.000       0.000    
  143   62   0.000       0.000    
  143   63   0.000       0.000    
  143   64   0.000       0.000    
  142   54   0.000       0.000    
  142   55   0.000       0.000    
  142   56   0.000       0.000    
  142   57   0.000       0.000    
  142   58   0.000       0.000    
  142   59   0.000       0.000    
  142   60   0.000       0.000    
  142   61   0.000       0.000    
  142   62   0.000       0.000    
  142   63   0.000       0.000    
  142   64   0.000       0.000    
  141   54   0.000       0.000    
  141   55   0.000       0.000    
  141   56   0.000       0.000    
  141   57   0.000       0.000    
  141   58  3.3570E-02   99.00    
  141   59   0.000       0.000    
  141   60  0.3764       99.00    
  141   61   0.000       0.000    
  141   62   0.000       0.000    
  141   63   0.000       0.000    
  141   64   0.000       0.000    
  140   54   0.000       0.000    
  140   55   0.000       0.000    
  140   56   0.000       0.000    
  140   57   0.000       0.000    
  140   58   0.000       0.000    
  140   59   0.000       0.000    
  140   60   0.000       0.000    
  140   61   0.000       0.000    
  140   62   0.000       0.000    
  140   63   0.000       0.000    
  140   64   0.000       0.000    
  139   54   0.000       0.000    
  139   55   0.000       0.000    
  139   56   0.000       0.000    
  139   57   0.000       0.000    
  139   58  2.2776E-02   41.11    
  139   59  0.9102       99.00    
  139   60   0.000       0.000    
  139   61   0.000       0.000    
  139   62   0.000       0.000    
  139   63   0.000       0.000    
  139   64   0.000       0.000    
  138   54   0.000       0.000    
  138   55  1.5451E-05   99.00    
  138   56   0.000       0.000    
  138   57   0.000       0.000    
  138   58   0.000       0.000    
  138   59   0.000       0.000    
  138   60   0.000       0.000    
  138   61   0.000       0.000    
  138   62   0.000       0.000    
  138   63   0.000       0.000    
  138   64   0.000       0.000    
  137   54   0.000       0.000    
  137   55  1.0040E-04   99.00    
  137   56   0.000       0.000    
  137   57  2.1173E-07   48.50    
  137   58   2.334       99.00    
  137   59   0.000       0.000    
  137   60   0.000       0.000    
  137   61   0.000       0.000    
  137   62   0.000       0.000    
  137   63   0.000       0.000    
  137   64   0.000       0.000    
  136   54   0.000       0.000    
  136   55  8.1547E-02   99.00    
  136   56   0.000       0.000    
  136   57  1.7552E-20   99.00    
  136   58   0.000       0.000    
  136   59   0.000       0.000    
  136   60   0.000       0.000    
  136   61   0.000       0.000    
  136   62   0.000       0.000    
  136   63   0.000       0.000    
  136   64   0.000       0.000    
  135   54   0.000       0.000    
  135   55  3.9385E-09   66.67    
  135   56   0.000       0.000    
  135   57   1.772       61.24    
  135   58   0.000       0.000    
  135   59   0.000       0.000    
  135   60   0.000       0.000    
  135   61   0.000       0.000    
  135   62   0.000       0.000    
  135   63   0.000       0.000    
  135   64   0.000       0.000    
  134   54   0.000       0.000    
  134   55  5.6794E-03   73.53    
  134   56   0.000       0.000    
  134   57  1.2157E-31   61.24    
  134   58   0.000       0.000    
  134   59   0.000       0.000    
  134   60   0.000       0.000    
  134   61   0.000       0.000    
  134   62   0.000       0.000    
  134   63   0.000       0.000    
  134   64   0.000       0.000    
  133   54  0.9398       26.75    
  133   55   0.000       0.000    
  133   56  1.1013E-04   99.00    
  133   57   0.000       0.000    
  133   58   0.000       0.000    
  133   59   0.000       0.000    
  133   60   0.000       0.000    
  133   61   0.000       0.000    
  133   62   0.000       0.000    
  133   63   0.000       0.000    
  133   64   0.000       0.000    
  132   54   0.000       0.000    
  132   55  0.9682       40.82    
  132   56   0.000       0.000    
  132   57   0.000       0.000    
  132   58   0.000       0.000    
  132   59   0.000       0.000    
  132   60   0.000       0.000    
  132   61   0.000       0.000    
  132   62   0.000       0.000    
  132   63   0.000       0.000    
  132   64   0.000       0.000    
  131   54   0.000       0.000    
  131   55  0.6624       40.57    
  131   56  9.3074E-02   99.00    
  131   57   0.000       0.000    
  131   58   0.000       0.000    
  131   59   0.000       0.000    
  131   60   0.000       0.000    
  131   61   0.000       0.000    
  131   62   0.000       0.000    
  131   63   0.000       0.000    
  131   64   0.000       0.000    
  130   54   0.000       0.000    
  130   55  6.7341E-06   40.99    
  130   56   0.000       0.000    
  130   57   0.000       0.000    
  130   58   0.000       0.000    
  130   59   0.000       0.000    
  130   60   0.000       0.000    
  130   61   0.000       0.000    
  130   62   0.000       0.000    
  130   63   0.000       0.000    
  130   64   0.000       0.000    
  129   54   0.000       0.000    
  129   55   1.274       61.24    
  129   56   0.000       0.000    
  129   57   0.000       0.000    
  129   58   0.000       0.000    
  129   59   0.000       0.000    
  129   60   0.000       0.000    
  129   61   0.000       0.000    
  129   62   0.000       0.000    
  129   63   0.000       0.000    
  129   64   0.000       0.000    
  128   54   0.000       0.000    
  128   55  0.7880       61.24    
  128   56  0.7872       61.24    
  128   57   0.000       0.000    
  128   58   0.000       0.000    
  128   59   0.000       0.000    
  128   60   0.000       0.000    
  128   61   0.000       0.000    
  128   62   0.000       0.000    
  128   63   0.000       0.000    
  128   64   0.000       0.000    
  127   54  0.3228       23.19    
  127   55   1.119       99.00    
  127   56   0.000       0.000    
  127   57   0.000       0.000    
  127   58   0.000       0.000    
  127   59   0.000       0.000    
  127   60   0.000       0.000    
  127   61   0.000       0.000    
  127   62   0.000       0.000    
  127   63   0.000       0.000    
  127   64   0.000       0.000    
  126   54   0.000       0.000    
  126   55   0.000       0.000    
  126   56   0.000       0.000    
  126   57   0.000       0.000    
  126   58   0.000       0.000    
  126   59   0.000       0.000    
  126   60   0.000       0.000    
  126   61   0.000       0.000    
  126   62   0.000       0.000    
  126   63   0.000       0.000    
  126   64   0.000       0.000    
  125   54   2.874       40.82    
  125   55   0.000       0.000    
  125   56   0.000       0.000    
  125   57   0.000       0.000    
  125   58   0.000       0.000    
  125   59   0.000       0.000    
  125   60   0.000       0.000    
  125   61   0.000       0.000    
  125   62   0.000       0.000    
  125   63   0.000       0.000    
  125   64   0.000       0.000    
  133   43   0.000       0.000    
  133   44   0.000       0.000    
  133   45   0.000       0.000    
  133   46   0.000       0.000    
  133   47   0.000       0.000    
  133   48   0.000       0.000    
  133   49   0.000       0.000    
  133   50   0.000       0.000    
  133   51   0.000       0.000    
  133   52  5.7881E-16   99.00    
  133   53  0.8611       99.00    
  132   43   0.000       0.000    
  132   44   0.000       0.000    
  132   45   0.000       0.000    
  132   46   0.000       0.000    
  132   47   0.000       0.000    
  132   48   0.000       0.000    
  132   49   0.000       0.000    
  132   50   0.000       0.000    
  132   51   0.000       0.000    
  132   52   0.000       0.000    
  132   53   0.000       0.000    
  131   43   0.000       0.000    
  131   44   0.000       0.000    
  131   45   0.000       0.000    
  131   46   0.000       0.000    
  131   47   0.000       0.000    
  131   48   0.000       0.000    
  131   49   0.000       0.000    
  131   50   0.000       0.000    
  131   51   0.000       0.000    
  131   52  1.3560E-07   99.00    
  131   53  0.5269       25.00    
  130   43   0.000       0.000    
  130   44   0.000       0.000    
  130   45   0.000       0.000    
  130   46   0.000       0.000    
  130   47   0.000       0.000    
  130   48   0.000       0.000    
  130   49   0.000       0.000    
  130   50   0.000       0.000    
  130   51   0.000       0.000    
  130   52   0.000       0.000    
  130   53   5.464       54.77    
  129   43   0.000       0.000    
  129   44   0.000       0.000    
  129   45   0.000       0.000    
  129   46   0.000       0.000    
  129   47   0.000       0.000    
  129   48   0.000       0.000    
  129   49   0.000       0.000    
  129   50   0.000       0.000    
  129   51   0.000       0.000    
  129   52  7.0134E-02   46.77    
  129   53  2.1213E-09   22.26    
  128   43   0.000       0.000    
  128   44   0.000       0.000    
  128   45   0.000       0.000    
  128   46   0.000       0.000    
  128   47   0.000       0.000    
  128   48   0.000       0.000    
  128   49   0.000       0.000    
  128   50   0.000       0.000    
  128   51   2.376       97.76    
  128   52   0.000       0.000    
  128   53  1.3458E-06   35.36    
  127   43   0.000       0.000    
  127   44   0.000       0.000    
  127   45   0.000       0.000    
  127   46   0.000       0.000    
  127   47   0.000       0.000    
  127   48   0.000       0.000    
  127   49   0.000       0.000    
  127   50   0.000       0.000    
  127   51  0.7856       40.82    
  127   52   6.233       29.63    
  127   53   0.000       0.000    
  126   43   0.000       0.000    
  126   44   0.000       0.000    
  126   45   0.000       0.000    
  126   46   0.000       0.000    
  126   47   0.000       0.000    
  126   48   0.000       0.000    
  126   49   0.000       0.000    
  126   50   0.000       0.000    
  126   51  0.3474       72.89    
  126   52   0.000       0.000    
  126   53  0.9967       28.26    
  125   43   0.000       0.000    
  125   44   0.000       0.000    
  125   45   0.000       0.000    
  125   46   0.000       0.000    
  125   47   0.000       0.000    
  125   48   0.000       0.000    
  125   49   0.000       0.000    
  125   50  0.1104       99.00    
  125   51  1.9739E-02   11.14    
  125   52   0.000       0.000    
  125   53  0.2431       35.69    
  124   43   0.000       0.000    
  124   44   0.000       0.000    
  124   45   0.000       0.000    
  124   46   0.000       0.000    
  124   47   0.000       0.000    
  124   48   0.000       0.000    
  124   49   0.000       0.000    
  124   50   0.000       0.000    
  124   51  0.1910       33.76    
  124   52   0.000       0.000    
  124   53   1.459       48.59    
  123   43   0.000       0.000    
  123   44   0.000       0.000    
  123   45   0.000       0.000    
  123   46   0.000       0.000    
  123   47   0.000       0.000    
  123   48   0.000       0.000    
  123   49   0.000       0.000    
  123   50  3.4595E-02   60.46    
  123   51   0.000       0.000    
  123   52   0.000       0.000    
  123   53   5.336       44.72    
  122   43   0.000       0.000    
  122   44   0.000       0.000    
  122   45   0.000       0.000    
  122   46   0.000       0.000    
  122   47   0.000       0.000    
  122   48   0.000       0.000    
  122   49   0.000       0.000    
  122   50   0.000       0.000    
  122   51   8.202       20.16    
  122   52   0.000       0.000    
  122   53   0.000       0.000    
  121   43   0.000       0.000    
  121   44   0.000       0.000    
  121   45   0.000       0.000    
  121   46   0.000       0.000    
  121   47   0.000       0.000    
  121   48   0.000       0.000    
  121   49   0.000       0.000    
  121   50   11.86       17.15    
  121   51   0.000       0.000    
  121   52  0.1701       99.00    
  121   53   0.000       0.000    
  120   43   0.000       0.000    
  120   44   0.000       0.000    
  120   45   0.000       0.000    
  120   46   0.000       0.000    
  120   47   0.000       0.000    
  120   48   0.000       0.000    
  120   49   0.000       0.000    
  120   50   0.000       0.000    
  120   51  3.6485E-11   18.22    
  120   52   0.000       0.000    
  120   53   0.000       0.000    
  119   43   0.000       0.000    
  119   44   0.000       0.000    
  119   45   0.000       0.000    
  119   46   0.000       0.000    
  119   47   0.000       0.000    
  119   48   0.000       0.000    
  119   49  1.0706E-10   16.56    
  119   50   0.000       0.000    
  119   51   17.53       9.258    
  119   52  0.9823       99.00    
  119   53   0.000       0.000    
  118   43   0.000       0.000    
  118   44   0.000       0.000    
  118   45   0.000       0.000    
  118   46   0.000       0.000    
  118   47   0.000       0.000    
  118   48  5.1108E-02   10.27    
  118   49  5.1193E-02   10.27    
  118   50   0.000       0.000    
  118   51   0.000       0.000    
  118   52   0.000       0.000    
  118   53   0.000       0.000    
  117   43   0.000       0.000    
  117   44   0.000       0.000    
  117   45   0.000       0.000    
  117   46   0.000       0.000    
  117   47   0.000       0.000    
  117   48   7.129       21.16    
  117   49   32.99       11.42    
  117   50   0.000       0.000    
  117   51   2.423       63.25    
  117   52   0.000       0.000    
  117   53   0.000       0.000    
  116   43   0.000       0.000    
  116   44   0.000       0.000    
  116   45   0.000       0.000    
  116   46   0.000       0.000    
  116   47   0.000       0.000    
  116   48   0.000       0.000    
  116   49   0.000       0.000    
  116   50   0.000       0.000    
  116   51  5.7527E-12   40.82    
  116   52   0.000       0.000    
  116   53   0.000       0.000    
  115   43   0.000       0.000    
  115   44   0.000       0.000    
  115   45   0.000       0.000    
  115   46   0.000       0.000    
  115   47  5.6486E-08   17.56    
  115   48   44.05       5.299    
  115   49   0.000       0.000    
  115   50   0.000       0.000    
  115   51  1.7481E-05   61.24    
  115   52   0.000       0.000    
  115   53   0.000       0.000    
  114   43   0.000       0.000    
  114   44   0.000       0.000    
  114   45   0.000       0.000    
  114   46   0.000       0.000    
  114   47   0.000       0.000    
  114   48   0.000       0.000    
  114   49  0.4709       25.51    
  114   50   0.000       0.000    
  114   51   0.000       0.000    
  114   52   0.000       0.000    
  114   53   0.000       0.000    
  113   43   0.000       0.000    
  113   44   0.000       0.000    
  113   45   0.000       0.000    
  113   46   0.000       0.000    
  113   47   112.8       4.953    
  113   48   0.000       0.000    
  113   49   0.000       0.000    
  113   50   0.000       0.000    
  113   51   0.000       0.000    
  113   52   0.000       0.000    
  113   53   0.000       0.000    
  112   43   0.000       0.000    
  112   44   0.000       0.000    
  112   45   0.000       0.000    
  112   46   71.18       12.40    
  112   47   134.8       7.789    
  112   48   0.000       0.000    
  112   49  5.3615E-08   61.24    
  112   50   0.000       0.000    
  112   51   0.000       0.000    
  112   52   0.000       0.000    
  112   53   0.000       0.000    
  111   43   0.000       0.000    
  111   44   0.000       0.000    
  111   45   0.000       0.000    
  111   46  4.2649E-06   7.605    
  111   47   34.91       4.527    
  111   48   0.000       0.000    
  111   49   1.391       61.24    
  111   50   0.000       0.000    
  111   51   0.000       0.000    
  111   52   0.000       0.000    
  111   53   0.000       0.000    
  110   43   0.000       0.000    
  110   44   0.000       0.000    
  110   45   0.000       0.000    
  110   46   0.000       0.000    
  110   47  4.1050E-04   53.45    
  110   48   0.000       0.000    
  110   49  0.9921       99.00    
  110   50   0.000       0.000    
  110   51   0.000       0.000    
  110   52   0.000       0.000    
  110   53   0.000       0.000    
  109   43   0.000       0.000    
  109   44   0.000       0.000    
  109   45   0.000       0.000    
  109   46   267.5       4.614    
  109   47   0.000       0.000    
  109   48  1.1932E-02   31.62    
  109   49   0.000       0.000    
  109   50   0.000       0.000    
  109   51   0.000       0.000    
  109   52   0.000       0.000    
  109   53   0.000       0.000    
  108   43   0.000       0.000    
  108   44  5.5211E-44   12.08    
  108   45  5.8855E-44   12.44    
  108   46   0.000       0.000    
  108   47  5.9990E-06   31.62    
  108   48   0.000       0.000    
  108   49   0.000       0.000    
  108   50   0.000       0.000    
  108   51   0.000       0.000    
  108   52   0.000       0.000    
  108   53   0.000       0.000    
  107   43   0.000       0.000    
  107   44   0.000       0.000    
  107   45  2.6271E-06   3.178    
  107   46  1.9060E-07   4.314    
  107   47   0.000       0.000    
  107   48   1.133       99.00    
  107   49   0.000       0.000    
  107   50   0.000       0.000    
  107   51   0.000       0.000    
  107   52   0.000       0.000    
  107   53   0.000       0.000    
  106   43   0.000       0.000    
  106   44  0.6107       7.726    
  106   45  0.6107       7.726    
  106   46   0.000       0.000    
  106   47  1.7844E-07   40.82    
  106   48   0.000       0.000    
  106   49   0.000       0.000    
  106   50   0.000       0.000    
  106   51   0.000       0.000    
  106   52   0.000       0.000    
  106   53   0.000       0.000    
  105   43  8.1892E-25   4.380    
  105   44   246.1       1.808    
  105   45   225.9       2.824    
  105   46   0.000       0.000    
  105   47  7.9304E-02   40.82    
  105   48   0.000       0.000    
  105   49   0.000       0.000    
  105   50   0.000       0.000    
  105   51   0.000       0.000    
  105   52   0.000       0.000    
  105   53   0.000       0.000    
  104   43  2.0006E-08   5.053    
  104   44   0.000       0.000    
  104   45   0.000       0.000    
  104   46   0.000       0.000    
  104   47   0.000       0.000    
  104   48   0.000       0.000    
  104   49   0.000       0.000    
  104   50   0.000       0.000    
  104   51   0.000       0.000    
  104   52   0.000       0.000    
  104   53   0.000       0.000    
  103   43   0.000       0.000    
  103   44   10.70       6.127    
  103   45   0.000       0.000    
  103   46  0.3181       44.72    
  103   47   0.000       0.000    
  103   48   0.000       0.000    
  103   49   0.000       0.000    
  103   50   0.000       0.000    
  103   51   0.000       0.000    
  103   52   0.000       0.000    
  103   53   0.000       0.000    
  102   43  1.5158E-15   9.269    
  102   44   0.000       0.000    
  102   45  5.3124E-02   27.39    
  102   46   0.000       0.000    
  102   47   0.000       0.000    
  102   48   0.000       0.000    
  102   49   0.000       0.000    
  102   50   0.000       0.000    
  102   51   0.000       0.000    
  102   52   0.000       0.000    
  102   53   0.000       0.000    
  101   43  6.8877E-10   11.14    
  101   44   0.000       0.000    
  101   45  4.5848E-03   54.65    
  101   46   0.000       0.000    
  101   47   0.000       0.000    
  101   48   0.000       0.000    
  101   49   0.000       0.000    
  101   50   0.000       0.000    
  101   51   0.000       0.000    
  101   52   0.000       0.000    
  101   53   0.000       0.000    
  100   43   0.000       0.000    
  100   44   0.000       0.000    
  100   45  0.8532       99.00    
  100   46   0.000       0.000    
  100   47   0.000       0.000    
  100   48   0.000       0.000    
  100   49   0.000       0.000    
  100   50   0.000       0.000    
  100   51   0.000       0.000    
  100   52   0.000       0.000    
  100   53   0.000       0.000    
   99   43  1.7692E-06   6.973    
   99   44   0.000       0.000    
   99   45   0.000       0.000    
   99   46   0.000       0.000    
   99   47   0.000       0.000    
   99   48   0.000       0.000    
   99   49   0.000       0.000    
   99   50   0.000       0.000    
   99   51   0.000       0.000    
   99   52   0.000       0.000    
   99   53   0.000       0.000    
   98   43  3.9538E-08   15.48    
   98   44   0.000       0.000    
   98   45   0.000       0.000    
   98   46   0.000       0.000    
   98   47   0.000       0.000    
   98   48   0.000       0.000    
   98   49   0.000       0.000    
   98   50   0.000       0.000    
   98   51   0.000       0.000    
   98   52   0.000       0.000    
   98   53   0.000       0.000    
   97   43  1.0762E-08   39.44    
   97   44   0.000       0.000    
   97   45   0.000       0.000    
   97   46   0.000       0.000    
   97   47   0.000       0.000    
   97   48   0.000       0.000    
   97   49   0.000       0.000    
   97   50   0.000       0.000    
   97   51   0.000       0.000    
   97   52   0.000       0.000    
   97   53   0.000       0.000    
   96   43   1.423       61.37    
   96   44   0.000       0.000    
   96   45   0.000       0.000    
   96   46   0.000       0.000    
   96   47   0.000       0.000    
   96   48   0.000       0.000    
   96   49   0.000       0.000    
   96   50   0.000       0.000    
   96   51   0.000       0.000    
   96   52   0.000       0.000    
   96   53   0.000       0.000    
   95   43   3.493       25.00    
   95   44   0.000       0.000    
   95   45   0.000       0.000    
   95   46   0.000       0.000    
   95   47   0.000       0.000    
   95   48   0.000       0.000    
   95   49   0.000       0.000    
   95   50   0.000       0.000    
   95   51   0.000       0.000    
   95   52   0.000       0.000    
   95   53   0.000       0.000    
  102   32   0.000       0.000    
  102   33   0.000       0.000    
  102   34   0.000       0.000    
  102   35   0.000       0.000    
  102   36   0.000       0.000    
  102   37   0.000       0.000    
  102   38   0.000       0.000    
  102   39   0.000       0.000    
  102   40   0.000       0.000    
  102   41   0.000       0.000    
  102   42  1.5040E-15   9.269    
  101   32   0.000       0.000    
  101   33   0.000       0.000    
  101   34   0.000       0.000    
  101   35   0.000       0.000    
  101   36   0.000       0.000    
  101   37   0.000       0.000    
  101   38   0.000       0.000    
  101   39   0.000       0.000    
  101   40   0.000       0.000    
  101   41   0.000       0.000    
  101   42  2.9681E-11   11.31    
  100   32   0.000       0.000    
  100   33   0.000       0.000    
  100   34   0.000       0.000    
  100   35   0.000       0.000    
  100   36   0.000       0.000    
  100   37   0.000       0.000    
  100   38   0.000       0.000    
  100   39   0.000       0.000    
  100   40   0.000       0.000    
  100   41   0.000       0.000    
  100   42   0.000       0.000    
   99   32   0.000       0.000    
   99   33   0.000       0.000    
   99   34   0.000       0.000    
   99   35   0.000       0.000    
   99   36   0.000       0.000    
   99   37   0.000       0.000    
   99   38   0.000       0.000    
   99   39   0.000       0.000    
   99   40   0.000       0.000    
   99   41   0.000       0.000    
   99   42   138.7       4.302    
   98   32   0.000       0.000    
   98   33   0.000       0.000    
   98   34   0.000       0.000    
   98   35   0.000       0.000    
   98   36   0.000       0.000    
   98   37   0.000       0.000    
   98   38   0.000       0.000    
   98   39   0.000       0.000    
   98   40   0.000       0.000    
   98   41   0.000       0.000    
   98   42   0.000       0.000    
   97   32   0.000       0.000    
   97   33   0.000       0.000    
   97   34   0.000       0.000    
   97   35   0.000       0.000    
   97   36   0.000       0.000    
   97   37   0.000       0.000    
   97   38   0.000       0.000    
   97   39   0.000       0.000    
   97   40   121.3       13.96    
   97   41   135.6       13.54    
   97   42   0.000       0.000    
   96   32   0.000       0.000    
   96   33   0.000       0.000    
   96   34   0.000       0.000    
   96   35   0.000       0.000    
   96   36   0.000       0.000    
   96   37   0.000       0.000    
   96   38   0.000       0.000    
   96   39   0.000       0.000    
   96   40   0.000       0.000    
   96   41   134.2       8.284    
   96   42   0.000       0.000    
   95   32   0.000       0.000    
   95   33   0.000       0.000    
   95   34   0.000       0.000    
   95   35   0.000       0.000    
   95   36   0.000       0.000    
   95   37   0.000       0.000    
   95   38   0.000       0.000    
   95   39  1.6701E-17   9.806    
   95   40   5.293       3.461    
   95   41   2.527       8.041    
   95   42   0.000       0.000    
   94   32   0.000       0.000    
   94   33   0.000       0.000    
   94   34   0.000       0.000    
   94   35   0.000       0.000    
   94   36   0.000       0.000    
   94   37   0.000       0.000    
   94   38   0.000       0.000    
   94   39  3.5147E-08   4.180    
   94   40   0.000       0.000    
   94   41  1.0823E-05   12.18    
   94   42   0.000       0.000    
   93   32   0.000       0.000    
   93   33   0.000       0.000    
   93   34   0.000       0.000    
   93   35   0.000       0.000    
   93   36   0.000       0.000    
   93   37   0.000       0.000    
   93   38  7.3011E-26   19.58    
   93   39   268.3       10.33    
   93   40  6.0195E-07   3.477    
   93   41   0.000       0.000    
   93   42  5.2853E-06   48.45    
   92   32   0.000       0.000    
   92   33   0.000       0.000    
   92   34   0.000       0.000    
   92   35   0.000       0.000    
   92   36   0.000       0.000    
   92   37   0.000       0.000    
   92   38   57.89       13.75    
   92   39   346.1       11.05    
   92   40   0.000       0.000    
   92   41  9.6173E-10   26.50    
   92   42   0.000       0.000    
   91   32   0.000       0.000    
   91   33   0.000       0.000    
   91   34   0.000       0.000    
   91   35   0.000       0.000    
   91   36   0.000       0.000    
   91   37   0.000       0.000    
   91   38   205.1       9.604    
   91   39   5.279       3.476    
   91   40   0.000       0.000    
   91   41  4.5389E-06   97.32    
   91   42   0.000       0.000    
   90   32   0.000       0.000    
   90   33   0.000       0.000    
   90   34   0.000       0.000    
   90   35   0.000       0.000    
   90   36   0.000       0.000    
   90   37   0.000       0.000    
   90   38  2.6750E-02   7.258    
   90   39   42.45       9.670    
   90   40   0.000       0.000    
   90   41   2.051       61.24    
   90   42   0.000       0.000    
   89   32   0.000       0.000    
   89   33   0.000       0.000    
   89   34   0.000       0.000    
   89   35   0.000       0.000    
   89   36   0.000       0.000    
   89   37  1.4259E-10   8.400    
   89   38   7.120       5.765    
   89   39   0.000       0.000    
   89   40   2.070       28.91    
   89   41   0.000       0.000    
   89   42   0.000       0.000    
   88   32   0.000       0.000    
   88   33   0.000       0.000    
   88   34   0.000       0.000    
   88   35   0.000       0.000    
   88   36   28.13       9.695    
   88   37   31.42       9.695    
   88   38   0.000       0.000    
   88   39  0.3609       16.29    
   88   40   0.000       0.000    
   88   41   0.000       0.000    
   88   42   0.000       0.000    
   87   32   0.000       0.000    
   87   33   0.000       0.000    
   87   34   0.000       0.000    
   87   35   0.000       0.000    
   87   36   2.825       6.344    
   87   37   0.000       0.000    
   87   38   0.000       0.000    
   87   39   2.222       29.75    
   87   40   0.000       0.000    
   87   41   0.000       0.000    
   87   42   0.000       0.000    
   86   32   0.000       0.000    
   86   33   0.000       0.000    
   86   34   0.000       0.000    
   86   35   0.000       0.000    
   86   36   0.000       0.000    
   86   37   6.560       9.238    
   86   38   0.000       0.000    
   86   39   1.021       99.00    
   86   40   0.000       0.000    
   86   41   0.000       0.000    
   86   42   0.000       0.000    
   85   32   0.000       0.000    
   85   33   0.000       0.000    
   85   34   0.000       0.000    
   85   35   0.000       0.000    
   85   36  2.7760E-02   7.918    
   85   37   0.000       0.000    
   85   38  6.5413E-02   25.22    
   85   39   0.000       0.000    
   85   40   0.000       0.000    
   85   41   0.000       0.000    
   85   42   0.000       0.000    
   84   32   0.000       0.000    
   84   33   0.000       0.000    
   84   34   0.000       0.000    
   84   35  7.6763E-04   6.123    
   84   36   0.000       0.000    
   84   37   1.164       18.07    
   84   38   0.000       0.000    
   84   39   0.000       0.000    
   84   40   0.000       0.000    
   84   41   0.000       0.000    
   84   42   0.000       0.000    
   83   32   0.000       0.000    
   83   33   0.000       0.000    
   83   34  2.4485E-07   20.76    
   83   35   51.14       2.423    
   83   36   0.000       0.000    
   83   37  0.2068       30.19    
   83   38  0.6319       99.00    
   83   39   0.000       0.000    
   83   40   0.000       0.000    
   83   41   0.000       0.000    
   83   42   0.000       0.000    
   82   32   0.000       0.000    
   82   33   0.000       0.000    
   82   34   0.000       0.000    
   82   35   47.16       22.42    
   82   36   0.000       0.000    
   82   37  5.4124E-02   91.62    
   82   38  4.2924E-02   99.00    
   82   39   0.000       0.000    
   82   40   0.000       0.000    
   82   41   0.000       0.000    
   82   42   0.000       0.000    
   81   32   0.000       0.000    
   81   33   0.000       0.000    
   81   34  0.2421       18.27    
   81   35   0.000       0.000    
   81   36  1.2760E-07   22.25    
   81   37   1.877       61.24    
   81   38   0.000       0.000    
   81   39   0.000       0.000    
   81   40   0.000       0.000    
   81   41   0.000       0.000    
   81   42   0.000       0.000    
   80   32   0.000       0.000    
   80   33   0.000       0.000    
   80   34   0.000       0.000    
   80   35   8.796       47.79    
   80   36   0.000       0.000    
   80   37   0.000       0.000    
   80   38   0.000       0.000    
   80   39   0.000       0.000    
   80   40   0.000       0.000    
   80   41   0.000       0.000    
   80   42   0.000       0.000    
   79   32   0.000       0.000    
   79   33  1.1607E-20   7.429    
   79   34  1.1725E-06   7.935    
   79   35   0.000       0.000    
   79   36   1.192       61.24    
   79   37   0.000       0.000    
   79   38   0.000       0.000    
   79   39   0.000       0.000    
   79   40   0.000       0.000    
   79   41   0.000       0.000    
   79   42   0.000       0.000    
   78   32   2.112       17.65    
   78   33   16.37       17.44    
   78   34   0.000       0.000    
   78   35  3.6471E-31   40.82    
   78   36   0.000       0.000    
   78   37   0.000       0.000    
   78   38   0.000       0.000    
   78   39   0.000       0.000    
   78   40   0.000       0.000    
   78   41   0.000       0.000    
   78   42   0.000       0.000    
   77   32   30.73       26.85    
   77   33   37.69       15.56    
   77   34   0.000       0.000    
   77   35   1.204       66.68    
   77   36   0.000       0.000    
   77   37   0.000       0.000    
   77   38   0.000       0.000    
   77   39   0.000       0.000    
   77   40   0.000       0.000    
   77   41   0.000       0.000    
   77   42   0.000       0.000    
   76   32   0.000       0.000    
   76   33   22.04       12.91    
   76   34   0.000       0.000    
   76   35  0.9779       99.00    
   76   36   0.000       0.000    
   76   37   0.000       0.000    
   76   38   0.000       0.000    
   76   39   0.000       0.000    
   76   40   0.000       0.000    
   76   41   0.000       0.000    
   76   42   0.000       0.000    
   75   32   3.284       6.421    
   75   33   0.000       0.000    
   75   34  1.8366E-02   61.24    
   75   35   0.000       0.000    
   75   36   0.000       0.000    
   75   37   0.000       0.000    
   75   38   0.000       0.000    
   75   39   0.000       0.000    
   75   40   0.000       0.000    
   75   41   0.000       0.000    
   75   42   0.000       0.000    
   74   32   0.000       0.000    
   74   33  0.4261       17.50    
   74   34   0.000       0.000    
   74   35   0.000       0.000    
   74   36   0.000       0.000    
   74   37   0.000       0.000    
   74   38   0.000       0.000    
   74   39   0.000       0.000    
   74   40   0.000       0.000    
   74   41   0.000       0.000    
   74   42   0.000       0.000    
   73   32   0.000       0.000    
   73   33  9.5746E-02   36.42    
   73   34   0.000       0.000    
   73   35   0.000       0.000    
   73   36   0.000       0.000    
   73   37   0.000       0.000    
   73   38   0.000       0.000    
   73   39   0.000       0.000    
   73   40   0.000       0.000    
   73   41   0.000       0.000    
   73   42   0.000       0.000    
   72   32   0.000       0.000    
   72   33  0.7394       99.00    
   72   34   0.000       0.000    
   72   35   0.000       0.000    
   72   36   0.000       0.000    
   72   37   0.000       0.000    
   72   38   0.000       0.000    
   72   39   0.000       0.000    
   72   40   0.000       0.000    
   72   41   0.000       0.000    
   72   42   0.000       0.000    
   71   32  0.7490       42.39    
   71   33   0.000       0.000    
   71   34   0.000       0.000    
   71   35   0.000       0.000    
   71   36   0.000       0.000    
   71   37   0.000       0.000    
   71   38   0.000       0.000    
   71   39   0.000       0.000    
   71   40   0.000       0.000    
   71   41   0.000       0.000    
   71   42   0.000       0.000    
   70   32   0.000       0.000    
   70   33   0.000       0.000    
   70   34   0.000       0.000    
   70   35   0.000       0.000    
   70   36   0.000       0.000    
   70   37   0.000       0.000    
   70   38   0.000       0.000    
   70   39   0.000       0.000    
   70   40   0.000       0.000    
   70   41   0.000       0.000    
   70   42   0.000       0.000    
   69   32   4.931       20.79    
   69   33   0.000       0.000    
   69   34   0.000       0.000    
   69   35   0.000       0.000    
   69   36   0.000       0.000    
   69   37   0.000       0.000    
   69   38   0.000       0.000    
   69   39   0.000       0.000    
   69   40   0.000       0.000    
   69   41   0.000       0.000    
   69   42   0.000       0.000    
   68   32  1.2199E-02   66.67    
   68   33   0.000       0.000    
   68   34   0.000       0.000    
   68   35   0.000       0.000    
   68   36   0.000       0.000    
   68   37   0.000       0.000    
   68   38   0.000       0.000    
   68   39   0.000       0.000    
   68   40   0.000       0.000    
   68   41   0.000       0.000    
   68   42   0.000       0.000    
   67   32  8.5579E-10   40.82    
   67   33   0.000       0.000    
   67   34   0.000       0.000    
   67   35   0.000       0.000    
   67   36   0.000       0.000    
   67   37   0.000       0.000    
   67   38   0.000       0.000    
   67   39   0.000       0.000    
   67   40   0.000       0.000    
   67   41   0.000       0.000    
   67   42   0.000       0.000    
   66   32   1.181       25.00    
   66   33   0.000       0.000    
   66   34   0.000       0.000    
   66   35   0.000       0.000    
   66   36   0.000       0.000    
   66   37   0.000       0.000    
   66   38   0.000       0.000    
   66   39   0.000       0.000    
   66   40   0.000       0.000    
   66   41   0.000       0.000    
   66   42   0.000       0.000    
   74   21   0.000       0.000    
   74   22   0.000       0.000    
   74   23   0.000       0.000    
   74   24   0.000       0.000    
   74   25   0.000       0.000    
   74   26   0.000       0.000    
   74   27   0.000       0.000    
   74   28   0.000       0.000    
   74   29   0.000       0.000    
   74   30   0.000       0.000    
   74   31  1.2912E-23   18.54    
   73   21   0.000       0.000    
   73   22   0.000       0.000    
   73   23   0.000       0.000    
   73   24   0.000       0.000    
   73   25   0.000       0.000    
   73   26   0.000       0.000    
   73   27   0.000       0.000    
   73   28   0.000       0.000    
   73   29   0.000       0.000    
   73   30   0.000       0.000    
   73   31   51.16       7.813    
   72   21   0.000       0.000    
   72   22   0.000       0.000    
   72   23   0.000       0.000    
   72   24   0.000       0.000    
   72   25   0.000       0.000    
   72   26   0.000       0.000    
   72   27   0.000       0.000    
   72   28   0.000       0.000    
   72   29   0.000       0.000    
   72   30   12.38       23.08    
   72   31   32.01       11.80    
   71   21   0.000       0.000    
   71   22   0.000       0.000    
   71   23   0.000       0.000    
   71   24   0.000       0.000    
   71   25   0.000       0.000    
   71   26   0.000       0.000    
   71   27   0.000       0.000    
   71   28   0.000       0.000    
   71   29   0.000       0.000    
   71   30  8.0623E-03   29.09    
   71   31   0.000       0.000    
   70   21   0.000       0.000    
   70   22   0.000       0.000    
   70   23   0.000       0.000    
   70   24   0.000       0.000    
   70   25   0.000       0.000    
   70   26   0.000       0.000    
   70   27   0.000       0.000    
   70   28   0.000       0.000    
   70   29   0.000       0.000    
   70   30   0.000       0.000    
   70   31  4.9824E-07   11.84    
   69   21   0.000       0.000    
   69   22   0.000       0.000    
   69   23   0.000       0.000    
   69   24   0.000       0.000    
   69   25   0.000       0.000    
   69   26   0.000       0.000    
   69   27   0.000       0.000    
   69   28   0.000       0.000    
   69   29   0.000       0.000    
   69   30   1666.       4.096    
   69   31   0.000       0.000    
   68   21   0.000       0.000    
   68   22   0.000       0.000    
   68   23   0.000       0.000    
   68   24   0.000       0.000    
   68   25   0.000       0.000    
   68   26   0.000       0.000    
   68   27   0.000       0.000    
   68   28   0.000       0.000    
   68   29   0.000       0.000    
   68   30   0.000       0.000    
   68   31   69.77       1.613    
   67   21   0.000       0.000    
   67   22   0.000       0.000    
   67   23   0.000       0.000    
   67   24   0.000       0.000    
   67   25   0.000       0.000    
   67   26   0.000       0.000    
   67   27   0.000       0.000    
   67   28   0.000       0.000    
   67   29   3721.      0.9117    
   67   30   0.000       0.000    
   67   31   2793.       1.778    
   66   21   0.000       0.000    
   66   22   0.000       0.000    
   66   23   0.000       0.000    
   66   24   0.000       0.000    
   66   25   0.000       0.000    
   66   26   0.000       0.000    
   66   27   0.000       0.000    
   66   28   104.5       6.343    
   66   29   104.7       6.343    
   66   30   0.000       0.000    
   66   31  1.2144E+04  0.9712    
   65   21   0.000       0.000    
   65   22   0.000       0.000    
   65   23   0.000       0.000    
   65   24   0.000       0.000    
   65   25   0.000       0.000    
   65   26   0.000       0.000    
   65   27   0.000       0.000    
   65   28   1464.       1.329    
   65   29   0.000       0.000    
   65   30   709.7      0.1853    
   65   31  2.9035E-09  0.8207    
   64   21   0.000       0.000    
   64   22   0.000       0.000    
   64   23   0.000       0.000    
   64   24   0.000       0.000    
   64   25   0.000       0.000    
   64   26   0.000       0.000    
   64   27   0.000       0.000    
   64   28   0.000       0.000    
   64   29  3.2609E+05  0.1015    
   64   30   0.000       0.000    
   64   31   0.000       0.000    
   63   21   0.000       0.000    
   63   22   0.000       0.000    
   63   23   0.000       0.000    
   63   24   0.000       0.000    
   63   25   0.000       0.000    
   63   26   0.000       0.000    
   63   27   0.000       0.000    
   63   28   2.682      0.5121    
   63   29   0.000       0.000    
   63   30   10.92      0.3278    
   63   31   0.000       0.000    
   62   21   0.000       0.000    
   62   22   0.000       0.000    
   62   23   0.000       0.000    
   62   24   0.000       0.000    
   62   25   0.000       0.000    
   62   26   0.000       0.000    
   62   27  1.3708E-13   2.745    
   62   28   0.000       0.000    
   62   29  4.2147E+04  0.4934    
   62   30  4.1408E+04  0.4934    
   62   31   0.000       0.000    
   61   21   0.000       0.000    
   61   22   0.000       0.000    
   61   23   0.000       0.000    
   61   24   0.000       0.000    
   61   25   0.000       0.000    
   61   26  8.0853E-33   16.14    
   61   27   967.5       1.097    
   61   28   0.000       0.000    
   61   29  1.2520E+05  0.2400    
   61   30   0.000       0.000    
   61   31   0.000       0.000    
   60   21   0.000       0.000    
   60   22   0.000       0.000    
   60   23   0.000       0.000    
   60   24   0.000       0.000    
   60   25   0.000       0.000    
   60   26  5.4894E-07   2.767    
   60   27   17.09      0.7683    
   60   28   0.000       0.000    
   60   29  1.3614E-03  0.3641    
   60   30   0.000       0.000    
   60   31   0.000       0.000    
   59   21   0.000       0.000    
   59   22   0.000       0.000    
   59   23   0.000       0.000    
   59   24   0.000       0.000    
   59   25   0.000       0.000    
   59   26   45.78       2.126    
   59   27   0.000       0.000    
   59   28  8.4279E-03  0.2232    
   59   29   0.000       0.000    
   59   30   0.000       0.000    
   59   31   0.000       0.000    
   58   21   0.000       0.000    
   58   22   0.000       0.000    
   58   23   0.000       0.000    
   58   24   0.000       0.000    
   58   25   0.000       0.000    
   58   26   0.000       0.000    
   58   27   1769.      0.3160    
   58   28   0.000       0.000    
   58   29   0.000       0.000    
   58   30   0.000       0.000    
   58   31   0.000       0.000    
   57   21   0.000       0.000    
   57   22   0.000       0.000    
   57   23   0.000       0.000    
   57   24   0.000       0.000    
   57   25   0.000       0.000    
   57   26   0.000       0.000    
   57   27   564.4      0.1476    
   57   28   4341.      0.9878    
   57   29   0.000       0.000    
   57   30   0.000       0.000    
   57   31   0.000       0.000    
   56   21   0.000       0.000    
   56   22   0.000       0.000    
   56   23   0.000       0.000    
   56   24  3.0344E-33   10.67    
   56   25   2187.      0.7509    
   56   26   0.000       0.000    
   56   27   680.2      0.2898    
   56   28   177.5       4.586    
   56   29   0.000       0.000    
   56   30   0.000       0.000    
   56   31   0.000       0.000    
   55   21   0.000       0.000    
   55   22   0.000       0.000    
   55   23   0.000       0.000    
   55   24   0.000       0.000    
   55   25   0.000       0.000    
   55   26   92.97      0.2783    
   55   27   5284.       1.862    
   55   28   0.000       0.000    
   55   29   0.000       0.000    
   55   30   0.000       0.000    
   55   31   0.000       0.000    
   54   21   0.000       0.000    
   54   22   0.000       0.000    
   54   23   0.000       0.000    
   54   24   0.000       0.000    
   54   25   127.4      0.6847    
   54   26   0.000       0.000    
   54   27   0.000       0.000    
   54   28   0.000       0.000    
   54   29   0.000       0.000    
   54   30   0.000       0.000    
   54   31   0.000       0.000    
   53   21   0.000       0.000    
   53   22   0.000       0.000    
   53   23   0.000       0.000    
   53   24   0.000       0.000    
   53   25  3.5187E-05  0.2882    
   53   26  3.6700E-20   1.285    
   53   27   0.000       0.000    
   53   28   0.000       0.000    
   53   29   0.000       0.000    
   53   30   0.000       0.000    
   53   31   0.000       0.000    
   52   21   0.000       0.000    
   52   22   0.000       0.000    
   52   23   0.000       0.000    
   52   24   0.000       0.000    
   52   25   999.0      0.8772    
   52   26   736.4       4.450    
   52   27   0.000       0.000    
   52   28   0.000       0.000    
   52   29   0.000       0.000    
   52   30   0.000       0.000    
   52   31   0.000       0.000    
   51   21   0.000       0.000    
   51   22  2.5650E-34   25.31    
   51   23   0.000       0.000    
   51   24   789.8      0.6338    
   51   25   1.965       1.896    
   51   26   0.000       0.000    
   51   27   0.000       0.000    
   51   28   0.000       0.000    
   51   29   0.000       0.000    
   51   30   0.000       0.000    
   51   31   0.000       0.000    
   50   21   0.000       0.000    
   50   22   0.000       0.000    
   50   23   0.000       0.000    
   50   24   0.000       0.000    
   50   25   0.000       0.000    
   50   26   0.000       0.000    
   50   27   0.000       0.000    
   50   28   0.000       0.000    
   50   29   0.000       0.000    
   50   30   0.000       0.000    
   50   31   0.000       0.000    
   49   21  0.1034       24.40    
   49   22   0.000       0.000    
   49   23   32.90       1.069    
   49   24  0.6449      0.9105    
   49   25   0.000       0.000    
   49   26   0.000       0.000    
   49   27   0.000       0.000    
   49   28   0.000       0.000    
   49   29   0.000       0.000    
   49   30   0.000       0.000    
   49   31   0.000       0.000    
   48   21   61.63       9.840    
   48   22   0.000       0.000    
   48   23   321.0       1.165    
   48   24   135.2       10.54    
   48   25   0.000       0.000    
   48   26   0.000       0.000    
   48   27   0.000       0.000    
   48   28   0.000       0.000    
   48   29   0.000       0.000    
   48   30   0.000       0.000    
   48   31   0.000       0.000    
   47   21   134.0       5.224    
   47   22   0.000       0.000    
   47   23  8.5101E-03   3.723    
   47   24   0.000       0.000    
   47   25   0.000       0.000    
   47   26   0.000       0.000    
   47   27   0.000       0.000    
   47   28   0.000       0.000    
   47   29   0.000       0.000    
   47   30   0.000       0.000    
   47   31   0.000       0.000    
   46   21   11.10       2.670    
   46   22   0.000       0.000    
   46   23   0.000       0.000    
   46   24   0.000       0.000    
   46   25   0.000       0.000    
   46   26   0.000       0.000    
   46   27   0.000       0.000    
   46   28   0.000       0.000    
   46   29   0.000       0.000    
   46   30   0.000       0.000    
   46   31   0.000       0.000    
   45   21   0.000       0.000    
   45   22   459.4       4.660    
   45   23   0.000       0.000    
   45   24   0.000       0.000    
   45   25   0.000       0.000    
   45   26   0.000       0.000    
   45   27   0.000       0.000    
   45   28   0.000       0.000    
   45   29   0.000       0.000    
   45   30   0.000       0.000    
   45   31   0.000       0.000    
   44   21   682.9       3.093    
   44   22  8.0231E-03   12.40    
   44   23   0.000       0.000    
   44   24   0.000       0.000    
   44   25   0.000       0.000    
   44   26   0.000       0.000    
   44   27   0.000       0.000    
   44   28   0.000       0.000    
   44   29   0.000       0.000    
   44   30   0.000       0.000    
   44   31   0.000       0.000    
   43   21   158.0       12.71    
   43   22   0.000       0.000    
   43   23   0.000       0.000    
   43   24   0.000       0.000    
   43   25   0.000       0.000    
   43   26   0.000       0.000    
   43   27   0.000       0.000    
   43   28   0.000       0.000    
   43   29   0.000       0.000    
   43   30   0.000       0.000    
   43   31   0.000       0.000    
   47   10   0.000       0.000    
   47   11   0.000       0.000    
   47   12   0.000       0.000    
   47   13   0.000       0.000    
   47   14   0.000       0.000    
   47   15   0.000       0.000    
   47   16   0.000       0.000    
   47   17   0.000       0.000    
   47   18   0.000       0.000    
   47   19   0.000       0.000    
   47   20  0.4506       61.24    
   46   10   0.000       0.000    
   46   11   0.000       0.000    
   46   12   0.000       0.000    
   46   13   0.000       0.000    
   46   14   0.000       0.000    
   46   15   0.000       0.000    
   46   16   0.000       0.000    
   46   17   0.000       0.000    
   46   18   0.000       0.000    
   46   19   0.000       0.000    
   46   20   0.000       0.000    
   45   10   0.000       0.000    
   45   11   0.000       0.000    
   45   12   0.000       0.000    
   45   13   0.000       0.000    
   45   14   0.000       0.000    
   45   15   0.000       0.000    
   45   16   0.000       0.000    
   45   17   0.000       0.000    
   45   18   0.000       0.000    
   45   19  1.2026E-10   61.24    
   45   20  0.7920       7.716    
   44   10   0.000       0.000    
   44   11   0.000       0.000    
   44   12   0.000       0.000    
   44   13   0.000       0.000    
   44   14   0.000       0.000    
   44   15   0.000       0.000    
   44   16   0.000       0.000    
   44   17   0.000       0.000    
   44   18   0.000       0.000    
   44   19  6.9005E-08   48.59    
   44   20   0.000       0.000    
   43   10   0.000       0.000    
   43   11   0.000       0.000    
   43   12   0.000       0.000    
   43   13   0.000       0.000    
   43   14   0.000       0.000    
   43   15   0.000       0.000    
   43   16   0.000       0.000    
   43   17   0.000       0.000    
   43   18   0.000       0.000    
   43   19   30.25       21.20    
   43   20   0.000       0.000    
   42   10   0.000       0.000    
   42   11   0.000       0.000    
   42   12   0.000       0.000    
   42   13   0.000       0.000    
   42   14   0.000       0.000    
   42   15   0.000       0.000    
   42   16   0.000       0.000    
   42   17   0.000       0.000    
   42   18  9.1797E-05   99.00    
   42   19   99.45       10.19    
   42   20   0.000       0.000    
   41   10   0.000       0.000    
   41   11   0.000       0.000    
   41   12   0.000       0.000    
   41   13   0.000       0.000    
   41   14   0.000       0.000    
   41   15   0.000       0.000    
   41   16   0.000       0.000    
   41   17   0.000       0.000    
   41   18   1.221       37.50    
   41   19   0.000       0.000    
   41   20  9.0241E-06   4.110    
   40   10   0.000       0.000    
   40   11   0.000       0.000    
   40   12   0.000       0.000    
   40   13   0.000       0.000    
   40   14   0.000       0.000    
   40   15   0.000       0.000    
   40   16   0.000       0.000    
   40   17   0.000       0.000    
   40   18   0.000       0.000    
   40   19   0.000       0.000    
   40   20   0.000       0.000    
   39   10   0.000       0.000    
   39   11   0.000       0.000    
   39   12   0.000       0.000    
   39   13   0.000       0.000    
   39   14   0.000       0.000    
   39   15   0.000       0.000    
   39   16   0.000       0.000    
   39   17  1.1783E-02   66.67    
   39   18  1.3810E-03   7.451    
   39   19   0.000       0.000    
   39   20   0.000       0.000    
   38   10   0.000       0.000    
   38   11   0.000       0.000    
   38   12   0.000       0.000    
   38   13   0.000       0.000    
   38   14   0.000       0.000    
   38   15   0.000       0.000    
   38   16   0.000       0.000    
   38   17  8.3773E-04   15.38    
   38   18   0.000       0.000    
   38   19  1.7035E-26   61.24    
   38   20   0.000       0.000    
   37   10   0.000       0.000    
   37   11   0.000       0.000    
   37   12   0.000       0.000    
   37   13   0.000       0.000    
   37   14   0.000       0.000    
   37   15   0.000       0.000    
   37   16   0.000       0.000    
   37   17   0.000       0.000    
   37   18   2.870       10.11    
   37   19   0.000       0.000    
   37   20   0.000       0.000    
   36   10   0.000       0.000    
   36   11   0.000       0.000    
   36   12   0.000       0.000    
   36   13   0.000       0.000    
   36   14   0.000       0.000    
   36   15   0.000       0.000    
   36   16   0.000       0.000    
   36   17  1.4234E-06   5.850    
   36   18   0.000       0.000    
   36   19   0.000       0.000    
   36   20   0.000       0.000    
   35   10   0.000       0.000    
   35   11   0.000       0.000    
   35   12   0.000       0.000    
   35   13   0.000       0.000    
   35   14   0.000       0.000    
   35   15   0.000       0.000    
   35   16  0.3521       14.51    
   35   17   0.000       0.000    
   35   18   0.000       0.000    
   35   19   0.000       0.000    
   35   20   0.000       0.000    
   34   10   0.000       0.000    
   34   11   0.000       0.000    
   34   12   0.000       0.000    
   34   13   0.000       0.000    
   34   14   0.000       0.000    
   34   15   0.000       0.000    
   34   16   0.000       0.000    
   34   17  3.7110E-06   99.00    
   34   18   0.000       0.000    
   34   19   0.000       0.000    
   34   20   0.000       0.000    
   33   10   0.000       0.000    
   33   11   0.000       0.000    
   33   12   0.000       0.000    
   33   13   0.000       0.000    
   33   14   0.000       0.000    
   33   15  0.9443       30.15    
   33   16   0.000       0.000    
   33   17   0.000       0.000    
   33   18   0.000       0.000    
   33   19   0.000       0.000    
   33   20   0.000       0.000    
   32   10   0.000       0.000    
   32   11   0.000       0.000    
   32   12   0.000       0.000    
   32   13   0.000       0.000    
   32   14   0.000       0.000    
   32   15   2.188       23.39    
   32   16   0.000       0.000    
   32   17   0.000       0.000    
   32   18   0.000       0.000    
   32   19   0.000       0.000    
   32   20   0.000       0.000    
   31   10   0.000       0.000    
   31   11   0.000       0.000    
   31   12   0.000       0.000    
   31   13   0.000       0.000    
   31   14   1.270       66.67    
   31   15   0.000       0.000    
   31   16   0.000       0.000    
   31   17   0.000       0.000    
   31   18   0.000       0.000    
   31   19   0.000       0.000    
   31   20   0.000       0.000    
   30   10   0.000       0.000    
   30   11   0.000       0.000    
   30   12   0.000       0.000    
   30   13   0.000       0.000    
   30   14   0.000       0.000    
   30   15   0.000       0.000    
   30   16   0.000       0.000    
   30   17   0.000       0.000    
   30   18   0.000       0.000    
   30   19   0.000       0.000    
   30   20   0.000       0.000    
   29   10   0.000       0.000    
   29   11   0.000       0.000    
   29   12   0.000       0.000    
   29   13  6.5632E-31   66.67    
   29   14   0.000       0.000    
   29   15   0.000       0.000    
   29   16   0.000       0.000    
   29   17   0.000       0.000    
   29   18   0.000       0.000    
   29   19   0.000       0.000    
   29   20   0.000       0.000    
   28   10   0.000       0.000    
   28   11   0.000       0.000    
   28   12   0.000       0.000    
   28   13   0.000       0.000    
   28   14   0.000       0.000    
   28   15   0.000       0.000    
   28   16   0.000       0.000    
   28   17   0.000       0.000    
   28   18   0.000       0.000    
   28   19   0.000       0.000    
   28   20   0.000       0.000    
   27   10   0.000       0.000    
   27   11   0.000       0.000    
   27   12  4.0465E-21   61.24    
   27   13   0.000       0.000    
   27   14   0.000       0.000    
   27   15   0.000       0.000    
   27   16   0.000       0.000    
   27   17   0.000       0.000    
   27   18   0.000       0.000    
   27   19   0.000       0.000    
   27   20   0.000       0.000    
   26   10   0.000       0.000    
   26   11   0.000       0.000    
   26   12   0.000       0.000    
   26   13   0.000       0.000    
   26   14   0.000       0.000    
   26   15   0.000       0.000    
   26   16   0.000       0.000    
   26   17   0.000       0.000    
   26   18   0.000       0.000    
   26   19   0.000       0.000    
   26   20   0.000       0.000    
   25   10   0.000       0.000    
   25   11   0.000       0.000    
   25   12   0.000       0.000    
   25   13   0.000       0.000    
   25   14   0.000       0.000    
   25   15   0.000       0.000    
   25   16   0.000       0.000    
   25   17   0.000       0.000    
   25   18   0.000       0.000    
   25   19   0.000       0.000    
   25   20   0.000       0.000    
   24   10   0.000       0.000    
   24   11   17.23       15.00    
   24   12   0.000       0.000    
   24   13   0.000       0.000    
   24   14   0.000       0.000    
   24   15   0.000       0.000    
   24   16   0.000       0.000    
   24   17   0.000       0.000    
   24   18   0.000       0.000    
   24   19   0.000       0.000    
   24   20   0.000       0.000    
   23   10   0.000       0.000    
   23   11   0.000       0.000    
   23   12   0.000       0.000    
   23   13   0.000       0.000    
   23   14   0.000       0.000    
   23   15   0.000       0.000    
   23   16   0.000       0.000    
   23   17   0.000       0.000    
   23   18   0.000       0.000    
   23   19   0.000       0.000    
   23   20   0.000       0.000    
   22   10   0.000       0.000    
   22   11  1.2764E-02   36.36    
   22   12   0.000       0.000    
   22   13   0.000       0.000    
   22   14   0.000       0.000    
   22   15   0.000       0.000    
   22   16   0.000       0.000    
   22   17   0.000       0.000    
   22   18   0.000       0.000    
   22   19   0.000       0.000    
   22   20   0.000       0.000    
   18    1   0.000       0.000    
   18    2   0.000       0.000    
   18    3   0.000       0.000    
   18    4   0.000       0.000    
   18    5   0.000       0.000    
   18    6   0.000       0.000    
   18    7   0.000       0.000    
   18    8   0.000       0.000    
   18    9   5.675       13.91    
   17    1   0.000       0.000    
   17    2   0.000       0.000    
   17    3   0.000       0.000    
   17    4   0.000       0.000    
   17    5   0.000       0.000    
   17    6   0.000       0.000    
   17    7   0.000       0.000    
   17    8   0.000       0.000    
   17    9   0.000       0.000    
   16    1   0.000       0.000    
   16    2   0.000       0.000    
   16    3   0.000       0.000    
   16    4   0.000       0.000    
   16    5   0.000       0.000    
   16    6   0.000       0.000    
   16    7   0.000       0.000    
   16    8   0.000       0.000    
   16    9   0.000       0.000    
   15    1   0.000       0.000    
   15    2   0.000       0.000    
   15    3   0.000       0.000    
   15    4   0.000       0.000    
   15    5   0.000       0.000    
   15    6   0.000       0.000    
   15    7   0.000       0.000    
   15    8   0.000       0.000    
   15    9   0.000       0.000    
   14    1   0.000       0.000    
   14    2   0.000       0.000    
   14    3   0.000       0.000    
   14    4   0.000       0.000    
   14    5   0.000       0.000    
   14    6  9.2325E-05   9.263    
   14    7   0.000       0.000    
   14    8   0.000       0.000    
   14    9   0.000       0.000    
   13    1   0.000       0.000    
   13    2   0.000       0.000    
   13    3   0.000       0.000    
   13    4   0.000       0.000    
   13    5   0.000       0.000    
   13    6   0.000       0.000    
   13    7  1.3793E-18   10.89    
   13    8   0.000       0.000    
   13    9   0.000       0.000    
   12    1   0.000       0.000    
   12    2   0.000       0.000    
   12    3   0.000       0.000    
   12    4   0.000       0.000    
   12    5   0.000       0.000    
   12    6   0.000       0.000    
   12    7   0.000       0.000    
   12    8   0.000       0.000    
   12    9   0.000       0.000    
   11    1   0.000       0.000    
   11    2   0.000       0.000    
   11    3   0.000       0.000    
   11    4   0.000       0.000    
   11    5   0.000       0.000    
   11    6  5.6917E-07   4.463    
   11    7   0.000       0.000    
   11    8   0.000       0.000    
   11    9   0.000       0.000    
   10    1   0.000       0.000    
   10    2   0.000       0.000    
   10    3   0.000       0.000    
   10    4  5.1367E-07   3.547    
   10    5   0.000       0.000    
   10    6   0.000       0.000    
   10    7   0.000       0.000    
   10    8   0.000       0.000    
   10    9   0.000       0.000    
    9    1   0.000       0.000    
    9    2   0.000       0.000    
    9    3   0.000       0.000    
    9    4   0.000       0.000    
    9    5   0.000       0.000    
    9    6   0.000       0.000    
    9    7   0.000       0.000    
    9    8   0.000       0.000    
    9    9   0.000       0.000    
    8    1   0.000       0.000    
    8    2   0.000       0.000    
    8    3   0.000       0.000    
    8    4   0.000       0.000    
    8    5   0.000       0.000    
    8    6   0.000       0.000    
    8    7   0.000       0.000    
    8    8   0.000       0.000    
    8    9   0.000       0.000    
    7    1   0.000       0.000    
    7    2   0.000       0.000    
    7    3   0.000       0.000    
    7    4   17.40       2.692    
    7    5   0.000       0.000    
    7    6   0.000       0.000    
    7    7   0.000       0.000    
    7    8   0.000       0.000    
    7    9   0.000       0.000    
    6    1   0.000       0.000    
    6    2   0.000       0.000    
    6    3   0.000       0.000    
    6    4   0.000       0.000    
    6    5   0.000       0.000    
    6    6   0.000       0.000    
    6    7   0.000       0.000    
    6    8   0.000       0.000    
    6    9   0.000       0.000    
    5    1   0.000       0.000    
    5    2   0.000       0.000    
    5    3   0.000       0.000    
    5    4   0.000       0.000    
    5    5   0.000       0.000    
    5    6   0.000       0.000    
    5    7   0.000       0.000    
    5    8   0.000       0.000    
    5    9   0.000       0.000    
    4    1   0.000       0.000    
    4    2   0.000       0.000    
    4    3   0.000       0.000    
    4    4   0.000       0.000    
    4    5   0.000       0.000    
    4    6   0.000       0.000    
    4    7   0.000       0.000    
    4    8   0.000       0.000    
    4    9   0.000       0.000    
    3    1   30.05      0.3249    
    3    2   0.000       0.000    
    3    3   0.000       0.000    
    3    4   0.000       0.000    
    3    5   0.000       0.000    
    3    6   0.000       0.000    
    3    7   0.000       0.000    
    3    8   0.000       0.000    
    3    9   0.000       0.000    
# A/Z/m Isomers:
   34   17    1  8.3140E-06   99.00    
   44   21    1  7.9910E-03   12.40    
   44   21    2   50.95       14.03    
   45   21    1  0.1065       4.660    
   52   25    1   769.1       4.450    
   58   27    1  5.3714E+04  0.5081    
   60   27    1  5.4894E-07   2.767    
   62   27    1  2.4370E-11   2.745    
   65   30    1  9.1844E-10  0.8207    
   67   30    1   3137.      0.9629    
   69   30    1   1522.       4.173    
   71   30    1   15.96       29.09    
   72   31    1  0.3894       23.08    
   73   32    1   50.99       7.817    
   73   32    2   50.34       7.817    
   75   33    1  6.7011E-04   61.13    
   77   33    1   10.16       26.85    
   77   34    1  0.1425       7.252    
   79   34    1  1.9954E-20   7.429    
   80   35    1   8.209       47.79    
   81   34    1  0.1642       18.27    
   81   35    1  8.2817E-05   18.27    
   81   36    1   1.788       61.24    
   82   37    1   3.394       66.67    
   83   36    1   148.1       2.240    
   83   37    1  0.4137       99.00    
   84   37    1  2.0366E-08   39.60    
   85   36    1   114.5       10.02    
   85   37    1  6.2917E-02   25.16    
   85   38    1  1.4642E-02   99.00    
   87   38    1   20.18       18.15    
   87   39    1   3.189       66.67    
   89   39    1   2.068       28.90    
   90   39    1   19.57       15.31    
   90   40    1   2.012       61.23    
   91   39    1   132.2       9.594    
   91   41    1  7.2089E-02   25.00    
   92   41    1  0.7352       28.57    
   93   39    1  2.4375E-26   19.58    
   93   41    1  3.9342E-03   25.42    
   95   41    1   26.66       17.14    
   96   43    1  1.9057E-03   99.00    
   97   41    1   115.2       13.96    
   97   43    1  6.0379E-02   44.72    
   99   43    1   117.7       5.137    
  101   43    1  6.8707E-12   11.31    
  101   45    1  0.4693       61.24    
  102   45    1  6.4552E-03   37.50    
  103   45    1   10.99       5.013    
  105   45    1   70.83       1.808    
  105   46    1  3.3999E-04   40.82    
  105   47    1  4.5811E-28   61.24    
  106   45    1   29.54       14.87    
  106   47    1  0.1278       99.00    
  107   47    1   1.134       99.00    
  108   47    1  6.8954E-05   31.62    
  109   47    1   267.6       4.615    
  110   47    1  3.0865E-02   53.45    
  110   49    1  1.6767E-02   99.00    
  111   47    1  4.4415E-06   7.605    
  111   48    1  1.1815E-03   92.61    
  111   49    1  1.4543E-26   99.00    
  112   49    1  1.5019E-08   61.24    
  113   48    1  4.6341E-03   35.04    
  113   49    1   1.269       33.85    
  114   49    1  0.4867       25.51    
  115   48    1  0.2545       24.87    
  115   49    1   65.79       5.870    
  115   50    1  1.3270E-07   61.24    
  116   49    1  0.1071       26.13    
  117   48    1   12.70       22.26    
  117   49    1   25.15       18.78    
  117   50    1  0.4040       30.16    
  118   51    2   1.003       99.00    
  119   49    1  2.1087E-09   16.56    
  119   50    1  2.1343E-02   30.31    
  120   50    1  0.3607       61.24    
  120   51    1  0.3607       61.24    
  121   50    1  9.3071E-04   23.00    
  121   52    1  3.3519E-02   54.77    
  123   50    1  1.8437E-03   31.15    
  123   52    1  3.6910E-02   46.77    
  124   51    1  3.1636E-09   61.24    
  124   51    2  2.9208E-09   61.24    
  125   50    1  5.6689E-21   99.00    
  125   52    1  0.1146       48.58    
  127   52    1  3.5473E-04   40.82    
  127   54    1  5.5718E-04   99.00    
  128   51    1  2.2928E-19   99.00    
  131   54    1  0.1811       61.19    
  133   54    1   1.290       66.53    
  133   56    1   1.098       99.00    
  134   55    1   1.045       61.24    
  136   56    1  9.3939E-03   99.00    
  137   56    1  9.5080E-05   99.00    
  139   58    1  1.4954E-04   99.00    
  144   59    1  3.3917E-05   61.24    
  149   61    1  7.0138E-04   99.00    
  173   71    1   2.453       66.65    
  175   71    1  1.8832E-05   99.00    
  175   72    1  7.1605E-02   99.00    
  177   73    1  4.1998E-05   46.69    
  178   73    1  5.0367E-02   99.00    
  179   73    1  3.0408E-04   61.24    
  179   74    1  6.6235E-10   63.18    
  181   73    1  1.4386E-02   45.65    
  181   74    1   5.525       45.91    
  182   75    1   6.942       20.73    
  183   76    1   14.26       28.52    
  184   77    1  3.1574E-10   13.42    
  185   78    1  1.0394E-04   25.00    
  185   79    1  3.0949E-30   99.00    
  187   76    1  0.3448       7.427    
  187   77    1   3.137       7.059    
  187   78    1  1.3829E-24   10.42    
  189   76    1  0.6124       4.821    
  189   77    1   28.64       4.859    
  189   79    1  2.2505E-21   9.535    
  189   80    1  1.2652E-21   9.535    
  191   77    1   3.193       2.573    
  191   78    1   101.0       2.973    
  191   78    2   64.13       2.973    
  191   79    1  0.1250       3.614    
  191   80    1  0.1403       3.614    
  193   78    1  0.2508       93.78    
  193   79    1   255.0       3.182    
  193   80    1   208.4       4.255    
  194   81    1  9.6554E-04   11.94    
  195   78    1  0.2523       99.00    
  195   79    1   159.6       2.439    
  195   80    1   84.93       8.294    
  195   81    1  3.2273E-10   2.524    
  195   82    1  3.2144E-10   2.524    
  196   81    1   31.17       4.416    
  197   79    1   30.32       12.35    
  197   80    1   58.03       12.35    
  197   81    1  0.7310       1.874    
  197   82    1  0.8697       1.874    
  198   81    1   134.3       1.490    
  198   83    1  6.3270E-14   1.343    
  199   80    1  8.0482E-03   11.21    
  199   82    1  9.1149E-13   1.906    
  199   83    1  1.4517E-04   1.386    
  200   83    1  1.9365E-02   1.239    
  201   82    1   221.4       1.870    
  201   83    1   18.93       1.152    
  202   81    1   67.29       1.915    
  202   82    1   708.3       1.915    
  203   82    1   1909.      0.9831    
  204   82    1   571.7      0.6266    
  205   82    1   16.12       1.876    
  205   82    2   60.39       1.876    
  205   83    1  1.2843E-02   61.24    
  206   82    1   319.0      0.6495    
  206   83    1  0.2257       61.24    
  207   82    1  0.2209       2.285    
  210   83    1  9.9365E-10   99.00    
