  **** recreation_38.rnc ****


  Total primaries run:        10000000

    Total weight of the primaries run:   10000000.0    


  Beam intensity  :   9.99999987E+14  pr/s

  Irradiation time:   11.0000000      s

  Decay time      :   43200.0000      s

  Detector n:            1   cool18    
     (Region          -1  Volume:     8000.00000      cmc,
      distr. type  :           3    ,
      Z_max:          86 , N-Z_max:          49 , N-Z_min:          -4 )

     Tot. response (Bq/cmc)   796682.375       +/-   6.28016740E-02  %
     ( --> Bq                 6.37345894E+09   +/-   6.28016740E-02  % )



  **** Residual nuclei distribution  **** ****           (Bq/cmc)            ****



  A \ Z   76         77         78         79         80         81         82         83         84         85         86
 210   0.00E+00   0.00E+00   0.00E+00   0.00E+00   0.00E+00   0.00E+00   0.00E+00   2.05E-01   8.48E-03   0.00E+00   0.00E+00
      +/- 0.0 %  +/- 0.0 %  +/- 0.0 %  +/- 0.0 %  +/- 0.0 %  +/- 0.0 %  +/- 0.0 %  +/-99.0 %  +/-92.4 %  +/- 0.0 %  +/- 0.0 %
 209   0.00E+00   0.00E+00   0.00E+00   0.00E+00   0.00E+00   0.00E+00   1.21E+02   0.00E+00   0.00E+00   0.00E+00   0.00E+00
      +/- 0.0 %  +/- 0.0 %  +/- 0.0 %  +/- 0.0 %  +/- 0.0 %  +/- 0.0 %  +/- 5.5 %  +/- 0.0 %  +/- 0.0 %  +/- 0.0 %  +/- 0.0 %
 208   0.00E+00   0.00E+00   0.00E+00   0.00E+00   0.00E+00   0.00E+00   0.00E+00   3.89E-06   2.08E-03   0.00E+00   0.00E+00
      +/- 0.0 %  +/- 0.0 %  +/- 0.0 %  +/- 0.0 %  +/- 0.0 %  +/- 0.0 %  +/- 0.0 %  +/- 4.2 %  +/-61.2 %  +/- 0.0 %  +/- 0.0 %
 207   0.00E+00   0.00E+00   0.00E+00   0.00E+00   0.00E+00   1.68E-40   0.00E+00   2.63E-01   1.09E+00   0.00E+00   0.00E+00
      +/- 0.0 %  +/- 0.0 %  +/- 0.0 %  +/- 0.0 %  +/- 0.0 %  +/- 1.2 %  +/- 0.0 %  +/- 2.3 %  +/-99.0 %  +/- 0.0 %  +/- 0.0 %
 206   0.00E+00   0.00E+00   0.00E+00   0.00E+00   2.36E-23   2.72E-07   0.00E+00   7.48E+02   2.41E-01   0.00E+00   0.00E+00
      +/- 0.0 %  +/- 0.0 %  +/- 0.0 %  +/- 0.0 %  +/-38.1 %  +/-99.0 %  +/- 0.0 %  +/- 0.6 %  +/-61.2 %  +/- 0.0 %  +/- 0.0 %
 205   0.00E+00   0.00E+00   0.00E+00   0.00E+00   5.60E-39   0.00E+00   3.95E-06   4.57E+02   2.55E-01   0.00E+00   0.00E+00
      +/- 0.0 %  +/- 0.0 %  +/- 0.0 %  +/- 0.0 %  +/-16.1 %  +/- 0.0 %  +/- 0.7 %  +/- 1.9 %  +/-61.2 %  +/- 0.0 %  +/- 0.0 %
 204   0.00E+00   0.00E+00   0.00E+00   0.00E+00   0.00E+00   1.76E+00   0.00E+00   7.66E+03   0.00E+00   0.00E+00   0.00E+00
      +/- 0.0 %  +/- 0.0 %  +/- 0.0 %  +/- 0.0 %  +/- 0.0 %  +/- 1.5 %  +/- 0.0 %  +/- 0.6 %  +/- 0.0 %  +/- 0.0 %  +/- 0.0 %
 203   0.00E+00   0.00E+00   0.00E+00   0.00E+00   2.19E+00   0.00E+00   8.75E+03   9.30E+03   0.00E+00   0.00E+00   0.00E+00
      +/- 0.0 %  +/- 0.0 %  +/- 0.0 %  +/- 0.0 %  +/- 8.6 %  +/- 0.0 %  +/- 0.7 %  +/- 1.0 %  +/- 0.0 %  +/- 0.0 %  +/- 0.0 %
 202   0.00E+00   0.00E+00   0.00E+00   0.00E+00   0.00E+00   2.09E+02   1.32E-03   3.26E+02   0.00E+00   0.00E+00   0.00E+00
      +/- 0.0 %  +/- 0.0 %  +/- 0.0 %  +/- 0.0 %  +/- 0.0 %  +/- 1.9 %  +/- 0.6 %  +/- 2.0 %  +/- 0.0 %  +/- 0.0 %  +/- 0.0 %
 201   0.00E+00   0.00E+00   0.00E+00   2.81E-07   0.00E+00   4.46E+03   2.29E+04   4.82E+02   0.00E+00   0.00E+00   0.00E+00
      +/- 0.0 %  +/- 0.0 %  +/- 0.0 %  +/-99.0 %  +/- 0.0 %  +/- 0.7 %  +/- 0.5 %  +/- 1.9 %  +/- 0.0 %  +/- 0.0 %  +/- 0.0 %
 200   0.00E+00   0.00E+00   0.00E+00   3.27E-03   0.00E+00   6.33E+03   1.43E+04   6.48E-02   0.00E+00   0.00E+00   0.00E+00
      +/- 0.0 %  +/- 0.0 %  +/- 0.0 %  +/-66.7 %  +/- 0.0 %  +/- 0.3 %  +/- 0.6 %  +/- 0.2 %  +/- 0.0 %  +/- 0.0 %  +/- 0.0 %
 199   0.00E+00   0.00E+00   0.00E+00   3.15E+00   0.00E+00   2.19E+04   1.05E+03   2.02E-03   0.00E+00   0.00E+00   0.00E+00
      +/- 0.0 %  +/- 0.0 %  +/- 0.0 %  +/-35.4 %  +/- 0.0 %  +/- 1.2 %  +/- 1.1 %  +/- 1.1 %  +/- 0.0 %  +/- 0.0 %  +/- 0.0 %
 198   0.00E+00   0.00E+00   0.00E+00   3.24E+00   0.00E+00   1.98E+04   3.89E+03   8.28E-17   0.00E+00   0.00E+00   0.00E+00
      +/- 0.0 %  +/- 0.0 %  +/- 0.0 %  +/-44.4 %  +/- 0.0 %  +/- 0.7 %  +/- 0.8 %  +/- 5.6 %  +/- 0.0 %  +/- 0.0 %  +/- 0.0 %
 197   0.00E+00   1.16E-35   2.63E+00   0.00E+00   3.34E+03   5.21E+03   1.71E-01   1.96E-18   0.00E+00   0.00E+00   0.00E+00
      +/- 0.0 %  +/-99.0 %  +/-66.7 %  +/- 0.0 %  +/- 1.0 %  +/- 1.0 %  +/- 1.9 %  +/- 1.7 %  +/- 0.0 %  +/- 0.0 %  +/- 0.0 %
 196   0.00E+00   0.00E+00   0.00E+00   3.38E+00   0.00E+00   1.51E+03   3.45E-01   1.92E-37   0.00E+00   0.00E+00   0.00E+00
      +/- 0.0 %  +/- 0.0 %  +/- 0.0 %  +/-17.7 %  +/- 0.0 %  +/- 1.5 %  +/- 1.6 %  +/- 5.3 %  +/- 0.0 %  +/- 0.0 %  +/- 0.0 %
 195   0.00E+00   0.00E+00   0.00E+00   1.44E+01   6.34E+03   9.65E+01   8.54E-10   0.00E+00   0.00E+00   0.00E+00   0.00E+00
      +/- 0.0 %  +/- 0.0 %  +/- 0.0 %  +/- 1.7 %  +/- 1.8 %  +/- 2.0 %  +/- 3.0 %  +/- 0.0 %  +/- 0.0 %  +/- 0.0 %  +/- 0.0 %
 194   0.00E+00   0.00E+00   0.00E+00   2.01E+01   2.52E-02   5.21E-02   1.72E-15   0.00E+00   0.00E+00   0.00E+00   0.00E+00
      +/- 0.0 %  +/- 0.0 %  +/- 0.0 %  +/-30.9 %  +/- 2.0 %  +/- 2.5 %  +/- 2.9 %  +/- 0.0 %  +/- 0.0 %  +/- 0.0 %  +/- 0.0 %
 193   0.00E+00   0.00E+00   3.20E-02   2.27E+03   1.82E+03   1.29E-05   2.56E-39   0.00E+00   0.00E+00   0.00E+00   0.00E+00
      +/- 0.0 %  +/- 0.0 %  +/- 1.0 %  +/- 1.0 %  +/- 1.0 %  +/- 1.1 %  +/- 9.0 %  +/- 0.0 %  +/- 0.0 %  +/- 0.0 %  +/- 0.0 %
 192   0.00E+00   0.00E+00   0.00E+00   2.51E+03   1.45E+03   4.97E-18   0.00E+00   0.00E+00   0.00E+00   0.00E+00   0.00E+00
      +/- 0.0 %  +/- 0.0 %  +/- 0.0 %  +/- 4.2 %  +/- 4.4 %  +/- 4.9 %  +/- 0.0 %  +/- 0.0 %  +/- 0.0 %  +/- 0.0 %  +/- 0.0 %
 191   0.00E+00   0.00E+00   3.20E+02   8.00E+02   1.18E+00   2.36E-07   0.00E+00   0.00E+00   0.00E+00   0.00E+00   0.00E+00
      +/- 0.0 %  +/- 0.0 %  +/- 2.6 %  +/- 3.0 %  +/- 4.0 %  +/- 5.7 %  +/- 0.0 %  +/- 0.0 %  +/- 0.0 %  +/- 0.0 %  +/- 0.0 %
 190   0.00E+00   1.82E-01   0.00E+00   3.39E-01   6.36E-07   0.00E+00   0.00E+00   0.00E+00   0.00E+00   0.00E+00   0.00E+00
      +/- 0.0 %  +/-99.0 %  +/- 0.0 %  +/- 5.1 %  +/- 5.3 %  +/- 0.0 %  +/- 0.0 %  +/- 0.0 %  +/- 0.0 %  +/- 0.0 %  +/- 0.0 %
 189   0.00E+00   1.38E+01   3.82E+02   3.96E-04   1.09E-24   0.00E+00   0.00E+00   0.00E+00   0.00E+00   0.00E+00   0.00E+00
      +/- 0.0 %  +/- 4.8 %  +/- 4.9 %  +/- 5.0 %  +/- 3.9 %  +/- 0.0 %  +/- 0.0 %  +/- 0.0 %  +/- 0.0 %  +/- 0.0 %  +/- 0.0 %
 188   0.00E+00   4.52E+00   2.21E+01   1.50E-20   0.00E+00   0.00E+00   0.00E+00   0.00E+00   0.00E+00   0.00E+00   0.00E+00
      +/- 0.0 %  +/-16.1 %  +/- 7.2 %  +/- 7.9 %  +/- 0.0 %  +/- 0.0 %  +/- 0.0 %  +/- 0.0 %  +/- 0.0 %  +/- 0.0 %  +/- 0.0 %
 187   0.00E+00   1.43E+02   3.46E+01   1.31E-22   0.00E+00   0.00E+00   0.00E+00   0.00E+00   0.00E+00   0.00E+00   0.00E+00
      +/- 0.0 %  +/- 7.4 %  +/- 7.1 %  +/-10.4 %  +/- 0.0 %  +/- 0.0 %  +/- 0.0 %  +/- 0.0 %  +/- 0.0 %  +/- 0.0 %  +/- 0.0 %
 186   0.00E+00   8.25E+01   1.80E+01   4.44E-17   0.00E+00   0.00E+00   0.00E+00   0.00E+00   0.00E+00   0.00E+00   0.00E+00
      +/- 0.0 %  +/- 8.3 %  +/- 8.5 %  +/-11.8 %  +/- 0.0 %  +/- 0.0 %  +/- 0.0 %  +/- 0.0 %  +/- 0.0 %  +/- 0.0 %  +/- 0.0 %
 185   2.04E-01   4.30E+01   5.92E-01   0.00E+00   0.00E+00   0.00E+00   0.00E+00   0.00E+00   0.00E+00   0.00E+00   0.00E+00
      +/-12.0 %  +/-12.4 %  +/-14.0 %  +/- 0.0 %  +/- 0.0 %  +/- 0.0 %  +/- 0.0 %  +/- 0.0 %  +/- 0.0 %  +/- 0.0 %  +/- 0.0 %
 184   0.00E+00   2.43E+01   7.71E-10   0.00E+00   0.00E+00   0.00E+00   0.00E+00   0.00E+00   0.00E+00   0.00E+00   0.00E+00
      +/- 0.0 %  +/- 3.8 %  +/-13.4 %  +/- 0.0 %  +/- 0.0 %  +/- 0.0 %  +/- 0.0 %  +/- 0.0 %  +/- 0.0 %  +/- 0.0 %  +/- 0.0 %
 183   9.29E+00   9.39E-02   5.91E-31   0.00E+00   0.00E+00   0.00E+00   0.00E+00   0.00E+00   0.00E+00   0.00E+00   0.00E+00
      +/-28.6 %  +/-27.7 %  +/-20.7 %  +/- 0.0 %  +/- 0.0 %  +/- 0.0 %  +/- 0.0 %  +/- 0.0 %  +/- 0.0 %  +/- 0.0 %  +/- 0.0 %
 182   1.34E+01   5.28E-12   0.00E+00   0.00E+00   0.00E+00   0.00E+00   0.00E+00   0.00E+00   0.00E+00   0.00E+00   0.00E+00
      +/-20.7 %  +/-20.5 %  +/- 0.0 %  +/- 0.0 %  +/- 0.0 %  +/- 0.0 %  +/- 0.0 %  +/- 0.0 %  +/- 0.0 %  +/- 0.0 %  +/- 0.0 %
 181   7.21E-01   8.76E-42   0.00E+00   0.00E+00   0.00E+00   0.00E+00   0.00E+00   0.00E+00   0.00E+00   0.00E+00   0.00E+00
      +/-50.2 %  +/-59.4 %  +/- 0.0 %  +/- 0.0 %  +/- 0.0 %  +/- 0.0 %  +/- 0.0 %  +/- 0.0 %  +/- 0.0 %  +/- 0.0 %  +/- 0.0 %
 180   6.60E-09   0.00E+00   0.00E+00   0.00E+00   0.00E+00   0.00E+00   0.00E+00   0.00E+00   0.00E+00   0.00E+00   0.00E+00
      +/-99.0 %  +/- 0.0 %  +/- 0.0 %  +/- 0.0 %  +/- 0.0 %  +/- 0.0 %  +/- 0.0 %  +/- 0.0 %  +/- 0.0 %  +/- 0.0 %  +/- 0.0 %
 179   1.45E-31   0.00E+00   0.00E+00   0.00E+00   0.00E+00   0.00E+00   0.00E+00   0.00E+00   0.00E+00   0.00E+00   0.00E+00
      +/-95.2 %  +/- 0.0 %  +/- 0.0 %  +/- 0.0 %  +/- 0.0 %  +/- 0.0 %  +/- 0.0 %  +/- 0.0 %  +/- 0.0 %  +/- 0.0 %  +/- 0.0 %

  A \ Z   65         66         67         68         69         70         71         72         73         74         75
 183   0.00E+00   0.00E+00   0.00E+00   0.00E+00   0.00E+00   0.00E+00   0.00E+00   0.00E+00   0.00E+00   0.00E+00   1.27E-01
      +/- 0.0 %  +/- 0.0 %  +/- 0.0 %  +/- 0.0 %  +/- 0.0 %  +/- 0.0 %  +/- 0.0 %  +/- 0.0 %  +/- 0.0 %  +/- 0.0 %  +/-28.7 %
 181   0.00E+00   0.00E+00   0.00E+00   0.00E+00   0.00E+00   0.00E+00   0.00E+00   0.00E+00   0.00E+00   1.95E-02   6.78E+00
      +/- 0.0 %  +/- 0.0 %  +/- 0.0 %  +/- 0.0 %  +/- 0.0 %  +/- 0.0 %  +/- 0.0 %  +/- 0.0 %  +/- 0.0 %  +/-45.7 %  +/-45.9 %
 180   0.00E+00   0.00E+00   0.00E+00   0.00E+00   0.00E+00   0.00E+00   0.00E+00   0.00E+00   0.00E+00   0.00E+00   7.45E-09
      +/- 0.0 %  +/- 0.0 %  +/- 0.0 %  +/- 0.0 %  +/- 0.0 %  +/- 0.0 %  +/- 0.0 %  +/- 0.0 %  +/- 0.0 %  +/- 0.0 %  +/-99.0 %
 179   0.00E+00   0.00E+00   0.00E+00   0.00E+00   0.00E+00   0.00E+00   0.00E+00   0.00E+00   3.35E-03   3.08E-04   1.65E-09
      +/- 0.0 %  +/- 0.0 %  +/- 0.0 %  +/- 0.0 %  +/- 0.0 %  +/- 0.0 %  +/- 0.0 %  +/- 0.0 %  +/-60.7 %  +/-61.2 %  +/-63.2 %
 178   0.00E+00   0.00E+00   0.00E+00   0.00E+00   0.00E+00   0.00E+00   0.00E+00   0.00E+00   0.00E+00   5.04E-02   1.75E-17
      +/- 0.0 %  +/- 0.0 %  +/- 0.0 %  +/- 0.0 %  +/- 0.0 %  +/- 0.0 %  +/- 0.0 %  +/- 0.0 %  +/- 0.0 %  +/-99.0 %  +/-44.7 %
 177   0.00E+00   0.00E+00   0.00E+00   0.00E+00   0.00E+00   0.00E+00   0.00E+00   0.00E+00   7.29E-05   5.66E-05   9.60E-18
      +/- 0.0 %  +/- 0.0 %  +/- 0.0 %  +/- 0.0 %  +/- 0.0 %  +/- 0.0 %  +/- 0.0 %  +/- 0.0 %  +/-46.7 %  +/-46.7 %  +/-46.9 %
 176   0.00E+00   0.00E+00   0.00E+00   0.00E+00   0.00E+00   0.00E+00   0.00E+00   0.00E+00   2.69E+00   3.80E-01   0.00E+00
      +/- 0.0 %  +/- 0.0 %  +/- 0.0 %  +/- 0.0 %  +/- 0.0 %  +/- 0.0 %  +/- 0.0 %  +/- 0.0 %  +/-62.1 %  +/-99.0 %  +/- 0.0 %
 175   0.00E+00   0.00E+00   0.00E+00   0.00E+00   0.00E+00   0.00E+00   0.00E+00   8.18E-03   1.21E+00   3.13E-05   0.00E+00
      +/- 0.0 %  +/- 0.0 %  +/- 0.0 %  +/- 0.0 %  +/- 0.0 %  +/- 0.0 %  +/- 0.0 %  +/-99.0 %  +/-99.0 %  +/-99.0 %  +/- 0.0 %
 174   0.00E+00   0.00E+00   0.00E+00   0.00E+00   0.00E+00   0.00E+00   0.00E+00   0.00E+00   1.57E-02   0.00E+00   0.00E+00
      +/- 0.0 %  +/- 0.0 %  +/- 0.0 %  +/- 0.0 %  +/- 0.0 %  +/- 0.0 %  +/- 0.0 %  +/- 0.0 %  +/-99.0 %  +/- 0.0 %  +/- 0.0 %
 173   0.00E+00   0.00E+00   0.00E+00   0.00E+00   0.00E+00   0.00E+00   1.31E-03   2.46E+00   1.81E+00   6.28E-27   0.00E+00
      +/- 0.0 %  +/- 0.0 %  +/- 0.0 %  +/- 0.0 %  +/- 0.0 %  +/- 0.0 %  +/-66.9 %  +/-66.6 %  +/-66.1 %  +/-99.0 %  +/- 0.0 %

  A \ Z   54         55         56         57         58         59         60         61         62         63         64
 153   0.00E+00   0.00E+00   0.00E+00   0.00E+00   0.00E+00   0.00E+00   0.00E+00   0.00E+00   0.00E+00   0.00E+00   4.58E-03
      +/- 0.0 %  +/- 0.0 %  +/- 0.0 %  +/- 0.0 %  +/- 0.0 %  +/- 0.0 %  +/- 0.0 %  +/- 0.0 %  +/- 0.0 %  +/- 0.0 %  +/-99.0 %
 149   0.00E+00   0.00E+00   0.00E+00   0.00E+00   0.00E+00   0.00E+00   1.27E-01   4.37E-01   0.00E+00   0.00E+00   0.00E+00
      +/- 0.0 %  +/- 0.0 %  +/- 0.0 %  +/- 0.0 %  +/- 0.0 %  +/- 0.0 %  +/-99.0 %  +/-99.0 %  +/- 0.0 %  +/- 0.0 %  +/- 0.0 %
 147   0.00E+00   0.00E+00   0.00E+00   0.00E+00   0.00E+00   0.00E+00   9.73E-02   2.34E-03   0.00E+00   0.00E+00   0.00E+00
      +/- 0.0 %  +/- 0.0 %  +/- 0.0 %  +/- 0.0 %  +/- 0.0 %  +/- 0.0 %  +/-99.0 %  +/-98.1 %  +/- 0.0 %  +/- 0.0 %  +/- 0.0 %
 146   0.00E+00   0.00E+00   0.00E+00   0.00E+00   0.00E+00   0.00E+00   0.00E+00   0.00E+00   4.44E-11   0.00E+00   0.00E+00
      +/- 0.0 %  +/- 0.0 %  +/- 0.0 %  +/- 0.0 %  +/- 0.0 %  +/- 0.0 %  +/- 0.0 %  +/- 0.0 %  +/-99.0 %  +/- 0.0 %  +/- 0.0 %
 144   0.00E+00   0.00E+00   0.00E+00   0.00E+00   7.73E-03   7.73E-03   0.00E+00   0.00E+00   0.00E+00   0.00E+00   0.00E+00
      +/- 0.0 %  +/- 0.0 %  +/- 0.0 %  +/- 0.0 %  +/-61.2 %  +/-61.2 %  +/- 0.0 %  +/- 0.0 %  +/- 0.0 %  +/- 0.0 %  +/- 0.0 %
 141   0.00E+00   0.00E+00   0.00E+00   0.00E+00   3.36E-02   0.00E+00   3.76E-01   0.00E+00   0.00E+00   0.00E+00   0.00E+00
      +/- 0.0 %  +/- 0.0 %  +/- 0.0 %  +/- 0.0 %  +/-99.0 %  +/- 0.0 %  +/-99.0 %  +/- 0.0 %  +/- 0.0 %  +/- 0.0 %  +/- 0.0 %
 139   0.00E+00   0.00E+00   0.00E+00   0.00E+00   2.28E-02   9.10E-01   0.00E+00   0.00E+00   0.00E+00   0.00E+00   0.00E+00
      +/- 0.0 %  +/- 0.0 %  +/- 0.0 %  +/- 0.0 %  +/-41.1 %  +/-99.0 %  +/- 0.0 %  +/- 0.0 %  +/- 0.0 %  +/- 0.0 %  +/- 0.0 %
 138   0.00E+00   1.55E-05   0.00E+00   0.00E+00   0.00E+00   0.00E+00   0.00E+00   0.00E+00   0.00E+00   0.00E+00   0.00E+00
      +/- 0.0 %  +/-99.0 %  +/- 0.0 %  +/- 0.0 %  +/- 0.0 %  +/- 0.0 %  +/- 0.0 %  +/- 0.0 %  +/- 0.0 %  +/- 0.0 %  +/- 0.0 %
 137   0.00E+00   1.00E-04   0.00E+00   2.12E-07   2.33E+00   0.00E+00   0.00E+00   0.00E+00   0.00E+00   0.00E+00   0.00E+00
      +/- 0.0 %  +/-99.0 %  +/- 0.0 %  +/-48.5 %  +/-99.0 %  +/- 0.0 %  +/- 0.0 %  +/- 0.0 %  +/- 0.0 %  +/- 0.0 %  +/- 0.0 %
 136   0.00E+00   8.15E-02   0.00E+00   1.76E-20   0.00E+00   0.00E+00   0.00E+00   0.00E+00   0.00E+00   0.00E+00   0.00E+00
      +/- 0.0 %  +/-99.0 %  +/- 0.0 %  +/-99.0 %  +/- 0.0 %  +/- 0.0 %  +/- 0.0 %  +/- 0.0 %  +/- 0.0 %  +/- 0.0 %  +/- 0.0 %
 135   0.00E+00   3.94E-09   0.00E+00   1.77E+00   0.00E+00   0.00E+00   0.00E+00   0.00E+00   0.00E+00   0.00E+00   0.00E+00
      +/- 0.0 %  +/-66.7 %  +/- 0.0 %  +/-61.2 %  +/- 0.0 %  +/- 0.0 %  +/- 0.0 %  +/- 0.0 %  +/- 0.0 %  +/- 0.0 %  +/- 0.0 %
 134   0.00E+00   5.68E-03   0.00E+00   1.22E-31   0.00E+00   0.00E+00   0.00E+00   0.00E+00   0.00E+00   0.00E+00   0.00E+00
      +/- 0.0 %  +/-73.5 %  +/- 0.0 %  +/-61.2 %  +/- 0.0 %  +/- 0.0 %  +/- 0.0 %  +/- 0.0 %  +/- 0.0 %  +/- 0.0 %  +/- 0.0 %
 133   9.40E-01   0.00E+00   1.10E-04   0.00E+00   0.00E+00   0.00E+00   0.00E+00   0.00E+00   0.00E+00   0.00E+00   0.00E+00
      +/-26.8 %  +/- 0.0 %  +/-99.0 %  +/- 0.0 %  +/- 0.0 %  +/- 0.0 %  +/- 0.0 %  +/- 0.0 %  +/- 0.0 %  +/- 0.0 %  +/- 0.0 %
 132   0.00E+00   9.68E-01   0.00E+00   0.00E+00   0.00E+00   0.00E+00   0.00E+00   0.00E+00   0.00E+00   0.00E+00   0.00E+00
      +/- 0.0 %  +/-40.8 %  +/- 0.0 %  +/- 0.0 %  +/- 0.0 %  +/- 0.0 %  +/- 0.0 %  +/- 0.0 %  +/- 0.0 %  +/- 0.0 %  +/- 0.0 %
 131   0.00E+00   6.62E-01   9.31E-02   0.00E+00   0.00E+00   0.00E+00   0.00E+00   0.00E+00   0.00E+00   0.00E+00   0.00E+00
      +/- 0.0 %  +/-40.6 %  +/-99.0 %  +/- 0.0 %  +/- 0.0 %  +/- 0.0 %  +/- 0.0 %  +/- 0.0 %  +/- 0.0 %  +/- 0.0 %  +/- 0.0 %
 130   0.00E+00   6.73E-06   0.00E+00   0.00E+00   0.00E+00   0.00E+00   0.00E+00   0.00E+00   0.00E+00   0.00E+00   0.00E+00
      +/- 0.0 %  +/-41.0 %  +/- 0.0 %  +/- 0.0 %  +/- 0.0 %  +/- 0.0 %  +/- 0.0 %  +/- 0.0 %  +/- 0.0 %  +/- 0.0 %  +/- 0.0 %
 129   0.00E+00   1.27E+00   0.00E+00   0.00E+00   0.00E+00   0.00E+00   0.00E+00   0.00E+00   0.00E+00   0.00E+00   0.00E+00
      +/- 0.0 %  +/-61.2 %  +/- 0.0 %  +/- 0.0 %  +/- 0.0 %  +/- 0.0 %  +/- 0.0 %  +/- 0.0 %  +/- 0.0 %  +/- 0.0 %  +/- 0.0 %
 128   0.00E+00   7.88E-01   7.87E-01   0.00E+00   0.00E+00   0.00E+00   0.00E+00   0.00E+00   0.00E+00   0.00E+00   0.00E+00
      +/- 0.0 %  +/-61.2 %  +/-61.2 %  +/- 0.0 %  +/- 0.0 %  +/- 0.0 %  +/- 0.0 %  +/- 0.0 %  +/- 0.0 %  +/- 0.0 %  +/- 0.0 %
 127   3.23E-01   1.12E+00   0.00E+00   0.00E+00   0.00E+00   0.00E+00   0.00E+00   0.00E+00   0.00E+00   0.00E+00   0.00E+00
      +/-23.2 %  +/-99.0 %  +/- 0.0 %  +/- 0.0 %  +/- 0.0 %  +/- 0.0 %  +/- 0.0 %  +/- 0.0 %  +/- 0.0 %  +/- 0.0 %  +/- 0.0 %
 125   2.87E+00   0.00E+00   0.00E+00   0.00E+00   0.00E+00   0.00E+00   0.00E+00   0.00E+00   0.00E+00   0.00E+00   0.00E+00
      +/-40.8 %  +/- 0.0 %  +/- 0.0 %  +/- 0.0 %  +/- 0.0 %  +/- 0.0 %  +/- 0.0 %  +/- 0.0 %  +/- 0.0 %  +/- 0.0 %  +/- 0.0 %

  A \ Z   43         44         45         46         47         48         49         50         51         52         53
 133   0.00E+00   0.00E+00   0.00E+00   0.00E+00   0.00E+00   0.00E+00   0.00E+00   0.00E+00   0.00E+00   5.79E-16   8.61E-01
      +/- 0.0 %  +/- 0.0 %  +/- 0.0 %  +/- 0.0 %  +/- 0.0 %  +/- 0.0 %  +/- 0.0 %  +/- 0.0 %  +/- 0.0 %  +/-99.0 %  +/-99.0 %
 131   0.00E+00   0.00E+00   0.00E+00   0.00E+00   0.00E+00   0.00E+00   0.00E+00   0.00E+00   0.00E+00   1.36E-07   5.27E-01
      +/- 0.0 %  +/- 0.0 %  +/- 0.0 %  +/- 0.0 %  +/- 0.0 %  +/- 0.0 %  +/- 0.0 %  +/- 0.0 %  +/- 0.0 %  +/-99.0 %  +/-25.0 %
 130   0.00E+00   0.00E+00   0.00E+00   0.00E+00   0.00E+00   0.00E+00   0.00E+00   0.00E+00   0.00E+00   0.00E+00   5.46E+00
      +/- 0.0 %  +/- 0.0 %  +/- 0.0 %  +/- 0.0 %  +/- 0.0 %  +/- 0.0 %  +/- 0.0 %  +/- 0.0 %  +/- 0.0 %  +/- 0.0 %  +/-54.8 %
 129   0.00E+00   0.00E+00   0.00E+00   0.00E+00   0.00E+00   0.00E+00   0.00E+00   0.00E+00   0.00E+00   7.01E-02   2.12E-09
      +/- 0.0 %  +/- 0.0 %  +/- 0.0 %  +/- 0.0 %  +/- 0.0 %  +/- 0.0 %  +/- 0.0 %  +/- 0.0 %  +/- 0.0 %  +/-46.8 %  +/-22.3 %
 128   0.00E+00   0.00E+00   0.00E+00   0.00E+00   0.00E+00   0.00E+00   0.00E+00   0.00E+00   2.38E+00   0.00E+00   1.35E-06
      +/- 0.0 %  +/- 0.0 %  +/- 0.0 %  +/- 0.0 %  +/- 0.0 %  +/- 0.0 %  +/- 0.0 %  +/- 0.0 %  +/-97.8 %  +/- 0.0 %  +/-35.4 %
 127   0.00E+00   0.00E+00   0.00E+00   0.00E+00   0.00E+00   0.00E+00   0.00E+00   0.00E+00   7.86E-01   6.23E+00   0.00E+00
      +/- 0.0 %  +/- 0.0 %  +/- 0.0 %  +/- 0.0 %  +/- 0.0 %  +/- 0.0 %  +/- 0.0 %  +/- 0.0 %  +/-40.8 %  +/-29.6 %  +/- 0.0 %
 126   0.00E+00   0.00E+00   0.00E+00   0.00E+00   0.00E+00   0.00E+00   0.00E+00   0.00E+00   3.47E-01   0.00E+00   9.97E-01
      +/- 0.0 %  +/- 0.0 %  +/- 0.0 %  +/- 0.0 %  +/- 0.0 %  +/- 0.0 %  +/- 0.0 %  +/- 0.0 %  +/-72.9 %  +/- 0.0 %  +/-28.3 %
 125   0.00E+00   0.00E+00   0.00E+00   0.00E+00   0.00E+00   0.00E+00   0.00E+00   1.10E-01   1.97E-02   0.00E+00   2.43E-01
      +/- 0.0 %  +/- 0.0 %  +/- 0.0 %  +/- 0.0 %  +/- 0.0 %  +/- 0.0 %  +/- 0.0 %  +/-99.0 %  +/-11.1 %  +/- 0.0 %  +/-35.7 %
 124   0.00E+00   0.00E+00   0.00E+00   0.00E+00   0.00E+00   0.00E+00   0.00E+00   0.00E+00   1.91E-01   0.00E+00   1.46E+00
      +/- 0.0 %  +/- 0.0 %  +/- 0.0 %  +/- 0.0 %  +/- 0.0 %  +/- 0.0 %  +/- 0.0 %  +/- 0.0 %  +/-33.8 %  +/- 0.0 %  +/-48.6 %
 123   0.00E+00   0.00E+00   0.00E+00   0.00E+00   0.00E+00   0.00E+00   0.00E+00   3.46E-02   0.00E+00   0.00E+00   5.34E+00
      +/- 0.0 %  +/- 0.0 %  +/- 0.0 %  +/- 0.0 %  +/- 0.0 %  +/- 0.0 %  +/- 0.0 %  +/-60.5 %  +/- 0.0 %  +/- 0.0 %  +/-44.7 %
 122   0.00E+00   0.00E+00   0.00E+00   0.00E+00   0.00E+00   0.00E+00   0.00E+00   0.00E+00   8.20E+00   0.00E+00   0.00E+00
      +/- 0.0 %  +/- 0.0 %  +/- 0.0 %  +/- 0.0 %  +/- 0.0 %  +/- 0.0 %  +/- 0.0 %  +/- 0.0 %  +/-20.2 %  +/- 0.0 %  +/- 0.0 %
 121   0.00E+00   0.00E+00   0.00E+00   0.00E+00   0.00E+00   0.00E+00   0.00E+00   1.19E+01   0.00E+00   1.70E-01   0.00E+00
      +/- 0.0 %  +/- 0.0 %  +/- 0.0 %  +/- 0.0 %  +/- 0.0 %  +/- 0.0 %  +/- 0.0 %  +/-17.1 %  +/- 0.0 %  +/-99.0 %  +/- 0.0 %
 120   0.00E+00   0.00E+00   0.00E+00   0.00E+00   0.00E+00   0.00E+00   0.00E+00   0.00E+00   3.65E-11   0.00E+00   0.00E+00
      +/- 0.0 %  +/- 0.0 %  +/- 0.0 %  +/- 0.0 %  +/- 0.0 %  +/- 0.0 %  +/- 0.0 %  +/- 0.0 %  +/-18.2 %  +/- 0.0 %  +/- 0.0 %
 119   0.00E+00   0.00E+00   0.00E+00   0.00E+00   0.00E+00   0.00E+00   1.07E-10   0.00E+00   1.75E+01   9.82E-01   0.00E+00
      +/- 0.0 %  +/- 0.0 %  +/- 0.0 %  +/- 0.0 %  +/- 0.0 %  +/- 0.0 %  +/-16.6 %  +/- 0.0 %  +/- 9.3 %  +/-99.0 %  +/- 0.0 %
 118   0.00E+00   0.00E+00   0.00E+00   0.00E+00   0.00E+00   5.11E-02   5.12E-02   0.00E+00   0.00E+00   0.00E+00   0.00E+00
      +/- 0.0 %  +/- 0.0 %  +/- 0.0 %  +/- 0.0 %  +/- 0.0 %  +/-10.3 %  +/-10.3 %  +/- 0.0 %  +/- 0.0 %  +/- 0.0 %  +/- 0.0 %
 117   0.00E+00   0.00E+00   0.00E+00   0.00E+00   0.00E+00   7.13E+00   3.30E+01   0.00E+00   2.42E+00   0.00E+00   0.00E+00
      +/- 0.0 %  +/- 0.0 %  +/- 0.0 %  +/- 0.0 %  +/- 0.0 %  +/-21.2 %  +/-11.4 %  +/- 0.0 %  +/-63.2 %  +/- 0.0 %  +/- 0.0 %
 116   0.00E+00   0.00E+00   0.00E+00   0.00E+00   0.00E+00   0.00E+00   0.00E+00   0.00E+00   5.75E-12   0.00E+00   0.00E+00
      +/- 0.0 %  +/- 0.0 %  +/- 0.0 %  +/- 0.0 %  +/- 0.0 %  +/- 0.0 %  +/- 0.0 %  +/- 0.0 %  +/-40.8 %  +/- 0.0 %  +/- 0.0 %
 115   0.00E+00   0.00E+00   0.00E+00   0.00E+00   5.65E-08   4.41E+01   0.00E+00   0.00E+00   1.75E-05   0.00E+00   0.00E+00
      +/- 0.0 %  +/- 0.0 %  +/- 0.0 %  +/- 0.0 %  +/-17.6 %  +/- 5.3 %  +/- 0.0 %  +/- 0.0 %  +/-61.2 %  +/- 0.0 %  +/- 0.0 %
 114   0.00E+00   0.00E+00   0.00E+00   0.00E+00   0.00E+00   0.00E+00   4.71E-01   0.00E+00   0.00E+00   0.00E+00   0.00E+00
      +/- 0.0 %  +/- 0.0 %  +/- 0.0 %  +/- 0.0 %  +/- 0.0 %  +/- 0.0 %  +/-25.5 %  +/- 0.0 %  +/- 0.0 %  +/- 0.0 %  +/- 0.0 %
 113   0.00E+00   0.00E+00   0.00E+00   0.00E+00   1.13E+02   0.00E+00   0.00E+00   0.00E+00   0.00E+00   0.00E+00   0.00E+00
      +/- 0.0 %  +/- 0.0 %  +/- 0.0 %  +/- 0.0 %  +/- 5.0 %  +/- 0.0 %  +/- 0.0 %  +/- 0.0 %  +/- 0.0 %  +/- 0.0 %  +/- 0.0 %
 112   0.00E+00   0.00E+00   0.00E+00   7.12E+01   1.35E+02   0.00E+00   5.36E-08   0.00E+00   0.00E+00   0.00E+00   0.00E+00
      +/- 0.0 %  +/- 0.0 %  +/- 0.0 %  +/-12.4 %  +/- 7.8 %  +/- 0.0 %  +/-61.2 %  +/- 0.0 %  +/- 0.0 %  +/- 0.0 %  +/- 0.0 %
 111   0.00E+00   0.00E+00   0.00E+00   4.26E-06   3.49E+01   0.00E+00   1.39E+00   0.00E+00   0.00E+00   0.00E+00   0.00E+00
      +/- 0.0 %  +/- 0.0 %  +/- 0.0 %  +/- 7.6 %  +/- 4.5 %  +/- 0.0 %  +/-61.2 %  +/- 0.0 %  +/- 0.0 %  +/- 0.0 %  +/- 0.0 %
 110   0.00E+00   0.00E+00   0.00E+00   0.00E+00   4.11E-04   0.00E+00   9.92E-01   0.00E+00   0.00E+00   0.00E+00   0.00E+00
      +/- 0.0 %  +/- 0.0 %  +/- 0.0 %  +/- 0.0 %  +/-53.5 %  +/- 0.0 %  +/-99.0 %  +/- 0.0 %  +/- 0.0 %  +/- 0.0 %  +/- 0.0 %
 109   0.00E+00   0.00E+00   0.00E+00   2.68E+02   0.00E+00   1.19E-02   0.00E+00   0.00E+00   0.00E+00   0.00E+00   0.00E+00
      +/- 0.0 %  +/- 0.0 %  +/- 0.0 %  +/- 4.6 %  +/- 0.0 %  +/-31.6 %  +/- 0.0 %  +/- 0.0 %  +/- 0.0 %  +/- 0.0 %  +/- 0.0 %
 108   0.00E+00   5.52E-44   5.89E-44   0.00E+00   6.00E-06   0.00E+00   0.00E+00   0.00E+00   0.00E+00   0.00E+00   0.00E+00
      +/- 0.0 %  +/-12.1 %  +/-12.4 %  +/- 0.0 %  +/-31.6 %  +/- 0.0 %  +/- 0.0 %  +/- 0.0 %  +/- 0.0 %  +/- 0.0 %  +/- 0.0 %
 107   0.00E+00   0.00E+00   2.63E-06   1.91E-07   0.00E+00   1.13E+00   0.00E+00   0.00E+00   0.00E+00   0.00E+00   0.00E+00
      +/- 0.0 %  +/- 0.0 %  +/- 3.2 %  +/- 4.3 %  +/- 0.0 %  +/-99.0 %  +/- 0.0 %  +/- 0.0 %  +/- 0.0 %  +/- 0.0 %  +/- 0.0 %
 106   0.00E+00   6.11E-01   6.11E-01   0.00E+00   1.78E-07   0.00E+00   0.00E+00   0.00E+00   0.00E+00   0.00E+00   0.00E+00
      +/- 0.0 %  +/- 7.7 %  +/- 7.7 %  +/- 0.0 %  +/-40.8 %  +/- 0.0 %  +/- 0.0 %  +/- 0.0 %  +/- 0.0 %  +/- 0.0 %  +/- 0.0 %
 105   8.19E-25   2.46E+02   2.26E+02   0.00E+00   7.93E-02   0.00E+00   0.00E+00   0.00E+00   0.00E+00   0.00E+00   0.00E+00
      +/- 4.4 %  +/- 1.8 %  +/- 2.8 %  +/- 0.0 %  +/-40.8 %  +/- 0.0 %  +/- 0.0 %  +/- 0.0 %  +/- 0.0 %  +/- 0.0 %  +/- 0.0 %
 104   2.00E-08   0.00E+00   0.00E+00   0.00E+00   0.00E+00   0.00E+00   0.00E+00   0.00E+00   0.00E+00   0.00E+00   0.00E+00
      +/- 5.1 %  +/- 0.0 %  +/- 0.0 %  +/- 0.0 %  +/- 0.0 %  +/- 0.0 %  +/- 0.0 %  +/- 0.0 %  +/- 0.0 %  +/- 0.0 %  +/- 0.0 %
 103   0.00E+00   1.07E+01   0.00E+00   3.18E-01   0.00E+00   0.00E+00   0.00E+00   0.00E+00   0.00E+00   0.00E+00   0.00E+00
      +/- 0.0 %  +/- 6.1 %  +/- 0.0 %  +/-44.7 %  +/- 0.0 %  +/- 0.0 %  +/- 0.0 %  +/- 0.0 %  +/- 0.0 %  +/- 0.0 %  +/- 0.0 %
 102   1.52E-15   0.00E+00   5.31E-02   0.00E+00   0.00E+00   0.00E+00   0.00E+00   0.00E+00   0.00E+00   0.00E+00   0.00E+00
      +/- 9.3 %  +/- 0.0 %  +/-27.4 %  +/- 0.0 %  +/- 0.0 %  +/- 0.0 %  +/- 0.0 %  +/- 0.0 %  +/- 0.0 %  +/- 0.0 %  +/- 0.0 %
 101   6.89E-10   0.00E+00   4.58E-03   0.00E+00   0.00E+00   0.00E+00   0.00E+00   0.00E+00   0.00E+00   0.00E+00   0.00E+00
      +/-11.1 %  +/- 0.0 %  +/-54.7 %  +/- 0.0 %  +/- 0.0 %  +/- 0.0 %  +/- 0.0 %  +/- 0.0 %  +/- 0.0 %  +/- 0.0 %  +/- 0.0 %
 100   0.00E+00   0.00E+00   8.53E-01   0.00E+00   0.00E+00   0.00E+00   0.00E+00   0.00E+00   0.00E+00   0.00E+00   0.00E+00
      +/- 0.0 %  +/- 0.0 %  +/-99.0 %  +/- 0.0 %  +/- 0.0 %  +/- 0.0 %  +/- 0.0 %  +/- 0.0 %  +/- 0.0 %  +/- 0.0 %  +/- 0.0 %
  99   1.77E-06   0.00E+00   0.00E+00   0.00E+00   0.00E+00   0.00E+00   0.00E+00   0.00E+00   0.00E+00   0.00E+00   0.00E+00
      +/- 7.0 %  +/- 0.0 %  +/- 0.0 %  +/- 0.0 %  +/- 0.0 %  +/- 0.0 %  +/- 0.0 %  +/- 0.0 %  +/- 0.0 %  +/- 0.0 %  +/- 0.0 %
  98   3.95E-08   0.00E+00   0.00E+00   0.00E+00   0.00E+00   0.00E+00   0.00E+00   0.00E+00   0.00E+00   0.00E+00   0.00E+00
      +/-15.5 %  +/- 0.0 %  +/- 0.0 %  +/- 0.0 %  +/- 0.0 %  +/- 0.0 %  +/- 0.0 %  +/- 0.0 %  +/- 0.0 %  +/- 0.0 %  +/- 0.0 %
  97   1.08E-08   0.00E+00   0.00E+00   0.00E+00   0.00E+00   0.00E+00   0.00E+00   0.00E+00   0.00E+00   0.00E+00   0.00E+00
      +/-39.4 %  +/- 0.0 %  +/- 0.0 %  +/- 0.0 %  +/- 0.0 %  +/- 0.0 %  +/- 0.0 %  +/- 0.0 %  +/- 0.0 %  +/- 0.0 %  +/- 0.0 %
  96   1.42E+00   0.00E+00   0.00E+00   0.00E+00   0.00E+00   0.00E+00   0.00E+00   0.00E+00   0.00E+00   0.00E+00   0.00E+00
      +/-61.4 %  +/- 0.0 %  +/- 0.0 %  +/- 0.0 %  +/- 0.0 %  +/- 0.0 %  +/- 0.0 %  +/- 0.0 %  +/- 0.0 %  +/- 0.0 %  +/- 0.0 %
  95   3.49E+00   0.00E+00   0.00E+00   0.00E+00   0.00E+00   0.00E+00   0.00E+00   0.00E+00   0.00E+00   0.00E+00   0.00E+00
      +/-25.0 %  +/- 0.0 %  +/- 0.0 %  +/- 0.0 %  +/- 0.0 %  +/- 0.0 %  +/- 0.0 %  +/- 0.0 %  +/- 0.0 %  +/- 0.0 %  +/- 0.0 %

  A \ Z   32         33         34         35         36         37         38         39         40         41         42
 102   0.00E+00   0.00E+00   0.00E+00   0.00E+00   0.00E+00   0.00E+00   0.00E+00   0.00E+00   0.00E+00   0.00E+00   1.50E-15
      +/- 0.0 %  +/- 0.0 %  +/- 0.0 %  +/- 0.0 %  +/- 0.0 %  +/- 0.0 %  +/- 0.0 %  +/- 0.0 %  +/- 0.0 %  +/- 0.0 %  +/- 9.3 %
 101   0.00E+00   0.00E+00   0.00E+00   0.00E+00   0.00E+00   0.00E+00   0.00E+00   0.00E+00   0.00E+00   0.00E+00   2.97E-11
      +/- 0.0 %  +/- 0.0 %  +/- 0.0 %  +/- 0.0 %  +/- 0.0 %  +/- 0.0 %  +/- 0.0 %  +/- 0.0 %  +/- 0.0 %  +/- 0.0 %  +/-11.3 %
  99   0.00E+00   0.00E+00   0.00E+00   0.00E+00   0.00E+00   0.00E+00   0.00E+00   0.00E+00   0.00E+00   0.00E+00   1.39E+02
      +/- 0.0 %  +/- 0.0 %  +/- 0.0 %  +/- 0.0 %  +/- 0.0 %  +/- 0.0 %  +/- 0.0 %  +/- 0.0 %  +/- 0.0 %  +/- 0.0 %  +/- 4.3 %
  97   0.00E+00   0.00E+00   0.00E+00   0.00E+00   0.00E+00   0.00E+00   0.00E+00   0.00E+00   1.21E+02   1.36E+02   0.00E+00
      +/- 0.0 %  +/- 0.0 %  +/- 0.0 %  +/- 0.0 %  +/- 0.0 %  +/- 0.0 %  +/- 0.0 %  +/- 0.0 %  +/-14.0 %  +/-13.5 %  +/- 0.0 %
  96   0.00E+00   0.00E+00   0.00E+00   0.00E+00   0.00E+00   0.00E+00   0.00E+00   0.00E+00   0.00E+00   1.34E+02   0.00E+00
      +/- 0.0 %  +/- 0.0 %  +/- 0.0 %  +/- 0.0 %  +/- 0.0 %  +/- 0.0 %  +/- 0.0 %  +/- 0.0 %  +/- 0.0 %  +/- 8.3 %  +/- 0.0 %
  95   0.00E+00   0.00E+00   0.00E+00   0.00E+00   0.00E+00   0.00E+00   0.00E+00   1.67E-17   5.29E+00   2.53E+00   0.00E+00
      +/- 0.0 %  +/- 0.0 %  +/- 0.0 %  +/- 0.0 %  +/- 0.0 %  +/- 0.0 %  +/- 0.0 %  +/- 9.8 %  +/- 3.5 %  +/- 8.0 %  +/- 0.0 %
  94   0.00E+00   0.00E+00   0.00E+00   0.00E+00   0.00E+00   0.00E+00   0.00E+00   3.51E-08   0.00E+00   1.08E-05   0.00E+00
      +/- 0.0 %  +/- 0.0 %  +/- 0.0 %  +/- 0.0 %  +/- 0.0 %  +/- 0.0 %  +/- 0.0 %  +/- 4.2 %  +/- 0.0 %  +/-12.2 %  +/- 0.0 %
  93   0.00E+00   0.00E+00   0.00E+00   0.00E+00   0.00E+00   0.00E+00   7.30E-26   2.68E+02   6.02E-07   0.00E+00   5.29E-06
      +/- 0.0 %  +/- 0.0 %  +/- 0.0 %  +/- 0.0 %  +/- 0.0 %  +/- 0.0 %  +/-19.6 %  +/-10.3 %  +/- 3.5 %  +/- 0.0 %  +/-48.4 %
  92   0.00E+00   0.00E+00   0.00E+00   0.00E+00   0.00E+00   0.00E+00   5.79E+01   3.46E+02   0.00E+00   9.62E-10   0.00E+00
      +/- 0.0 %  +/- 0.0 %  +/- 0.0 %  +/- 0.0 %  +/- 0.0 %  +/- 0.0 %  +/-13.7 %  +/-11.0 %  +/- 0.0 %  +/-26.5 %  +/- 0.0 %
  91   0.00E+00   0.00E+00   0.00E+00   0.00E+00   0.00E+00   0.00E+00   2.05E+02   5.28E+00   0.00E+00   4.54E-06   0.00E+00
      +/- 0.0 %  +/- 0.0 %  +/- 0.0 %  +/- 0.0 %  +/- 0.0 %  +/- 0.0 %  +/- 9.6 %  +/- 3.5 %  +/- 0.0 %  +/-97.3 %  +/- 0.0 %
  90   0.00E+00   0.00E+00   0.00E+00   0.00E+00   0.00E+00   0.00E+00   2.67E-02   4.24E+01   0.00E+00   2.05E+00   0.00E+00
      +/- 0.0 %  +/- 0.0 %  +/- 0.0 %  +/- 0.0 %  +/- 0.0 %  +/- 0.0 %  +/- 7.3 %  +/- 9.7 %  +/- 0.0 %  +/-61.2 %  +/- 0.0 %
  89   0.00E+00   0.00E+00   0.00E+00   0.00E+00   0.00E+00   1.43E-10   7.12E+00   0.00E+00   2.07E+00   0.00E+00   0.00E+00
      +/- 0.0 %  +/- 0.0 %  +/- 0.0 %  +/- 0.0 %  +/- 0.0 %  +/- 8.4 %  +/- 5.8 %  +/- 0.0 %  +/-28.9 %  +/- 0.0 %  +/- 0.0 %
  88   0.00E+00   0.00E+00   0.00E+00   0.00E+00   2.81E+01   3.14E+01   0.00E+00   3.61E-01   0.00E+00   0.00E+00   0.00E+00
      +/- 0.0 %  +/- 0.0 %  +/- 0.0 %  +/- 0.0 %  +/- 9.7 %  +/- 9.7 %  +/- 0.0 %  +/-16.3 %  +/- 0.0 %  +/- 0.0 %  +/- 0.0 %
  87   0.00E+00   0.00E+00   0.00E+00   0.00E+00   2.82E+00   0.00E+00   0.00E+00   2.22E+00   0.00E+00   0.00E+00   0.00E+00
      +/- 0.0 %  +/- 0.0 %  +/- 0.0 %  +/- 0.0 %  +/- 6.3 %  +/- 0.0 %  +/- 0.0 %  +/-29.8 %  +/- 0.0 %  +/- 0.0 %  +/- 0.0 %
  86   0.00E+00   0.00E+00   0.00E+00   0.00E+00   0.00E+00   6.56E+00   0.00E+00   1.02E+00   0.00E+00   0.00E+00   0.00E+00
      +/- 0.0 %  +/- 0.0 %  +/- 0.0 %  +/- 0.0 %  +/- 0.0 %  +/- 9.2 %  +/- 0.0 %  +/-99.0 %  +/- 0.0 %  +/- 0.0 %  +/- 0.0 %
  85   0.00E+00   0.00E+00   0.00E+00   0.00E+00   2.78E-02   0.00E+00   6.54E-02   0.00E+00   0.00E+00   0.00E+00   0.00E+00
      +/- 0.0 %  +/- 0.0 %  +/- 0.0 %  +/- 0.0 %  +/- 7.9 %  +/- 0.0 %  +/-25.2 %  +/- 0.0 %  +/- 0.0 %  +/- 0.0 %  +/- 0.0 %
  84   0.00E+00   0.00E+00   0.00E+00   7.68E-04   0.00E+00   1.16E+00   0.00E+00   0.00E+00   0.00E+00   0.00E+00   0.00E+00
      +/- 0.0 %  +/- 0.0 %  +/- 0.0 %  +/- 6.1 %  +/- 0.0 %  +/-18.1 %  +/- 0.0 %  +/- 0.0 %  +/- 0.0 %  +/- 0.0 %  +/- 0.0 %
  83   0.00E+00   0.00E+00   2.45E-07   5.11E+01   0.00E+00   2.07E-01   6.32E-01   0.00E+00   0.00E+00   0.00E+00   0.00E+00
      +/- 0.0 %  +/- 0.0 %  +/-20.8 %  +/- 2.4 %  +/- 0.0 %  +/-30.2 %  +/-99.0 %  +/- 0.0 %  +/- 0.0 %  +/- 0.0 %  +/- 0.0 %
  82   0.00E+00   0.00E+00   0.00E+00   4.72E+01   0.00E+00   5.41E-02   4.29E-02   0.00E+00   0.00E+00   0.00E+00   0.00E+00
      +/- 0.0 %  +/- 0.0 %  +/- 0.0 %  +/-22.4 %  +/- 0.0 %  +/-91.6 %  +/-99.0 %  +/- 0.0 %  +/- 0.0 %  +/- 0.0 %  +/- 0.0 %
  81   0.00E+00   0.00E+00   2.42E-01   0.00E+00   1.28E-07   1.88E+00   0.00E+00   0.00E+00   0.00E+00   0.00E+00   0.00E+00
      +/- 0.0 %  +/- 0.0 %  +/-18.3 %  +/- 0.0 %  +/-22.2 %  +/-61.2 %  +/- 0.0 %  +/- 0.0 %  +/- 0.0 %  +/- 0.0 %  +/- 0.0 %
  80   0.00E+00   0.00E+00   0.00E+00   8.80E+00   0.00E+00   0.00E+00   0.00E+00   0.00E+00   0.00E+00   0.00E+00   0.00E+00
      +/- 0.0 %  +/- 0.0 %  +/- 0.0 %  +/-47.8 %  +/- 0.0 %  +/- 0.0 %  +/- 0.0 %  +/- 0.0 %  +/- 0.0 %  +/- 0.0 %  +/- 0.0 %
  79   0.00E+00   1.16E-20   1.17E-06   0.00E+00   1.19E+00   0.00E+00   0.00E+00   0.00E+00   0.00E+00   0.00E+00   0.00E+00
      +/- 0.0 %  +/- 7.4 %  +/- 7.9 %  +/- 0.0 %  +/-61.2 %  +/- 0.0 %  +/- 0.0 %  +/- 0.0 %  +/- 0.0 %  +/- 0.0 %  +/- 0.0 %
  78   2.11E+00   1.64E+01   0.00E+00   3.65E-31   0.00E+00   0.00E+00   0.00E+00   0.00E+00   0.00E+00   0.00E+00   0.00E+00
      +/-17.6 %  +/-17.4 %  +/- 0.0 %  +/-40.8 %  +/- 0.0 %  +/- 0.0 %  +/- 0.0 %  +/- 0.0 %  +/- 0.0 %  +/- 0.0 %  +/- 0.0 %
  77   3.07E+01   3.77E+01   0.00E+00   1.20E+00   0.00E+00   0.00E+00   0.00E+00   0.00E+00   0.00E+00   0.00E+00   0.00E+00
      +/-26.9 %  +/-15.6 %  +/- 0.0 %  +/-66.7 %  +/- 0.0 %  +/- 0.0 %  +/- 0.0 %  +/- 0.0 %  +/- 0.0 %  +/- 0.0 %  +/- 0.0 %
  76   0.00E+00   2.20E+01   0.00E+00   9.78E-01   0.00E+00   0.00E+00   0.00E+00   0.00E+00   0.00E+00   0.00E+00   0.00E+00
      +/- 0.0 %  +/-12.9 %  +/- 0.0 %  +/-99.0 %  +/- 0.0 %  +/- 0.0 %  +/- 0.0 %  +/- 0.0 %  +/- 0.0 %  +/- 0.0 %  +/- 0.0 %
  75   3.28E+00   0.00E+00   1.84E-02   0.00E+00   0.00E+00   0.00E+00   0.00E+00   0.00E+00   0.00E+00   0.00E+00   0.00E+00
      +/- 6.4 %  +/- 0.0 %  +/-61.2 %  +/- 0.0 %  +/- 0.0 %  +/- 0.0 %  +/- 0.0 %  +/- 0.0 %  +/- 0.0 %  +/- 0.0 %  +/- 0.0 %
  74   0.00E+00   4.26E-01   0.00E+00   0.00E+00   0.00E+00   0.00E+00   0.00E+00   0.00E+00   0.00E+00   0.00E+00   0.00E+00
      +/- 0.0 %  +/-17.5 %  +/- 0.0 %  +/- 0.0 %  +/- 0.0 %  +/- 0.0 %  +/- 0.0 %  +/- 0.0 %  +/- 0.0 %  +/- 0.0 %  +/- 0.0 %
  73   0.00E+00   9.57E-02   0.00E+00   0.00E+00   0.00E+00   0.00E+00   0.00E+00   0.00E+00   0.00E+00   0.00E+00   0.00E+00
      +/- 0.0 %  +/-36.4 %  +/- 0.0 %  +/- 0.0 %  +/- 0.0 %  +/- 0.0 %  +/- 0.0 %  +/- 0.0 %  +/- 0.0 %  +/- 0.0 %  +/- 0.0 %
  72   0.00E+00   7.39E-01   0.00E+00   0.00E+00   0.00E+00   0.00E+00   0.00E+00   0.00E+00   0.00E+00   0.00E+00   0.00E+00
      +/- 0.0 %  +/-99.0 %  +/- 0.0 %  +/- 0.0 %  +/- 0.0 %  +/- 0.0 %  +/- 0.0 %  +/- 0.0 %  +/- 0.0 %  +/- 0.0 %  +/- 0.0 %
  71   7.49E-01   0.00E+00   0.00E+00   0.00E+00   0.00E+00   0.00E+00   0.00E+00   0.00E+00   0.00E+00   0.00E+00   0.00E+00
      +/-42.4 %  +/- 0.0 %  +/- 0.0 %  +/- 0.0 %  +/- 0.0 %  +/- 0.0 %  +/- 0.0 %  +/- 0.0 %  +/- 0.0 %  +/- 0.0 %  +/- 0.0 %
  69   4.93E+00   0.00E+00   0.00E+00   0.00E+00   0.00E+00   0.00E+00   0.00E+00   0.00E+00   0.00E+00   0.00E+00   0.00E+00
      +/-20.8 %  +/- 0.0 %  +/- 0.0 %  +/- 0.0 %  +/- 0.0 %  +/- 0.0 %  +/- 0.0 %  +/- 0.0 %  +/- 0.0 %  +/- 0.0 %  +/- 0.0 %
  68   1.22E-02   0.00E+00   0.00E+00   0.00E+00   0.00E+00   0.00E+00   0.00E+00   0.00E+00   0.00E+00   0.00E+00   0.00E+00
      +/-66.7 %  +/- 0.0 %  +/- 0.0 %  +/- 0.0 %  +/- 0.0 %  +/- 0.0 %  +/- 0.0 %  +/- 0.0 %  +/- 0.0 %  +/- 0.0 %  +/- 0.0 %
  67   8.56E-10   0.00E+00   0.00E+00   0.00E+00   0.00E+00   0.00E+00   0.00E+00   0.00E+00   0.00E+00   0.00E+00   0.00E+00
      +/-40.8 %  +/- 0.0 %  +/- 0.0 %  +/- 0.0 %  +/- 0.0 %  +/- 0.0 %  +/- 0.0 %  +/- 0.0 %  +/- 0.0 %  +/- 0.0 %  +/- 0.0 %
  66   1.18E+00   0.00E+00   0.00E+00   0.00E+00   0.00E+00   0.00E+00   0.00E+00   0.00E+00   0.00E+00   0.00E+00   0.00E+00
      +/-25.0 %  +/- 0.0 %  +/- 0.0 %  +/- 0.0 %  +/- 0.0 %  +/- 0.0 %  +/- 0.0 %  +/- 0.0 %  +/- 0.0 %  +/- 0.0 %  +/- 0.0 %

  A \ Z   21         22         23         24         25         26         27         28         29         30         31
  74   0.00E+00   0.00E+00   0.00E+00   0.00E+00   0.00E+00   0.00E+00   0.00E+00   0.00E+00   0.00E+00   0.00E+00   1.29E-23
      +/- 0.0 %  +/- 0.0 %  +/- 0.0 %  +/- 0.0 %  +/- 0.0 %  +/- 0.0 %  +/- 0.0 %  +/- 0.0 %  +/- 0.0 %  +/- 0.0 %  +/-18.5 %
  73   0.00E+00   0.00E+00   0.00E+00   0.00E+00   0.00E+00   0.00E+00   0.00E+00   0.00E+00   0.00E+00   0.00E+00   5.12E+01
      +/- 0.0 %  +/- 0.0 %  +/- 0.0 %  +/- 0.0 %  +/- 0.0 %  +/- 0.0 %  +/- 0.0 %  +/- 0.0 %  +/- 0.0 %  +/- 0.0 %  +/- 7.8 %
  72   0.00E+00   0.00E+00   0.00E+00   0.00E+00   0.00E+00   0.00E+00   0.00E+00   0.00E+00   0.00E+00   1.24E+01   3.20E+01
      +/- 0.0 %  +/- 0.0 %  +/- 0.0 %  +/- 0.0 %  +/- 0.0 %  +/- 0.0 %  +/- 0.0 %  +/- 0.0 %  +/- 0.0 %  +/-23.1 %  +/-11.8 %
  71   0.00E+00   0.00E+00   0.00E+00   0.00E+00   0.00E+00   0.00E+00   0.00E+00   0.00E+00   0.00E+00   8.06E-03   0.00E+00
      +/- 0.0 %  +/- 0.0 %  +/- 0.0 %  +/- 0.0 %  +/- 0.0 %  +/- 0.0 %  +/- 0.0 %  +/- 0.0 %  +/- 0.0 %  +/-29.1 %  +/- 0.0 %
  70   0.00E+00   0.00E+00   0.00E+00   0.00E+00   0.00E+00   0.00E+00   0.00E+00   0.00E+00   0.00E+00   0.00E+00   4.98E-07
      +/- 0.0 %  +/- 0.0 %  +/- 0.0 %  +/- 0.0 %  +/- 0.0 %  +/- 0.0 %  +/- 0.0 %  +/- 0.0 %  +/- 0.0 %  +/- 0.0 %  +/-11.8 %
  69   0.00E+00   0.00E+00   0.00E+00   0.00E+00   0.00E+00   0.00E+00   0.00E+00   0.00E+00   0.00E+00   1.67E+03   0.00E+00
      +/- 0.0 %  +/- 0.0 %  +/- 0.0 %  +/- 0.0 %  +/- 0.0 %  +/- 0.0 %  +/- 0.0 %  +/- 0.0 %  +/- 0.0 %  +/- 4.1 %  +/- 0.0 %
  68   0.00E+00   0.00E+00   0.00E+00   0.00E+00   0.00E+00   0.00E+00   0.00E+00   0.00E+00   0.00E+00   0.00E+00   6.98E+01
      +/- 0.0 %  +/- 0.0 %  +/- 0.0 %  +/- 0.0 %  +/- 0.0 %  +/- 0.0 %  +/- 0.0 %  +/- 0.0 %  +/- 0.0 %  +/- 0.0 %  +/- 1.6 %
  67   0.00E+00   0.00E+00   0.00E+00   0.00E+00   0.00E+00   0.00E+00   0.00E+00   0.00E+00   3.72E+03   0.00E+00   2.79E+03
      +/- 0.0 %  +/- 0.0 %  +/- 0.0 %  +/- 0.0 %  +/- 0.0 %  +/- 0.0 %  +/- 0.0 %  +/- 0.0 %  +/- 0.9 %  +/- 0.0 %  +/- 1.8 %
  66   0.00E+00   0.00E+00   0.00E+00   0.00E+00   0.00E+00   0.00E+00   0.00E+00   1.05E+02   1.05E+02   0.00E+00   1.21E+04
      +/- 0.0 %  +/- 0.0 %  +/- 0.0 %  +/- 0.0 %  +/- 0.0 %  +/- 0.0 %  +/- 0.0 %  +/- 6.3 %  +/- 6.3 %  +/- 0.0 %  +/- 1.0 %
  65   0.00E+00   0.00E+00   0.00E+00   0.00E+00   0.00E+00   0.00E+00   0.00E+00   1.46E+03   0.00E+00   7.10E+02   2.90E-09
      +/- 0.0 %  +/- 0.0 %  +/- 0.0 %  +/- 0.0 %  +/- 0.0 %  +/- 0.0 %  +/- 0.0 %  +/- 1.3 %  +/- 0.0 %  +/- 0.2 %  +/- 0.8 %
  64   0.00E+00   0.00E+00   0.00E+00   0.00E+00   0.00E+00   0.00E+00   0.00E+00   0.00E+00   3.26E+05   0.00E+00   0.00E+00
      +/- 0.0 %  +/- 0.0 %  +/- 0.0 %  +/- 0.0 %  +/- 0.0 %  +/- 0.0 %  +/- 0.0 %  +/- 0.0 %  +/- 0.1 %  +/- 0.0 %  +/- 0.0 %
  63   0.00E+00   0.00E+00   0.00E+00   0.00E+00   0.00E+00   0.00E+00   0.00E+00   2.68E+00   0.00E+00   1.09E+01   0.00E+00
      +/- 0.0 %  +/- 0.0 %  +/- 0.0 %  +/- 0.0 %  +/- 0.0 %  +/- 0.0 %  +/- 0.0 %  +/- 0.5 %  +/- 0.0 %  +/- 0.3 %  +/- 0.0 %
  62   0.00E+00   0.00E+00   0.00E+00   0.00E+00   0.00E+00   0.00E+00   1.37E-13   0.00E+00   4.21E+04   4.14E+04   0.00E+00
      +/- 0.0 %  +/- 0.0 %  +/- 0.0 %  +/- 0.0 %  +/- 0.0 %  +/- 0.0 %  +/- 2.7 %  +/- 0.0 %  +/- 0.5 %  +/- 0.5 %  +/- 0.0 %
  61   0.00E+00   0.00E+00   0.00E+00   0.00E+00   0.00E+00   8.09E-33   9.68E+02   0.00E+00   1.25E+05   0.00E+00   0.00E+00
      +/- 0.0 %  +/- 0.0 %  +/- 0.0 %  +/- 0.0 %  +/- 0.0 %  +/-16.1 %  +/- 1.1 %  +/- 0.0 %  +/- 0.2 %  +/- 0.0 %  +/- 0.0 %
  60   0.00E+00   0.00E+00   0.00E+00   0.00E+00   0.00E+00   5.49E-07   1.71E+01   0.00E+00   1.36E-03   0.00E+00   0.00E+00
      +/- 0.0 %  +/- 0.0 %  +/- 0.0 %  +/- 0.0 %  +/- 0.0 %  +/- 2.8 %  +/- 0.8 %  +/- 0.0 %  +/- 0.4 %  +/- 0.0 %  +/- 0.0 %
  59   0.00E+00   0.00E+00   0.00E+00   0.00E+00   0.00E+00   4.58E+01   0.00E+00   8.43E-03   0.00E+00   0.00E+00   0.00E+00
      +/- 0.0 %  +/- 0.0 %  +/- 0.0 %  +/- 0.0 %  +/- 0.0 %  +/- 2.1 %  +/- 0.0 %  +/- 0.2 %  +/- 0.0 %  +/- 0.0 %  +/- 0.0 %
  58   0.00E+00   0.00E+00   0.00E+00   0.00E+00   0.00E+00   0.00E+00   1.77E+03   0.00E+00   0.00E+00   0.00E+00   0.00E+00
      +/- 0.0 %  +/- 0.0 %  +/- 0.0 %  +/- 0.0 %  +/- 0.0 %  +/- 0.0 %  +/- 0.3 %  +/- 0.0 %  +/- 0.0 %  +/- 0.0 %  +/- 0.0 %
  57   0.00E+00   0.00E+00   0.00E+00   0.00E+00   0.00E+00   0.00E+00   5.64E+02   4.34E+03   0.00E+00   0.00E+00   0.00E+00
      +/- 0.0 %  +/- 0.0 %  +/- 0.0 %  +/- 0.0 %  +/- 0.0 %  +/- 0.0 %  +/- 0.1 %  +/- 1.0 %  +/- 0.0 %  +/- 0.0 %  +/- 0.0 %
  56   0.00E+00   0.00E+00   0.00E+00   3.03E-33   2.19E+03   0.00E+00   6.80E+02   1.78E+02   0.00E+00   0.00E+00   0.00E+00
      +/- 0.0 %  +/- 0.0 %  +/- 0.0 %  +/-10.7 %  +/- 0.8 %  +/- 0.0 %  +/- 0.3 %  +/- 4.6 %  +/- 0.0 %  +/- 0.0 %  +/- 0.0 %
  55   0.00E+00   0.00E+00   0.00E+00   0.00E+00   0.00E+00   9.30E+01   5.28E+03   0.00E+00   0.00E+00   0.00E+00   0.00E+00
      +/- 0.0 %  +/- 0.0 %  +/- 0.0 %  +/- 0.0 %  +/- 0.0 %  +/- 0.3 %  +/- 1.9 %  +/- 0.0 %  +/- 0.0 %  +/- 0.0 %  +/- 0.0 %
  54   0.00E+00   0.00E+00   0.00E+00   0.00E+00   1.27E+02   0.00E+00   0.00E+00   0.00E+00   0.00E+00   0.00E+00   0.00E+00
      +/- 0.0 %  +/- 0.0 %  +/- 0.0 %  +/- 0.0 %  +/- 0.7 %  +/- 0.0 %  +/- 0.0 %  +/- 0.0 %  +/- 0.0 %  +/- 0.0 %  +/- 0.0 %
  53   0.00E+00   0.00E+00   0.00E+00   0.00E+00   3.52E-05   3.67E-20   0.00E+00   0.00E+00   0.00E+00   0.00E+00   0.00E+00
      +/- 0.0 %  +/- 0.0 %  +/- 0.0 %  +/- 0.0 %  +/- 0.3 %  +/- 1.3 %  +/- 0.0 %  +/- 0.0 %  +/- 0.0 %  +/- 0.0 %  +/- 0.0 %
  52   0.00E+00   0.00E+00   0.00E+00   0.00E+00   9.99E+02   7.36E+02   0.00E+00   0.00E+00   0.00E+00   0.00E+00   0.00E+00
      +/- 0.0 %  +/- 0.0 %  +/- 0.0 %  +/- 0.0 %  +/- 0.9 %  +/- 4.5 %  +/- 0.0 %  +/- 0.0 %  +/- 0.0 %  +/- 0.0 %  +/- 0.0 %
  51   0.00E+00   2.56E-34   0.00E+00   7.90E+02   1.97E+00   0.00E+00   0.00E+00   0.00E+00   0.00E+00   0.00E+00   0.00E+00
      +/- 0.0 %  +/-25.3 %  +/- 0.0 %  +/- 0.6 %  +/- 1.9 %  +/- 0.0 %  +/- 0.0 %  +/- 0.0 %  +/- 0.0 %  +/- 0.0 %  +/- 0.0 %
  49   1.03E-01   0.00E+00   3.29E+01   6.45E-01   0.00E+00   0.00E+00   0.00E+00   0.00E+00   0.00E+00   0.00E+00   0.00E+00
      +/-24.4 %  +/- 0.0 %  +/- 1.1 %  +/- 0.9 %  +/- 0.0 %  +/- 0.0 %  +/- 0.0 %  +/- 0.0 %  +/- 0.0 %  +/- 0.0 %  +/- 0.0 %
  48   6.16E+01   0.00E+00   3.21E+02   1.35E+02   0.00E+00   0.00E+00   0.00E+00   0.00E+00   0.00E+00   0.00E+00   0.00E+00
      +/- 9.8 %  +/- 0.0 %  +/- 1.2 %  +/-10.5 %  +/- 0.0 %  +/- 0.0 %  +/- 0.0 %  +/- 0.0 %  +/- 0.0 %  +/- 0.0 %  +/- 0.0 %
  47   1.34E+02   0.00E+00   8.51E-03   0.00E+00   0.00E+00   0.00E+00   0.00E+00   0.00E+00   0.00E+00   0.00E+00   0.00E+00
      +/- 5.2 %  +/- 0.0 %  +/- 3.7 %  +/- 0.0 %  +/- 0.0 %  +/- 0.0 %  +/- 0.0 %  +/- 0.0 %  +/- 0.0 %  +/- 0.0 %  +/- 0.0 %
  46   1.11E+01   0.00E+00   0.00E+00   0.00E+00   0.00E+00   0.00E+00   0.00E+00   0.00E+00   0.00E+00   0.00E+00   0.00E+00
      +/- 2.7 %  +/- 0.0 %  +/- 0.0 %  +/- 0.0 %  +/- 0.0 %  +/- 0.0 %  +/- 0.0 %  +/- 0.0 %  +/- 0.0 %  +/- 0.0 %  +/- 0.0 %
  45   0.00E+00   4.59E+02   0.00E+00   0.00E+00   0.00E+00   0.00E+00   0.00E+00   0.00E+00   0.00E+00   0.00E+00   0.00E+00
      +/- 0.0 %  +/- 4.7 %  +/- 0.0 %  +/- 0.0 %  +/- 0.0 %  +/- 0.0 %  +/- 0.0 %  +/- 0.0 %  +/- 0.0 %  +/- 0.0 %  +/- 0.0 %
  44   6.83E+02   8.02E-03   0.00E+00   0.00E+00   0.00E+00   0.00E+00   0.00E+00   0.00E+00   0.00E+00   0.00E+00   0.00E+00
      +/- 3.1 %  +/-12.4 %  +/- 0.0 %  +/- 0.0 %  +/- 0.0 %  +/- 0.0 %  +/- 0.0 %  +/- 0.0 %  +/- 0.0 %  +/- 0.0 %  +/- 0.0 %
  43   1.58E+02   0.00E+00   0.00E+00   0.00E+00   0.00E+00   0.00E+00   0.00E+00   0.00E+00   0.00E+00   0.00E+00   0.00E+00
      +/-12.7 %  +/- 0.0 %  +/- 0.0 %  +/- 0.0 %  +/- 0.0 %  +/- 0.0 %  +/- 0.0 %  +/- 0.0 %  +/- 0.0 %  +/- 0.0 %  +/- 0.0 %

  A \ Z   10         11         12         13         14         15         16         17         18         19         20
  47   0.00E+00   0.00E+00   0.00E+00   0.00E+00   0.00E+00   0.00E+00   0.00E+00   0.00E+00   0.00E+00   0.00E+00   4.51E-01
      +/- 0.0 %  +/- 0.0 %  +/- 0.0 %  +/- 0.0 %  +/- 0.0 %  +/- 0.0 %  +/- 0.0 %  +/- 0.0 %  +/- 0.0 %  +/- 0.0 %  +/-61.2 %
  45   0.00E+00   0.00E+00   0.00E+00   0.00E+00   0.00E+00   0.00E+00   0.00E+00   0.00E+00   0.00E+00   1.20E-10   7.92E-01
      +/- 0.0 %  +/- 0.0 %  +/- 0.0 %  +/- 0.0 %  +/- 0.0 %  +/- 0.0 %  +/- 0.0 %  +/- 0.0 %  +/- 0.0 %  +/-61.2 %  +/- 7.7 %
  44   0.00E+00   0.00E+00   0.00E+00   0.00E+00   0.00E+00   0.00E+00   0.00E+00   0.00E+00   0.00E+00   6.90E-08   0.00E+00
      +/- 0.0 %  +/- 0.0 %  +/- 0.0 %  +/- 0.0 %  +/- 0.0 %  +/- 0.0 %  +/- 0.0 %  +/- 0.0 %  +/- 0.0 %  +/-48.6 %  +/- 0.0 %
  43   0.00E+00   0.00E+00   0.00E+00   0.00E+00   0.00E+00   0.00E+00   0.00E+00   0.00E+00   0.00E+00   3.02E+01   0.00E+00
      +/- 0.0 %  +/- 0.0 %  +/- 0.0 %  +/- 0.0 %  +/- 0.0 %  +/- 0.0 %  +/- 0.0 %  +/- 0.0 %  +/- 0.0 %  +/-21.2 %  +/- 0.0 %
  42   0.00E+00   0.00E+00   0.00E+00   0.00E+00   0.00E+00   0.00E+00   0.00E+00   0.00E+00   9.18E-05   9.95E+01   0.00E+00
      +/- 0.0 %  +/- 0.0 %  +/- 0.0 %  +/- 0.0 %  +/- 0.0 %  +/- 0.0 %  +/- 0.0 %  +/- 0.0 %  +/-99.0 %  +/-10.2 %  +/- 0.0 %
  41   0.00E+00   0.00E+00   0.00E+00   0.00E+00   0.00E+00   0.00E+00   0.00E+00   0.00E+00   1.22E+00   0.00E+00   9.02E-06
      +/- 0.0 %  +/- 0.0 %  +/- 0.0 %  +/- 0.0 %  +/- 0.0 %  +/- 0.0 %  +/- 0.0 %  +/- 0.0 %  +/-37.5 %  +/- 0.0 %  +/- 4.1 %
  39   0.00E+00   0.00E+00   0.00E+00   0.00E+00   0.00E+00   0.00E+00   0.00E+00   1.18E-02   1.38E-03   0.00E+00   0.00E+00
      +/- 0.0 %  +/- 0.0 %  +/- 0.0 %  +/- 0.0 %  +/- 0.0 %  +/- 0.0 %  +/- 0.0 %  +/-66.7 %  +/- 7.5 %  +/- 0.0 %  +/- 0.0 %
  38   0.00E+00   0.00E+00   0.00E+00   0.00E+00   0.00E+00   0.00E+00   0.00E+00   8.38E-04   0.00E+00   1.70E-26   0.00E+00
      +/- 0.0 %  +/- 0.0 %  +/- 0.0 %  +/- 0.0 %  +/- 0.0 %  +/- 0.0 %  +/- 0.0 %  +/-15.4 %  +/- 0.0 %  +/-61.2 %  +/- 0.0 %
  37   0.00E+00   0.00E+00   0.00E+00   0.00E+00   0.00E+00   0.00E+00   0.00E+00   0.00E+00   2.87E+00   0.00E+00   0.00E+00
      +/- 0.0 %  +/- 0.0 %  +/- 0.0 %  +/- 0.0 %  +/- 0.0 %  +/- 0.0 %  +/- 0.0 %  +/- 0.0 %  +/-10.1 %  +/- 0.0 %  +/- 0.0 %
  36   0.00E+00   0.00E+00   0.00E+00   0.00E+00   0.00E+00   0.00E+00   0.00E+00   1.42E-06   0.00E+00   0.00E+00   0.00E+00
      +/- 0.0 %  +/- 0.0 %  +/- 0.0 %  +/- 0.0 %  +/- 0.0 %  +/- 0.0 %  +/- 0.0 %  +/- 5.8 %  +/- 0.0 %  +/- 0.0 %  +/- 0.0 %
  35   0.00E+00   0.00E+00   0.00E+00   0.00E+00   0.00E+00   0.00E+00   3.52E-01   0.00E+00   0.00E+00   0.00E+00   0.00E+00
      +/- 0.0 %  +/- 0.0 %  +/- 0.0 %  +/- 0.0 %  +/- 0.0 %  +/- 0.0 %  +/-14.5 %  +/- 0.0 %  +/- 0.0 %  +/- 0.0 %  +/- 0.0 %
  34   0.00E+00   0.00E+00   0.00E+00   0.00E+00   0.00E+00   0.00E+00   0.00E+00   3.71E-06   0.00E+00   0.00E+00   0.00E+00
      +/- 0.0 %  +/- 0.0 %  +/- 0.0 %  +/- 0.0 %  +/- 0.0 %  +/- 0.0 %  +/- 0.0 %  +/-99.0 %  +/- 0.0 %  +/- 0.0 %  +/- 0.0 %
  33   0.00E+00   0.00E+00   0.00E+00   0.00E+00   0.00E+00   9.44E-01   0.00E+00   0.00E+00   0.00E+00   0.00E+00   0.00E+00
      +/- 0.0 %  +/- 0.0 %  +/- 0.0 %  +/- 0.0 %  +/- 0.0 %  +/-30.2 %  +/- 0.0 %  +/- 0.0 %  +/- 0.0 %  +/- 0.0 %  +/- 0.0 %
  32   0.00E+00   0.00E+00   0.00E+00   0.00E+00   0.00E+00   2.19E+00   0.00E+00   0.00E+00   0.00E+00   0.00E+00   0.00E+00
      +/- 0.0 %  +/- 0.0 %  +/- 0.0 %  +/- 0.0 %  +/- 0.0 %  +/-23.4 %  +/- 0.0 %  +/- 0.0 %  +/- 0.0 %  +/- 0.0 %  +/- 0.0 %
  31   0.00E+00   0.00E+00   0.00E+00   0.00E+00   1.27E+00   0.00E+00   0.00E+00   0.00E+00   0.00E+00   0.00E+00   0.00E+00
      +/- 0.0 %  +/- 0.0 %  +/- 0.0 %  +/- 0.0 %  +/-66.7 %  +/- 0.0 %  +/- 0.0 %  +/- 0.0 %  +/- 0.0 %  +/- 0.0 %  +/- 0.0 %
  29   0.00E+00   0.00E+00   0.00E+00   6.56E-31   0.00E+00   0.00E+00   0.00E+00   0.00E+00   0.00E+00   0.00E+00   0.00E+00
      +/- 0.0 %  +/- 0.0 %  +/- 0.0 %  +/-66.7 %  +/- 0.0 %  +/- 0.0 %  +/- 0.0 %  +/- 0.0 %  +/- 0.0 %  +/- 0.0 %  +/- 0.0 %
  27   0.00E+00   0.00E+00   4.05E-21   0.00E+00   0.00E+00   0.00E+00   0.00E+00   0.00E+00   0.00E+00   0.00E+00   0.00E+00
      +/- 0.0 %  +/- 0.0 %  +/-61.2 %  +/- 0.0 %  +/- 0.0 %  +/- 0.0 %  +/- 0.0 %  +/- 0.0 %  +/- 0.0 %  +/- 0.0 %  +/- 0.0 %
  24   0.00E+00   1.72E+01   0.00E+00   0.00E+00   0.00E+00   0.00E+00   0.00E+00   0.00E+00   0.00E+00   0.00E+00   0.00E+00
      +/- 0.0 %  +/-15.0 %  +/- 0.0 %  +/- 0.0 %  +/- 0.0 %  +/- 0.0 %  +/- 0.0 %  +/- 0.0 %  +/- 0.0 %  +/- 0.0 %  +/- 0.0 %
  22   0.00E+00   1.28E-02   0.00E+00   0.00E+00   0.00E+00   0.00E+00   0.00E+00   0.00E+00   0.00E+00   0.00E+00   0.00E+00
      +/- 0.0 %  +/-36.4 %  +/- 0.0 %  +/- 0.0 %  +/- 0.0 %  +/- 0.0 %  +/- 0.0 %  +/- 0.0 %  +/- 0.0 %  +/- 0.0 %  +/- 0.0 %

  A \ Z    1          2          3          4          5          6          7          8          9
  18   0.00E+00   0.00E+00   0.00E+00   0.00E+00   0.00E+00   0.00E+00   0.00E+00   0.00E+00   5.67E+00
      +/- 0.0 %  +/- 0.0 %  +/- 0.0 %  +/- 0.0 %  +/- 0.0 %  +/- 0.0 %  +/- 0.0 %  +/- 0.0 %  +/-13.9 %
  14   0.00E+00   0.00E+00   0.00E+00   0.00E+00   0.00E+00   9.23E-05   0.00E+00   0.00E+00   0.00E+00
      +/- 0.0 %  +/- 0.0 %  +/- 0.0 %  +/- 0.0 %  +/- 0.0 %  +/- 9.3 %  +/- 0.0 %  +/- 0.0 %  +/- 0.0 %
  13   0.00E+00   0.00E+00   0.00E+00   0.00E+00   0.00E+00   0.00E+00   1.38E-18   0.00E+00   0.00E+00
      +/- 0.0 %  +/- 0.0 %  +/- 0.0 %  +/- 0.0 %  +/- 0.0 %  +/- 0.0 %  +/-10.9 %  +/- 0.0 %  +/- 0.0 %
  11   0.00E+00   0.00E+00   0.00E+00   0.00E+00   0.00E+00   5.69E-07   0.00E+00   0.00E+00   0.00E+00
      +/- 0.0 %  +/- 0.0 %  +/- 0.0 %  +/- 0.0 %  +/- 0.0 %  +/- 4.5 %  +/- 0.0 %  +/- 0.0 %  +/- 0.0 %
  10   0.00E+00   0.00E+00   0.00E+00   5.14E-07   0.00E+00   0.00E+00   0.00E+00   0.00E+00   0.00E+00
      +/- 0.0 %  +/- 0.0 %  +/- 0.0 %  +/- 3.5 %  +/- 0.0 %  +/- 0.0 %  +/- 0.0 %  +/- 0.0 %  +/- 0.0 %
   7   0.00E+00   0.00E+00   0.00E+00   1.74E+01   0.00E+00   0.00E+00   0.00E+00   0.00E+00   0.00E+00
      +/- 0.0 %  +/- 0.0 %  +/- 0.0 %  +/- 2.7 %  +/- 0.0 %  +/- 0.0 %  +/- 0.0 %  +/- 0.0 %  +/- 0.0 %
   3   3.00E+01   0.00E+00   0.00E+00   0.00E+00   0.00E+00   0.00E+00   0.00E+00   0.00E+00   0.00E+00
      +/- 0.3 %  +/- 0.0 %  +/- 0.0 %  +/- 0.0 %  +/- 0.0 %  +/- 0.0 %  +/- 0.0 %  +/- 0.0 %  +/- 0.0 %


  **** Isomers (Bq/cmc)     ****
      A        Z       mth
       34      17       1    8.31E-06 +/- 99.0 %
       44      21       1    7.99E-03 +/- 12.4 %
       44      21       2    5.10E+01 +/- 14.0 %
       45      21       1    1.06E-01 +/-  4.7 %
       52      25       1    7.69E+02 +/-  4.5 %
       58      27       1    5.37E+04 +/-  0.5 %
       60      27       1    5.49E-07 +/-  2.8 %
       62      27       1    2.44E-11 +/-  2.7 %
       65      30       1    9.18E-10 +/-  0.8 %
       67      30       1    3.14E+03 +/-  1.0 %
       69      30       1    1.52E+03 +/-  4.2 %
       71      30       1    1.60E+01 +/- 29.1 %
       72      31       1    3.89E-01 +/- 23.1 %
       73      32       1    5.10E+01 +/-  7.8 %
       73      32       2    5.03E+01 +/-  7.8 %
       75      33       1    6.70E-04 +/- 61.1 %
       77      33       1    1.02E+01 +/- 26.9 %
       77      34       1    1.43E-01 +/-  7.3 %
       79      34       1    2.00E-20 +/-  7.4 %
       80      35       1    8.21E+00 +/- 47.8 %
       81      34       1    1.64E-01 +/- 18.3 %
       81      35       1    8.28E-05 +/- 18.3 %
       81      36       1    1.79E+00 +/- 61.2 %
       82      37       1    3.39E+00 +/- 66.7 %
       83      36       1    1.48E+02 +/-  2.2 %
       83      37       1    4.14E-01 +/- 99.0 %
       84      37       1    2.04E-08 +/- 39.6 %
       85      36       1    1.15E+02 +/- 10.0 %
       85      37       1    6.29E-02 +/- 25.2 %
       85      38       1    1.46E-02 +/- 99.0 %
       87      38       1    2.02E+01 +/- 18.2 %
       87      39       1    3.19E+00 +/- 66.7 %
       89      39       1    2.07E+00 +/- 28.9 %
       90      39       1    1.96E+01 +/- 15.3 %
       90      40       1    2.01E+00 +/- 61.2 %
       91      39       1    1.32E+02 +/-  9.6 %
       91      41       1    7.21E-02 +/- 25.0 %
       92      41       1    7.35E-01 +/- 28.6 %
       93      39       1    2.44E-26 +/- 19.6 %
       93      41       1    3.93E-03 +/- 25.4 %
       95      41       1    2.67E+01 +/- 17.1 %
       96      43       1    1.91E-03 +/- 99.0 %
       97      41       1    1.15E+02 +/- 14.0 %
       97      43       1    6.04E-02 +/- 44.7 %
       99      43       1    1.18E+02 +/-  5.1 %
      101      43       1    6.87E-12 +/- 11.3 %
      101      45       1    4.69E-01 +/- 61.2 %
      102      45       1    6.46E-03 +/- 37.5 %
      103      45       1    1.10E+01 +/-  5.0 %
      105      45       1    7.08E+01 +/-  1.8 %
      105      46       1    3.40E-04 +/- 40.8 %
      105      47       1    4.58E-28 +/- 61.2 %
      106      45       1    2.95E+01 +/- 14.9 %
      106      47       1    1.28E-01 +/- 99.0 %
      107      47       1    1.13E+00 +/- 99.0 %
      108      47       1    6.90E-05 +/- 31.6 %
      109      47       1    2.68E+02 +/-  4.6 %
      110      47       1    3.09E-02 +/- 53.5 %
      110      49       1    1.68E-02 +/- 99.0 %
      111      47       1    4.44E-06 +/-  7.6 %
      111      48       1    1.18E-03 +/- 92.6 %
      111      49       1    1.45E-26 +/- 99.0 %
      112      49       1    1.50E-08 +/- 61.2 %
      113      48       1    4.63E-03 +/- 35.0 %
      113      49       1    1.27E+00 +/- 33.9 %
      114      49       1    4.87E-01 +/- 25.5 %
      115      48       1    2.55E-01 +/- 24.9 %
      115      49       1    6.58E+01 +/-  5.9 %
      115      50       1    1.33E-07 +/- 61.2 %
      116      49       1    1.07E-01 +/- 26.1 %
      117      48       1    1.27E+01 +/- 22.3 %
      117      49       1    2.51E+01 +/- 18.8 %
      117      50       1    4.04E-01 +/- 30.2 %
      118      51       2    1.00E+00 +/- 99.0 %
      119      49       1    2.11E-09 +/- 16.6 %
      119      50       1    2.13E-02 +/- 30.3 %
      120      50       1    3.61E-01 +/- 61.2 %
      120      51       1    3.61E-01 +/- 61.2 %
      121      50       1    9.31E-04 +/- 23.0 %
      121      52       1    3.35E-02 +/- 54.8 %
      123      50       1    1.84E-03 +/- 31.1 %
      123      52       1    3.69E-02 +/- 46.8 %
      124      51       1    3.16E-09 +/- 61.2 %
      124      51       2    2.92E-09 +/- 61.2 %
      125      50       1    5.67E-21 +/- 99.0 %
      125      52       1    1.15E-01 +/- 48.6 %
      127      52       1    3.55E-04 +/- 40.8 %
      127      54       1    5.57E-04 +/- 99.0 %
      128      51       1    2.29E-19 +/- 99.0 %
      131      54       1    1.81E-01 +/- 61.2 %
      133      54       1    1.29E+00 +/- 66.5 %
      133      56       1    1.10E+00 +/- 99.0 %
      134      55       1    1.04E+00 +/- 61.2 %
      136      56       1    9.39E-03 +/- 99.0 %
      137      56       1    9.51E-05 +/- 99.0 %
      139      58       1    1.50E-04 +/- 99.0 %
      144      59       1    3.39E-05 +/- 61.2 %
      149      61       1    7.01E-04 +/- 99.0 %
      173      71       1    2.45E+00 +/- 66.6 %
      175      71       1    1.88E-05 +/- 99.0 %
      175      72       1    7.16E-02 +/- 99.0 %
      177      73       1    4.20E-05 +/- 46.7 %
      178      73       1    5.04E-02 +/- 99.0 %
      179      73       1    3.04E-04 +/- 61.2 %
      179      74       1    6.62E-10 +/- 63.2 %
      181      73       1    1.44E-02 +/- 45.7 %
      181      74       1    5.52E+00 +/- 45.9 %
      182      75       1    6.94E+00 +/- 20.7 %
      183      76       1    1.43E+01 +/- 28.5 %
      184      77       1    3.16E-10 +/- 13.4 %
      185      78       1    1.04E-04 +/- 25.0 %
      185      79       1    3.09E-30 +/- 99.0 %
      187      76       1    3.45E-01 +/-  7.4 %
      187      77       1    3.14E+00 +/-  7.1 %
      187      78       1    1.38E-24 +/- 10.4 %
      189      76       1    6.12E-01 +/-  4.8 %
      189      77       1    2.86E+01 +/-  4.9 %
      189      79       1    2.25E-21 +/-  9.5 %
      189      80       1    1.27E-21 +/-  9.5 %
      191      77       1    3.19E+00 +/-  2.6 %
      191      78       1    1.01E+02 +/-  3.0 %
      191      78       2    6.41E+01 +/-  3.0 %
      191      79       1    1.25E-01 +/-  3.6 %
      191      80       1    1.40E-01 +/-  3.6 %
      193      78       1    2.51E-01 +/- 93.8 %
      193      79       1    2.55E+02 +/-  3.2 %
      193      80       1    2.08E+02 +/-  4.3 %
      194      81       1    9.66E-04 +/- 11.9 %
      195      78       1    2.52E-01 +/- 99.0 %
      195      79       1    1.60E+02 +/-  2.4 %
      195      80       1    8.49E+01 +/-  8.3 %
      195      81       1    3.23E-10 +/-  2.5 %
      195      82       1    3.21E-10 +/-  2.5 %
      196      81       1    3.12E+01 +/-  4.4 %
      197      79       1    3.03E+01 +/- 12.3 %
      197      80       1    5.80E+01 +/- 12.3 %
      197      81       1    7.31E-01 +/-  1.9 %
      197      82       1    8.70E-01 +/-  1.9 %
      198      81       1    1.34E+02 +/-  1.5 %
      198      83       1    6.33E-14 +/-  1.3 %
      199      80       1    8.05E-03 +/- 11.2 %
      199      82       1    9.11E-13 +/-  1.9 %
      199      83       1    1.45E-04 +/-  1.4 %
      200      83       1    1.94E-02 +/-  1.2 %
      201      82       1    2.21E+02 +/-  1.9 %
      201      83       1    1.89E+01 +/-  1.2 %
      202      81       1    6.73E+01 +/-  1.9 %
      202      82       1    7.08E+02 +/-  1.9 %
      203      82       1    1.91E+03 +/-  1.0 %
      204      82       1    5.72E+02 +/-  0.6 %
      205      82       1    1.61E+01 +/-  1.9 %
      205      82       2    6.04E+01 +/-  1.9 %
      205      83       1    1.28E-02 +/- 61.2 %
      206      82       1    3.19E+02 +/-  0.6 %
      206      83       1    2.26E-01 +/- 61.2 %
      207      82       1    2.21E-01 +/-  2.3 %
      210      83       1    9.94E-10 +/- 99.0 %

