# Detector n:     1  
cool16    
# A/Z Isotopes:
  210   76   0.000       0.000    
  210   77   0.000       0.000    
  210   78   0.000       0.000    
  210   79   0.000       0.000    
  210   80   0.000       0.000    
  210   81   0.000       0.000    
  210   82   0.000       0.000    
  210   83   0.000       0.000    
  210   84  7.1113E-02   99.00    
  210   85   0.000       0.000    
  210   86   0.000       0.000    
  209   76   0.000       0.000    
  209   77   0.000       0.000    
  209   78   0.000       0.000    
  209   79   0.000       0.000    
  209   80   0.000       0.000    
  209   81   0.000       0.000    
  209   82  1.0633E-08   6.629    
  209   83   0.000       0.000    
  209   84   0.000       0.000    
  209   85   0.000       0.000    
  209   86   0.000       0.000    
  208   76   0.000       0.000    
  208   77   0.000       0.000    
  208   78   0.000       0.000    
  208   79   0.000       0.000    
  208   80   0.000       0.000    
  208   81   0.000       0.000    
  208   82   0.000       0.000    
  208   83  5.3495E-05   4.270    
  208   84  2.6793E-02   61.24    
  208   85   0.000       0.000    
  208   86   0.000       0.000    
  207   76   0.000       0.000    
  207   77   0.000       0.000    
  207   78   0.000       0.000    
  207   79   0.000       0.000    
  207   80   0.000       0.000    
  207   81   0.000       0.000    
  207   82   0.000       0.000    
  207   83   3.481       1.735    
  207   84  1.6135E-06   99.00    
  207   85   0.000       0.000    
  207   86   0.000       0.000    
  206   76   0.000       0.000    
  206   77   0.000       0.000    
  206   78   0.000       0.000    
  206   79   0.000       0.000    
  206   80   0.000       0.000    
  206   81   0.000       0.000    
  206   82   0.000       0.000    
  206   83   342.9       1.243    
  206   84  0.1801       61.24    
  206   85   0.000       0.000    
  206   86   0.000       0.000    
  205   76   0.000       0.000    
  205   77   0.000       0.000    
  205   78   0.000       0.000    
  205   79   0.000       0.000    
  205   80   0.000       0.000    
  205   81   0.000       0.000    
  205   82  6.8585E-05  0.6652    
  205   83   699.5      0.9155    
  205   84   0.000       0.000    
  205   85   0.000       0.000    
  205   86   0.000       0.000    
  204   76   0.000       0.000    
  204   77   0.000       0.000    
  204   78   0.000       0.000    
  204   79   0.000       0.000    
  204   80   0.000       0.000    
  204   81   22.39       1.704    
  204   82   0.000       0.000    
  204   83   1.797       1.646    
  204   84  6.9746E-10   61.24    
  204   85   0.000       0.000    
  204   86   0.000       0.000    
  203   76   0.000       0.000    
  203   77   0.000       0.000    
  203   78   0.000       0.000    
  203   79   0.000       0.000    
  203   80   10.10       10.43    
  203   81   0.000       0.000    
  203   82   870.4      0.7253    
  203   83   2.903       1.504    
  203   84   0.000       0.000    
  203   85   0.000       0.000    
  203   86   0.000       0.000    
  202   76   0.000       0.000    
  202   77   0.000       0.000    
  202   78   0.000       0.000    
  202   79   0.000       0.000    
  202   80   0.000       0.000    
  202   81   243.8       1.484    
  202   82  1.7747E-02  0.5880    
  202   83  7.5543E-16   1.839    
  202   84  3.9774E-42   99.00    
  202   85   0.000       0.000    
  202   86   0.000       0.000    
  201   76   0.000       0.000    
  201   77   0.000       0.000    
  201   78   0.000       0.000    
  201   79   0.000       0.000    
  201   80   0.000       0.000    
  201   81   1159.       1.205    
  201   82   1.462       1.106    
  201   83  1.4769E-15   2.067    
  201   84   0.000       0.000    
  201   85   0.000       0.000    
  201   86   0.000       0.000    
  200   76   0.000       0.000    
  200   77   0.000       0.000    
  200   78   0.000       0.000    
  200   79  2.4055E-38   46.77    
  200   80   0.000       0.000    
  200   81   483.8      0.3582    
  200   82   87.04      0.3376    
  200   83   0.000       0.000    
  200   84   0.000       0.000    
  200   85   0.000       0.000    
  200   86   0.000       0.000    
  199   76   0.000       0.000    
  199   77   0.000       0.000    
  199   78   0.000       0.000    
  199   79  0.4981       27.39    
  199   80   0.000       0.000    
  199   81  0.2128      0.9270    
  199   82  1.6357E-17  0.9047    
  199   83   0.000       0.000    
  199   84   0.000       0.000    
  199   85   0.000       0.000    
  199   86   0.000       0.000    
  198   76   0.000       0.000    
  198   77   0.000       0.000    
  198   78   0.000       0.000    
  198   79  0.1712       72.89    
  198   80   0.000       0.000    
  198   81  5.8140E-03  0.6926    
  198   82  4.0586E-10  0.7037    
  198   83   0.000       0.000    
  198   84   0.000       0.000    
  198   85   0.000       0.000    
  198   86   0.000       0.000    
  197   76   0.000       0.000    
  197   77   0.000       0.000    
  197   78   0.000       0.000    
  197   79   0.000       0.000    
  197   80   421.8       1.084    
  197   81  3.2922E-08   1.202    
  197   82  5.2377E-41   2.717    
  197   83   0.000       0.000    
  197   84   0.000       0.000    
  197   85   0.000       0.000    
  197   86   0.000       0.000    
  196   76   0.000       0.000    
  196   77   0.000       0.000    
  196   78   0.000       0.000    
  196   79   1.722       23.40    
  196   80   0.000       0.000    
  196   81  5.2603E-14   1.596    
  196   82   0.000       0.000    
  196   83   0.000       0.000    
  196   84   0.000       0.000    
  196   85   0.000       0.000    
  196   86   0.000       0.000    
  195   76   0.000       0.000    
  195   77   0.000       0.000    
  195   78   0.000       0.000    
  195   79   306.0       1.774    
  195   80   3.612       4.938    
  195   81  7.9442E-24   2.228    
  195   82   0.000       0.000    
  195   83   0.000       0.000    
  195   84   0.000       0.000    
  195   85   0.000       0.000    
  195   86   0.000       0.000    
  194   76   0.000       0.000    
  194   77   0.000       0.000    
  194   78   0.000       0.000    
  194   79   1.465       12.35    
  194   80  0.3352      0.8339    
  194   81   0.000       0.000    
  194   82   0.000       0.000    
  194   83   0.000       0.000    
  194   84   0.000       0.000    
  194   85   0.000       0.000    
  194   86   0.000       0.000    
  193   76   0.000       0.000    
  193   77   0.000       0.000    
  193   78   2.000       2.976    
  193   79   8.423       3.029    
  193   80  7.2435E-03   2.752    
  193   81   0.000       0.000    
  193   82   0.000       0.000    
  193   83   0.000       0.000    
  193   84   0.000       0.000    
  193   85   0.000       0.000    
  193   86   0.000       0.000    
  192   76   0.000       0.000    
  192   77   0.000       0.000    
  192   78   0.000       0.000    
  192   79  2.0277E-03   2.551    
  192   80  1.1684E-04   2.549    
  192   81   0.000       0.000    
  192   82   0.000       0.000    
  192   83   0.000       0.000    
  192   84   0.000       0.000    
  192   85   0.000       0.000    
  192   86   0.000       0.000    
  191   76   0.000       0.000    
  191   77   0.000       0.000    
  191   78   44.69       2.842    
  191   79  5.3846E-08   2.881    
  191   80  1.5718E-35   3.714    
  191   81   0.000       0.000    
  191   82   0.000       0.000    
  191   83   0.000       0.000    
  191   84   0.000       0.000    
  191   85   0.000       0.000    
  191   86   0.000       0.000    
  190   76   0.000       0.000    
  190   77   0.000       0.000    
  190   78  4.0093E-11   5.925    
  190   79  8.9008E-41   5.764    
  190   80   0.000       0.000    
  190   81   0.000       0.000    
  190   82   0.000       0.000    
  190   83   0.000       0.000    
  190   84   0.000       0.000    
  190   85   0.000       0.000    
  190   86   0.000       0.000    
  189   76   0.000       0.000    
  189   77   39.78       5.899    
  189   78  8.3931E-02   5.625    
  189   79   0.000       0.000    
  189   80   0.000       0.000    
  189   81   0.000       0.000    
  189   82   0.000       0.000    
  189   83   0.000       0.000    
  189   84   0.000       0.000    
  189   85   0.000       0.000    
  189   86   0.000       0.000    
  188   76   0.000       0.000    
  188   77   21.66       10.24    
  188   78   18.73       10.30    
  188   79   0.000       0.000    
  188   80   0.000       0.000    
  188   81   0.000       0.000    
  188   82   0.000       0.000    
  188   83   0.000       0.000    
  188   84   0.000       0.000    
  188   85   0.000       0.000    
  188   86   0.000       0.000    
  187   76   0.000       0.000    
  187   77  2.3166E-02   2.733    
  187   78  2.0469E-12   2.813    
  187   79   0.000       0.000    
  187   80   0.000       0.000    
  187   81   0.000       0.000    
  187   82   0.000       0.000    
  187   83   0.000       0.000    
  187   84   0.000       0.000    
  187   85   0.000       0.000    
  187   86   0.000       0.000    
  186   76   0.000       0.000    
  186   77  0.2168       5.652    
  186   78  4.2549E-14   6.337    
  186   79   0.000       0.000    
  186   80   0.000       0.000    
  186   81   0.000       0.000    
  186   82   0.000       0.000    
  186   83   0.000       0.000    
  186   84   0.000       0.000    
  186   85   0.000       0.000    
  186   86   0.000       0.000    
  185   76   3.957       15.01    
  185   77  4.8641E-02   14.68    
  185   78  1.3175E-25   11.90    
  185   79   0.000       0.000    
  185   80   0.000       0.000    
  185   81   0.000       0.000    
  185   82   0.000       0.000    
  185   83   0.000       0.000    
  185   84   0.000       0.000    
  185   85   0.000       0.000    
  185   86   0.000       0.000    
  184   76  1.8378E-14   21.93    
  184   77  5.2205E-10   25.79    
  184   78   0.000       0.000    
  184   79   0.000       0.000    
  184   80   0.000       0.000    
  184   81   0.000       0.000    
  184   82   0.000       0.000    
  184   83   0.000       0.000    
  184   84   0.000       0.000    
  184   85   0.000       0.000    
  184   86   0.000       0.000    
  183   76  8.5408E-03   15.31    
  183   77  1.5995E-31   21.19    
  183   78   0.000       0.000    
  183   79   0.000       0.000    
  183   80   0.000       0.000    
  183   81   0.000       0.000    
  183   82   0.000       0.000    
  183   83   0.000       0.000    
  183   84   0.000       0.000    
  183   85   0.000       0.000    
  183   86   0.000       0.000    
  182   76  4.1998E-02   25.18    
  182   77   0.000       0.000    
  182   78   0.000       0.000    
  182   79   0.000       0.000    
  182   80   0.000       0.000    
  182   81   0.000       0.000    
  182   82   0.000       0.000    
  182   83   0.000       0.000    
  182   84   0.000       0.000    
  182   85   0.000       0.000    
  182   86   0.000       0.000    
  181   76  1.0338E-18   83.49    
  181   77   0.000       0.000    
  181   78   0.000       0.000    
  181   79   0.000       0.000    
  181   80   0.000       0.000    
  181   81   0.000       0.000    
  181   82   0.000       0.000    
  181   83   0.000       0.000    
  181   84   0.000       0.000    
  181   85   0.000       0.000    
  181   86   0.000       0.000    
  183   65   0.000       0.000    
  183   66   0.000       0.000    
  183   67   0.000       0.000    
  183   68   0.000       0.000    
  183   69   0.000       0.000    
  183   70   0.000       0.000    
  183   71   0.000       0.000    
  183   72   0.000       0.000    
  183   73   0.000       0.000    
  183   74   0.000       0.000    
  183   75   1.785       16.67    
  182   65   0.000       0.000    
  182   66   0.000       0.000    
  182   67   0.000       0.000    
  182   68   0.000       0.000    
  182   69   0.000       0.000    
  182   70   0.000       0.000    
  182   71   0.000       0.000    
  182   72   0.000       0.000    
  182   73   0.000       0.000    
  182   74   0.000       0.000    
  182   75   0.000       0.000    
  181   65   0.000       0.000    
  181   66   0.000       0.000    
  181   67   0.000       0.000    
  181   68   0.000       0.000    
  181   69   0.000       0.000    
  181   70   0.000       0.000    
  181   71   0.000       0.000    
  181   72   0.000       0.000    
  181   73   0.000       0.000    
  181   74  0.2470       38.26    
  181   75  1.2760E-02   38.36    
  180   65   0.000       0.000    
  180   66   0.000       0.000    
  180   67   0.000       0.000    
  180   68   0.000       0.000    
  180   69   0.000       0.000    
  180   70   0.000       0.000    
  180   71   0.000       0.000    
  180   72   0.000       0.000    
  180   73   0.000       0.000    
  180   74   0.000       0.000    
  180   75   0.000       0.000    
  179   65   0.000       0.000    
  179   66   0.000       0.000    
  179   67   0.000       0.000    
  179   68   0.000       0.000    
  179   69   0.000       0.000    
  179   70   0.000       0.000    
  179   71   0.000       0.000    
  179   72   0.000       0.000    
  179   73  4.1571E-02   60.39    
  179   74   0.000       0.000    
  179   75   0.000       0.000    
  178   65   0.000       0.000    
  178   66   0.000       0.000    
  178   67   0.000       0.000    
  178   68   0.000       0.000    
  178   69   0.000       0.000    
  178   70   0.000       0.000    
  178   71   0.000       0.000    
  178   72   0.000       0.000    
  178   73   0.000       0.000    
  178   74  0.1090       99.00    
  178   75   0.000       0.000    
  177   65   0.000       0.000    
  177   66   0.000       0.000    
  177   67   0.000       0.000    
  177   68   0.000       0.000    
  177   69   0.000       0.000    
  177   70   0.000       0.000    
  177   71   0.000       0.000    
  177   72   0.000       0.000    
  177   73  3.8369E-02   99.00    
  177   74  2.9021E-15   99.00    
  177   75   0.000       0.000    
  176   65   0.000       0.000    
  176   66   0.000       0.000    
  176   67   0.000       0.000    
  176   68   0.000       0.000    
  176   69   0.000       0.000    
  176   70   0.000       0.000    
  176   71   0.000       0.000    
  176   72   0.000       0.000    
  176   73  5.8154E-05   62.92    
  176   74  1.1369E-13   99.00    
  176   75   0.000       0.000    
  175   65   0.000       0.000    
  175   66   0.000       0.000    
  175   67   0.000       0.000    
  175   68   0.000       0.000    
  175   69   0.000       0.000    
  175   70   0.000       0.000    
  175   71   0.000       0.000    
  175   72  9.8450E-02   99.00    
  175   73   0.000       0.000    
  175   74   0.000       0.000    
  175   75   0.000       0.000    
  174   65   0.000       0.000    
  174   66   0.000       0.000    
  174   67   0.000       0.000    
  174   68   0.000       0.000    
  174   69   0.000       0.000    
  174   70   0.000       0.000    
  174   71   0.000       0.000    
  174   72   0.000       0.000    
  174   73  1.4787E-27   99.00    
  174   74   0.000       0.000    
  174   75   0.000       0.000    
  173   65   0.000       0.000    
  173   66   0.000       0.000    
  173   67   0.000       0.000    
  173   68   0.000       0.000    
  173   69   0.000       0.000    
  173   70   0.000       0.000    
  173   71  8.6218E-09   99.00    
  173   72  2.4951E-09   99.00    
  173   73  1.1085E-17   99.00    
  173   74   0.000       0.000    
  173   75   0.000       0.000    
  148   54   0.000       0.000    
  148   55   0.000       0.000    
  148   56   0.000       0.000    
  148   57   0.000       0.000    
  148   58   0.000       0.000    
  148   59   0.000       0.000    
  148   60   0.000       0.000    
  148   61  7.2988E-02   99.00    
  148   62   0.000       0.000    
  148   63   0.000       0.000    
  148   64   0.000       0.000    
  147   54   0.000       0.000    
  147   55   0.000       0.000    
  147   56   0.000       0.000    
  147   57   0.000       0.000    
  147   58   0.000       0.000    
  147   59   0.000       0.000    
  147   60   0.000       0.000    
  147   61   0.000       0.000    
  147   62   0.000       0.000    
  147   63   0.000       0.000    
  147   64   0.000       0.000    
  146   54   0.000       0.000    
  146   55   0.000       0.000    
  146   56   0.000       0.000    
  146   57   0.000       0.000    
  146   58   0.000       0.000    
  146   59   0.000       0.000    
  146   60   0.000       0.000    
  146   61   0.000       0.000    
  146   62   0.000       0.000    
  146   63   0.000       0.000    
  146   64   0.000       0.000    
  145   54   0.000       0.000    
  145   55   0.000       0.000    
  145   56   0.000       0.000    
  145   57   0.000       0.000    
  145   58   0.000       0.000    
  145   59  1.1650E-06   99.00    
  145   60   0.000       0.000    
  145   61   0.000       0.000    
  145   62   0.000       0.000    
  145   63   0.000       0.000    
  145   64   0.000       0.000    
  144   54   0.000       0.000    
  144   55   0.000       0.000    
  144   56   0.000       0.000    
  144   57   0.000       0.000    
  144   58   0.000       0.000    
  144   59   0.000       0.000    
  144   60   0.000       0.000    
  144   61   0.000       0.000    
  144   62   0.000       0.000    
  144   63   0.000       0.000    
  144   64   0.000       0.000    
  143   54   0.000       0.000    
  143   55   0.000       0.000    
  143   56   0.000       0.000    
  143   57   0.000       0.000    
  143   58   0.000       0.000    
  143   59   0.000       0.000    
  143   60   0.000       0.000    
  143   61   0.000       0.000    
  143   62   0.000       0.000    
  143   63   0.000       0.000    
  143   64   0.000       0.000    
  142   54   0.000       0.000    
  142   55   0.000       0.000    
  142   56   0.000       0.000    
  142   57   0.000       0.000    
  142   58   0.000       0.000    
  142   59   0.000       0.000    
  142   60   0.000       0.000    
  142   61   0.000       0.000    
  142   62   0.000       0.000    
  142   63   0.000       0.000    
  142   64   0.000       0.000    
  141   54   0.000       0.000    
  141   55   0.000       0.000    
  141   56   0.000       0.000    
  141   57   0.000       0.000    
  141   58   0.000       0.000    
  141   59   0.000       0.000    
  141   60   0.000       0.000    
  141   61   0.000       0.000    
  141   62   0.000       0.000    
  141   63   0.000       0.000    
  141   64   0.000       0.000    
  140   54   0.000       0.000    
  140   55   0.000       0.000    
  140   56  9.9660E-02   99.00    
  140   57  0.1337       80.73    
  140   58   0.000       0.000    
  140   59   0.000       0.000    
  140   60   0.000       0.000    
  140   61   0.000       0.000    
  140   62   0.000       0.000    
  140   63   0.000       0.000    
  140   64   0.000       0.000    
  139   54   0.000       0.000    
  139   55   0.000       0.000    
  139   56  2.2461E-23   99.00    
  139   57   0.000       0.000    
  139   58  0.2855       72.89    
  139   59  1.8657E-08   99.00    
  139   60   0.000       0.000    
  139   61   0.000       0.000    
  139   62   0.000       0.000    
  139   63   0.000       0.000    
  139   64   0.000       0.000    
  138   54   0.000       0.000    
  138   55   0.000       0.000    
  138   56   0.000       0.000    
  138   57  8.0755E-13   99.00    
  138   58   0.000       0.000    
  138   59  1.3371E-07   99.00    
  138   60  1.3307E-07   99.00    
  138   61   0.000       0.000    
  138   62   0.000       0.000    
  138   63   0.000       0.000    
  138   64   0.000       0.000    
  137   54   0.000       0.000    
  137   55   0.000       0.000    
  137   56   0.000       0.000    
  137   57  2.0592E-06   99.00    
  137   58  6.5881E-05   99.00    
  137   59  3.7926E-25   99.00    
  137   60   0.000       0.000    
  137   61   0.000       0.000    
  137   62   0.000       0.000    
  137   63   0.000       0.000    
  137   64   0.000       0.000    
  136   54   0.000       0.000    
  136   55  0.2006       61.24    
  136   56   0.000       0.000    
  136   57   0.000       0.000    
  136   58   0.000       0.000    
  136   59   0.000       0.000    
  136   60   0.000       0.000    
  136   61   0.000       0.000    
  136   62   0.000       0.000    
  136   63   0.000       0.000    
  136   64   0.000       0.000    
  135   54   0.000       0.000    
  135   55  3.5812E-08   61.24    
  135   56   0.000       0.000    
  135   57  3.2046E-02   61.87    
  135   58  4.9797E-03   61.24    
  135   59   0.000       0.000    
  135   60   0.000       0.000    
  135   61   0.000       0.000    
  135   62   0.000       0.000    
  135   63   0.000       0.000    
  135   64   0.000       0.000    
  134   54   0.000       0.000    
  134   55  5.5087E-02   40.82    
  134   56   0.000       0.000    
  134   57   0.000       0.000    
  134   58   0.000       0.000    
  134   59   0.000       0.000    
  134   60   0.000       0.000    
  134   61   0.000       0.000    
  134   62   0.000       0.000    
  134   63   0.000       0.000    
  134   64   0.000       0.000    
  133   54  0.1719       62.55    
  133   55   0.000       0.000    
  133   56  1.5361E-02   72.89    
  133   57  5.0454E-09   99.00    
  133   58   0.000       0.000    
  133   59   0.000       0.000    
  133   60   0.000       0.000    
  133   61   0.000       0.000    
  133   62   0.000       0.000    
  133   63   0.000       0.000    
  133   64   0.000       0.000    
  132   54   0.000       0.000    
  132   55  0.6404       70.16    
  132   56   0.000       0.000    
  132   57   0.000       0.000    
  132   58   0.000       0.000    
  132   59   0.000       0.000    
  132   60   0.000       0.000    
  132   61   0.000       0.000    
  132   62   0.000       0.000    
  132   63   0.000       0.000    
  132   64   0.000       0.000    
  131   54   0.000       0.000    
  131   55  0.7422       42.39    
  131   56   0.000       0.000    
  131   57   0.000       0.000    
  131   58   0.000       0.000    
  131   59   0.000       0.000    
  131   60   0.000       0.000    
  131   61   0.000       0.000    
  131   62   0.000       0.000    
  131   63   0.000       0.000    
  131   64   0.000       0.000    
  130   54   0.000       0.000    
  130   55   0.000       0.000    
  130   56   0.000       0.000    
  130   57   0.000       0.000    
  130   58   0.000       0.000    
  130   59   0.000       0.000    
  130   60   0.000       0.000    
  130   61   0.000       0.000    
  130   62   0.000       0.000    
  130   63   0.000       0.000    
  130   64   0.000       0.000    
  129   54   0.000       0.000    
  129   55  5.7546E-02   46.77    
  129   56   0.000       0.000    
  129   57   0.000       0.000    
  129   58   0.000       0.000    
  129   59   0.000       0.000    
  129   60   0.000       0.000    
  129   61   0.000       0.000    
  129   62   0.000       0.000    
  129   63   0.000       0.000    
  129   64   0.000       0.000    
  128   54   0.000       0.000    
  128   55   0.000       0.000    
  128   56   0.000       0.000    
  128   57   0.000       0.000    
  128   58   0.000       0.000    
  128   59   0.000       0.000    
  128   60   0.000       0.000    
  128   61   0.000       0.000    
  128   62   0.000       0.000    
  128   63   0.000       0.000    
  128   64   0.000       0.000    
  127   54  0.7795       53.38    
  127   55  1.9073E-06   99.00    
  127   56   0.000       0.000    
  127   57   0.000       0.000    
  127   58   0.000       0.000    
  127   59   0.000       0.000    
  127   60   0.000       0.000    
  127   61   0.000       0.000    
  127   62   0.000       0.000    
  127   63   0.000       0.000    
  127   64   0.000       0.000    
  126   54   0.000       0.000    
  126   55   0.000       0.000    
  126   56   0.000       0.000    
  126   57   0.000       0.000    
  126   58   0.000       0.000    
  126   59   0.000       0.000    
  126   60   0.000       0.000    
  126   61   0.000       0.000    
  126   62   0.000       0.000    
  126   63   0.000       0.000    
  126   64   0.000       0.000    
  125   54  4.1371E-03   61.24    
  125   55   0.000       0.000    
  125   56   0.000       0.000    
  125   57   0.000       0.000    
  125   58   0.000       0.000    
  125   59   0.000       0.000    
  125   60   0.000       0.000    
  125   61   0.000       0.000    
  125   62   0.000       0.000    
  125   63   0.000       0.000    
  125   64   0.000       0.000    
  134   43   0.000       0.000    
  134   44   0.000       0.000    
  134   45   0.000       0.000    
  134   46   0.000       0.000    
  134   47   0.000       0.000    
  134   48   0.000       0.000    
  134   49   0.000       0.000    
  134   50   0.000       0.000    
  134   51   0.000       0.000    
  134   52   0.000       0.000    
  134   53  4.9372E-36   99.00    
  133   43   0.000       0.000    
  133   44   0.000       0.000    
  133   45   0.000       0.000    
  133   46   0.000       0.000    
  133   47   0.000       0.000    
  133   48   0.000       0.000    
  133   49   0.000       0.000    
  133   50   0.000       0.000    
  133   51   0.000       0.000    
  133   52   0.000       0.000    
  133   53   0.000       0.000    
  132   43   0.000       0.000    
  132   44   0.000       0.000    
  132   45   0.000       0.000    
  132   46   0.000       0.000    
  132   47   0.000       0.000    
  132   48   0.000       0.000    
  132   49   0.000       0.000    
  132   50   0.000       0.000    
  132   51   0.000       0.000    
  132   52   0.000       0.000    
  132   53  9.5529E-15   99.00    
  131   43   0.000       0.000    
  131   44   0.000       0.000    
  131   45   0.000       0.000    
  131   46   0.000       0.000    
  131   47   0.000       0.000    
  131   48   0.000       0.000    
  131   49   0.000       0.000    
  131   50   0.000       0.000    
  131   51   0.000       0.000    
  131   52   0.000       0.000    
  131   53  0.5235       40.81    
  130   43   0.000       0.000    
  130   44   0.000       0.000    
  130   45   0.000       0.000    
  130   46   0.000       0.000    
  130   47   0.000       0.000    
  130   48   0.000       0.000    
  130   49   0.000       0.000    
  130   50   0.000       0.000    
  130   51   0.000       0.000    
  130   52   0.000       0.000    
  130   53  2.6139E-03   38.20    
  129   43   0.000       0.000    
  129   44   0.000       0.000    
  129   45   0.000       0.000    
  129   46   0.000       0.000    
  129   47   0.000       0.000    
  129   48   0.000       0.000    
  129   49   0.000       0.000    
  129   50   0.000       0.000    
  129   51   0.000       0.000    
  129   52   0.000       0.000    
  129   53  3.1478E-08   16.67    
  128   43   0.000       0.000    
  128   44   0.000       0.000    
  128   45   0.000       0.000    
  128   46   0.000       0.000    
  128   47   0.000       0.000    
  128   48   0.000       0.000    
  128   49   0.000       0.000    
  128   50   0.000       0.000    
  128   51   0.000       0.000    
  128   52   0.000       0.000    
  128   53   0.000       0.000    
  127   43   0.000       0.000    
  127   44   0.000       0.000    
  127   45   0.000       0.000    
  127   46   0.000       0.000    
  127   47   0.000       0.000    
  127   48   0.000       0.000    
  127   49   0.000       0.000    
  127   50   0.000       0.000    
  127   51  0.2361       72.89    
  127   52  0.3524       52.75    
  127   53   0.000       0.000    
  126   43   0.000       0.000    
  126   44   0.000       0.000    
  126   45   0.000       0.000    
  126   46   0.000       0.000    
  126   47   0.000       0.000    
  126   48   0.000       0.000    
  126   49   0.000       0.000    
  126   50   0.000       0.000    
  126   51  0.6925       42.86    
  126   52   0.000       0.000    
  126   53  0.9997       41.83    
  125   43   0.000       0.000    
  125   44   0.000       0.000    
  125   45   0.000       0.000    
  125   46   0.000       0.000    
  125   47   0.000       0.000    
  125   48   0.000       0.000    
  125   49   0.000       0.000    
  125   50  0.4632       54.77    
  125   51  0.4312       14.06    
  125   52   0.000       0.000    
  125   53   1.863       16.67    
  124   43   0.000       0.000    
  124   44   0.000       0.000    
  124   45   0.000       0.000    
  124   46   0.000       0.000    
  124   47   0.000       0.000    
  124   48   0.000       0.000    
  124   49   0.000       0.000    
  124   50   0.000       0.000    
  124   51   1.234       32.75    
  124   52   0.000       0.000    
  124   53  0.3756       31.18    
  123   43   0.000       0.000    
  123   44   0.000       0.000    
  123   45   0.000       0.000    
  123   46   0.000       0.000    
  123   47   0.000       0.000    
  123   48   0.000       0.000    
  123   49   0.000       0.000    
  123   50  0.5209       36.61    
  123   51   0.000       0.000    
  123   52   0.000       0.000    
  123   53  3.9681E-03   31.18    
  122   43   0.000       0.000    
  122   44   0.000       0.000    
  122   45   0.000       0.000    
  122   46   0.000       0.000    
  122   47   0.000       0.000    
  122   48   0.000       0.000    
  122   49   0.000       0.000    
  122   50   0.000       0.000    
  122   51   1.342       10.70    
  122   52   0.000       0.000    
  122   53   0.000       0.000    
  121   43   0.000       0.000    
  121   44   0.000       0.000    
  121   45   0.000       0.000    
  121   46   0.000       0.000    
  121   47   0.000       0.000    
  121   48   0.000       0.000    
  121   49   0.000       0.000    
  121   50  0.2842       6.039    
  121   51   0.000       0.000    
  121   52  0.7982       39.66    
  121   53   0.000       0.000    
  120   43   0.000       0.000    
  120   44   0.000       0.000    
  120   45   0.000       0.000    
  120   46   0.000       0.000    
  120   47   0.000       0.000    
  120   48   0.000       0.000    
  120   49   0.000       0.000    
  120   50   0.000       0.000    
  120   51   0.000       0.000    
  120   52   0.000       0.000    
  120   53   0.000       0.000    
  119   43   0.000       0.000    
  119   44   0.000       0.000    
  119   45   0.000       0.000    
  119   46   0.000       0.000    
  119   47   0.000       0.000    
  119   48   0.000       0.000    
  119   49   0.000       0.000    
  119   50   0.000       0.000    
  119   51  0.5532       18.62    
  119   52  1.6710E-03   99.00    
  119   53   0.000       0.000    
  118   43   0.000       0.000    
  118   44   0.000       0.000    
  118   45   0.000       0.000    
  118   46   0.000       0.000    
  118   47   0.000       0.000    
  118   48  3.3981E-36   9.091    
  118   49  3.4037E-36   9.091    
  118   50   0.000       0.000    
  118   51   0.000       0.000    
  118   52   0.000       0.000    
  118   53   0.000       0.000    
  117   43   0.000       0.000    
  117   44   0.000       0.000    
  117   45   0.000       0.000    
  117   46   0.000       0.000    
  117   47   0.000       0.000    
  117   48  1.8728E-12   31.47    
  117   49  2.9221E-09   25.30    
  117   50   0.000       0.000    
  117   51  6.6521E-12   66.67    
  117   52   0.000       0.000    
  117   53   0.000       0.000    
  116   43   0.000       0.000    
  116   44   0.000       0.000    
  116   45   0.000       0.000    
  116   46   0.000       0.000    
  116   47   0.000       0.000    
  116   48   0.000       0.000    
  116   49   0.000       0.000    
  116   50   0.000       0.000    
  116   51   0.000       0.000    
  116   52   0.000       0.000    
  116   53   0.000       0.000    
  115   43   0.000       0.000    
  115   44   0.000       0.000    
  115   45   0.000       0.000    
  115   46   0.000       0.000    
  115   47   0.000       0.000    
  115   48   2.714       15.62    
  115   49   0.000       0.000    
  115   50   0.000       0.000    
  115   51   0.000       0.000    
  115   52   0.000       0.000    
  115   53   0.000       0.000    
  114   43   0.000       0.000    
  114   44   0.000       0.000    
  114   45   0.000       0.000    
  114   46   0.000       0.000    
  114   47   0.000       0.000    
  114   48   0.000       0.000    
  114   49   1.977       28.10    
  114   50   0.000       0.000    
  114   51   0.000       0.000    
  114   52   0.000       0.000    
  114   53   0.000       0.000    
  113   43   0.000       0.000    
  113   44   0.000       0.000    
  113   45   0.000       0.000    
  113   46   0.000       0.000    
  113   47  4.2621E-05   5.687    
  113   48   0.000       0.000    
  113   49   0.000       0.000    
  113   50   0.000       0.000    
  113   51   0.000       0.000    
  113   52   0.000       0.000    
  113   53   0.000       0.000    
  112   43   0.000       0.000    
  112   44   0.000       0.000    
  112   45   0.000       0.000    
  112   46  0.4404       6.001    
  112   47  0.5174       6.001    
  112   48   0.000       0.000    
  112   49   0.000       0.000    
  112   50   0.000       0.000    
  112   51   0.000       0.000    
  112   52   0.000       0.000    
  112   53   0.000       0.000    
  111   43   0.000       0.000    
  111   44   0.000       0.000    
  111   45   0.000       0.000    
  111   46   0.000       0.000    
  111   47   20.19       6.288    
  111   48   0.000       0.000    
  111   49  0.1341       40.82    
  111   50   0.000       0.000    
  111   51   0.000       0.000    
  111   52   0.000       0.000    
  111   53   0.000       0.000    
  110   43   0.000       0.000    
  110   44   0.000       0.000    
  110   45   0.000       0.000    
  110   46   0.000       0.000    
  110   47  1.3192E-02   27.56    
  110   48   0.000       0.000    
  110   49  9.5151E-08   99.00    
  110   50   0.000       0.000    
  110   51   0.000       0.000    
  110   52   0.000       0.000    
  110   53   0.000       0.000    
  109   43   0.000       0.000    
  109   44   0.000       0.000    
  109   45   0.000       0.000    
  109   46  0.1884       3.874    
  109   47   0.000       0.000    
  109   48  0.1994       36.42    
  109   49   0.000       0.000    
  109   50   0.000       0.000    
  109   51   0.000       0.000    
  109   52   0.000       0.000    
  109   53   0.000       0.000    
  108   43   0.000       0.000    
  108   44   0.000       0.000    
  108   45   0.000       0.000    
  108   46   0.000       0.000    
  108   47  7.3595E-05   36.85    
  108   48   0.000       0.000    
  108   49   0.000       0.000    
  108   50   0.000       0.000    
  108   51   0.000       0.000    
  108   52   0.000       0.000    
  108   53   0.000       0.000    
  107   43   0.000       0.000    
  107   44   0.000       0.000    
  107   45   0.000       0.000    
  107   46  2.0401E-06   6.636    
  107   47   0.000       0.000    
  107   48   0.000       0.000    
  107   49   0.000       0.000    
  107   50   0.000       0.000    
  107   51   0.000       0.000    
  107   52   0.000       0.000    
  107   53   0.000       0.000    
  106   43   0.000       0.000    
  106   44   7.340       9.617    
  106   45   7.340       9.617    
  106   46   0.000       0.000    
  106   47   0.000       0.000    
  106   48   0.000       0.000    
  106   49   0.000       0.000    
  106   50   0.000       0.000    
  106   51   0.000       0.000    
  106   52   0.000       0.000    
  106   53   0.000       0.000    
  105   43   0.000       0.000    
  105   44  5.1511E-06   5.556    
  105   45   7.423       5.426    
  105   46   0.000       0.000    
  105   47  0.2205       61.24    
  105   48   0.000       0.000    
  105   49   0.000       0.000    
  105   50   0.000       0.000    
  105   51   0.000       0.000    
  105   52   0.000       0.000    
  105   53   0.000       0.000    
  104   43   0.000       0.000    
  104   44   0.000       0.000    
  104   45   0.000       0.000    
  104   46   0.000       0.000    
  104   47   0.000       0.000    
  104   48   0.000       0.000    
  104   49   0.000       0.000    
  104   50   0.000       0.000    
  104   51   0.000       0.000    
  104   52   0.000       0.000    
  104   53   0.000       0.000    
  103   43   0.000       0.000    
  103   44   41.19       4.820    
  103   45   0.000       0.000    
  103   46  0.3161       40.82    
  103   47   0.000       0.000    
  103   48   0.000       0.000    
  103   49   0.000       0.000    
  103   50   0.000       0.000    
  103   51   0.000       0.000    
  103   52   0.000       0.000    
  103   53   0.000       0.000    
  102   43   0.000       0.000    
  102   44   0.000       0.000    
  102   45  0.3800       66.24    
  102   46   0.000       0.000    
  102   47   0.000       0.000    
  102   48   0.000       0.000    
  102   49   0.000       0.000    
  102   50   0.000       0.000    
  102   51   0.000       0.000    
  102   52   0.000       0.000    
  102   53   0.000       0.000    
  101   43   0.000       0.000    
  101   44   0.000       0.000    
  101   45  2.7056E-02   92.31    
  101   46   0.000       0.000    
  101   47   0.000       0.000    
  101   48   0.000       0.000    
  101   49   0.000       0.000    
  101   50   0.000       0.000    
  101   51   0.000       0.000    
  101   52   0.000       0.000    
  101   53   0.000       0.000    
  100   43   0.000       0.000    
  100   44   0.000       0.000    
  100   45  4.4632E-03   99.00    
  100   46   0.000       0.000    
  100   47   0.000       0.000    
  100   48   0.000       0.000    
  100   49   0.000       0.000    
  100   50   0.000       0.000    
  100   51   0.000       0.000    
  100   52   0.000       0.000    
  100   53   0.000       0.000    
   99   43  8.6979E-05   3.542    
   99   44   0.000       0.000    
   99   45   0.000       0.000    
   99   46   0.000       0.000    
   99   47   0.000       0.000    
   99   48   0.000       0.000    
   99   49   0.000       0.000    
   99   50   0.000       0.000    
   99   51   0.000       0.000    
   99   52   0.000       0.000    
   99   53   0.000       0.000    
   98   43  5.0990E-07   14.77    
   98   44   0.000       0.000    
   98   45   0.000       0.000    
   98   46   0.000       0.000    
   98   47   0.000       0.000    
   98   48   0.000       0.000    
   98   49   0.000       0.000    
   98   50   0.000       0.000    
   98   51   0.000       0.000    
   98   52   0.000       0.000    
   98   53   0.000       0.000    
   97   43  1.3369E-07   21.57    
   97   44   0.000       0.000    
   97   45   0.000       0.000    
   97   46   0.000       0.000    
   97   47   0.000       0.000    
   97   48   0.000       0.000    
   97   49   0.000       0.000    
   97   50   0.000       0.000    
   97   51   0.000       0.000    
   97   52   0.000       0.000    
   97   53   0.000       0.000    
   96   43  0.3819       31.18    
   96   44   0.000       0.000    
   96   45   0.000       0.000    
   96   46   0.000       0.000    
   96   47   0.000       0.000    
   96   48   0.000       0.000    
   96   49   0.000       0.000    
   96   50   0.000       0.000    
   96   51   0.000       0.000    
   96   52   0.000       0.000    
   96   53   0.000       0.000    
   95   43  1.6013E-02   25.01    
   95   44   0.000       0.000    
   95   45   0.000       0.000    
   95   46   0.000       0.000    
   95   47   0.000       0.000    
   95   48   0.000       0.000    
   95   49   0.000       0.000    
   95   50   0.000       0.000    
   95   51   0.000       0.000    
   95   52   0.000       0.000    
   95   53   0.000       0.000    
   99   32   0.000       0.000    
   99   33   0.000       0.000    
   99   34   0.000       0.000    
   99   35   0.000       0.000    
   99   36   0.000       0.000    
   99   37   0.000       0.000    
   99   38   0.000       0.000    
   99   39   0.000       0.000    
   99   40   0.000       0.000    
   99   41   0.000       0.000    
   99   42   15.43       4.880    
   98   32   0.000       0.000    
   98   33   0.000       0.000    
   98   34   0.000       0.000    
   98   35   0.000       0.000    
   98   36   0.000       0.000    
   98   37   0.000       0.000    
   98   38   0.000       0.000    
   98   39   0.000       0.000    
   98   40   0.000       0.000    
   98   41   0.000       0.000    
   98   42   0.000       0.000    
   97   32   0.000       0.000    
   97   33   0.000       0.000    
   97   34   0.000       0.000    
   97   35   0.000       0.000    
   97   36   0.000       0.000    
   97   37   0.000       0.000    
   97   38   0.000       0.000    
   97   39   0.000       0.000    
   97   40  0.2054       15.70    
   97   41  0.2214       15.70    
   97   42   0.000       0.000    
   96   32   0.000       0.000    
   96   33   0.000       0.000    
   96   34   0.000       0.000    
   96   35   0.000       0.000    
   96   36   0.000       0.000    
   96   37   0.000       0.000    
   96   38   0.000       0.000    
   96   39   0.000       0.000    
   96   40   0.000       0.000    
   96   41   1.053       6.567    
   96   42   0.000       0.000    
   95   32   0.000       0.000    
   95   33   0.000       0.000    
   95   34   0.000       0.000    
   95   35   0.000       0.000    
   95   36   0.000       0.000    
   95   37   0.000       0.000    
   95   38   0.000       0.000    
   95   39   0.000       0.000    
   95   40   30.58       9.352    
   95   41   43.31       8.831    
   95   42   0.000       0.000    
   94   32   0.000       0.000    
   94   33   0.000       0.000    
   94   34   0.000       0.000    
   94   35   0.000       0.000    
   94   36   0.000       0.000    
   94   37   0.000       0.000    
   94   38   0.000       0.000    
   94   39   0.000       0.000    
   94   40   0.000       0.000    
   94   41  1.4756E-04   14.61    
   94   42   0.000       0.000    
   93   32   0.000       0.000    
   93   33   0.000       0.000    
   93   34   0.000       0.000    
   93   35   0.000       0.000    
   93   36   0.000       0.000    
   93   37   0.000       0.000    
   93   38   0.000       0.000    
   93   39  3.2415E-02   7.794    
   93   40  1.0160E-05   4.930    
   93   41   0.000       0.000    
   93   42  4.1182E-05   72.89    
   92   32   0.000       0.000    
   92   33   0.000       0.000    
   92   34   0.000       0.000    
   92   35   0.000       0.000    
   92   36   0.000       0.000    
   92   37   0.000       0.000    
   92   38  4.6236E-11   16.07    
   92   39  2.5770E-07   11.32    
   92   40   0.000       0.000    
   92   41  7.1212E-09   31.18    
   92   42   0.000       0.000    
   91   32   0.000       0.000    
   91   33   0.000       0.000    
   91   34   0.000       0.000    
   91   35   0.000       0.000    
   91   36   0.000       0.000    
   91   37   0.000       0.000    
   91   38  1.7479E-02   9.548    
   91   39   34.76       4.508    
   91   40   0.000       0.000    
   91   41  3.7111E-04   34.18    
   91   42   0.000       0.000    
   90   32   0.000       0.000    
   90   33   0.000       0.000    
   90   34   0.000       0.000    
   90   35   0.000       0.000    
   90   36   0.000       0.000    
   90   37   0.000       0.000    
   90   38  0.3661       6.870    
   90   39   4.987       7.745    
   90   40   0.000       0.000    
   90   41   0.000       0.000    
   90   42   0.000       0.000    
   89   32   0.000       0.000    
   89   33   0.000       0.000    
   89   34   0.000       0.000    
   89   35   0.000       0.000    
   89   36   0.000       0.000    
   89   37   0.000       0.000    
   89   38   31.08       2.466    
   89   39   0.000       0.000    
   89   40  0.3035       40.84    
   89   41   0.000       0.000    
   89   42   0.000       0.000    
   88   32   0.000       0.000    
   88   33   0.000       0.000    
   88   34   0.000       0.000    
   88   35   0.000       0.000    
   88   36  1.4331E-10   12.73    
   88   37  1.6009E-10   12.73    
   88   38   0.000       0.000    
   88   39   3.010       17.52    
   88   40  9.2220E-02   99.00    
   88   41   0.000       0.000    
   88   42   0.000       0.000    
   87   32   0.000       0.000    
   87   33   0.000       0.000    
   87   34   0.000       0.000    
   87   35   0.000       0.000    
   87   36  2.1373E-23   19.61    
   87   37  2.1660E-10   6.333    
   87   38   0.000       0.000    
   87   39  0.5621       31.79    
   87   40   0.000       0.000    
   87   41   0.000       0.000    
   87   42   0.000       0.000    
   86   32   0.000       0.000    
   86   33   0.000       0.000    
   86   34   0.000       0.000    
   86   35   0.000       0.000    
   86   36   0.000       0.000    
   86   37   13.57       9.277    
   86   38   0.000       0.000    
   86   39  1.1900E-03   99.00    
   86   40   0.000       0.000    
   86   41   0.000       0.000    
   86   42   0.000       0.000    
   85   32   0.000       0.000    
   85   33   0.000       0.000    
   85   34   0.000       0.000    
   85   35   0.000       0.000    
   85   36  0.3808       9.013    
   85   37   0.000       0.000    
   85   38   1.345       48.31    
   85   39  3.5651E-12   99.00    
   85   40   0.000       0.000    
   85   41   0.000       0.000    
   85   42   0.000       0.000    
   84   32   0.000       0.000    
   84   33   0.000       0.000    
   84   34   0.000       0.000    
   84   35   0.000       0.000    
   84   36   0.000       0.000    
   84   37   4.908       15.83    
   84   38   0.000       0.000    
   84   39   0.000       0.000    
   84   40   0.000       0.000    
   84   41   0.000       0.000    
   84   42   0.000       0.000    
   83   32   0.000       0.000    
   83   33   0.000       0.000    
   83   34   0.000       0.000    
   83   35  4.6666E-12   6.488    
   83   36   0.000       0.000    
   83   37   1.091       31.18    
   83   38   0.000       0.000    
   83   39   0.000       0.000    
   83   40   0.000       0.000    
   83   41   0.000       0.000    
   83   42   0.000       0.000    
   82   32   0.000       0.000    
   82   33   0.000       0.000    
   82   34   0.000       0.000    
   82   35   1.378       8.137    
   82   36   0.000       0.000    
   82   37  2.7622E-08   40.82    
   82   38   0.000       0.000    
   82   39   0.000       0.000    
   82   40   0.000       0.000    
   82   41   0.000       0.000    
   82   42   0.000       0.000    
   81   32   0.000       0.000    
   81   33   0.000       0.000    
   81   34  1.0654E-31   24.90    
   81   35   0.000       0.000    
   81   36  4.3162E-06   22.24    
   81   37   0.000       0.000    
   81   38   0.000       0.000    
   81   39   0.000       0.000    
   81   40   0.000       0.000    
   81   41   0.000       0.000    
   81   42   0.000       0.000    
   80   32   0.000       0.000    
   80   33   0.000       0.000    
   80   34   0.000       0.000    
   80   35  3.3199E-07   15.31    
   80   36   0.000       0.000    
   80   37   0.000       0.000    
   80   38   0.000       0.000    
   80   39   0.000       0.000    
   80   40   0.000       0.000    
   80   41   0.000       0.000    
   80   42   0.000       0.000    
   79   32   0.000       0.000    
   79   33   0.000       0.000    
   79   34  1.6241E-05   10.36    
   79   35   0.000       0.000    
   79   36  1.7297E-02   99.00    
   79   37   0.000       0.000    
   79   38   0.000       0.000    
   79   39   0.000       0.000    
   79   40   0.000       0.000    
   79   41   0.000       0.000    
   79   42   0.000       0.000    
   78   32  1.0829E-20   27.48    
   78   33  1.2162E-18   26.39    
   78   34   0.000       0.000    
   78   35   0.000       0.000    
   78   36   0.000       0.000    
   78   37   0.000       0.000    
   78   38   0.000       0.000    
   78   39   0.000       0.000    
   78   40   0.000       0.000    
   78   41   0.000       0.000    
   78   42   0.000       0.000    
   77   32  7.9271E-03   15.10    
   77   33   2.268       11.68    
   77   34   0.000       0.000    
   77   35  0.1485       72.88    
   77   36   0.000       0.000    
   77   37   0.000       0.000    
   77   38   0.000       0.000    
   77   39   0.000       0.000    
   77   40   0.000       0.000    
   77   41   0.000       0.000    
   77   42   0.000       0.000    
   76   32   0.000       0.000    
   76   33  0.3117       11.95    
   76   34   0.000       0.000    
   76   35   0.000       0.000    
   76   36   0.000       0.000    
   76   37   0.000       0.000    
   76   38   0.000       0.000    
   76   39   0.000       0.000    
   76   40   0.000       0.000    
   76   41   0.000       0.000    
   76   42   0.000       0.000    
   75   32  1.3265E-21   9.752    
   75   33   0.000       0.000    
   75   34  0.3094       46.77    
   75   35   0.000       0.000    
   75   36   0.000       0.000    
   75   37   0.000       0.000    
   75   38   0.000       0.000    
   75   39   0.000       0.000    
   75   40   0.000       0.000    
   75   41   0.000       0.000    
   75   42   0.000       0.000    
   74   32   0.000       0.000    
   74   33  0.5306       44.72    
   74   34   0.000       0.000    
   74   35   0.000       0.000    
   74   36   0.000       0.000    
   74   37   0.000       0.000    
   74   38   0.000       0.000    
   74   39   0.000       0.000    
   74   40   0.000       0.000    
   74   41   0.000       0.000    
   74   42   0.000       0.000    
   73   32   0.000       0.000    
   73   33  0.4682       0.000    
   73   34   0.000       0.000    
   73   35   0.000       0.000    
   73   36   0.000       0.000    
   73   37   0.000       0.000    
   73   38   0.000       0.000    
   73   39   0.000       0.000    
   73   40   0.000       0.000    
   73   41   0.000       0.000    
   73   42   0.000       0.000    
   72   32   0.000       0.000    
   72   33  1.7383E-02   61.24    
   72   34   0.000       0.000    
   72   35   0.000       0.000    
   72   36   0.000       0.000    
   72   37   0.000       0.000    
   72   38   0.000       0.000    
   72   39   0.000       0.000    
   72   40   0.000       0.000    
   72   41   0.000       0.000    
   72   42   0.000       0.000    
   71   32  0.5993       39.49    
   71   33  4.3243E-02   99.00    
   71   34   0.000       0.000    
   71   35   0.000       0.000    
   71   36   0.000       0.000    
   71   37   0.000       0.000    
   71   38   0.000       0.000    
   71   39   0.000       0.000    
   71   40   0.000       0.000    
   71   41   0.000       0.000    
   71   42   0.000       0.000    
   70   32   0.000       0.000    
   70   33   0.000       0.000    
   70   34   0.000       0.000    
   70   35   0.000       0.000    
   70   36   0.000       0.000    
   70   37   0.000       0.000    
   70   38   0.000       0.000    
   70   39   0.000       0.000    
   70   40   0.000       0.000    
   70   41   0.000       0.000    
   70   42   0.000       0.000    
   69   32  0.2542       31.18    
   69   33   0.000       0.000    
   69   34   0.000       0.000    
   69   35   0.000       0.000    
   69   36   0.000       0.000    
   69   37   0.000       0.000    
   69   38   0.000       0.000    
   69   39   0.000       0.000    
   69   40   0.000       0.000    
   69   41   0.000       0.000    
   69   42   0.000       0.000    
   68   32  0.3992       32.39    
   68   33   0.000       0.000    
   68   34   0.000       0.000    
   68   35   0.000       0.000    
   68   36   0.000       0.000    
   68   37   0.000       0.000    
   68   38   0.000       0.000    
   68   39   0.000       0.000    
   68   40   0.000       0.000    
   68   41   0.000       0.000    
   68   42   0.000       0.000    
   67   32   0.000       0.000    
   67   33   0.000       0.000    
   67   34   0.000       0.000    
   67   35   0.000       0.000    
   67   36   0.000       0.000    
   67   37   0.000       0.000    
   67   38   0.000       0.000    
   67   39   0.000       0.000    
   67   40   0.000       0.000    
   67   41   0.000       0.000    
   67   42   0.000       0.000    
   66   32  5.9841E-15   99.00    
   66   33   0.000       0.000    
   66   34   0.000       0.000    
   66   35   0.000       0.000    
   66   36   0.000       0.000    
   66   37   0.000       0.000    
   66   38   0.000       0.000    
   66   39   0.000       0.000    
   66   40   0.000       0.000    
   66   41   0.000       0.000    
   66   42   0.000       0.000    
   73   21   0.000       0.000    
   73   22   0.000       0.000    
   73   23   0.000       0.000    
   73   24   0.000       0.000    
   73   25   0.000       0.000    
   73   26   0.000       0.000    
   73   27   0.000       0.000    
   73   28   0.000       0.000    
   73   29   0.000       0.000    
   73   30   0.000       0.000    
   73   31  3.5999E-06   13.61    
   72   21   0.000       0.000    
   72   22   0.000       0.000    
   72   23   0.000       0.000    
   72   24   0.000       0.000    
   72   25   0.000       0.000    
   72   26   0.000       0.000    
   72   27   0.000       0.000    
   72   28   0.000       0.000    
   72   29   0.000       0.000    
   72   30  0.7602       19.07    
   72   31   1.101       18.66    
   71   21   0.000       0.000    
   71   22   0.000       0.000    
   71   23   0.000       0.000    
   71   24   0.000       0.000    
   71   25   0.000       0.000    
   71   26   0.000       0.000    
   71   27   0.000       0.000    
   71   28   0.000       0.000    
   71   29   0.000       0.000    
   71   30  2.6376E-11   21.68    
   71   31   0.000       0.000    
   70   21   0.000       0.000    
   70   22   0.000       0.000    
   70   23   0.000       0.000    
   70   24   0.000       0.000    
   70   25   0.000       0.000    
   70   26   0.000       0.000    
   70   27   0.000       0.000    
   70   28   0.000       0.000    
   70   29   0.000       0.000    
   70   30   0.000       0.000    
   70   31   0.000       0.000    
   69   21   0.000       0.000    
   69   22   0.000       0.000    
   69   23   0.000       0.000    
   69   24   0.000       0.000    
   69   25   0.000       0.000    
   69   26   0.000       0.000    
   69   27   0.000       0.000    
   69   28   0.000       0.000    
   69   29   0.000       0.000    
   69   30   1.250       1.999    
   69   31   0.000       0.000    
   68   21   0.000       0.000    
   68   22   0.000       0.000    
   68   23   0.000       0.000    
   68   24   0.000       0.000    
   68   25   0.000       0.000    
   68   26   0.000       0.000    
   68   27   0.000       0.000    
   68   28   0.000       0.000    
   68   29   0.000       0.000    
   68   30   0.000       0.000    
   68   31  0.3993       32.39    
   67   21   0.000       0.000    
   67   22   0.000       0.000    
   67   23   0.000       0.000    
   67   24   0.000       0.000    
   67   25   0.000       0.000    
   67   26   0.000       0.000    
   67   27   0.000       0.000    
   67   28   0.000       0.000    
   67   29   394.1       1.222    
   67   30   0.000       0.000    
   67   31   475.2       1.090    
   66   21   0.000       0.000    
   66   22   0.000       0.000    
   66   23   0.000       0.000    
   66   24   0.000       0.000    
   66   25   0.000       0.000    
   66   26   0.000       0.000    
   66   27   0.000       0.000    
   66   28   7.797       7.822    
   66   29   7.809       7.822    
   66   30   0.000       0.000    
   66   31  0.8666       1.087    
   65   21   0.000       0.000    
   65   22   0.000       0.000    
   65   23   0.000       0.000    
   65   24   0.000       0.000    
   65   25   0.000       0.000    
   65   26   0.000       0.000    
   65   27   0.000       0.000    
   65   28  5.1253E-10   2.144    
   65   29   0.000       0.000    
   65   30   7540.      0.1397    
   65   31   0.000       0.000    
   64   21   0.000       0.000    
   64   22   0.000       0.000    
   64   23   0.000       0.000    
   64   24   0.000       0.000    
   64   25   0.000       0.000    
   64   26   0.000       0.000    
   64   27   0.000       0.000    
   64   28   0.000       0.000    
   64   29   161.1      0.1244    
   64   30   0.000       0.000    
   64   31   0.000       0.000    
   63   21   0.000       0.000    
   63   22   0.000       0.000    
   63   23   0.000       0.000    
   63   24   0.000       0.000    
   63   25   0.000       0.000    
   63   26   0.000       0.000    
   63   27   0.000       0.000    
   63   28   36.44      0.3555    
   63   29   0.000       0.000    
   63   30  1.6031E-43  0.2141    
   63   31   0.000       0.000    
   62   21   0.000       0.000    
   62   22   0.000       0.000    
   62   23   0.000       0.000    
   62   24   0.000       0.000    
   62   25   0.000       0.000    
   62   26   0.000       0.000    
   62   27   0.000       0.000    
   62   28   0.000       0.000    
   62   29   2.389      0.4889    
   62   30   2.347      0.4889    
   62   31   0.000       0.000    
   61   21   0.000       0.000    
   61   22   0.000       0.000    
   61   23   0.000       0.000    
   61   24   0.000       0.000    
   61   25   0.000       0.000    
   61   26   0.000       0.000    
   61   27  6.4309E-16   1.798    
   61   28   0.000       0.000    
   61   29  2.2916E-05  0.1983    
   61   30   0.000       0.000    
   61   31   0.000       0.000    
   60   21   0.000       0.000    
   60   22   0.000       0.000    
   60   23   0.000       0.000    
   60   24   0.000       0.000    
   60   25   0.000       0.000    
   60   26  6.6492E-06   4.369    
   60   27   224.5      0.4248    
   60   28   0.000       0.000    
   60   29   0.000       0.000    
   60   30   0.000       0.000    
   60   31   0.000       0.000    
   59   21   0.000       0.000    
   59   22   0.000       0.000    
   59   23   0.000       0.000    
   59   24   0.000       0.000    
   59   25   0.000       0.000    
   59   26   199.2       1.765    
   59   27   0.000       0.000    
   59   28  0.1153      0.1645    
   59   29   0.000       0.000    
   59   30   0.000       0.000    
   59   31   0.000       0.000    
   58   21   0.000       0.000    
   58   22   0.000       0.000    
   58   23   0.000       0.000    
   58   24   0.000       0.000    
   58   25   0.000       0.000    
   58   26   0.000       0.000    
   58   27  1.3039E+04  0.4096    
   58   28   0.000       0.000    
   58   29   0.000       0.000    
   58   30   0.000       0.000    
   58   31   0.000       0.000    
   57   21   0.000       0.000    
   57   22   0.000       0.000    
   57   23   0.000       0.000    
   57   24   0.000       0.000    
   57   25   0.000       0.000    
   57   26   0.000       0.000    
   57   27   6443.      0.2916    
   57   28   131.5      0.3368    
   57   29   0.000       0.000    
   57   30   0.000       0.000    
   57   31   0.000       0.000    
   56   21   0.000       0.000    
   56   22   0.000       0.000    
   56   23   0.000       0.000    
   56   24   0.000       0.000    
   56   25  1.4377E-09   1.764    
   56   26   0.000       0.000    
   56   27   4669.      0.6364    
   56   28   85.63       1.529    
   56   29   0.000       0.000    
   56   30   0.000       0.000    
   56   31   0.000       0.000    
   55   21   0.000       0.000    
   55   22   0.000       0.000    
   55   23   0.000       0.000    
   55   24   0.000       0.000    
   55   25   0.000       0.000    
   55   26   1240.      0.3019    
   55   27   13.55       1.745    
   55   28   0.000       0.000    
   55   29   0.000       0.000    
   55   30   0.000       0.000    
   55   31   0.000       0.000    
   54   21   0.000       0.000    
   54   22   0.000       0.000    
   54   23   0.000       0.000    
   54   24   0.000       0.000    
   54   25   1450.      0.5446    
   54   26   0.000       0.000    
   54   27   0.000       0.000    
   54   28   0.000       0.000    
   54   29   0.000       0.000    
   54   30   0.000       0.000    
   54   31   0.000       0.000    
   53   21   0.000       0.000    
   53   22   0.000       0.000    
   53   23   0.000       0.000    
   53   24   0.000       0.000    
   53   25  4.7931E-04  0.5374    
   53   26   0.000       0.000    
   53   27   0.000       0.000    
   53   28   0.000       0.000    
   53   29   0.000       0.000    
   53   30   0.000       0.000    
   53   31   0.000       0.000    
   52   21   0.000       0.000    
   52   22   0.000       0.000    
   52   23   0.000       0.000    
   52   24   0.000       0.000    
   52   25   413.2       2.322    
   52   26  1.7699E-02   2.041    
   52   27   0.000       0.000    
   52   28   0.000       0.000    
   52   29   0.000       0.000    
   52   30   0.000       0.000    
   52   31   0.000       0.000    
   51   21   0.000       0.000    
   51   22   0.000       0.000    
   51   23   0.000       0.000    
   51   24   2209.      0.8697    
   51   25  2.9000E-37   1.600    
   51   26   0.000       0.000    
   51   27   0.000       0.000    
   51   28   0.000       0.000    
   51   29   0.000       0.000    
   51   30   0.000       0.000    
   51   31   0.000       0.000    
   50   21   0.000       0.000    
   50   22   0.000       0.000    
   50   23   0.000       0.000    
   50   24   0.000       0.000    
   50   25   0.000       0.000    
   50   26   0.000       0.000    
   50   27   0.000       0.000    
   50   28   0.000       0.000    
   50   29   0.000       0.000    
   50   30   0.000       0.000    
   50   31   0.000       0.000    
   49   21  6.4613E-32   13.69    
   49   22   0.000       0.000    
   49   23   369.8       1.028    
   49   24  5.5909E-41   3.742    
   49   25   0.000       0.000    
   49   26   0.000       0.000    
   49   27   0.000       0.000    
   49   28   0.000       0.000    
   49   29   0.000       0.000    
   49   30   0.000       0.000    
   49   31   0.000       0.000    
   48   21   2.940       11.42    
   48   22   0.000       0.000    
   48   23   512.6       1.216    
   48   24  0.7680       6.824    
   48   25   0.000       0.000    
   48   26   0.000       0.000    
   48   27   0.000       0.000    
   48   28   0.000       0.000    
   48   29   0.000       0.000    
   48   30   0.000       0.000    
   48   31   0.000       0.000    
   47   21   20.00       2.555    
   47   22   0.000       0.000    
   47   23   0.000       0.000    
   47   24   0.000       0.000    
   47   25   0.000       0.000    
   47   26   0.000       0.000    
   47   27   0.000       0.000    
   47   28   0.000       0.000    
   47   29   0.000       0.000    
   47   30   0.000       0.000    
   47   31   0.000       0.000    
   46   21   81.27       5.823    
   46   22   0.000       0.000    
   46   23   0.000       0.000    
   46   24   0.000       0.000    
   46   25   0.000       0.000    
   46   26   0.000       0.000    
   46   27   0.000       0.000    
   46   28   0.000       0.000    
   46   29   0.000       0.000    
   46   30   0.000       0.000    
   46   31   0.000       0.000    
   45   21   0.000       0.000    
   45   22  1.6438E-08   4.780    
   45   23   0.000       0.000    
   45   24   0.000       0.000    
   45   25   0.000       0.000    
   45   26   0.000       0.000    
   45   27   0.000       0.000    
   45   28   0.000       0.000    
   45   29   0.000       0.000    
   45   30   0.000       0.000    
   45   31   0.000       0.000    
   44   21   5.933       8.379    
   44   22  0.1272       6.326    
   44   23   0.000       0.000    
   44   24   0.000       0.000    
   44   25   0.000       0.000    
   44   26   0.000       0.000    
   44   27   0.000       0.000    
   44   28   0.000       0.000    
   44   29   0.000       0.000    
   44   30   0.000       0.000    
   44   31   0.000       0.000    
   43   21  4.7229E-07   6.301    
   43   22   0.000       0.000    
   43   23   0.000       0.000    
   43   24   0.000       0.000    
   43   25   0.000       0.000    
   43   26   0.000       0.000    
   43   27   0.000       0.000    
   43   28   0.000       0.000    
   43   29   0.000       0.000    
   43   30   0.000       0.000    
   43   31   0.000       0.000    
   47   10   0.000       0.000    
   47   11   0.000       0.000    
   47   12   0.000       0.000    
   47   13   0.000       0.000    
   47   14   0.000       0.000    
   47   15   0.000       0.000    
   47   16   0.000       0.000    
   47   17   0.000       0.000    
   47   18   0.000       0.000    
   47   19   0.000       0.000    
   47   20  6.6129E-02   99.00    
   46   10   0.000       0.000    
   46   11   0.000       0.000    
   46   12   0.000       0.000    
   46   13   0.000       0.000    
   46   14   0.000       0.000    
   46   15   0.000       0.000    
   46   16   0.000       0.000    
   46   17   0.000       0.000    
   46   18   0.000       0.000    
   46   19   0.000       0.000    
   46   20   0.000       0.000    
   45   10   0.000       0.000    
   45   11   0.000       0.000    
   45   12   0.000       0.000    
   45   13   0.000       0.000    
   45   14   0.000       0.000    
   45   15   0.000       0.000    
   45   16   0.000       0.000    
   45   17   0.000       0.000    
   45   18   0.000       0.000    
   45   19   0.000       0.000    
   45   20   7.577       8.106    
   44   10   0.000       0.000    
   44   11   0.000       0.000    
   44   12   0.000       0.000    
   44   13   0.000       0.000    
   44   14   0.000       0.000    
   44   15   0.000       0.000    
   44   16   0.000       0.000    
   44   17   0.000       0.000    
   44   18   0.000       0.000    
   44   19   0.000       0.000    
   44   20   0.000       0.000    
   43   10   0.000       0.000    
   43   11   0.000       0.000    
   43   12   0.000       0.000    
   43   13   0.000       0.000    
   43   14   0.000       0.000    
   43   15   0.000       0.000    
   43   16   0.000       0.000    
   43   17   0.000       0.000    
   43   18   0.000       0.000    
   43   19  0.1508       12.56    
   43   20   0.000       0.000    
   42   10   0.000       0.000    
   42   11   0.000       0.000    
   42   12   0.000       0.000    
   42   13   0.000       0.000    
   42   14   0.000       0.000    
   42   15   0.000       0.000    
   42   16   0.000       0.000    
   42   17   0.000       0.000    
   42   18  3.7358E-03   66.67    
   42   19  4.2167E-02   12.66    
   42   20   0.000       0.000    
   41   10   0.000       0.000    
   41   11   0.000       0.000    
   41   12   0.000       0.000    
   41   13   0.000       0.000    
   41   14   0.000       0.000    
   41   15   0.000       0.000    
   41   16   0.000       0.000    
   41   17   0.000       0.000    
   41   18  4.1559E-17   31.62    
   41   19   0.000       0.000    
   41   20  1.3963E-04   9.296    
   40   10   0.000       0.000    
   40   11   0.000       0.000    
   40   12   0.000       0.000    
   40   13   0.000       0.000    
   40   14   0.000       0.000    
   40   15   0.000       0.000    
   40   16   0.000       0.000    
   40   17   0.000       0.000    
   40   18   0.000       0.000    
   40   19  1.4124E-08   3.796    
   40   20   0.000       0.000    
   39   10   0.000       0.000    
   39   11   0.000       0.000    
   39   12   0.000       0.000    
   39   13   0.000       0.000    
   39   14   0.000       0.000    
   39   15   0.000       0.000    
   39   16   0.000       0.000    
   39   17  1.8176E-33   61.24    
   39   18  1.8513E-02   11.86    
   39   19   0.000       0.000    
   39   20   0.000       0.000    
   38   10   0.000       0.000    
   38   11   0.000       0.000    
   38   12   0.000       0.000    
   38   13   0.000       0.000    
   38   14   0.000       0.000    
   38   15   0.000       0.000    
   38   16   0.000       0.000    
   38   17   0.000       0.000    
   38   18   0.000       0.000    
   38   19   0.000       0.000    
   38   20   0.000       0.000    
   37   10   0.000       0.000    
   37   11   0.000       0.000    
   37   12   0.000       0.000    
   37   13   0.000       0.000    
   37   14   0.000       0.000    
   37   15   0.000       0.000    
   37   16   0.000       0.000    
   37   17   0.000       0.000    
   37   18   11.70       6.209    
   37   19   0.000       0.000    
   37   20   0.000       0.000    
   36   10   0.000       0.000    
   36   11   0.000       0.000    
   36   12   0.000       0.000    
   36   13   0.000       0.000    
   36   14   0.000       0.000    
   36   15   0.000       0.000    
   36   16   0.000       0.000    
   36   17  2.1460E-05   6.573    
   36   18   0.000       0.000    
   36   19   0.000       0.000    
   36   20   0.000       0.000    
   35   10   0.000       0.000    
   35   11   0.000       0.000    
   35   12   0.000       0.000    
   35   13   0.000       0.000    
   35   14   0.000       0.000    
   35   15   0.000       0.000    
   35   16   2.442       23.86    
   35   17   0.000       0.000    
   35   18   0.000       0.000    
   35   19   0.000       0.000    
   35   20   0.000       0.000    
   34   10   0.000       0.000    
   34   11   0.000       0.000    
   34   12   0.000       0.000    
   34   13   0.000       0.000    
   34   14   0.000       0.000    
   34   15   0.000       0.000    
   34   16   0.000       0.000    
   34   17   0.000       0.000    
   34   18   0.000       0.000    
   34   19   0.000       0.000    
   34   20   0.000       0.000    
   33   10   0.000       0.000    
   33   11   0.000       0.000    
   33   12   0.000       0.000    
   33   13   0.000       0.000    
   33   14   0.000       0.000    
   33   15   1.659       36.51    
   33   16   0.000       0.000    
   33   17   0.000       0.000    
   33   18   0.000       0.000    
   33   19   0.000       0.000    
   33   20   0.000       0.000    
   32   10   0.000       0.000    
   32   11   0.000       0.000    
   32   12   0.000       0.000    
   32   13   0.000       0.000    
   32   14  8.0663E-04   40.82    
   32   15   2.553      1.1652E-02
   32   16   0.000       0.000    
   32   17   0.000       0.000    
   32   18   0.000       0.000    
   32   19   0.000       0.000    
   32   20   0.000       0.000    
   31   10   0.000       0.000    
   31   11   0.000       0.000    
   31   12   0.000       0.000    
   31   13   0.000       0.000    
   31   14  2.4949E-12   48.59    
   31   15   0.000       0.000    
   31   16   0.000       0.000    
   31   17   0.000       0.000    
   31   18   0.000       0.000    
   31   19   0.000       0.000    
   31   20   0.000       0.000    
   30   10   0.000       0.000    
   30   11   0.000       0.000    
   30   12   0.000       0.000    
   30   13   0.000       0.000    
   30   14   0.000       0.000    
   30   15   0.000       0.000    
   30   16   0.000       0.000    
   30   17   0.000       0.000    
   30   18   0.000       0.000    
   30   19   0.000       0.000    
   30   20   0.000       0.000    
   29   10   0.000       0.000    
   29   11   0.000       0.000    
   29   12   0.000       0.000    
   29   13   0.000       0.000    
   29   14   0.000       0.000    
   29   15   0.000       0.000    
   29   16   0.000       0.000    
   29   17   0.000       0.000    
   29   18   0.000       0.000    
   29   19   0.000       0.000    
   29   20   0.000       0.000    
   28   10   0.000       0.000    
   28   11   0.000       0.000    
   28   12   0.000       0.000    
   28   13   0.000       0.000    
   28   14   0.000       0.000    
   28   15   0.000       0.000    
   28   16   0.000       0.000    
   28   17   0.000       0.000    
   28   18   0.000       0.000    
   28   19   0.000       0.000    
   28   20   0.000       0.000    
   27   10   0.000       0.000    
   27   11   0.000       0.000    
   27   12   0.000       0.000    
   27   13   0.000       0.000    
   27   14   0.000       0.000    
   27   15   0.000       0.000    
   27   16   0.000       0.000    
   27   17   0.000       0.000    
   27   18   0.000       0.000    
   27   19   0.000       0.000    
   27   20   0.000       0.000    
   26   10   0.000       0.000    
   26   11   0.000       0.000    
   26   12   0.000       0.000    
   26   13   0.000       0.000    
   26   14   0.000       0.000    
   26   15   0.000       0.000    
   26   16   0.000       0.000    
   26   17   0.000       0.000    
   26   18   0.000       0.000    
   26   19   0.000       0.000    
   26   20   0.000       0.000    
   25   10   0.000       0.000    
   25   11   0.000       0.000    
   25   12   0.000       0.000    
   25   13   0.000       0.000    
   25   14   0.000       0.000    
   25   15   0.000       0.000    
   25   16   0.000       0.000    
   25   17   0.000       0.000    
   25   18   0.000       0.000    
   25   19   0.000       0.000    
   25   20   0.000       0.000    
   24   10   0.000       0.000    
   24   11  2.3348E-02   15.35    
   24   12   0.000       0.000    
   24   13   0.000       0.000    
   24   14   0.000       0.000    
   24   15   0.000       0.000    
   24   16   0.000       0.000    
   24   17   0.000       0.000    
   24   18   0.000       0.000    
   24   19   0.000       0.000    
   24   20   0.000       0.000    
   23   10   0.000       0.000    
   23   11   0.000       0.000    
   23   12   0.000       0.000    
   23   13   0.000       0.000    
   23   14   0.000       0.000    
   23   15   0.000       0.000    
   23   16   0.000       0.000    
   23   17   0.000       0.000    
   23   18   0.000       0.000    
   23   19   0.000       0.000    
   23   20   0.000       0.000    
   22   10   0.000       0.000    
   22   11  0.2075       28.57    
   22   12   0.000       0.000    
   22   13   0.000       0.000    
   22   14   0.000       0.000    
   22   15   0.000       0.000    
   22   16   0.000       0.000    
   22   17   0.000       0.000    
   22   18   0.000       0.000    
   22   19   0.000       0.000    
   22   20   0.000       0.000    
   18    1   0.000       0.000    
   18    2   0.000       0.000    
   18    3   0.000       0.000    
   18    4   0.000       0.000    
   18    5   0.000       0.000    
   18    6   0.000       0.000    
   18    7   0.000       0.000    
   18    8   0.000       0.000    
   18    9  1.4934E-16   7.204    
   17    1   0.000       0.000    
   17    2   0.000       0.000    
   17    3   0.000       0.000    
   17    4   0.000       0.000    
   17    5   0.000       0.000    
   17    6   0.000       0.000    
   17    7   0.000       0.000    
   17    8   0.000       0.000    
   17    9   0.000       0.000    
   16    1   0.000       0.000    
   16    2   0.000       0.000    
   16    3   0.000       0.000    
   16    4   0.000       0.000    
   16    5   0.000       0.000    
   16    6   0.000       0.000    
   16    7   0.000       0.000    
   16    8   0.000       0.000    
   16    9   0.000       0.000    
   15    1   0.000       0.000    
   15    2   0.000       0.000    
   15    3   0.000       0.000    
   15    4   0.000       0.000    
   15    5   0.000       0.000    
   15    6   0.000       0.000    
   15    7   0.000       0.000    
   15    8   0.000       0.000    
   15    9   0.000       0.000    
   14    1   0.000       0.000    
   14    2   0.000       0.000    
   14    3   0.000       0.000    
   14    4   0.000       0.000    
   14    5   0.000       0.000    
   14    6  1.1416E-03   5.161    
   14    7   0.000       0.000    
   14    8   0.000       0.000    
   14    9   0.000       0.000    
   13    1   0.000       0.000    
   13    2   0.000       0.000    
   13    3   0.000       0.000    
   13    4   0.000       0.000    
   13    5   0.000       0.000    
   13    6   0.000       0.000    
   13    7   0.000       0.000    
   13    8   0.000       0.000    
   13    9   0.000       0.000    
   12    1   0.000       0.000    
   12    2   0.000       0.000    
   12    3   0.000       0.000    
   12    4   0.000       0.000    
   12    5   0.000       0.000    
   12    6   0.000       0.000    
   12    7   0.000       0.000    
   12    8   0.000       0.000    
   12    9   0.000       0.000    
   11    1   0.000       0.000    
   11    2   0.000       0.000    
   11    3   0.000       0.000    
   11    4   0.000       0.000    
   11    5   0.000       0.000    
   11    6   0.000       0.000    
   11    7   0.000       0.000    
   11    8   0.000       0.000    
   11    9   0.000       0.000    
   10    1   0.000       0.000    
   10    2   0.000       0.000    
   10    3   0.000       0.000    
   10    4  6.3822E-06   3.846    
   10    5   0.000       0.000    
   10    6   0.000       0.000    
   10    7   0.000       0.000    
   10    8   0.000       0.000    
   10    9   0.000       0.000    
    9    1   0.000       0.000    
    9    2   0.000       0.000    
    9    3   0.000       0.000    
    9    4   0.000       0.000    
    9    5   0.000       0.000    
    9    6   0.000       0.000    
    9    7   0.000       0.000    
    9    8   0.000       0.000    
    9    9   0.000       0.000    
    8    1   0.000       0.000    
    8    2   0.000       0.000    
    8    3   0.000       0.000    
    8    4   0.000       0.000    
    8    5   0.000       0.000    
    8    6   0.000       0.000    
    8    7   0.000       0.000    
    8    8   0.000       0.000    
    8    9   0.000       0.000    
    7    1   0.000       0.000    
    7    2   0.000       0.000    
    7    3   0.000       0.000    
    7    4   88.56       5.652    
    7    5   0.000       0.000    
    7    6   0.000       0.000    
    7    7   0.000       0.000    
    7    8   0.000       0.000    
    7    9   0.000       0.000    
    6    1   0.000       0.000    
    6    2   0.000       0.000    
    6    3   0.000       0.000    
    6    4   0.000       0.000    
    6    5   0.000       0.000    
    6    6   0.000       0.000    
    6    7   0.000       0.000    
    6    8   0.000       0.000    
    6    9   0.000       0.000    
    5    1   0.000       0.000    
    5    2   0.000       0.000    
    5    3   0.000       0.000    
    5    4   0.000       0.000    
    5    5   0.000       0.000    
    5    6   0.000       0.000    
    5    7   0.000       0.000    
    5    8   0.000       0.000    
    5    9   0.000       0.000    
    4    1   0.000       0.000    
    4    2   0.000       0.000    
    4    3   0.000       0.000    
    4    4   0.000       0.000    
    4    5   0.000       0.000    
    4    6   0.000       0.000    
    4    7   0.000       0.000    
    4    8   0.000       0.000    
    4    9   0.000       0.000    
    3    1   406.2      0.3606    
    3    2   0.000       0.000    
    3    3   0.000       0.000    
    3    4   0.000       0.000    
    3    5   0.000       0.000    
    3    6   0.000       0.000    
    3    7   0.000       0.000    
    3    8   0.000       0.000    
    3    9   0.000       0.000    
# A/Z/m Isomers:
   44   21    1  0.1266       6.326    
   44   21    2   5.478       8.464    
   45   21    1  1.4396E-04   8.106    
   52   25    1  1.8485E-02   2.041    
   58   27    1   2.806      0.5933    
   60   27    1  6.6492E-06   4.369    
   67   30    1   462.2      0.7925    
   69   30    1   1.165       1.999    
   71   30    1  5.2207E-08   21.68    
   71   32    1  1.8201E-03   99.00    
   72   31    1  2.3917E-02   19.07    
   73   32    1  0.4682      1.0368E-04
   73   32    2  0.4682      1.0239E-04
   75   33    1  1.1267E-02   46.77    
   77   33    1  2.6204E-03   15.10    
   77   34    1  1.0197E-02   30.52    
   80   35    1  3.0986E-07   15.31    
   82   37    1  8.3707E-06   40.82    
   83   36    1  0.7926       31.18    
   85   36    1  3.1644E-06   8.800    
   85   37    1   1.292       48.26    
   85   38    1  4.1644E-09   99.00    
   85   39    1  7.9961E-08   99.00    
   87   38    1  0.5826       31.78    
   87   39    1  2.8018E-03   99.00    
   88   39    1  9.2220E-02   99.00    
   89   39    1  0.3061       40.42    
   90   39    1  1.0976E-09   21.25    
   90   40    1  1.9758E-14   21.25    
   91   39    1  1.1257E-02   9.548    
   91   41    1  0.2054       61.24    
   92   41    1   1.129       31.18    
   93   41    1  3.7916E-02   14.91    
   95   41    1   5.271       13.73    
   95   43    1  0.3079       40.82    
   97   41    1  0.1951       15.70    
   97   43    1  0.5329       31.18    
   99   43    1   14.87       4.880    
  101   45    1  0.2570       46.77    
  102   45    1  4.2052E-02   46.77    
  103   45    1   41.06       4.570    
  105   45    1  1.4823E-06   5.556    
  105   46    1  9.4519E-04   61.24    
  106   45    1  2.5275E-13   9.992    
  106   47    1  8.8191E-02   99.00    
  108   47    1  8.4592E-04   36.85    
  109   47    1  0.3879       18.45    
  110   47    1  0.9919       27.56    
  111   48    1  6.7853E-06   40.82    
  113   48    1  7.4020E-02   22.97    
  113   49    1  9.5799E-19   36.36    
  114   49    1   2.043       28.10    
  115   48    1   1.840       16.80    
  115   49    1   2.963       15.62    
  117   48    1  2.2881E-09   25.35    
  117   49    1  8.4983E-11   23.01    
  117   50    1  0.3359       60.62    
  118   51    2  3.5763E-07   40.82    
  119   50    1  0.3025       27.75    
  119   52    1  6.7614E-02   99.00    
  120   50    1  0.1514       61.24    
  120   51    1  0.1514       61.24    
  121   50    1  1.2616E-02   27.91    
  121   52    1  0.1914       66.67    
  123   52    1  0.9306       21.25    
  125   52    1  0.7902       49.61    
  127   52    1  0.1267       61.27    
  127   54    1  9.4957E-10   99.00    
  131   54    1  0.3016       39.07    
  133   54    1  3.3594E-02   99.00    
  135   56    1  1.1169E-02   99.00    
  136   56    1  2.3108E-02   61.24    
  139   58    1  3.0650E-12   99.00    
  140   58    1  1.9788E-05   80.73    
  173   71    1  2.4925E-09   99.00    
  175   71    1  2.2667E-04   99.00    
  177   73    1  2.1543E-15   99.00    
  178   73    1  0.1091       99.00    
  181   73    1  0.1826       38.26    
  181   74    1  1.0404E-02   38.36    
  182   75    1  0.1063       24.63    
  183   76    1  1.3290E-03   21.94    
  186   77    1  1.7915E-17   99.00    
  187   76    1  5.5839E-05   2.733    
  187   77    1  1.8531E-13   2.813    
  189   76    1   3.607       5.899    
  189   77    1  6.2871E-03   5.625    
  191   77    1  0.4459       2.842    
  191   78    1  6.7911E-09   2.881    
  191   78    2  4.3142E-09   2.881    
  193   78    1  6.2663E-03   2.079    
  193   79    1  6.0191E-02   2.752    
  193   80    1  6.8173E-02   2.752    
  195   78    1  6.0830E-02   99.00    
  195   79    1   1.725       6.853    
  195   80    1   3.626       6.934    
  196   81    1  3.4367E-20   3.232    
  197   79    1  0.3230       13.05    
  197   80    1  0.6182       13.05    
  198   81    1  7.8428E-15   5.067    
  201   82    1  6.7823E-16   2.067    
  201   83    1  1.9317E-29   1.097    
  202   81    1  3.6230E-08   4.167    
  202   82    1  3.8137E-07   4.167    
  203   82    1  0.5959       1.504    
  204   82    1  0.1306       1.646    
  205   82    1   24.69      0.9155    
  205   82    2   92.51      0.9155    
  206   82    1   146.2       1.243    
  206   83    1  0.1686       61.24    
  207   82    1   2.925       1.735    
