# Detector n:     1  
cool20    
# A/Z Isotopes:
  210   76   0.000       0.000    
  210   77   0.000       0.000    
  210   78   0.000       0.000    
  210   79   0.000       0.000    
  210   80   0.000       0.000    
  210   81   0.000       0.000    
  210   82   0.000       0.000    
  210   83   0.000       0.000    
  210   84  7.2610E-02   99.00    
  210   85   0.000       0.000    
  210   86   0.000       0.000    
  209   76   0.000       0.000    
  209   77   0.000       0.000    
  209   78   0.000       0.000    
  209   79   0.000       0.000    
  209   80   0.000       0.000    
  209   81   0.000       0.000    
  209   82   20.87       6.629    
  209   83   0.000       0.000    
  209   84   0.000       0.000    
  209   85   0.000       0.000    
  209   86   0.000       0.000    
  208   76   0.000       0.000    
  208   77   0.000       0.000    
  208   78   0.000       0.000    
  208   79   0.000       0.000    
  208   80   0.000       0.000    
  208   81  0.6713       10.79    
  208   82   0.000       0.000    
  208   83  5.3495E-05   4.270    
  208   84  2.6866E-02   61.24    
  208   85   0.000       0.000    
  208   86   0.000       0.000    
  207   76   0.000       0.000    
  207   77   0.000       0.000    
  207   78   0.000       0.000    
  207   79   0.000       0.000    
  207   80   0.000       0.000    
  207   81   40.44       3.112    
  207   82   0.000       0.000    
  207   83   3.481       1.735    
  207   84  0.2451       99.00    
  207   85   0.000       0.000    
  207   86   0.000       0.000    
  206   76   0.000       0.000    
  206   77   0.000       0.000    
  206   78   0.000       0.000    
  206   79   0.000       0.000    
  206   80  0.8694       18.22    
  206   81   39.87       2.802    
  206   82   0.000       0.000    
  206   83   544.1       1.242    
  206   84  0.2499       61.24    
  206   85   0.000       0.000    
  206   86   0.000       0.000    
  205   76   0.000       0.000    
  205   77   0.000       0.000    
  205   78   0.000       0.000    
  205   79   0.000       0.000    
  205   80  0.8762       9.443    
  205   81   0.000       0.000    
  205   82  6.8234E-05  0.6640    
  205   83   844.4      0.9155    
  205   84   0.000       0.000    
  205   85   0.000       0.000    
  205   86   0.000       0.000    
  204   76   0.000       0.000    
  204   77   0.000       0.000    
  204   78   0.000       0.000    
  204   79   0.000       0.000    
  204   80   0.000       0.000    
  204   81   22.44       1.704    
  204   82   0.000       0.000    
  204   83   857.1       1.639    
  204   84  0.2419       61.24    
  204   85   0.000       0.000    
  204   86   0.000       0.000    
  203   76   0.000       0.000    
  203   77   0.000       0.000    
  203   78   0.000       0.000    
  203   79   0.000       0.000    
  203   80   10.75       10.43    
  203   81   0.000       0.000    
  203   82   2998.      0.7214    
  203   83   1043.       1.504    
  203   84   0.000       0.000    
  203   85   0.000       0.000    
  203   86   0.000       0.000    
  202   76   0.000       0.000    
  202   77   0.000       0.000    
  202   78   0.000       0.000    
  202   79  1.6377E-07   66.67    
  202   80   0.000       0.000    
  202   81   308.1       1.487    
  202   82  1.7745E-02  0.5879    
  202   83   283.7       1.851    
  202   84  0.1070       99.00    
  202   85   0.000       0.000    
  202   86   0.000       0.000    
  201   76   0.000       0.000    
  201   77   0.000       0.000    
  201   78   0.000       0.000    
  201   79  0.2872       40.82    
  201   80   0.000       0.000    
  201   81   2637.       1.220    
  201   82   2285.       1.129    
  201   83   426.0       2.227    
  201   84   0.000       0.000    
  201   85   0.000       0.000    
  201   86   0.000       0.000    
  200   76   0.000       0.000    
  200   77   0.000       0.000    
  200   78   0.000       0.000    
  200   79  0.4333       46.77    
  200   80   0.000       0.000    
  200   81   2456.      0.4267    
  200   82   2162.      0.3368    
  200   83   141.7       2.530    
  200   84   0.000       0.000    
  200   85   0.000       0.000    
  200   86   0.000       0.000    
  199   76   0.000       0.000    
  199   77   0.000       0.000    
  199   78   0.000       0.000    
  199   79   1.248       27.39    
  199   80   0.000       0.000    
  199   81   1952.      0.9428    
  199   82   1537.      0.9223    
  199   83   339.2       1.230    
  199   84   0.000       0.000    
  199   85   0.000       0.000    
  199   86   0.000       0.000    
  198   76   0.000       0.000    
  198   77   0.000       0.000    
  198   78   0.000       0.000    
  198   79  0.4991       72.89    
  198   80   0.000       0.000    
  198   81   1583.      0.7221    
  198   82   1333.      0.6937    
  198   83   36.42       1.985    
  198   84   0.000       0.000    
  198   85   0.000       0.000    
  198   86   0.000       0.000    
  197   76   0.000       0.000    
  197   77   0.000       0.000    
  197   78   0.000       0.000    
  197   79   0.000       0.000    
  197   80   1181.       1.087    
  197   81   1134.       1.109    
  197   82   375.7      0.4706    
  197   83   112.0       1.057    
  197   84   0.000       0.000    
  197   85   0.000       0.000    
  197   86   0.000       0.000    
  196   76   0.000       0.000    
  196   77   0.000       0.000    
  196   78   0.000       0.000    
  196   79   2.748       23.40    
  196   80   0.000       0.000    
  196   81   820.6       1.645    
  196   82   596.8       1.475    
  196   83   31.46       4.572    
  196   84   0.000       0.000    
  196   85   0.000       0.000    
  196   86   0.000       0.000    
  195   76   0.000       0.000    
  195   77   0.000       0.000    
  195   78   0.000       0.000    
  195   79   309.0       1.774    
  195   80   636.8       1.897    
  195   81   571.5       2.202    
  195   82   190.5       2.257    
  195   83   8.720       4.116    
  195   84   0.000       0.000    
  195   85   0.000       0.000    
  195   86   0.000       0.000    
  194   76   0.000       0.000    
  194   77   0.000       0.000    
  194   78   0.000       0.000    
  194   79   7.310       15.13    
  194   80  0.3352      0.8339    
  194   81   338.4      0.9963    
  194   82   133.3       3.043    
  194   83  0.2777       2.620    
  194   84   0.000       0.000    
  194   85   0.000       0.000    
  194   86   0.000       0.000    
  193   76   0.000       0.000    
  193   77   0.000       0.000    
  193   78   1.985       2.975    
  193   79   304.1       3.039    
  193   80   269.1       3.410    
  193   81   162.6       3.186    
  193   82   5.508       9.359    
  193   83  9.2167E-03   10.92    
  193   84   0.000       0.000    
  193   85   0.000       0.000    
  193   86   0.000       0.000    
  192   76   0.000       0.000    
  192   77   0.000       0.000    
  192   78   0.000       0.000    
  192   79   192.4       2.620    
  192   80   181.2       2.549    
  192   81   68.38       2.789    
  192   82   7.736       2.119    
  192   83  6.0232E-06   31.87    
  192   84   0.000       0.000    
  192   85   0.000       0.000    
  192   86   0.000       0.000    
  191   76   0.000       0.000    
  191   77   0.000       0.000    
  191   78   116.8       2.842    
  191   79   115.5       2.773    
  191   80   86.32       3.237    
  191   81   16.68       8.203    
  191   82  1.8512E-02   12.63    
  191   83  6.7916E-16   99.00    
  191   84   0.000       0.000    
  191   85   0.000       0.000    
  191   86   0.000       0.000    
  190   76   0.000       0.000    
  190   77   0.000       0.000    
  190   78  4.0081E-11   5.925    
  190   79   74.47       5.829    
  190   80   51.66       5.867    
  190   81   1.811       9.674    
  190   82  1.6831E-02   16.79    
  190   83  2.6754E-30   99.00    
  190   84   0.000       0.000    
  190   85   0.000       0.000    
  190   86   0.000       0.000    
  189   76   0.000       0.000    
  189   77   47.76       5.910    
  189   78   47.32       5.643    
  189   79   27.08       5.795    
  189   80   9.976       5.337    
  189   81  0.4459       8.385    
  189   82  5.8440E-06   61.24    
  189   83   0.000       0.000    
  189   84   0.000       0.000    
  189   85   0.000       0.000    
  189   86   0.000       0.000    
  188   76   0.000       0.000    
  188   77   25.21       10.02    
  188   78   24.84       10.30    
  188   79   13.62       10.40    
  188   80   2.222       13.75    
  188   81  6.1683E-03   22.59    
  188   82  2.3883E-08   40.82    
  188   83   0.000       0.000    
  188   84   0.000       0.000    
  188   85   0.000       0.000    
  188   86   0.000       0.000    
  187   76   0.000       0.000    
  187   77   13.24       2.762    
  187   78   12.26       2.778    
  187   79   4.968       6.382    
  187   80  8.5777E-02   25.49    
  187   81  1.4300E-04   46.61    
  187   82   0.000       0.000    
  187   83   0.000       0.000    
  187   84   0.000       0.000    
  187   85   0.000       0.000    
  187   86   0.000       0.000    
  186   76   0.000       0.000    
  186   77   12.16       5.586    
  186   78   11.62       6.255    
  186   79   3.492       10.28    
  186   80  1.9172E-02   25.37    
  186   81  3.9466E-08   99.00    
  186   82   0.000       0.000    
  186   83   0.000       0.000    
  186   84   0.000       0.000    
  186   85   0.000       0.000    
  186   86   0.000       0.000    
  185   76   4.043       15.01    
  185   77   5.593       14.98    
  185   78   3.520       11.90    
  185   79  0.5241       13.66    
  185   80  7.1468E-05   63.98    
  185   81  7.4291E-11   99.00    
  185   82   0.000       0.000    
  185   83   0.000       0.000    
  185   84   0.000       0.000    
  185   85   0.000       0.000    
  185   86   0.000       0.000    
  184   76  1.8361E-14   21.93    
  184   77   2.626       25.63    
  184   78   1.465       32.79    
  184   79  4.3653E-05   75.89    
  184   80  4.2953E-07   55.40    
  184   81   0.000       0.000    
  184   82   0.000       0.000    
  184   83   0.000       0.000    
  184   84   0.000       0.000    
  184   85   0.000       0.000    
  184   86   0.000       0.000    
  183   76   1.132       12.64    
  183   77   1.937       21.51    
  183   78  0.2131       32.68    
  183   79  2.2824E-05   65.92    
  183   80   0.000       0.000    
  183   81   0.000       0.000    
  183   82   0.000       0.000    
  183   83   0.000       0.000    
  183   84   0.000       0.000    
  183   85   0.000       0.000    
  183   86   0.000       0.000    
  182   76  0.9963       25.05    
  182   77  0.1729       99.00    
  182   78  9.3876E-03   99.00    
  182   79  5.4262E-12   99.00    
  182   80   0.000       0.000    
  182   81   0.000       0.000    
  182   82   0.000       0.000    
  182   83   0.000       0.000    
  182   84   0.000       0.000    
  182   85   0.000       0.000    
  182   86   0.000       0.000    
  181   76  0.1519       83.56    
  181   77  4.0403E-02   82.06    
  181   78  4.8757E-05   63.52    
  181   79  1.9058E-16   99.00    
  181   80   0.000       0.000    
  181   81   0.000       0.000    
  181   82   0.000       0.000    
  181   83   0.000       0.000    
  181   84   0.000       0.000    
  181   85   0.000       0.000    
  181   86   0.000       0.000    
  180   76  0.2868       65.61    
  180   77  2.5440E-03   58.26    
  180   78  3.1340E-06   73.14    
  180   79   0.000       0.000    
  180   80   0.000       0.000    
  180   81   0.000       0.000    
  180   82   0.000       0.000    
  180   83   0.000       0.000    
  180   84   0.000       0.000    
  180   85   0.000       0.000    
  180   86   0.000       0.000    
  179   76  9.7867E-02   60.79    
  179   77  6.6972E-04   95.70    
  179   78   0.000       0.000    
  179   79   0.000       0.000    
  179   80   0.000       0.000    
  179   81   0.000       0.000    
  179   82   0.000       0.000    
  179   83   0.000       0.000    
  179   84   0.000       0.000    
  179   85   0.000       0.000    
  179   86   0.000       0.000    
  178   76  3.1272E-02   99.00    
  178   77  1.2515E-14   99.00    
  178   78   0.000       0.000    
  178   79   0.000       0.000    
  178   80   0.000       0.000    
  178   81   0.000       0.000    
  178   82   0.000       0.000    
  178   83   0.000       0.000    
  178   84   0.000       0.000    
  178   85   0.000       0.000    
  178   86   0.000       0.000    
  177   76  1.1304E-05   88.70    
  177   77  1.2662E-10   99.00    
  177   78   0.000       0.000    
  177   79   0.000       0.000    
  177   80   0.000       0.000    
  177   81   0.000       0.000    
  177   82   0.000       0.000    
  177   83   0.000       0.000    
  177   84   0.000       0.000    
  177   85   0.000       0.000    
  177   86   0.000       0.000    
  176   76  1.4181E-06   80.52    
  176   77   0.000       0.000    
  176   78   0.000       0.000    
  176   79   0.000       0.000    
  176   80   0.000       0.000    
  176   81   0.000       0.000    
  176   82   0.000       0.000    
  176   83   0.000       0.000    
  176   84   0.000       0.000    
  176   85   0.000       0.000    
  176   86   0.000       0.000    
  183   65   0.000       0.000    
  183   66   0.000       0.000    
  183   67   0.000       0.000    
  183   68   0.000       0.000    
  183   69   0.000       0.000    
  183   70   0.000       0.000    
  183   71   0.000       0.000    
  183   72   0.000       0.000    
  183   73   0.000       0.000    
  183   74   0.000       0.000    
  183   75   1.842       16.67    
  182   65   0.000       0.000    
  182   66   0.000       0.000    
  182   67   0.000       0.000    
  182   68   0.000       0.000    
  182   69   0.000       0.000    
  182   70   0.000       0.000    
  182   71   0.000       0.000    
  182   72   0.000       0.000    
  182   73   0.000       0.000    
  182   74   0.000       0.000    
  182   75   0.000       0.000    
  181   65   0.000       0.000    
  181   66   0.000       0.000    
  181   67   0.000       0.000    
  181   68   0.000       0.000    
  181   69   0.000       0.000    
  181   70   0.000       0.000    
  181   71   0.000       0.000    
  181   72   0.000       0.000    
  181   73   0.000       0.000    
  181   74  0.2502       38.26    
  181   75  0.3982       38.26    
  180   65   0.000       0.000    
  180   66   0.000       0.000    
  180   67   0.000       0.000    
  180   68   0.000       0.000    
  180   69   0.000       0.000    
  180   70   0.000       0.000    
  180   71   0.000       0.000    
  180   72   0.000       0.000    
  180   73   0.000       0.000    
  180   74   0.000       0.000    
  180   75  0.3184       65.69    
  179   65   0.000       0.000    
  179   66   0.000       0.000    
  179   67   0.000       0.000    
  179   68   0.000       0.000    
  179   69   0.000       0.000    
  179   70   0.000       0.000    
  179   71   0.000       0.000    
  179   72   0.000       0.000    
  179   73  4.1736E-02   60.39    
  179   74  0.2506       60.38    
  179   75  0.2258       60.37    
  178   65   0.000       0.000    
  178   66   0.000       0.000    
  178   67   0.000       0.000    
  178   68   0.000       0.000    
  178   69   0.000       0.000    
  178   70   0.000       0.000    
  178   71   0.000       0.000    
  178   72   0.000       0.000    
  178   73   0.000       0.000    
  178   74  0.1246       99.00    
  178   75  0.1000       99.00    
  177   65   0.000       0.000    
  177   66   0.000       0.000    
  177   67   0.000       0.000    
  177   68   0.000       0.000    
  177   69   0.000       0.000    
  177   70   0.000       0.000    
  177   71   0.000       0.000    
  177   72   0.000       0.000    
  177   73  0.1251       99.00    
  177   74  0.1237       99.00    
  177   75  7.6252E-02   99.00    
  176   65   0.000       0.000    
  176   66   0.000       0.000    
  176   67   0.000       0.000    
  176   68   0.000       0.000    
  176   69   0.000       0.000    
  176   70   0.000       0.000    
  176   71   0.000       0.000    
  176   72   0.000       0.000    
  176   73  0.2482       61.24    
  176   74  0.1194       99.00    
  176   75  3.9359E-06   81.54    
  175   65   0.000       0.000    
  175   66   0.000       0.000    
  175   67   0.000       0.000    
  175   68   0.000       0.000    
  175   69   0.000       0.000    
  175   70   0.000       0.000    
  175   71   0.000       0.000    
  175   72  0.1026       99.00    
  175   73   0.000       0.000    
  175   74   0.000       0.000    
  175   75   0.000       0.000    
  174   65   0.000       0.000    
  174   66   0.000       0.000    
  174   67   0.000       0.000    
  174   68   0.000       0.000    
  174   69   0.000       0.000    
  174   70   0.000       0.000    
  174   71   0.000       0.000    
  174   72   0.000       0.000    
  174   73  0.2373       99.00    
  174   74  0.1088       99.00    
  174   75  6.9601E-03   99.00    
  173   65   0.000       0.000    
  173   66   0.000       0.000    
  173   67   0.000       0.000    
  173   68   0.000       0.000    
  173   69   0.000       0.000    
  173   70   0.000       0.000    
  173   71  8.5861E-09   99.00    
  173   72  4.0500E-08   99.00    
  173   73  4.0259E-08   99.00    
  173   74  2.3721E-08   99.00    
  173   75  1.8786E-09   99.00    
  148   54   0.000       0.000    
  148   55   0.000       0.000    
  148   56   0.000       0.000    
  148   57   0.000       0.000    
  148   58   0.000       0.000    
  148   59   0.000       0.000    
  148   60   0.000       0.000    
  148   61  0.1249       99.00    
  148   62   0.000       0.000    
  148   63   0.000       0.000    
  148   64   0.000       0.000    
  147   54   0.000       0.000    
  147   55   0.000       0.000    
  147   56   0.000       0.000    
  147   57   0.000       0.000    
  147   58   0.000       0.000    
  147   59   0.000       0.000    
  147   60   0.000       0.000    
  147   61   0.000       0.000    
  147   62   0.000       0.000    
  147   63   0.000       0.000    
  147   64   0.000       0.000    
  146   54   0.000       0.000    
  146   55   0.000       0.000    
  146   56   0.000       0.000    
  146   57   0.000       0.000    
  146   58   0.000       0.000    
  146   59   0.000       0.000    
  146   60   0.000       0.000    
  146   61   0.000       0.000    
  146   62   0.000       0.000    
  146   63   0.000       0.000    
  146   64   0.000       0.000    
  145   54   0.000       0.000    
  145   55   0.000       0.000    
  145   56   0.000       0.000    
  145   57   0.000       0.000    
  145   58   0.000       0.000    
  145   59  0.1226       99.00    
  145   60   0.000       0.000    
  145   61   0.000       0.000    
  145   62   0.000       0.000    
  145   63   0.000       0.000    
  145   64   0.000       0.000    
  144   54   0.000       0.000    
  144   55   0.000       0.000    
  144   56   0.000       0.000    
  144   57   0.000       0.000    
  144   58   0.000       0.000    
  144   59  0.1093       99.00    
  144   60   0.000       0.000    
  144   61   0.000       0.000    
  144   62   0.000       0.000    
  144   63   0.000       0.000    
  144   64   0.000       0.000    
  143   54   0.000       0.000    
  143   55   0.000       0.000    
  143   56   0.000       0.000    
  143   57   0.000       0.000    
  143   58   0.000       0.000    
  143   59   0.000       0.000    
  143   60   0.000       0.000    
  143   61   0.000       0.000    
  143   62   0.000       0.000    
  143   63   0.000       0.000    
  143   64   0.000       0.000    
  142   54   0.000       0.000    
  142   55   0.000       0.000    
  142   56   0.000       0.000    
  142   57   0.000       0.000    
  142   58   0.000       0.000    
  142   59   0.000       0.000    
  142   60   0.000       0.000    
  142   61   0.000       0.000    
  142   62   0.000       0.000    
  142   63   0.000       0.000    
  142   64   0.000       0.000    
  141   54   0.000       0.000    
  141   55   0.000       0.000    
  141   56   0.000       0.000    
  141   57   0.000       0.000    
  141   58   0.000       0.000    
  141   59   0.000       0.000    
  141   60   0.000       0.000    
  141   61   0.000       0.000    
  141   62   0.000       0.000    
  141   63   0.000       0.000    
  141   64   0.000       0.000    
  140   54   0.000       0.000    
  140   55   0.000       0.000    
  140   56  0.1249       99.00    
  140   57  0.2496       61.24    
  140   58   0.000       0.000    
  140   59  3.2355E-02   99.00    
  140   60   0.000       0.000    
  140   61   0.000       0.000    
  140   62   0.000       0.000    
  140   63   0.000       0.000    
  140   64   0.000       0.000    
  139   54   0.000       0.000    
  139   55   0.000       0.000    
  139   56  0.1150       99.00    
  139   57   0.000       0.000    
  139   58  0.2913       72.88    
  139   59  0.1218       99.00    
  139   60   0.000       0.000    
  139   61   0.000       0.000    
  139   62   0.000       0.000    
  139   63   0.000       0.000    
  139   64   0.000       0.000    
  138   54   0.000       0.000    
  138   55  0.1016       99.00    
  138   56   0.000       0.000    
  138   57  8.0755E-13   99.00    
  138   58   0.000       0.000    
  138   59  0.1228       99.00    
  138   60  0.1222       99.00    
  138   61   0.000       0.000    
  138   62   0.000       0.000    
  138   63   0.000       0.000    
  138   64   0.000       0.000    
  137   54   0.000       0.000    
  137   55   0.000       0.000    
  137   56   0.000       0.000    
  137   57  2.0568E-06   99.00    
  137   58  0.1249       99.00    
  137   59  0.1142       99.00    
  137   60   0.000       0.000    
  137   61   0.000       0.000    
  137   62   0.000       0.000    
  137   63   0.000       0.000    
  137   64   0.000       0.000    
  136   54   0.000       0.000    
  136   55  0.2497       61.24    
  136   56   0.000       0.000    
  136   57  0.1239       99.00    
  136   58   0.000       0.000    
  136   59   0.000       0.000    
  136   60   0.000       0.000    
  136   61   0.000       0.000    
  136   62   0.000       0.000    
  136   63   0.000       0.000    
  136   64   0.000       0.000    
  135   54   0.000       0.000    
  135   55  3.5812E-08   61.24    
  135   56   0.000       0.000    
  135   57  0.3743       66.63    
  135   58  0.2484       61.24    
  135   59   0.000       0.000    
  135   60   0.000       0.000    
  135   61   0.000       0.000    
  135   62   0.000       0.000    
  135   63   0.000       0.000    
  135   64   0.000       0.000    
  134   54   0.000       0.000    
  134   55  5.5298E-02   40.82    
  134   56   0.000       0.000    
  134   57  4.2677E-02   99.00    
  134   58   0.000       0.000    
  134   59   0.000       0.000    
  134   60   0.000       0.000    
  134   61   0.000       0.000    
  134   62   0.000       0.000    
  134   63   0.000       0.000    
  134   64   0.000       0.000    
  133   54  0.2499       61.24    
  133   55   0.000       0.000    
  133   56  1.5362E-02   72.87    
  133   57  0.2427       99.00    
  133   58   0.000       0.000    
  133   59   0.000       0.000    
  133   60   0.000       0.000    
  133   61   0.000       0.000    
  133   62   0.000       0.000    
  133   63   0.000       0.000    
  133   64   0.000       0.000    
  132   54   0.000       0.000    
  132   55  0.9993       70.16    
  132   56   0.000       0.000    
  132   57   0.000       0.000    
  132   58   0.000       0.000    
  132   59   0.000       0.000    
  132   60   0.000       0.000    
  132   61   0.000       0.000    
  132   62   0.000       0.000    
  132   63   0.000       0.000    
  132   64   0.000       0.000    
  131   54   0.000       0.000    
  131   55  0.9995       42.39    
  131   56   0.000       0.000    
  131   57   0.000       0.000    
  131   58   0.000       0.000    
  131   59   0.000       0.000    
  131   60   0.000       0.000    
  131   61   0.000       0.000    
  131   62   0.000       0.000    
  131   63   0.000       0.000    
  131   64   0.000       0.000    
  130   54   0.000       0.000    
  130   55  0.3066       65.29    
  130   56   0.000       0.000    
  130   57   0.000       0.000    
  130   58   0.000       0.000    
  130   59   0.000       0.000    
  130   60   0.000       0.000    
  130   61   0.000       0.000    
  130   62   0.000       0.000    
  130   63   0.000       0.000    
  130   64   0.000       0.000    
  129   54   0.000       0.000    
  129   55  0.4982       46.77    
  129   56   0.000       0.000    
  129   57   0.000       0.000    
  129   58   0.000       0.000    
  129   59   0.000       0.000    
  129   60   0.000       0.000    
  129   61   0.000       0.000    
  129   62   0.000       0.000    
  129   63   0.000       0.000    
  129   64   0.000       0.000    
  128   54   0.000       0.000    
  128   55  9.3084E-02   31.62    
  128   56   0.000       0.000    
  128   57   0.000       0.000    
  128   58   0.000       0.000    
  128   59   0.000       0.000    
  128   60   0.000       0.000    
  128   61   0.000       0.000    
  128   62   0.000       0.000    
  128   63   0.000       0.000    
  128   64   0.000       0.000    
  127   54  0.8430       53.45    
  127   55  0.1227       99.00    
  127   56   0.000       0.000    
  127   57   0.000       0.000    
  127   58   0.000       0.000    
  127   59   0.000       0.000    
  127   60   0.000       0.000    
  127   61   0.000       0.000    
  127   62   0.000       0.000    
  127   63   0.000       0.000    
  127   64   0.000       0.000    
  126   54   0.000       0.000    
  126   55  3.6508E-03   61.24    
  126   56   0.000       0.000    
  126   57   0.000       0.000    
  126   58   0.000       0.000    
  126   59   0.000       0.000    
  126   60   0.000       0.000    
  126   61   0.000       0.000    
  126   62   0.000       0.000    
  126   63   0.000       0.000    
  126   64   0.000       0.000    
  125   54  0.2483       61.24    
  125   55   0.000       0.000    
  125   56   0.000       0.000    
  125   57   0.000       0.000    
  125   58   0.000       0.000    
  125   59   0.000       0.000    
  125   60   0.000       0.000    
  125   61   0.000       0.000    
  125   62   0.000       0.000    
  125   63   0.000       0.000    
  125   64   0.000       0.000    
  134   43   0.000       0.000    
  134   44   0.000       0.000    
  134   45   0.000       0.000    
  134   46   0.000       0.000    
  134   47   0.000       0.000    
  134   48   0.000       0.000    
  134   49   0.000       0.000    
  134   50   0.000       0.000    
  134   51   0.000       0.000    
  134   52   0.000       0.000    
  134   53  0.1095       99.00    
  133   43   0.000       0.000    
  133   44   0.000       0.000    
  133   45   0.000       0.000    
  133   46   0.000       0.000    
  133   47   0.000       0.000    
  133   48   0.000       0.000    
  133   49   0.000       0.000    
  133   50   0.000       0.000    
  133   51   0.000       0.000    
  133   52   0.000       0.000    
  133   53   0.000       0.000    
  132   43   0.000       0.000    
  132   44   0.000       0.000    
  132   45   0.000       0.000    
  132   46   0.000       0.000    
  132   47   0.000       0.000    
  132   48   0.000       0.000    
  132   49   0.000       0.000    
  132   50   0.000       0.000    
  132   51   0.000       0.000    
  132   52   0.000       0.000    
  132   53  0.1189       99.00    
  131   43   0.000       0.000    
  131   44   0.000       0.000    
  131   45   0.000       0.000    
  131   46   0.000       0.000    
  131   47   0.000       0.000    
  131   48   0.000       0.000    
  131   49   0.000       0.000    
  131   50   0.000       0.000    
  131   51   0.000       0.000    
  131   52  9.4732E-02   99.00    
  131   53  0.7496       40.82    
  130   43   0.000       0.000    
  130   44   0.000       0.000    
  130   45   0.000       0.000    
  130   46   0.000       0.000    
  130   47   0.000       0.000    
  130   48   0.000       0.000    
  130   49   0.000       0.000    
  130   50   0.000       0.000    
  130   51   0.000       0.000    
  130   52   0.000       0.000    
  130   53  0.7047       38.11    
  129   43   0.000       0.000    
  129   44   0.000       0.000    
  129   45   0.000       0.000    
  129   46   0.000       0.000    
  129   47   0.000       0.000    
  129   48   0.000       0.000    
  129   49   0.000       0.000    
  129   50   0.000       0.000    
  129   51   0.000       0.000    
  129   52   0.000       0.000    
  129   53  3.1478E-08   16.67    
  128   43   0.000       0.000    
  128   44   0.000       0.000    
  128   45   0.000       0.000    
  128   46   0.000       0.000    
  128   47   0.000       0.000    
  128   48   0.000       0.000    
  128   49   0.000       0.000    
  128   50   0.000       0.000    
  128   51   0.000       0.000    
  128   52   0.000       0.000    
  128   53   1.137       31.18    
  127   43   0.000       0.000    
  127   44   0.000       0.000    
  127   45   0.000       0.000    
  127   46   0.000       0.000    
  127   47   0.000       0.000    
  127   48   0.000       0.000    
  127   49   0.000       0.000    
  127   50   0.000       0.000    
  127   51  0.4994       72.89    
  127   52   1.424       8.583    
  127   53   0.000       0.000    
  126   43   0.000       0.000    
  126   44   0.000       0.000    
  126   45   0.000       0.000    
  126   46   0.000       0.000    
  126   47   0.000       0.000    
  126   48   0.000       0.000    
  126   49   0.000       0.000    
  126   50   0.000       0.000    
  126   51  0.8746       42.86    
  126   52   0.000       0.000    
  126   53   1.249       41.83    
  125   43   0.000       0.000    
  125   44   0.000       0.000    
  125   45   0.000       0.000    
  125   46   0.000       0.000    
  125   47   0.000       0.000    
  125   48   0.000       0.000    
  125   49   0.000       0.000    
  125   50  0.6247       54.77    
  125   51  0.4309       14.14    
  125   52   0.000       0.000    
  125   53   1.953       16.67    
  124   43   0.000       0.000    
  124   44   0.000       0.000    
  124   45   0.000       0.000    
  124   46   0.000       0.000    
  124   47   0.000       0.000    
  124   48   0.000       0.000    
  124   49   0.000       0.000    
  124   50   0.000       0.000    
  124   51   1.294       32.75    
  124   52   0.000       0.000    
  124   53  0.7491       31.18    
  123   43   0.000       0.000    
  123   44   0.000       0.000    
  123   45   0.000       0.000    
  123   46   0.000       0.000    
  123   47   0.000       0.000    
  123   48   0.000       0.000    
  123   49  6.6578E-31   99.00    
  123   50  0.5326       36.61    
  123   51   0.000       0.000    
  123   52   0.000       0.000    
  123   53  0.7435       31.18    
  122   43   0.000       0.000    
  122   44   0.000       0.000    
  122   45   0.000       0.000    
  122   46   0.000       0.000    
  122   47   0.000       0.000    
  122   48   0.000       0.000    
  122   49   0.000       0.000    
  122   50   0.000       0.000    
  122   51   3.868       10.70    
  122   52   0.000       0.000    
  122   53  9.2597E-02   31.62    
  121   43   0.000       0.000    
  121   44   0.000       0.000    
  121   45   0.000       0.000    
  121   46   0.000       0.000    
  121   47   0.000       0.000    
  121   48   0.000       0.000    
  121   49  2.5111E-03   27.22    
  121   50   3.559       6.579    
  121   51   0.000       0.000    
  121   52  0.9000       40.52    
  121   53   0.000       0.000    
  120   43   0.000       0.000    
  120   44   0.000       0.000    
  120   45   0.000       0.000    
  120   46   0.000       0.000    
  120   47   0.000       0.000    
  120   48  3.1420E-04   40.59    
  120   49  3.3448E-04   40.59    
  120   50   0.000       0.000    
  120   51   1.859       17.66    
  120   52   0.000       0.000    
  120   53   0.000       0.000    
  119   43   0.000       0.000    
  119   44   0.000       0.000    
  119   45   0.000       0.000    
  119   46   0.000       0.000    
  119   47  2.9615E-31   66.55    
  119   48  0.1152       42.68    
  119   49  0.3580       18.90    
  119   50   0.000       0.000    
  119   51   2.867       8.700    
  119   52  0.1241       99.00    
  119   53   0.000       0.000    
  118   43   0.000       0.000    
  118   44   0.000       0.000    
  118   45   0.000       0.000    
  118   46   0.000       0.000    
  118   47   0.000       0.000    
  118   48   2.396       9.091    
  118   49   2.400       9.091    
  118   50   0.000       0.000    
  118   51  0.1094       40.82    
  118   52   0.000       0.000    
  118   53   0.000       0.000    
  117   43   0.000       0.000    
  117   44   0.000       0.000    
  117   45   0.000       0.000    
  117   46   0.000       0.000    
  117   47  4.1295E-03   35.36    
  117   48   2.197       31.47    
  117   49   10.17       8.324    
  117   50   0.000       0.000    
  117   51  0.3598       66.67    
  117   52   0.000       0.000    
  117   53   0.000       0.000    
  116   43   0.000       0.000    
  116   44   0.000       0.000    
  116   45   0.000       0.000    
  116   46  6.1702E-17   99.00    
  116   47  0.4103       7.673    
  116   48   0.000       0.000    
  116   49  3.4865E-13   40.82    
  116   50   0.000       0.000    
  116   51  0.4030       31.62    
  116   52   0.000       0.000    
  116   53   0.000       0.000    
  115   43   0.000       0.000    
  115   44   0.000       0.000    
  115   45   0.000       0.000    
  115   46  4.9046E-06   99.00    
  115   47   3.374       24.99    
  115   48   9.882       15.61    
  115   49   0.000       0.000    
  115   50   0.000       0.000    
  115   51  0.1007       99.00    
  115   52   0.000       0.000    
  115   53   0.000       0.000    
  114   43   0.000       0.000    
  114   44   0.000       0.000    
  114   45   0.000       0.000    
  114   46  0.2001       18.41    
  114   47  0.2067       18.41    
  114   48   0.000       0.000    
  114   49   2.102       27.99    
  114   50   0.000       0.000    
  114   51   0.000       0.000    
  114   52   0.000       0.000    
  114   53   0.000       0.000    
  113   43   0.000       0.000    
  113   44   0.000       0.000    
  113   45   0.000       0.000    
  113   46  5.6027E-02   10.95    
  113   47   16.83       5.687    
  113   48   0.000       0.000    
  113   49   0.000       0.000    
  113   50   0.000       0.000    
  113   51   0.000       0.000    
  113   52   0.000       0.000    
  113   53   0.000       0.000    
  112   43   0.000       0.000    
  112   44   0.000       0.000    
  112   45   0.000       0.000    
  112   46   11.81       6.001    
  112   47   21.15       6.373    
  112   48   0.000       0.000    
  112   49   1.019       26.78    
  112   50   0.000       0.000    
  112   51   0.000       0.000    
  112   52   0.000       0.000    
  112   53   0.000       0.000    
  111   43   0.000       0.000    
  111   44   0.000       0.000    
  111   45  1.8407E-16   16.06    
  111   46   12.21       6.330    
  111   47   29.71       6.289    
  111   48   0.000       0.000    
  111   49  0.3746       40.82    
  111   50   0.000       0.000    
  111   51   0.000       0.000    
  111   52   0.000       0.000    
  111   53   0.000       0.000    
  110   43   0.000       0.000    
  110   44  2.1283E-15   15.32    
  110   45  2.9488E-15   15.32    
  110   46   0.000       0.000    
  110   47  1.3346E-02   27.56    
  110   48   0.000       0.000    
  110   49  0.1221       99.00    
  110   50   0.000       0.000    
  110   51   0.000       0.000    
  110   52   0.000       0.000    
  110   53   0.000       0.000    
  109   43   0.000       0.000    
  109   44  1.2024E-05   19.89    
  109   45  0.1197       5.338    
  109   46   30.65       3.874    
  109   47   0.000       0.000    
  109   48  0.2007       36.42    
  109   49   0.000       0.000    
  109   50   0.000       0.000    
  109   51   0.000       0.000    
  109   52   0.000       0.000    
  109   53   0.000       0.000    
  108   43  1.5941E-35   30.15    
  108   44   2.104       10.76    
  108   45   2.242       10.76    
  108   46   0.000       0.000    
  108   47  0.1227       32.37    
  108   48   0.000       0.000    
  108   49   0.000       0.000    
  108   50   0.000       0.000    
  108   51   0.000       0.000    
  108   52   0.000       0.000    
  108   53   0.000       0.000    
  107   43  8.0792E-09   52.66    
  107   44   1.894       18.70    
  107   45   24.40       8.049    
  107   46  2.0399E-06   6.636    
  107   47   0.000       0.000    
  107   48   0.000       0.000    
  107   49   0.000       0.000    
  107   50   0.000       0.000    
  107   51   0.000       0.000    
  107   52   0.000       0.000    
  107   53   0.000       0.000    
  106   43  6.9967E-05   15.20    
  106   44   7.397       9.617    
  106   45   7.397       9.617    
  106   46   0.000       0.000    
  106   47  0.2808       40.82    
  106   48   0.000       0.000    
  106   49   0.000       0.000    
  106   50   0.000       0.000    
  106   51   0.000       0.000    
  106   52   0.000       0.000    
  106   53   0.000       0.000    
  105   43   5.645       7.875    
  105   44   30.07       5.555    
  105   45   48.19       5.427    
  105   46   0.000       0.000    
  105   47  0.2364       61.24    
  105   48   0.000       0.000    
  105   49   0.000       0.000    
  105   50   0.000       0.000    
  105   51   0.000       0.000    
  105   52   0.000       0.000    
  105   53   0.000       0.000    
  104   43   13.25       9.155    
  104   44   0.000       0.000    
  104   45  0.2719       40.77    
  104   46   0.000       0.000    
  104   47   0.000       0.000    
  104   48   0.000       0.000    
  104   49   0.000       0.000    
  104   50   0.000       0.000    
  104   51   0.000       0.000    
  104   52   0.000       0.000    
  104   53   0.000       0.000    
  103   43  8.2766E-02   11.47    
  103   44   44.33       4.820    
  103   45   0.000       0.000    
  103   46  0.3746       40.82    
  103   47   0.000       0.000    
  103   48   0.000       0.000    
  103   49   0.000       0.000    
  103   50   0.000       0.000    
  103   51   0.000       0.000    
  103   52   0.000       0.000    
  103   53   0.000       0.000    
  102   43   9.766       14.05    
  102   44   0.000       0.000    
  102   45  0.3854       66.24    
  102   46   0.000       0.000    
  102   47   0.000       0.000    
  102   48   0.000       0.000    
  102   49   0.000       0.000    
  102   50   0.000       0.000    
  102   51   0.000       0.000    
  102   52   0.000       0.000    
  102   53   0.000       0.000    
  101   43   34.74       7.312    
  101   44   0.000       0.000    
  101   45  2.7058E-02   92.43    
  101   46   0.000       0.000    
  101   47   0.000       0.000    
  101   48   0.000       0.000    
  101   49   0.000       0.000    
  101   50   0.000       0.000    
  101   51   0.000       0.000    
  101   52   0.000       0.000    
  101   53   0.000       0.000    
  100   43  3.9171E-11   9.092    
  100   44   0.000       0.000    
  100   45  0.1243       99.00    
  100   46   0.000       0.000    
  100   47   0.000       0.000    
  100   48   0.000       0.000    
  100   49   0.000       0.000    
  100   50   0.000       0.000    
  100   51   0.000       0.000    
  100   52   0.000       0.000    
  100   53   0.000       0.000    
   99   43  8.5874E-05   3.534    
   99   44   0.000       0.000    
   99   45   0.000       0.000    
   99   46   0.000       0.000    
   99   47   0.000       0.000    
   99   48   0.000       0.000    
   99   49   0.000       0.000    
   99   50   0.000       0.000    
   99   51   0.000       0.000    
   99   52   0.000       0.000    
   99   53   0.000       0.000    
   98   43  5.0990E-07   14.77    
   98   44   0.000       0.000    
   98   45   0.000       0.000    
   98   46   0.000       0.000    
   98   47   0.000       0.000    
   98   48   0.000       0.000    
   98   49   0.000       0.000    
   98   50   0.000       0.000    
   98   51   0.000       0.000    
   98   52   0.000       0.000    
   98   53   0.000       0.000    
   97   43  1.3272E-07   21.57    
   97   44   0.000       0.000    
   97   45   0.000       0.000    
   97   46   0.000       0.000    
   97   47   0.000       0.000    
   97   48   0.000       0.000    
   97   49   0.000       0.000    
   97   50   0.000       0.000    
   97   51   0.000       0.000    
   97   52   0.000       0.000    
   97   53   0.000       0.000    
   96   43  0.7492       31.18    
   96   44   0.000       0.000    
   96   45   0.000       0.000    
   96   46   0.000       0.000    
   96   47   0.000       0.000    
   96   48   0.000       0.000    
   96   49   0.000       0.000    
   96   50   0.000       0.000    
   96   51   0.000       0.000    
   96   52   0.000       0.000    
   96   53   0.000       0.000    
   95   43  0.1368       88.63    
   95   44   0.000       0.000    
   95   45   0.000       0.000    
   95   46   0.000       0.000    
   95   47   0.000       0.000    
   95   48   0.000       0.000    
   95   49   0.000       0.000    
   95   50   0.000       0.000    
   95   51   0.000       0.000    
   95   52   0.000       0.000    
   95   53   0.000       0.000    
  106   32   0.000       0.000    
  106   33   0.000       0.000    
  106   34   0.000       0.000    
  106   35   0.000       0.000    
  106   36   0.000       0.000    
  106   37   0.000       0.000    
  106   38   0.000       0.000    
  106   39   0.000       0.000    
  106   40   0.000       0.000    
  106   41   0.000       0.000    
  106   42  1.7945E-21   17.63    
  105   32   0.000       0.000    
  105   33   0.000       0.000    
  105   34   0.000       0.000    
  105   35   0.000       0.000    
  105   36   0.000       0.000    
  105   37   0.000       0.000    
  105   38   0.000       0.000    
  105   39   0.000       0.000    
  105   40   0.000       0.000    
  105   41   0.000       0.000    
  105   42  1.8016E-05   30.52    
  104   32   0.000       0.000    
  104   33   0.000       0.000    
  104   34   0.000       0.000    
  104   35   0.000       0.000    
  104   36   0.000       0.000    
  104   37   0.000       0.000    
  104   38   0.000       0.000    
  104   39   0.000       0.000    
  104   40   0.000       0.000    
  104   41   0.000       0.000    
  104   42  3.9084E-03   18.17    
  103   32   0.000       0.000    
  103   33   0.000       0.000    
  103   34   0.000       0.000    
  103   35   0.000       0.000    
  103   36   0.000       0.000    
  103   37   0.000       0.000    
  103   38   0.000       0.000    
  103   39   0.000       0.000    
  103   40   0.000       0.000    
  103   41   0.000       0.000    
  103   42  1.7218E-02   13.76    
  102   32   0.000       0.000    
  102   33   0.000       0.000    
  102   34   0.000       0.000    
  102   35   0.000       0.000    
  102   36   0.000       0.000    
  102   37   0.000       0.000    
  102   38   0.000       0.000    
  102   39   0.000       0.000    
  102   40   0.000       0.000    
  102   41  2.3525E-42   21.05    
  102   42   9.688       14.05    
  101   32   0.000       0.000    
  101   33   0.000       0.000    
  101   34   0.000       0.000    
  101   35   0.000       0.000    
  101   36   0.000       0.000    
  101   37   0.000       0.000    
  101   38   0.000       0.000    
  101   39   0.000       0.000    
  101   40   0.000       0.000    
  101   41  3.2684E-25   12.26    
  101   42   14.51       10.01    
  100   32   0.000       0.000    
  100   33   0.000       0.000    
  100   34   0.000       0.000    
  100   35   0.000       0.000    
  100   36   0.000       0.000    
  100   37   0.000       0.000    
  100   38   0.000       0.000    
  100   39   0.000       0.000    
  100   40  1.0650E-25   15.63    
  100   41  1.3503E-25   15.63    
  100   42   0.000       0.000    
   99   32   0.000       0.000    
   99   33   0.000       0.000    
   99   34   0.000       0.000    
   99   35   0.000       0.000    
   99   36   0.000       0.000    
   99   37   0.000       0.000    
   99   38   0.000       0.000    
   99   39   0.000       0.000    
   99   40   0.000       0.000    
   99   41  2.0591E-02   14.01    
   99   42   44.04       4.880    
   98   32   0.000       0.000    
   98   33   0.000       0.000    
   98   34   0.000       0.000    
   98   35   0.000       0.000    
   98   36   0.000       0.000    
   98   37   0.000       0.000    
   98   38   0.000       0.000    
   98   39   0.000       0.000    
   98   40  1.2475E-05   9.639    
   98   41  1.3757E-05   9.639    
   98   42   0.000       0.000    
   97   32   0.000       0.000    
   97   33   0.000       0.000    
   97   34   0.000       0.000    
   97   35   0.000       0.000    
   97   36   0.000       0.000    
   97   37   0.000       0.000    
   97   38   0.000       0.000    
   97   39   0.000       0.000    
   97   40   12.79       15.70    
   97   41   36.98       5.484    
   97   42   0.000       0.000    
   96   32   0.000       0.000    
   96   33   0.000       0.000    
   96   34   0.000       0.000    
   96   35   0.000       0.000    
   96   36   0.000       0.000    
   96   37   0.000       0.000    
   96   38   0.000       0.000    
   96   39  8.9844E-34   20.27    
   96   40   0.000       0.000    
   96   41   20.40       6.567    
   96   42   0.000       0.000    
   95   32   0.000       0.000    
   95   33   0.000       0.000    
   95   34   0.000       0.000    
   95   35   0.000       0.000    
   95   36   0.000       0.000    
   95   37   0.000       0.000    
   95   38  6.2580E-08   19.12    
   95   39   7.320       9.031    
   95   40   31.99       9.352    
   95   41   43.77       8.855    
   95   42   0.000       0.000    
   94   32   0.000       0.000    
   94   33   0.000       0.000    
   94   34   0.000       0.000    
   94   35   0.000       0.000    
   94   36   0.000       0.000    
   94   37   0.000       0.000    
   94   38  1.7413E-02   9.091    
   94   39   14.35       5.350    
   94   40   0.000       0.000    
   94   41  1.4756E-04   14.61    
   94   42   0.000       0.000    
   93   32   0.000       0.000    
   93   33   0.000       0.000    
   93   34   0.000       0.000    
   93   35   0.000       0.000    
   93   36   0.000       0.000    
   93   37  1.3287E-31   27.22    
   93   38   2.916       6.349    
   93   39   29.00       7.805    
   93   40  1.0139E-05   4.927    
   93   41   0.000       0.000    
   93   42  4.1183E-05   72.89    
   92   32   0.000       0.000    
   92   33   0.000       0.000    
   92   34   0.000       0.000    
   92   35   0.000       0.000    
   92   36   0.000       0.000    
   92   37  1.2482E-40   24.86    
   92   38   14.96       16.07    
   92   39   37.53       7.471    
   92   40   0.000       0.000    
   92   41  7.1212E-09   31.18    
   92   42   0.000       0.000    
   91   32   0.000       0.000    
   91   33   0.000       0.000    
   91   34   0.000       0.000    
   91   35   0.000       0.000    
   91   36  6.3016E-22   31.18    
   91   37  6.4071E-03   15.64    
   91   38   22.74       9.548    
   91   39   36.34       4.498    
   91   40   0.000       0.000    
   91   41  3.6876E-04   34.08    
   91   42   0.000       0.000    
   90   32   0.000       0.000    
   90   33   0.000       0.000    
   90   34   0.000       0.000    
   90   35   0.000       0.000    
   90   36  3.4149E-06   25.39    
   90   37  0.4613       12.06    
   90   38  0.3663       6.870    
   90   39   13.84       8.277    
   90   40   0.000       0.000    
   90   41   0.000       0.000    
   90   42   0.000       0.000    
   89   32   0.000       0.000    
   89   33   0.000       0.000    
   89   34   0.000       0.000    
   89   35  1.3164E-42   66.66    
   89   36  0.3067       31.27    
   89   37   11.20       7.126    
   89   38   32.90       2.466    
   89   39   0.000       0.000    
   89   40  0.7335       40.84    
   89   41   0.000       0.000    
   89   42   0.000       0.000    
   88   32   0.000       0.000    
   88   33   0.000       0.000    
   88   34   0.000       0.000    
   88   35  8.8362E-12   46.77    
   88   36   6.229       12.73    
   88   37   18.55       5.252    
   88   38   0.000       0.000    
   88   39   3.090       17.53    
   88   40  9.5464E-02   99.00    
   88   41   0.000       0.000    
   88   42   0.000       0.000    
   87   32   0.000       0.000    
   87   33   0.000       0.000    
   87   34   0.000       0.000    
   87   35  7.8423E-04   33.40    
   87   36   9.173       19.61    
   87   37  2.1657E-10   6.332    
   87   38   0.000       0.000    
   87   39   1.241       27.02    
   87   40   0.000       0.000    
   87   41   0.000       0.000    
   87   42   0.000       0.000    
   86   32   0.000       0.000    
   86   33   0.000       0.000    
   86   34  1.4630E-13   54.77    
   86   35  2.2244E-03   9.392    
   86   36   0.000       0.000    
   86   37   15.83       9.277    
   86   38   0.000       0.000    
   86   39  0.1241       99.00    
   86   40   0.000       0.000    
   86   41   0.000       0.000    
   86   42   0.000       0.000    
   85   32   0.000       0.000    
   85   33   0.000       0.000    
   85   34  2.3427E-06   57.85    
   85   35  0.9630       10.55    
   85   36  0.3809       9.015    
   85   37   0.000       0.000    
   85   38   1.405       48.33    
   85   39  2.4987E-06   99.00    
   85   40   0.000       0.000    
   85   41   0.000       0.000    
   85   42   0.000       0.000    
   84   32   0.000       0.000    
   84   33  6.1657E-44   63.25    
   84   34  0.3336       17.10    
   84   35   10.29       6.618    
   84   36   0.000       0.000    
   84   37   5.359       15.83    
   84   38   0.000       0.000    
   84   39   0.000       0.000    
   84   40   0.000       0.000    
   84   41   0.000       0.000    
   84   42   0.000       0.000    
   83   32   0.000       0.000    
   83   33  2.9044E-14   28.57    
   83   34   2.297       20.94    
   83   35   20.86       6.346    
   83   36   0.000       0.000    
   83   37   1.129       31.18    
   83   38   0.000       0.000    
   83   39   0.000       0.000    
   83   40   0.000       0.000    
   83   41   0.000       0.000    
   83   42   0.000       0.000    
   82   32  3.0740E-41   99.00    
   82   33  5.3809E-10   9.205    
   82   34   0.000       0.000    
   82   35   9.788       8.136    
   82   36   0.000       0.000    
   82   37  1.2155E-03   40.82    
   82   38   0.000       0.000    
   82   39   0.000       0.000    
   82   40   0.000       0.000    
   82   41   0.000       0.000    
   82   42   0.000       0.000    
   81   32   0.000       0.000    
   81   33  1.8505E-05   17.36    
   81   34   9.923       7.201    
   81   35   0.000       0.000    
   81   36  4.3162E-06   22.24    
   81   37   0.000       0.000    
   81   38   0.000       0.000    
   81   39   0.000       0.000    
   81   40   0.000       0.000    
   81   41   0.000       0.000    
   81   42   0.000       0.000    
   80   32  9.4809E-07   26.96    
   80   33  1.9559E-06   26.96    
   80   34   0.000       0.000    
   80   35   4.356       8.689    
   80   36   0.000       0.000    
   80   37   0.000       0.000    
   80   38   0.000       0.000    
   80   39   0.000       0.000    
   80   40   0.000       0.000    
   80   41   0.000       0.000    
   80   42   0.000       0.000    
   79   32  1.8347E-06   41.94    
   79   33   5.104       5.468    
   79   34  1.6241E-05   10.36    
   79   35   0.000       0.000    
   79   36  0.1246       99.00    
   79   37   0.000       0.000    
   79   38   0.000       0.000    
   79   39   0.000       0.000    
   79   40   0.000       0.000    
   79   41   0.000       0.000    
   79   42   0.000       0.000    
   78   32   3.351       27.48    
   78   33   9.984       19.10    
   78   34   0.000       0.000    
   78   35  0.2134       44.72    
   78   36   0.000       0.000    
   78   37   0.000       0.000    
   78   38   0.000       0.000    
   78   39   0.000       0.000    
   78   40   0.000       0.000    
   78   41   0.000       0.000    
   78   42   0.000       0.000    
   77   32   3.800       15.10    
   77   33   11.98       11.46    
   77   34   0.000       0.000    
   77   35  0.4994       72.88    
   77   36   0.000       0.000    
   77   37   0.000       0.000    
   77   38   0.000       0.000    
   77   39   0.000       0.000    
   77   40   0.000       0.000    
   77   41   0.000       0.000    
   77   42   0.000       0.000    
   76   32   0.000       0.000    
   76   33   4.356       11.95    
   76   34   0.000       0.000    
   76   35   0.000       0.000    
   76   36   0.000       0.000    
   76   37   0.000       0.000    
   76   38   0.000       0.000    
   76   39   0.000       0.000    
   76   40   0.000       0.000    
   76   41   0.000       0.000    
   76   42   0.000       0.000    
   75   32   8.039       9.755    
   75   33   0.000       0.000    
   75   34  0.3169       46.77    
   75   35   0.000       0.000    
   75   36   0.000       0.000    
   75   37   0.000       0.000    
   75   38   0.000       0.000    
   75   39   0.000       0.000    
   75   40   0.000       0.000    
   75   41   0.000       0.000    
   75   42   0.000       0.000    
   74   32   0.000       0.000    
   74   33  0.6241       44.72    
   74   34   0.000       0.000    
   74   35   0.000       0.000    
   74   36   0.000       0.000    
   74   37   0.000       0.000    
   74   38   0.000       0.000    
   74   39   0.000       0.000    
   74   40   0.000       0.000    
   74   41   0.000       0.000    
   74   42   0.000       0.000    
   73   32   0.000       0.000    
   73   33  0.4853       0.000    
   73   34   0.000       0.000    
   73   35   0.000       0.000    
   73   36   0.000       0.000    
   73   37   0.000       0.000    
   73   38   0.000       0.000    
   73   39   0.000       0.000    
   73   40   0.000       0.000    
   73   41   0.000       0.000    
   73   42   0.000       0.000    
   72   32   0.000       0.000    
   72   33  0.2489       61.24    
   72   34   0.000       0.000    
   72   35   0.000       0.000    
   72   36   0.000       0.000    
   72   37   0.000       0.000    
   72   38   0.000       0.000    
   72   39   0.000       0.000    
   72   40   0.000       0.000    
   72   41   0.000       0.000    
   72   42   0.000       0.000    
   71   32  0.7497       40.82    
   71   33  0.1248       99.00    
   71   34   0.000       0.000    
   71   35   0.000       0.000    
   71   36   0.000       0.000    
   71   37   0.000       0.000    
   71   38   0.000       0.000    
   71   39   0.000       0.000    
   71   40   0.000       0.000    
   71   41   0.000       0.000    
   71   42   0.000       0.000    
   70   32   0.000       0.000    
   70   33   0.000       0.000    
   70   34   0.000       0.000    
   70   35   0.000       0.000    
   70   36   0.000       0.000    
   70   37   0.000       0.000    
   70   38   0.000       0.000    
   70   39   0.000       0.000    
   70   40   0.000       0.000    
   70   41   0.000       0.000    
   70   42   0.000       0.000    
   69   32   1.496       31.18    
   69   33   0.000       0.000    
   69   34   0.000       0.000    
   69   35   0.000       0.000    
   69   36   0.000       0.000    
   69   37   0.000       0.000    
   69   38   0.000       0.000    
   69   39   0.000       0.000    
   69   40   0.000       0.000    
   69   41   0.000       0.000    
   69   42   0.000       0.000    
   68   32  0.4035       32.39    
   68   33   0.000       0.000    
   68   34   0.000       0.000    
   68   35   0.000       0.000    
   68   36   0.000       0.000    
   68   37   0.000       0.000    
   68   38   0.000       0.000    
   68   39   0.000       0.000    
   68   40   0.000       0.000    
   68   41   0.000       0.000    
   68   42   0.000       0.000    
   67   32  0.2599       66.67    
   67   33   0.000       0.000    
   67   34   0.000       0.000    
   67   35   0.000       0.000    
   67   36   0.000       0.000    
   67   37   0.000       0.000    
   67   38   0.000       0.000    
   67   39   0.000       0.000    
   67   40   0.000       0.000    
   67   41   0.000       0.000    
   67   42   0.000       0.000    
   66   32  0.1188       99.00    
   66   33   0.000       0.000    
   66   34   0.000       0.000    
   66   35   0.000       0.000    
   66   36   0.000       0.000    
   66   37   0.000       0.000    
   66   38   0.000       0.000    
   66   39   0.000       0.000    
   66   40   0.000       0.000    
   66   41   0.000       0.000    
   66   42   0.000       0.000    
   78   21   0.000       0.000    
   78   22   0.000       0.000    
   78   23   0.000       0.000    
   78   24   0.000       0.000    
   78   25   0.000       0.000    
   78   26   0.000       0.000    
   78   27   0.000       0.000    
   78   28   0.000       0.000    
   78   29   0.000       0.000    
   78   30   0.000       0.000    
   78   31  8.1859E-37   99.00    
   77   21   0.000       0.000    
   77   22   0.000       0.000    
   77   23   0.000       0.000    
   77   24   0.000       0.000    
   77   25   0.000       0.000    
   77   26   0.000       0.000    
   77   27   0.000       0.000    
   77   28   0.000       0.000    
   77   29   0.000       0.000    
   77   30   0.000       0.000    
   77   31  1.2963E-14   44.72    
   76   21   0.000       0.000    
   76   22   0.000       0.000    
   76   23   0.000       0.000    
   76   24   0.000       0.000    
   76   25   0.000       0.000    
   76   26   0.000       0.000    
   76   27   0.000       0.000    
   76   28   0.000       0.000    
   76   29   0.000       0.000    
   76   30  7.7031E-33   40.82    
   76   31  3.8304E-06   22.24    
   75   21   0.000       0.000    
   75   22   0.000       0.000    
   75   23   0.000       0.000    
   75   24   0.000       0.000    
   75   25   0.000       0.000    
   75   26   0.000       0.000    
   75   27   0.000       0.000    
   75   28   0.000       0.000    
   75   29   0.000       0.000    
   75   30  9.8022E-19   46.77    
   75   31  0.1398       12.06    
   74   21   0.000       0.000    
   74   22   0.000       0.000    
   74   23   0.000       0.000    
   74   24   0.000       0.000    
   74   25   0.000       0.000    
   74   26   0.000       0.000    
   74   27   0.000       0.000    
   74   28   0.000       0.000    
   74   29   0.000       0.000    
   74   30  1.4541E-02   61.92    
   74   31   1.817       20.47    
   73   21   0.000       0.000    
   73   22   0.000       0.000    
   73   23   0.000       0.000    
   73   24   0.000       0.000    
   73   25   0.000       0.000    
   73   26   0.000       0.000    
   73   27   0.000       0.000    
   73   28   0.000       0.000    
   73   29  1.2331E-44   99.00    
   73   30  3.9210E-08   30.59    
   73   31   5.495       13.61    
   72   21   0.000       0.000    
   72   22   0.000       0.000    
   72   23   0.000       0.000    
   72   24   0.000       0.000    
   72   25   0.000       0.000    
   72   26   0.000       0.000    
   72   27   0.000       0.000    
   72   28   0.000       0.000    
   72   29  2.1453E-28   66.67    
   72   30   3.367       19.07    
   72   31   6.227       9.528    
   71   21   0.000       0.000    
   71   22   0.000       0.000    
   71   23   0.000       0.000    
   71   24   0.000       0.000    
   71   25   0.000       0.000    
   71   26   0.000       0.000    
   71   27   0.000       0.000    
   71   28   0.000       0.000    
   71   29  5.5074E-10   20.79    
   71   30  0.7793       8.477    
   71   31   0.000       0.000    
   70   21   0.000       0.000    
   70   22   0.000       0.000    
   70   23   0.000       0.000    
   70   24   0.000       0.000    
   70   25   0.000       0.000    
   70   26   0.000       0.000    
   70   27   0.000       0.000    
   70   28  4.9304E-31   31.62    
   70   29  2.4835E-04   24.46    
   70   30   0.000       0.000    
   70   31   11.17       6.299    
   69   21   0.000       0.000    
   69   22   0.000       0.000    
   69   23   0.000       0.000    
   69   24   0.000       0.000    
   69   25   0.000       0.000    
   69   26   0.000       0.000    
   69   27   0.000       0.000    
   69   28  7.1662E-17   72.89    
   69   29   2.606       6.531    
   69   30   1060.      0.6855    
   69   31   0.000       0.000    
   68   21   0.000       0.000    
   68   22   0.000       0.000    
   68   23   0.000       0.000    
   68   24   0.000       0.000    
   68   25   0.000       0.000    
   68   26   0.000       0.000    
   68   27   0.000       0.000    
   68   28  8.1302E-07   30.15    
   68   29   3.552       2.949    
   68   30   0.000       0.000    
   68   31   520.0      0.7700    
   67   21   0.000       0.000    
   67   22   0.000       0.000    
   67   23   0.000       0.000    
   67   24   0.000       0.000    
   67   25   0.000       0.000    
   67   26   0.000       0.000    
   67   27   0.000       0.000    
   67   28  8.1605E-09   24.68    
   67   29   1207.       1.222    
   67   30   0.000       0.000    
   67   31   1150.       1.090    
   66   21   0.000       0.000    
   66   22   0.000       0.000    
   66   23   0.000       0.000    
   66   24   0.000       0.000    
   66   25   0.000       0.000    
   66   26   0.000       0.000    
   66   27   0.000       0.000    
   66   28   27.69       7.822    
   66   29   1095.      0.9404    
   66   30   0.000       0.000    
   66   31   1272.       1.084    
   65   21   0.000       0.000    
   65   22   0.000       0.000    
   65   23   0.000       0.000    
   65   24   0.000       0.000    
   65   25   0.000       0.000    
   65   26   0.000       0.000    
   65   27   0.000       0.000    
   65   28   443.9       2.144    
   65   29   0.000       0.000    
   65   30   7630.      0.1397    
   65   31   406.3       1.216    
   64   21   0.000       0.000    
   64   22   0.000       0.000    
   64   23   0.000       0.000    
   64   24   0.000       0.000    
   64   25   0.000       0.000    
   64   26   0.000       0.000    
   64   27   0.000       0.000    
   64   28   0.000       0.000    
   64   29  3.7436E+04  0.1244    
   64   30   0.000       0.000    
   64   31   52.26       1.168    
   63   21   0.000       0.000    
   63   22   0.000       0.000    
   63   23   0.000       0.000    
   63   24   0.000       0.000    
   63   25   0.000       0.000    
   63   26  9.3285E-31   99.00    
   63   27  1.6950E-05   5.387    
   63   28   36.44      0.3555    
   63   29   0.000       0.000    
   63   30  1.1934E+04  0.2979    
   63   31  4.0611E-04   1.550    
   62   21   0.000       0.000    
   62   22   0.000       0.000    
   62   23   0.000       0.000    
   62   24   0.000       0.000    
   62   25   0.000       0.000    
   62   26  1.6582E-03   31.22    
   62   27   2.333       1.308    
   62   28   0.000       0.000    
   62   29  2.8757E+04  0.2709    
   62   30   4362.      0.4889    
   62   31   0.000       0.000    
   61   21   0.000       0.000    
   61   22   0.000       0.000    
   61   23   0.000       0.000    
   61   24   0.000       0.000    
   61   25   0.000       0.000    
   61   26   2.001       12.16    
   61   27   1079.       1.798    
   61   28   0.000       0.000    
   61   29  2.2945E+04  0.1983    
   61   30   3.958       1.561    
   61   31   0.000       0.000    
   60   21   0.000       0.000    
   60   22   0.000       0.000    
   60   23   0.000       0.000    
   60   24   0.000       0.000    
   60   25   0.000       0.000    
   60   26  6.6492E-06   4.369    
   60   27   224.8      0.4248    
   60   28   0.000       0.000    
   60   29   2660.      0.6693    
   60   30   2.072       4.212    
   60   31   0.000       0.000    
   59   21   0.000       0.000    
   59   22   0.000       0.000    
   59   23   0.000       0.000    
   59   24   0.000       0.000    
   59   25  7.8111E-40   28.57    
   59   26   212.5       1.765    
   59   27   0.000       0.000    
   59   28  0.1153      0.1645    
   59   29   3.154       1.819    
   59   30   0.000       0.000    
   59   31   0.000       0.000    
   58   21   0.000       0.000    
   58   22   0.000       0.000    
   58   23   0.000       0.000    
   58   24  1.9694E-27   99.00    
   58   25  1.1338E-03   10.95    
   58   26   0.000       0.000    
   58   27  1.3551E+04  0.4095    
   58   28   0.000       0.000    
   58   29   0.000       0.000    
   58   30   0.000       0.000    
   58   31   0.000       0.000    
   57   21   0.000       0.000    
   57   22   0.000       0.000    
   57   23   0.000       0.000    
   57   24  3.0978E-09   11.11    
   57   25   1.405       1.420    
   57   26   0.000       0.000    
   57   27   6507.      0.2917    
   57   28   918.6      0.3368    
   57   29   0.000       0.000    
   57   30   0.000       0.000    
   57   31   0.000       0.000    
   56   21   0.000       0.000    
   56   22   0.000       0.000    
   56   23   0.000       0.000    
   56   24   1.595       8.086    
   56   25   647.1       1.763    
   56   26   0.000       0.000    
   56   27   4842.      0.6378    
   56   28   137.6       1.529    
   56   29   0.000       0.000    
   56   30   0.000       0.000    
   56   31   0.000       0.000    
   55   21   0.000       0.000    
   55   22   0.000       0.000    
   55   23  3.0163E-29   99.00    
   55   24   3.187       5.045    
   55   25   0.000       0.000    
   55   26   1243.      0.3021    
   55   27   701.9       1.745    
   55   28   0.000       0.000    
   55   29   0.000       0.000    
   55   30   0.000       0.000    
   55   31   0.000       0.000    
   54   21   0.000       0.000    
   54   22   0.000       0.000    
   54   23  3.2596E-04   17.16    
   54   24   0.000       0.000    
   54   25   1463.      0.5446    
   54   26   0.000       0.000    
   54   27   0.000       0.000    
   54   28   0.000       0.000    
   54   29   0.000       0.000    
   54   30   0.000       0.000    
   54   31   0.000       0.000    
   53   21   0.000       0.000    
   53   22   0.000       0.000    
   53   23  0.1735       6.914    
   53   24   0.000       0.000    
   53   25  4.7931E-04  0.5374    
   53   26   323.2      0.7808    
   53   27   0.000       0.000    
   53   28   0.000       0.000    
   53   29   0.000       0.000    
   53   30   0.000       0.000    
   53   31   0.000       0.000    
   52   21   0.000       0.000    
   52   22  6.3572E-03   66.67    
   52   23   12.44       4.076    
   52   24   0.000       0.000    
   52   25   692.0       2.322    
   52   26   75.81       2.041    
   52   27   0.000       0.000    
   52   28   0.000       0.000    
   52   29   0.000       0.000    
   52   30   0.000       0.000    
   52   31   0.000       0.000    
   51   21   0.000       0.000    
   51   22   2.101       24.84    
   51   23   0.000       0.000    
   51   24   2451.      0.8696    
   51   25   310.5       1.600    
   51   26   0.000       0.000    
   51   27   0.000       0.000    
   51   28   0.000       0.000    
   51   29   0.000       0.000    
   51   30   0.000       0.000    
   51   31   0.000       0.000    
   50   21  6.4746E-03   40.82    
   50   22   0.000       0.000    
   50   23   0.000       0.000    
   50   24   0.000       0.000    
   50   25   0.000       0.000    
   50   26   0.000       0.000    
   50   27   0.000       0.000    
   50   28   0.000       0.000    
   50   29   0.000       0.000    
   50   30   0.000       0.000    
   50   31   0.000       0.000    
   49   21   2.215       13.69    
   49   22   0.000       0.000    
   49   23   373.0       1.028    
   49   24   237.5       3.741    
   49   25   0.000       0.000    
   49   26   0.000       0.000    
   49   27   0.000       0.000    
   49   28   0.000       0.000    
   49   29   0.000       0.000    
   49   30   0.000       0.000    
   49   31   0.000       0.000    
   48   21   14.34       11.42    
   48   22   0.000       0.000    
   48   23   612.9       1.212    
   48   24   19.02       6.824    
   48   25   0.000       0.000    
   48   26   0.000       0.000    
   48   27   0.000       0.000    
   48   28   0.000       0.000    
   48   29   0.000       0.000    
   48   30   0.000       0.000    
   48   31   0.000       0.000    
   47   21   47.18       2.665    
   47   22   0.000       0.000    
   47   23   82.77       1.954    
   47   24   0.000       0.000    
   47   25   0.000       0.000    
   47   26   0.000       0.000    
   47   27   0.000       0.000    
   47   28   0.000       0.000    
   47   29   0.000       0.000    
   47   30   0.000       0.000    
   47   31   0.000       0.000    
   46   21   84.12       5.823    
   46   22   0.000       0.000    
   46   23   0.000       0.000    
   46   24   0.000       0.000    
   46   25   0.000       0.000    
   46   26   0.000       0.000    
   46   27   0.000       0.000    
   46   28   0.000       0.000    
   46   29   0.000       0.000    
   46   30   0.000       0.000    
   46   31   0.000       0.000    
   45   21   0.000       0.000    
   45   22   94.03       4.780    
   45   23   0.000       0.000    
   45   24   0.000       0.000    
   45   25   0.000       0.000    
   45   26   0.000       0.000    
   45   27   0.000       0.000    
   45   28   0.000       0.000    
   45   29   0.000       0.000    
   45   30   0.000       0.000    
   45   31   0.000       0.000    
   44   21   121.1       1.723    
   44   22  0.1272       6.326    
   44   23   0.000       0.000    
   44   24   0.000       0.000    
   44   25   0.000       0.000    
   44   26   0.000       0.000    
   44   27   0.000       0.000    
   44   28   0.000       0.000    
   44   29   0.000       0.000    
   44   30   0.000       0.000    
   44   31   0.000       0.000    
   43   21   25.00       6.301    
   43   22   0.000       0.000    
   43   23   0.000       0.000    
   43   24   0.000       0.000    
   43   25   0.000       0.000    
   43   26   0.000       0.000    
   43   27   0.000       0.000    
   43   28   0.000       0.000    
   43   29   0.000       0.000    
   43   30   0.000       0.000    
   43   31   0.000       0.000    
   47   10   0.000       0.000    
   47   11   0.000       0.000    
   47   12   0.000       0.000    
   47   13   0.000       0.000    
   47   14   0.000       0.000    
   47   15   0.000       0.000    
   47   16   0.000       0.000    
   47   17   0.000       0.000    
   47   18   0.000       0.000    
   47   19   0.000       0.000    
   47   20  0.1249       99.00    
   46   10   0.000       0.000    
   46   11   0.000       0.000    
   46   12   0.000       0.000    
   46   13   0.000       0.000    
   46   14   0.000       0.000    
   46   15   0.000       0.000    
   46   16   0.000       0.000    
   46   17   0.000       0.000    
   46   18   0.000       0.000    
   46   19  4.7618E-03   99.00    
   46   20   0.000       0.000    
   45   10   0.000       0.000    
   45   11   0.000       0.000    
   45   12   0.000       0.000    
   45   13   0.000       0.000    
   45   14   0.000       0.000    
   45   15   0.000       0.000    
   45   16   0.000       0.000    
   45   17   0.000       0.000    
   45   18   0.000       0.000    
   45   19  8.4701E-02   99.00    
   45   20   7.713       8.106    
   44   10   0.000       0.000    
   44   11   0.000       0.000    
   44   12   0.000       0.000    
   44   13   0.000       0.000    
   44   14   0.000       0.000    
   44   15   0.000       0.000    
   44   16   0.000       0.000    
   44   17   0.000       0.000    
   44   18   0.000       0.000    
   44   19  0.5483       31.18    
   44   20   0.000       0.000    
   43   10   0.000       0.000    
   43   11   0.000       0.000    
   43   12   0.000       0.000    
   43   13   0.000       0.000    
   43   14   0.000       0.000    
   43   15   0.000       0.000    
   43   16   0.000       0.000    
   43   17   0.000       0.000    
   43   18   0.000       0.000    
   43   19   3.358       12.56    
   43   20   0.000       0.000    
   42   10   0.000       0.000    
   42   11   0.000       0.000    
   42   12   0.000       0.000    
   42   13   0.000       0.000    
   42   14   0.000       0.000    
   42   15   0.000       0.000    
   42   16   0.000       0.000    
   42   17   0.000       0.000    
   42   18  3.7367E-03   66.67    
   42   19   10.41       9.860    
   42   20   0.000       0.000    
   41   10   0.000       0.000    
   41   11   0.000       0.000    
   41   12   0.000       0.000    
   41   13   0.000       0.000    
   41   14   0.000       0.000    
   41   15   0.000       0.000    
   41   16   0.000       0.000    
   41   17   0.000       0.000    
   41   18   1.173       31.62    
   41   19   0.000       0.000    
   41   20  1.3963E-04   9.296    
   40   10   0.000       0.000    
   40   11   0.000       0.000    
   40   12   0.000       0.000    
   40   13   0.000       0.000    
   40   14   0.000       0.000    
   40   15   0.000       0.000    
   40   16   0.000       0.000    
   40   17   0.000       0.000    
   40   18   0.000       0.000    
   40   19  1.4124E-08   3.796    
   40   20   0.000       0.000    
   39   10   0.000       0.000    
   39   11   0.000       0.000    
   39   12   0.000       0.000    
   39   13   0.000       0.000    
   39   14   0.000       0.000    
   39   15   0.000       0.000    
   39   16   0.000       0.000    
   39   17  0.2210       61.24    
   39   18  1.8514E-02   11.86    
   39   19   0.000       0.000    
   39   20   0.000       0.000    
   38   10   0.000       0.000    
   38   11   0.000       0.000    
   38   12   0.000       0.000    
   38   13   0.000       0.000    
   38   14   0.000       0.000    
   38   15   0.000       0.000    
   38   16   0.000       0.000    
   38   17   2.179       17.50    
   38   18   0.000       0.000    
   38   19  0.3530       36.42    
   38   20   0.000       0.000    
   37   10   0.000       0.000    
   37   11   0.000       0.000    
   37   12   0.000       0.000    
   37   13   0.000       0.000    
   37   14   0.000       0.000    
   37   15   0.000       0.000    
   37   16  3.1682E-02   99.00    
   37   17   0.000       0.000    
   37   18   12.70       6.209    
   37   19   0.000       0.000    
   37   20   0.000       0.000    
   36   10   0.000       0.000    
   36   11   0.000       0.000    
   36   12   0.000       0.000    
   36   13   0.000       0.000    
   36   14   0.000       0.000    
   36   15   0.000       0.000    
   36   16   0.000       0.000    
   36   17  2.1460E-05   6.573    
   36   18   0.000       0.000    
   36   19   0.000       0.000    
   36   20   0.000       0.000    
   35   10   0.000       0.000    
   35   11   0.000       0.000    
   35   12   0.000       0.000    
   35   13   0.000       0.000    
   35   14   0.000       0.000    
   35   15  1.8982E-05   99.00    
   35   16   2.524       23.86    
   35   17   0.000       0.000    
   35   18   0.000       0.000    
   35   19   0.000       0.000    
   35   20   0.000       0.000    
   34   10   0.000       0.000    
   34   11   0.000       0.000    
   34   12   0.000       0.000    
   34   13   0.000       0.000    
   34   14   0.000       0.000    
   34   15  2.2093E-15   48.59    
   34   16   0.000       0.000    
   34   17  0.1797       46.77    
   34   18   0.000       0.000    
   34   19   0.000       0.000    
   34   20   0.000       0.000    
   33   10   0.000       0.000    
   33   11   0.000       0.000    
   33   12   0.000       0.000    
   33   13   0.000       0.000    
   33   14   0.000       0.000    
   33   15   1.858       36.51    
   33   16   0.000       0.000    
   33   17   0.000       0.000    
   33   18   0.000       0.000    
   33   19   0.000       0.000    
   33   20   0.000       0.000    
   32   10   0.000       0.000    
   32   11   0.000       0.000    
   32   12   0.000       0.000    
   32   13   0.000       0.000    
   32   14  8.0667E-04   40.82    
   32   15   3.124      9.2948E-03
   32   16   0.000       0.000    
   32   17   0.000       0.000    
   32   18   0.000       0.000    
   32   19   0.000       0.000    
   32   20   0.000       0.000    
   31   10   0.000       0.000    
   31   11   0.000       0.000    
   31   12   0.000       0.000    
   31   13   0.000       0.000    
   31   14  0.7177       48.59    
   31   15   0.000       0.000    
   31   16   0.000       0.000    
   31   17   0.000       0.000    
   31   18   0.000       0.000    
   31   19   0.000       0.000    
   31   20   0.000       0.000    
   30   10   0.000       0.000    
   30   11   0.000       0.000    
   30   12   0.000       0.000    
   30   13   0.000       0.000    
   30   14   0.000       0.000    
   30   15  4.6771E-02   31.18    
   30   16   0.000       0.000    
   30   17   0.000       0.000    
   30   18   0.000       0.000    
   30   19   0.000       0.000    
   30   20   0.000       0.000    
   29   10   0.000       0.000    
   29   11   0.000       0.000    
   29   12   0.000       0.000    
   29   13  4.3453E-02   99.00    
   29   14   0.000       0.000    
   29   15   0.000       0.000    
   29   16   0.000       0.000    
   29   17   0.000       0.000    
   29   18   0.000       0.000    
   29   19   0.000       0.000    
   29   20   0.000       0.000    
   28   10   0.000       0.000    
   28   11   0.000       0.000    
   28   12   0.000       0.000    
   28   13  2.2808E-02   46.77    
   28   14   0.000       0.000    
   28   15   0.000       0.000    
   28   16   0.000       0.000    
   28   17   0.000       0.000    
   28   18   0.000       0.000    
   28   19   0.000       0.000    
   28   20   0.000       0.000    
   27   10   0.000       0.000    
   27   11   0.000       0.000    
   27   12   0.000       0.000    
   27   13   0.000       0.000    
   27   14   0.000       0.000    
   27   15   0.000       0.000    
   27   16   0.000       0.000    
   27   17   0.000       0.000    
   27   18   0.000       0.000    
   27   19   0.000       0.000    
   27   20   0.000       0.000    
   26   10   0.000       0.000    
   26   11   0.000       0.000    
   26   12   0.000       0.000    
   26   13   0.000       0.000    
   26   14   0.000       0.000    
   26   15   0.000       0.000    
   26   16   0.000       0.000    
   26   17   0.000       0.000    
   26   18   0.000       0.000    
   26   19   0.000       0.000    
   26   20   0.000       0.000    
   25   10   0.000       0.000    
   25   11   0.000       0.000    
   25   12   0.000       0.000    
   25   13   0.000       0.000    
   25   14   0.000       0.000    
   25   15   0.000       0.000    
   25   16   0.000       0.000    
   25   17   0.000       0.000    
   25   18   0.000       0.000    
   25   19   0.000       0.000    
   25   20   0.000       0.000    
   24   10   0.000       0.000    
   24   11   2.356       15.35    
   24   12   0.000       0.000    
   24   13   0.000       0.000    
   24   14   0.000       0.000    
   24   15   0.000       0.000    
   24   16   0.000       0.000    
   24   17   0.000       0.000    
   24   18   0.000       0.000    
   24   19   0.000       0.000    
   24   20   0.000       0.000    
   23   10  1.5887E-05   11.11    
   23   11   0.000       0.000    
   23   12  2.7419E-17   99.00    
   23   13   0.000       0.000    
   23   14   0.000       0.000    
   23   15   0.000       0.000    
   23   16   0.000       0.000    
   23   17   0.000       0.000    
   23   18   0.000       0.000    
   23   19   0.000       0.000    
   23   20   0.000       0.000    
   22   10   0.000       0.000    
   22   11  0.2081       28.57    
   22   12   0.000       0.000    
   22   13   0.000       0.000    
   22   14   0.000       0.000    
   22   15   0.000       0.000    
   22   16   0.000       0.000    
   22   17   0.000       0.000    
   22   18   0.000       0.000    
   22   19   0.000       0.000    
   22   20   0.000       0.000    
   21   10   0.000       0.000    
   21   11  1.1638E-09   99.00    
   21   12   0.000       0.000    
   21   13   0.000       0.000    
   21   14   0.000       0.000    
   21   15   0.000       0.000    
   21   16   0.000       0.000    
   21   17   0.000       0.000    
   21   18   0.000       0.000    
   21   19   0.000       0.000    
   21   20   0.000       0.000    
   20   10   0.000       0.000    
   20   11   0.000       0.000    
   20   12   0.000       0.000    
   20   13   0.000       0.000    
   20   14   0.000       0.000    
   20   15   0.000       0.000    
   20   16   0.000       0.000    
   20   17   0.000       0.000    
   20   18   0.000       0.000    
   20   19   0.000       0.000    
   20   20   0.000       0.000    
   19   10  4.8668E-11   25.00    
   19   11   0.000       0.000    
   19   12   0.000       0.000    
   19   13   0.000       0.000    
   19   14   0.000       0.000    
   19   15   0.000       0.000    
   19   16   0.000       0.000    
   19   17   0.000       0.000    
   19   18   0.000       0.000    
   19   19   0.000       0.000    
   19   20   0.000       0.000    
   22    1   0.000       0.000    
   22    2   0.000       0.000    
   22    3   0.000       0.000    
   22    4   0.000       0.000    
   22    5   0.000       0.000    
   22    6   0.000       0.000    
   22    7   0.000       0.000    
   22    8   0.000       0.000    
   22    9  7.4829E-44   66.67    
   21    1   0.000       0.000    
   21    2   0.000       0.000    
   21    3   0.000       0.000    
   21    4   0.000       0.000    
   21    5   0.000       0.000    
   21    6   0.000       0.000    
   21    7   0.000       0.000    
   21    8   0.000       0.000    
   21    9  6.1937E-44   66.40    
   20    1   0.000       0.000    
   20    2   0.000       0.000    
   20    3   0.000       0.000    
   20    4   0.000       0.000    
   20    5   0.000       0.000    
   20    6   0.000       0.000    
   20    7   0.000       0.000    
   20    8   0.000       0.000    
   20    9  1.0265E-16   27.28    
   19    1   0.000       0.000    
   19    2   0.000       0.000    
   19    3   0.000       0.000    
   19    4   0.000       0.000    
   19    5   0.000       0.000    
   19    6   0.000       0.000    
   19    7   0.000       0.000    
   19    8  3.5775E-07   29.81    
   19    9   0.000       0.000    
   18    1   0.000       0.000    
   18    2   0.000       0.000    
   18    3   0.000       0.000    
   18    4   0.000       0.000    
   18    5   0.000       0.000    
   18    6   0.000       0.000    
   18    7   0.000       0.000    
   18    8   0.000       0.000    
   18    9   3.990       7.204    
   17    1   0.000       0.000    
   17    2   0.000       0.000    
   17    3   0.000       0.000    
   17    4   0.000       0.000    
   17    5   0.000       0.000    
   17    6   0.000       0.000    
   17    7  9.7530E-44   35.00    
   17    8   0.000       0.000    
   17    9  4.3513E-03   23.40    
   16    1   0.000       0.000    
   16    2   0.000       0.000    
   16    3   0.000       0.000    
   16    4   0.000       0.000    
   16    5   0.000       0.000    
   16    6   0.000       0.000    
   16    7  2.9091E-25   15.81    
   16    8   0.000       0.000    
   16    9   0.000       0.000    
   15    1   0.000       0.000    
   15    2   0.000       0.000    
   15    3   0.000       0.000    
   15    4   0.000       0.000    
   15    5   0.000       0.000    
   15    6   0.000       0.000    
   15    7   0.000       0.000    
   15    8  0.2789       14.08    
   15    9   0.000       0.000    
   14    1   0.000       0.000    
   14    2   0.000       0.000    
   14    3   0.000       0.000    
   14    4   0.000       0.000    
   14    5   0.000       0.000    
   14    6  1.1416E-03   5.161    
   14    7   0.000       0.000    
   14    8  2.4205E-03   83.30    
   14    9   0.000       0.000    
   13    1   0.000       0.000    
   13    2   0.000       0.000    
   13    3   0.000       0.000    
   13    4   0.000       0.000    
   13    5   0.000       0.000    
   13    6   0.000       0.000    
   13    7   3.554       12.28    
   13    8   0.000       0.000    
   13    9   0.000       0.000    
   12    1   0.000       0.000    
   12    2   0.000       0.000    
   12    3   0.000       0.000    
   12    4   0.000       0.000    
   12    5   0.000       0.000    
   12    6   0.000       0.000    
   12    7   0.000       0.000    
   12    8   0.000       0.000    
   12    9   0.000       0.000    
   11    1   0.000       0.000    
   11    2   0.000       0.000    
   11    3   0.000       0.000    
   11    4  8.4109E-14   32.39    
   11    5   0.000       0.000    
   11    6   32.20       3.823    
   11    7   0.000       0.000    
   11    8   0.000       0.000    
   11    9   0.000       0.000    
   10    1   0.000       0.000    
   10    2   0.000       0.000    
   10    3   0.000       0.000    
   10    4  6.3822E-06   3.846    
   10    5   0.000       0.000    
   10    6  1.2996E-09   12.15    
   10    7   0.000       0.000    
   10    8   0.000       0.000    
   10    9   0.000       0.000    
    9    1   0.000       0.000    
    9    2   0.000       0.000    
    9    3   0.000       0.000    
    9    4   0.000       0.000    
    9    5   0.000       0.000    
    9    6   0.000       0.000    
    9    7   0.000       0.000    
    9    8   0.000       0.000    
    9    9   0.000       0.000    
    8    1   0.000       0.000    
    8    2   0.000       0.000    
    8    3   0.000       0.000    
    8    4   0.000       0.000    
    8    5   0.000       0.000    
    8    6   0.000       0.000    
    8    7   0.000       0.000    
    8    8   0.000       0.000    
    8    9   0.000       0.000    
    7    1   0.000       0.000    
    7    2   0.000       0.000    
    7    3   0.000       0.000    
    7    4   93.49       5.652    
    7    5   0.000       0.000    
    7    6   0.000       0.000    
    7    7   0.000       0.000    
    7    8   0.000       0.000    
    7    9   0.000       0.000    
    6    1   0.000       0.000    
    6    2   0.000       0.000    
    6    3   0.000       0.000    
    6    4   0.000       0.000    
    6    5   0.000       0.000    
    6    6   0.000       0.000    
    6    7   0.000       0.000    
    6    8   0.000       0.000    
    6    9   0.000       0.000    
    5    1   0.000       0.000    
    5    2   0.000       0.000    
    5    3   0.000       0.000    
    5    4   0.000       0.000    
    5    5   0.000       0.000    
    5    6   0.000       0.000    
    5    7   0.000       0.000    
    5    8   0.000       0.000    
    5    9   0.000       0.000    
    4    1   0.000       0.000    
    4    2   0.000       0.000    
    4    3   0.000       0.000    
    4    4   0.000       0.000    
    4    5   0.000       0.000    
    4    6   0.000       0.000    
    4    7   0.000       0.000    
    4    8   0.000       0.000    
    4    9   0.000       0.000    
    3    1   406.4      0.3606    
    3    2   0.000       0.000    
    3    3   0.000       0.000    
    3    4   0.000       0.000    
    3    5   0.000       0.000    
    3    6   0.000       0.000    
    3    7   0.000       0.000    
    3    8   0.000       0.000    
    3    9   0.000       0.000    
# A/Z/m Isomers:
   34   17    1  0.4026       46.77    
   42   21    1  1.3298E-03   32.39    
   44   21    1  0.1267       6.326    
   44   21    2   17.84       8.464    
   45   21    1  2.1937E-02   4.713    
   46   21    2  6.8976E-09   12.13    
   50   25    1  0.1143       13.42    
   52   25    1   830.2      0.5309    
   53   26    1   1.306       4.739    
   54   27    1  0.1526       14.89    
   58   25    1  1.0818E-02   10.95    
   58   27    1   5632.      0.5933    
   60   27    1   959.8      0.5940    
   62   27    1   70.80       3.137    
   63   28    1  1.6550E-05   5.387    
   65   30    1   128.5       1.216    
   67   30    1   1195.      0.7566    
   68   29    1   3.563       2.949    
   69   30    1   178.2       1.999    
   70   29    1  6.6733E-07   54.22    
   70   29    2  2.9166E-27   31.62    
   71   30    1   2.027       21.68    
   71   32    1  5.2521E-03   99.00    
   72   31    1  0.1059       19.07    
   73   32    1   5.952       12.50    
   73   32    2   5.882       12.49    
   75   32    1  3.6783E-04   25.76    
   75   33    1  1.1545E-02   46.76    
   77   32    1  4.8718E-04   20.79    
   77   33    1   1.256       15.10    
   77   34    1  4.7781E-02   25.03    
   77   35    1  7.4249E-02   66.67    
   79   32    1  2.3539E-05   41.95    
   79   34    1   7.662       5.937    
   79   36    1  3.0518E-05   99.00    
   80   35    1   1.948       15.31    
   81   32    1  2.1448E-25   99.00    
   81   34    1   2.182       24.90    
   81   35    1  1.1002E-03   24.90    
   81   36    1  1.0192E-14   31.62    
   82   33    1  2.6196E-14   46.77    
   82   35    1   2.623       9.421    
   82   37    1  0.3684       40.82    
   83   34    1  5.6336E-03   27.28    
   83   36    1   25.33       4.700    
   84   37    1  0.9766       17.01    
   85   36    1   16.15       8.800    
   85   37    1   1.350       48.28    
   85   38    1  0.5691       53.90    
   85   39    1  0.1221       99.00    
   86   37    1  4.3861E-03   22.43    
   86   39    1  0.1080       99.00    
   87   38    1   6.401       7.682    
   87   39    1  0.4957       99.00    
   88   39    1  9.5464E-02   99.00    
   89   39    1  0.7358       40.65    
   89   40    1  4.7259E-02   61.24    
   90   37    1  0.4882       20.12    
   90   39    1   2.893       21.25    
   90   40    1  5.2083E-05   21.25    
   91   39    1   19.51       5.124    
   91   41    1  0.2154       61.24    
   92   41    1   1.499       31.18    
   93   39    1  0.9736       6.349    
   93   41    1  3.7934E-02   14.91    
   94   41    1   2.190       19.92    
   95   39    1  3.2651E-10   19.12    
   95   41    1   10.98       14.41    
   95   43    1  0.3228       40.82    
   97   41    1   12.16       15.68    
   97   43    1  0.5501       31.18    
   99   41    1  0.4842       14.01    
   99   42    1  9.5364E-02   14.01    
   99   43    1   40.98       5.110    
  101   43    1   3.359       10.01    
  101   45    1  0.4994       46.77    
  102   43    1  7.6209E-02   40.82    
  102   45    1  4.2141E-02   46.77    
  103   45    1   46.50       4.282    
  104   43    1  3.9084E-03   18.17    
  104   45    1  0.2278       40.82    
  105   45    1   8.649       5.554    
  105   46    1  1.0136E-03   61.24    
  106   45    1   14.70       9.992    
  106   47    1  0.1249       99.00    
  107   45    1  3.6667E-02   18.70    
  107   46    1  5.7986E-09   20.82    
  107   47    1  1.1512E-04   36.36    
  108   47    1  8.4594E-04   36.85    
  109   45    1  3.0440E-06   19.89    
  109   46    1  0.1432       31.62    
  109   47    1   30.86       3.810    
  110   47    1   1.003       27.56    
  111   47    1   12.72       6.332    
  111   48    1  0.4334       61.23    
  111   49    1  0.1016       61.24    
  112   49    1  0.3575       46.77    
  113   47    1  0.1766       10.71    
  113   48    1  7.4047E-02   22.98    
  113   49    1   1.282       36.36    
  114   49    1   2.166       28.10    
  115   46    1  3.0518E-05   99.00    
  115   47    1  5.7749E-11   54.77    
  115   48    1   1.963       16.80    
  115   49    1   13.31       14.78    
  115   50    1  7.6458E-04   99.00    
  116   49    1   3.081       25.63    
  116   51    1  0.2229       61.24    
  117   48    1   2.013       25.35    
  117   49    1   7.076       9.251    
  117   50    1  0.4125       60.66    
  118   49    1  0.1053       72.89    
  118   51    2  0.3664       40.82    
  119   49    1   2.401       28.66    
  119   50    1  0.3055       27.75    
  119   52    1  0.1249       99.00    
  120   50    1  0.2498       61.24    
  120   51    1  0.2498       61.24    
  121   49    1  0.1885       27.22    
  121   50    1  1.2618E-02   27.91    
  121   52    1  0.1948       66.67    
  122   49    1  3.6407E-19   99.00    
  122   50    1  1.6465E-21   99.00    
  123   49    1  3.8675E-05   99.00    
  123   50    1  0.8423       37.54    
  123   52    1  0.9534       21.25    
  124   51    1  0.1949       99.00    
  124   51    2  0.1774       99.00    
  125   50    1  0.1207       61.24    
  125   52    1  0.8258       49.90    
  127   52    1  0.1289       61.85    
  127   54    1  9.8142E-04   60.46    
  130   53    1  0.1141       99.00    
  130   55    1  1.6861E-02   99.00    
  131   54    1  0.3829       39.39    
  133   54    1  0.1247       99.00    
  135   56    1  0.1245       99.00    
  136   55    1  5.9687E-12   99.00    
  136   56    1  2.8769E-02   61.24    
  139   58    1  8.3240E-05   99.00    
  140   58    1  3.6933E-05   61.24    
  144   59    1  4.7732E-02   99.00    
  173   71    1  4.0457E-08   99.00    
  175   71    1  2.3620E-04   99.00    
  177   73    1  9.1841E-02   99.00    
  178   73    1  0.1246       99.00    
  179   73    1  0.2474       60.38    
  179   74    1  6.5941E-02   60.38    
  181   73    1  0.1850       38.26    
  181   74    1  0.3247       38.26    
  181   76    1  1.9187E-02   61.24    
  182   75    1   1.124       20.78    
  183   76    1   1.312       22.02    
  183   78    1  1.5965E-04   54.11    
  184   77    1  0.5998       32.79    
  184   79    1  1.0781E-04   75.79    
  185   78    1  0.8105       31.87    
  186   77    1  0.1176       99.00    
  187   76    1  3.1925E-02   2.762    
  187   77    1   1.110       2.778    
  187   78    1  5.2536E-02   6.382    
  187   80    1  2.7841E-02   25.00    
  187   81    1  1.5932E-12   99.00    
  188   81    1  6.7094E-04   31.87    
  189   76    1   4.252       5.910    
  189   77    1   3.544       5.643    
  189   79    1   8.614       6.440    
  189   80    1   5.862       7.222    
  189   81    1  5.3725E-02   12.07    
  190   81    1  0.5376       16.56    
  191   77    1   1.165       2.842    
  191   78    1   14.56       2.773    
  191   78    2   9.253       2.773    
  191   79    1   8.940       7.800    
  191   80    1   10.03       7.800    
  191   81    1   9.840       3.555    
  191   82    1  0.3900       8.165    
  193   78    1  1.1258E-02   2.046    
  193   79    1   31.75       2.856    
  193   80    1   24.01       2.752    
  193   81    1   40.23       3.715    
  193   82    1   24.44       3.683    
  194   81    1   8.905       12.53    
  195   78    1  0.1249       99.00    
  195   79    1   20.84       2.915    
  195   80    1   19.07       6.959    
  195   81    1   64.91       4.385    
  195   82    1   64.65       4.385    
  196   79    1  5.0290E-23   42.39    
  196   81    1   70.83       3.232    
  196   82    1   11.38       4.572    
  197   79    1   5.915       13.05    
  197   80    1   11.32       13.05    
  197   81    1   240.7       2.716    
  197   82    1   286.4       2.716    
  197   83    1   7.994       1.936    
  198   81    1   92.36       5.067    
  198   83    1   159.2       2.167    
  198   83    2  9.4817E-22   2.339    
  199   80    1   2.656       22.80    
  199   82    1   287.9       2.614    
  199   83    1   129.5       3.742    
  200   83    1   381.1       1.136    
  201   82    1   195.8       2.219    
  201   83    1   442.0       1.097    
  202   81    1   11.18       4.167    
  202   82    1   117.7       4.167    
  203   82    1   214.1       1.504    
  204   82    1   193.3       1.713    
  205   82    1   29.80      0.9155    
  205   82    2   111.7      0.9155    
  206   81    1  5.8768E-02   66.67    
  206   82    1   232.0       1.242    
  206   83    1  0.2340       61.24    
  207   82    1   2.925       1.735    
