  **** tungsten_totsim_22.rnc ****


  Total primaries run:          100000

    Total weight of the primaries run:   100000.000    


  Detector n:            1   no_cool   
     (Region          -1  Volume:     1.00000000      cmc,
      distr. type  :           3    ,
      Z_max:          78 , N-Z_max:          42 , N-Z_min:          -4 )

     Tot. response (n/cmc/pr)   7.78974009       +/-   1.25181174      %
     ( --> Nuclei/pr            7.78974009       +/-   1.25181174      % )

  **** Isotope Yield as a function of Mass Number **** ****            (nuclei / cmc / pr)             ****


  A_min:           1  -  A_max:         198

  A:          187  2.8200000E-03 +/-   7.6795779E+00 %
  A:          186  2.4980000E-02 +/-   3.0359739E+00 %
  A:          185  3.7800000E-03 +/-   5.8650258E+00 %
  A:          184  3.3200000E-02 +/-   1.8828317E+00 %
  A:          183  2.3880000E-02 +/-   3.6172526E+00 %
  A:          182  3.3930000E-02 +/-   1.1344018E+00 %
  A:          181  1.0010000E-02 +/-   3.1169789E+00 %
  A:          180  8.9500000E-03 +/-   3.7931281E+00 %
  A:          179  7.5400001E-03 +/-   3.1899239E+00 %
  A:          178  6.2900000E-03 +/-   4.2242703E+00 %
  A:          177  4.4100000E-03 +/-   3.9012811E+00 %
  A:          176  2.4400000E-03 +/-   9.6637928E+00 %
  A:          175  1.4300000E-03 +/-   8.9554178E+00 %
  A:          174  4.9000001E-04 +/-   8.7778828E+00 %
  A:          173  2.0000000E-04 +/-   1.3693064E+01 %
  A:          172  1.3000000E-04 +/-   3.7684459E+01 %
  A:          171  6.9999998E-05 +/-   5.3452248E+01 %
  A:          170  9.9999997E-06 +/-   9.9000000E+01 %
  A:          140  9.9999997E-06 +/-   9.9000000E+01 %
  A:           42  9.9999997E-06 +/-   9.9000000E+01 %
  A:           41  1.9999999E-05 +/-   6.1237244E+01 %
  A:           40  1.3000000E-04 +/-   3.3529993E+01 %
  A:           39  1.9999999E-05 +/-   6.1237244E+01 %
  A:           18  1.9999999E-05 +/-   6.1237244E+01 %
  A:           17  3.9999999E-05 +/-   4.6770717E+01 %
  A:           16  7.6800001E-03 +/-   4.3459175E+00 %
  A:           15  9.6299999E-03 +/-   1.3399252E+00 %
  A:           14  1.5370000E-02 +/-   2.5873835E+00 %
  A:           13  3.0100000E-03 +/-   3.2124726E+00 %
  A:           12  9.1700001E-03 +/-   3.8307887E+00 %
  A:           11  6.6900000E-03 +/-   4.9710874E+00 %
  A:           10  1.2200000E-03 +/-   7.0510870E+00 %
  A:            9  3.1000000E-04 +/-   3.2817726E+01 %
  A:            8  1.3000000E-04 +/-   4.1424345E+01 %
  A:            7  1.0200000E-03 +/-   1.2839020E+01 %
  A:            6  1.6600000E-03 +/-   1.0451417E+01 %
  A:            4  3.9000000E-02 +/-   2.5950065E+00 %
  A:            3  3.2600000E-03 +/-   5.6227926E+00 %
  A:            2  4.5100001E-02 +/-   1.5764638E+00 %
  A:            1  7.4816800E+00 +/-   1.2705005E+00 %

  **** Isotope Yield as a function of Atomic Number **** ****            (nuclei / cmc / pr)               ****


  Z_min:           1  -  Z_max:          78

  Z:           75  3.2750000E-02 +/-   1.3833441E+00 %
  Z:           74  1.2960000E-01 +/-   1.8744204E+00 %
  Z:           73  2.0400000E-03 +/-   4.9264095E+00 %
  Z:           72  1.6000000E-04 +/-   1.1692679E+01 %
  Z:           70  9.9999997E-06 +/-   9.9000000E+01 %
  Z:           58  9.9999997E-06 +/-   9.9000000E+01 %
  Z:           18  1.7000000E-04 +/-   2.8817527E+01 %
  Z:           16  9.9999997E-06 +/-   9.9000000E+01 %
  Z:            8  1.3170000E-02 +/-   2.0465955E+00 %
  Z:            7  8.6099999E-03 +/-   2.6318862E+00 %
  Z:            6  2.4800000E-02 +/-   2.8533752E+00 %
  Z:            5  6.2800000E-03 +/-   5.4849696E+00 %
  Z:            4  9.6000000E-04 +/-   1.6254673E+01 %
  Z:            3  2.1300000E-03 +/-   7.6642383E+00 %
  Z:            2  4.0730000E-02 +/-   2.5428147E+00 %
  Z:            1  7.5283100E+00 +/-   1.2695084E+00 %

  **** Residual nuclei distribution  **** ****    (nuclei / cmc / pr)        ****



  A \ Z   68         69         70         71         72         73         74         75         76         77         78
 187   0.00E+00   0.00E+00   0.00E+00   0.00E+00   0.00E+00   0.00E+00   2.82E-03   0.00E+00   0.00E+00   0.00E+00   0.00E+00
      +/- 0.0 %  +/- 0.0 %  +/- 0.0 %  +/- 0.0 %  +/- 0.0 %  +/- 0.0 %  +/- 7.7 %  +/- 0.0 %  +/- 0.0 %  +/- 0.0 %  +/- 0.0 %
 186   0.00E+00   0.00E+00   0.00E+00   0.00E+00   0.00E+00   2.00E-05   2.48E-02   1.90E-04   0.00E+00   0.00E+00   0.00E+00
      +/- 0.0 %  +/- 0.0 %  +/- 0.0 %  +/- 0.0 %  +/- 0.0 %  +/-61.2 %  +/- 3.1 %  +/-15.3 %  +/- 0.0 %  +/- 0.0 %  +/- 0.0 %
 185   0.00E+00   0.00E+00   0.00E+00   0.00E+00   0.00E+00   1.30E-04   2.58E-03   7.30E-04   0.00E+00   0.00E+00   0.00E+00
      +/- 0.0 %  +/- 0.0 %  +/- 0.0 %  +/- 0.0 %  +/- 0.0 %  +/- 9.4 %  +/- 7.2 %  +/-15.6 %  +/- 0.0 %  +/- 0.0 %  +/- 0.0 %
 184   0.00E+00   0.00E+00   0.00E+00   0.00E+00   0.00E+00   7.00E-05   3.18E-02   1.02E-03   0.00E+00   0.00E+00   0.00E+00
      +/- 0.0 %  +/- 0.0 %  +/- 0.0 %  +/- 0.0 %  +/- 0.0 %  +/-28.6 %  +/- 1.9 %  +/- 8.9 %  +/- 0.0 %  +/- 0.0 %  +/- 0.0 %
 183   0.00E+00   0.00E+00   0.00E+00   0.00E+00   0.00E+00   1.50E-04   1.99E-02   2.46E-03   0.00E+00   0.00E+00   0.00E+00
      +/- 0.0 %  +/- 0.0 %  +/- 0.0 %  +/- 0.0 %  +/- 0.0 %  +/-18.3 %  +/- 2.8 %  +/- 7.5 %  +/- 0.0 %  +/- 0.0 %  +/- 0.0 %
 182   0.00E+00   0.00E+00   0.00E+00   0.00E+00   0.00E+00   7.00E-05   3.01E-02   1.19E-03   0.00E+00   0.00E+00   0.00E+00
      +/- 0.0 %  +/- 0.0 %  +/- 0.0 %  +/- 0.0 %  +/- 0.0 %  +/-28.6 %  +/- 1.3 %  +/- 8.3 %  +/- 0.0 %  +/- 0.0 %  +/- 0.0 %
 181   0.00E+00   0.00E+00   0.00E+00   0.00E+00   0.00E+00   2.60E-04   2.68E-03   5.11E-03   0.00E+00   0.00E+00   0.00E+00
      +/- 0.0 %  +/- 0.0 %  +/- 0.0 %  +/- 0.0 %  +/- 0.0 %  +/- 7.2 %  +/- 2.8 %  +/- 2.6 %  +/- 0.0 %  +/- 0.0 %  +/- 0.0 %
 180   0.00E+00   0.00E+00   0.00E+00   0.00E+00   1.00E-05   9.00E-05   3.77E-03   4.98E-03   0.00E+00   0.00E+00   0.00E+00
      +/- 0.0 %  +/- 0.0 %  +/- 0.0 %  +/- 0.0 %  +/-99.0 %  +/-27.2 %  +/- 7.4 %  +/- 5.5 %  +/- 0.0 %  +/- 0.0 %  +/- 0.0 %
 179   0.00E+00   0.00E+00   0.00E+00   0.00E+00   0.00E+00   1.10E-04   2.09E-03   4.28E-03   0.00E+00   0.00E+00   0.00E+00
      +/- 0.0 %  +/- 0.0 %  +/- 0.0 %  +/- 0.0 %  +/- 0.0 %  +/-26.5 %  +/- 3.0 %  +/- 4.8 %  +/- 0.0 %  +/- 0.0 %  +/- 0.0 %
 178   0.00E+00   0.00E+00   0.00E+00   0.00E+00   0.00E+00   1.10E-04   2.27E-03   3.83E-03   0.00E+00   0.00E+00   0.00E+00
      +/- 0.0 %  +/- 0.0 %  +/- 0.0 %  +/- 0.0 %  +/- 0.0 %  +/-36.4 %  +/- 3.9 %  +/- 8.2 %  +/- 0.0 %  +/- 0.0 %  +/- 0.0 %
 177   0.00E+00   0.00E+00   0.00E+00   0.00E+00   2.00E-05   1.10E-04   1.32E-03   2.52E-03   0.00E+00   0.00E+00   0.00E+00
      +/- 0.0 %  +/- 0.0 %  +/- 0.0 %  +/- 0.0 %  +/-61.2 %  +/-17.0 %  +/- 5.9 %  +/- 2.8 %  +/- 0.0 %  +/- 0.0 %  +/- 0.0 %
 176   0.00E+00   0.00E+00   0.00E+00   0.00E+00   2.00E-05   1.50E-04   9.30E-04   1.34E-03   0.00E+00   0.00E+00   0.00E+00
      +/- 0.0 %  +/- 0.0 %  +/- 0.0 %  +/- 0.0 %  +/-99.0 %  +/-23.6 %  +/- 8.8 %  +/-13.1 %  +/- 0.0 %  +/- 0.0 %  +/- 0.0 %
 175   0.00E+00   0.00E+00   0.00E+00   0.00E+00   2.00E-05   1.50E-04   3.30E-04   9.30E-04   0.00E+00   0.00E+00   0.00E+00
      +/- 0.0 %  +/- 0.0 %  +/- 0.0 %  +/- 0.0 %  +/-61.2 %  +/-35.0 %  +/-17.0 %  +/-12.6 %  +/- 0.0 %  +/- 0.0 %  +/- 0.0 %
 174   0.00E+00   0.00E+00   0.00E+00   0.00E+00   1.00E-05   1.10E-04   1.40E-04   2.30E-04   0.00E+00   0.00E+00   0.00E+00
      +/- 0.0 %  +/- 0.0 %  +/- 0.0 %  +/- 0.0 %  +/-99.0 %  +/-26.5 %  +/-28.6 %  +/-23.4 %  +/- 0.0 %  +/- 0.0 %  +/- 0.0 %
 173   0.00E+00   0.00E+00   0.00E+00   0.00E+00   5.00E-05   1.30E-04   1.00E-05   1.00E-05   0.00E+00   0.00E+00   0.00E+00
      +/- 0.0 %  +/- 0.0 %  +/- 0.0 %  +/- 0.0 %  +/-44.7 %  +/-15.4 %  +/-99.0 %  +/-99.0 %  +/- 0.0 %  +/- 0.0 %  +/- 0.0 %
 172   0.00E+00   0.00E+00   0.00E+00   0.00E+00   0.00E+00   1.30E-04   0.00E+00   0.00E+00   0.00E+00   0.00E+00   0.00E+00
      +/- 0.0 %  +/- 0.0 %  +/- 0.0 %  +/- 0.0 %  +/- 0.0 %  +/-37.7 %  +/- 0.0 %  +/- 0.0 %  +/- 0.0 %  +/- 0.0 %  +/- 0.0 %
 171   0.00E+00   0.00E+00   0.00E+00   0.00E+00   1.00E-05   5.00E-05   0.00E+00   0.00E+00   0.00E+00   0.00E+00   0.00E+00
      +/- 0.0 %  +/- 0.0 %  +/- 0.0 %  +/- 0.0 %  +/-99.0 %  +/-77.5 %  +/- 0.0 %  +/- 0.0 %  +/- 0.0 %  +/- 0.0 %  +/- 0.0 %
 170   0.00E+00   0.00E+00   1.00E-05   0.00E+00   0.00E+00   0.00E+00   0.00E+00   0.00E+00   0.00E+00   0.00E+00   0.00E+00
      +/- 0.0 %  +/- 0.0 %  +/-99.0 %  +/- 0.0 %  +/- 0.0 %  +/- 0.0 %  +/- 0.0 %  +/- 0.0 %  +/- 0.0 %  +/- 0.0 %  +/- 0.0 %

  A \ Z   57         58         59         60         61         62         63         64         65         66         67
 140   0.00E+00   1.00E-05   0.00E+00   0.00E+00   0.00E+00   0.00E+00   0.00E+00   0.00E+00   0.00E+00   0.00E+00   0.00E+00
      +/- 0.0 %  +/-99.0 %  +/- 0.0 %  +/- 0.0 %  +/- 0.0 %  +/- 0.0 %  +/- 0.0 %  +/- 0.0 %  +/- 0.0 %  +/- 0.0 %  +/- 0.0 %

  A \ Z   46         47         48         49         50         51         52         53         54         55         56

  A \ Z   35         36         37         38         39         40         41         42         43         44         45

  A \ Z   24         25         26         27         28         29         30         31         32         33         34

  A \ Z   13         14         15         16         17         18         19         20         21         22         23
  42   0.00E+00   0.00E+00   0.00E+00   1.00E-05   0.00E+00   0.00E+00   0.00E+00   0.00E+00   0.00E+00   0.00E+00   0.00E+00
      +/- 0.0 %  +/- 0.0 %  +/- 0.0 %  +/-99.0 %  +/- 0.0 %  +/- 0.0 %  +/- 0.0 %  +/- 0.0 %  +/- 0.0 %  +/- 0.0 %  +/- 0.0 %
  41   0.00E+00   0.00E+00   0.00E+00   0.00E+00   0.00E+00   2.00E-05   0.00E+00   0.00E+00   0.00E+00   0.00E+00   0.00E+00
      +/- 0.0 %  +/- 0.0 %  +/- 0.0 %  +/- 0.0 %  +/- 0.0 %  +/-61.2 %  +/- 0.0 %  +/- 0.0 %  +/- 0.0 %  +/- 0.0 %  +/- 0.0 %
  40   0.00E+00   0.00E+00   0.00E+00   0.00E+00   0.00E+00   1.30E-04   0.00E+00   0.00E+00   0.00E+00   0.00E+00   0.00E+00
      +/- 0.0 %  +/- 0.0 %  +/- 0.0 %  +/- 0.0 %  +/- 0.0 %  +/-33.5 %  +/- 0.0 %  +/- 0.0 %  +/- 0.0 %  +/- 0.0 %  +/- 0.0 %
  39   0.00E+00   0.00E+00   0.00E+00   0.00E+00   0.00E+00   2.00E-05   0.00E+00   0.00E+00   0.00E+00   0.00E+00   0.00E+00
      +/- 0.0 %  +/- 0.0 %  +/- 0.0 %  +/- 0.0 %  +/- 0.0 %  +/-61.2 %  +/- 0.0 %  +/- 0.0 %  +/- 0.0 %  +/- 0.0 %  +/- 0.0 %

  A \ Z    2          3          4          5          6          7          8          9         10         11         12
  18   0.00E+00   0.00E+00   0.00E+00   0.00E+00   0.00E+00   0.00E+00   2.00E-05   0.00E+00   0.00E+00   0.00E+00   0.00E+00
      +/- 0.0 %  +/- 0.0 %  +/- 0.0 %  +/- 0.0 %  +/- 0.0 %  +/- 0.0 %  +/-61.2 %  +/- 0.0 %  +/- 0.0 %  +/- 0.0 %  +/- 0.0 %
  17   0.00E+00   0.00E+00   0.00E+00   0.00E+00   0.00E+00   0.00E+00   4.00E-05   0.00E+00   0.00E+00   0.00E+00   0.00E+00
      +/- 0.0 %  +/- 0.0 %  +/- 0.0 %  +/- 0.0 %  +/- 0.0 %  +/- 0.0 %  +/-46.8 %  +/- 0.0 %  +/- 0.0 %  +/- 0.0 %  +/- 0.0 %
  16   0.00E+00   0.00E+00   0.00E+00   0.00E+00   0.00E+00   8.00E-05   7.59E-03   0.00E+00   0.00E+00   0.00E+00   0.00E+00
      +/- 0.0 %  +/- 0.0 %  +/- 0.0 %  +/- 0.0 %  +/- 0.0 %  +/-15.3 %  +/- 4.4 %  +/- 0.0 %  +/- 0.0 %  +/- 0.0 %  +/- 0.0 %
  15   0.00E+00   0.00E+00   0.00E+00   0.00E+00   0.00E+00   4.23E-03   5.40E-03   0.00E+00   0.00E+00   0.00E+00   0.00E+00
      +/- 0.0 %  +/- 0.0 %  +/- 0.0 %  +/- 0.0 %  +/- 0.0 %  +/- 2.9 %  +/- 2.7 %  +/- 0.0 %  +/- 0.0 %  +/- 0.0 %  +/- 0.0 %
  14   0.00E+00   0.00E+00   0.00E+00   0.00E+00   1.15E-02   3.78E-03   1.20E-04   0.00E+00   0.00E+00   0.00E+00   0.00E+00
      +/- 0.0 %  +/- 0.0 %  +/- 0.0 %  +/- 0.0 %  +/- 2.6 %  +/- 2.2 %  +/-42.9 %  +/- 0.0 %  +/- 0.0 %  +/- 0.0 %  +/- 0.0 %
  13   0.00E+00   0.00E+00   0.00E+00   2.00E-05   2.56E-03   4.30E-04   0.00E+00   0.00E+00   0.00E+00   0.00E+00   0.00E+00
      +/- 0.0 %  +/- 0.0 %  +/- 0.0 %  +/-61.2 %  +/- 3.6 %  +/-15.9 %  +/- 0.0 %  +/- 0.0 %  +/- 0.0 %  +/- 0.0 %  +/- 0.0 %
  12   0.00E+00   0.00E+00   0.00E+00   6.00E-05   9.03E-03   8.00E-05   0.00E+00   0.00E+00   0.00E+00   0.00E+00   0.00E+00
      +/- 0.0 %  +/- 0.0 %  +/- 0.0 %  +/-61.2 %  +/- 3.2 %  +/-50.8 %  +/- 0.0 %  +/- 0.0 %  +/- 0.0 %  +/- 0.0 %  +/- 0.0 %
  11   0.00E+00   0.00E+00   0.00E+00   5.06E-03   1.63E-03   0.00E+00   0.00E+00   0.00E+00   0.00E+00   0.00E+00   0.00E+00
      +/- 0.0 %  +/- 0.0 %  +/- 0.0 %  +/- 5.1 %  +/-11.0 %  +/- 0.0 %  +/- 0.0 %  +/- 0.0 %  +/- 0.0 %  +/- 0.0 %  +/- 0.0 %
  10   0.00E+00   0.00E+00   4.00E-05   1.07E-03   1.10E-04   0.00E+00   0.00E+00   0.00E+00   0.00E+00   0.00E+00   0.00E+00
      +/- 0.0 %  +/- 0.0 %  +/-46.8 %  +/- 8.3 %  +/-26.5 %  +/- 0.0 %  +/- 0.0 %  +/- 0.0 %  +/- 0.0 %  +/- 0.0 %  +/- 0.0 %
   9   0.00E+00   0.00E+00   3.10E-04   0.00E+00   0.00E+00   0.00E+00   0.00E+00   0.00E+00   0.00E+00   0.00E+00   0.00E+00
      +/- 0.0 %  +/- 0.0 %  +/-32.8 %  +/- 0.0 %  +/- 0.0 %  +/- 0.0 %  +/- 0.0 %  +/- 0.0 %  +/- 0.0 %  +/- 0.0 %  +/- 0.0 %
   8   0.00E+00   6.00E-05   0.00E+00   7.00E-05   0.00E+00   0.00E+00   0.00E+00   0.00E+00   0.00E+00   0.00E+00   0.00E+00
      +/- 0.0 %  +/-31.2 %  +/- 0.0 %  +/-53.5 %  +/- 0.0 %  +/- 0.0 %  +/- 0.0 %  +/- 0.0 %  +/- 0.0 %  +/- 0.0 %  +/- 0.0 %
   7   0.00E+00   4.10E-04   6.10E-04   0.00E+00   0.00E+00   0.00E+00   0.00E+00   0.00E+00   0.00E+00   0.00E+00   0.00E+00
      +/- 0.0 %  +/-17.4 %  +/-10.8 %  +/- 0.0 %  +/- 0.0 %  +/- 0.0 %  +/- 0.0 %  +/- 0.0 %  +/- 0.0 %  +/- 0.0 %  +/- 0.0 %
   6   0.00E+00   1.66E-03   0.00E+00   0.00E+00   0.00E+00   0.00E+00   0.00E+00   0.00E+00   0.00E+00   0.00E+00   0.00E+00
      +/- 0.0 %  +/-10.5 %  +/- 0.0 %  +/- 0.0 %  +/- 0.0 %  +/- 0.0 %  +/- 0.0 %  +/- 0.0 %  +/- 0.0 %  +/- 0.0 %  +/- 0.0 %
   4   3.90E-02   0.00E+00   0.00E+00   0.00E+00   0.00E+00   0.00E+00   0.00E+00   0.00E+00   0.00E+00   0.00E+00   0.00E+00
      +/- 2.6 %  +/- 0.0 %  +/- 0.0 %  +/- 0.0 %  +/- 0.0 %  +/- 0.0 %  +/- 0.0 %  +/- 0.0 %  +/- 0.0 %  +/- 0.0 %  +/- 0.0 %
   3   1.73E-03   0.00E+00   0.00E+00   0.00E+00   0.00E+00   0.00E+00   0.00E+00   0.00E+00   0.00E+00   0.00E+00   0.00E+00
      +/-10.9 %  +/- 0.0 %  +/- 0.0 %  +/- 0.0 %  +/- 0.0 %  +/- 0.0 %  +/- 0.0 %  +/- 0.0 %  +/- 0.0 %  +/- 0.0 %  +/- 0.0 %

  A \ Z    1
   3   1.53E-03
      +/-11.0 %
   2   4.51E-02
      +/- 1.6 %
   1   7.48E+00
      +/- 1.3 %


  **** Isomers (nuclei / cmc / pr)     ****
      A        Z       mth
       16       7       1    1.00E-05 +/- 99.0 %
      171      72       1    1.00E-05 +/- 99.0 %
      177      73       1    1.00E-05 +/- 99.0 %
      177      75       1    4.30E-04 +/- 12.0 %
      178      72       2    1.00E-05 +/- 99.0 %
      178      73       1    7.00E-05 +/- 36.4 %
      179      73       1    4.00E-05 +/- 61.2 %
      179      74       1    2.90E-04 +/-  6.5 %
      179      75       1    7.30E-04 +/- 13.1 %
      180      73       1    5.00E-05 +/- 54.8 %
      180      74       1    5.00E-05 +/- 31.6 %
      181      73       1    1.00E-05 +/- 99.0 %
      181      74       1    1.93E-03 +/- 10.8 %
      181      75       1    2.00E-05 +/- 99.0 %
      182      73       1    1.00E-05 +/- 99.0 %
      182      73       2    1.00E-05 +/- 99.0 %
      182      75       1    2.55E-03 +/-  4.1 %
      183      74       1    1.33E-03 +/- 17.0 %
      184      74       1    8.00E-05 +/- 37.5 %
      184      75       1    1.90E-04 +/-  9.8 %
      185      74       1    3.40E-04 +/-  7.2 %
      186      74       1    1.00E-05 +/- 99.0 %
      186      75       1    1.00E-05 +/- 99.0 %

