  **** treatment_grid_50brass1p25_70.rnc ****


  Total primaries run:       100000000

    Total weight of the primaries run:   9.20423861E+16


  Beam intensity  :   9.99999987E+14  pr/s

  Irradiation time:   300.000000      s

  Decay time      :   600.000000      s

  Detector n:            1   col20     
     (Region          18  Volume:     12.5000000      cmc,
      distr. type  :           3    ,
      Z_max:          34 , N-Z_max:          12 , N-Z_min:          -4 )

     Tot. response (Bq/cmc)   6.52551424E+09   +/-  0.527353883      %
     ( --> Bq                 8.15689318E+10   +/-  0.527353883      % )



  **** Residual nuclei distribution  **** ****           (Bq/cmc)            ****



  A \ Z   24         25         26         27         28         29         30         31         32         33         34
  70   0.00E+00   0.00E+00   0.00E+00   0.00E+00   0.00E+00   0.00E+00   0.00E+00   2.06E+06   0.00E+00   0.00E+00   0.00E+00
      +/- 0.0 %  +/- 0.0 %  +/- 0.0 %  +/- 0.0 %  +/- 0.0 %  +/- 0.0 %  +/- 0.0 %  +/-34.4 %  +/- 0.0 %  +/- 0.0 %  +/- 0.0 %
  69   0.00E+00   0.00E+00   0.00E+00   0.00E+00   0.00E+00   3.29E+05   6.11E+06   0.00E+00   0.00E+00   0.00E+00   0.00E+00
      +/- 0.0 %  +/- 0.0 %  +/- 0.0 %  +/- 0.0 %  +/- 0.0 %  +/-56.6 %  +/-16.0 %  +/- 0.0 %  +/- 0.0 %  +/- 0.0 %  +/- 0.0 %
  68   0.00E+00   0.00E+00   0.00E+00   0.00E+00   0.00E+00   7.40E+04   0.00E+00   3.89E+07   0.00E+00   0.00E+00   0.00E+00
      +/- 0.0 %  +/- 0.0 %  +/- 0.0 %  +/- 0.0 %  +/- 0.0 %  +/-99.0 %  +/- 0.0 %  +/- 2.4 %  +/- 0.0 %  +/- 0.0 %  +/- 0.0 %
  67   0.00E+00   0.00E+00   0.00E+00   0.00E+00   0.00E+00   2.68E+05   0.00E+00   1.16E+06   0.00E+00   0.00E+00   0.00E+00
      +/- 0.0 %  +/- 0.0 %  +/- 0.0 %  +/- 0.0 %  +/- 0.0 %  +/- 7.9 %  +/- 0.0 %  +/- 3.2 %  +/- 0.0 %  +/- 0.0 %  +/- 0.0 %
  66   0.00E+00   0.00E+00   0.00E+00   0.00E+00   3.16E+02   8.87E+07   0.00E+00   1.08E+07   0.00E+00   0.00E+00   0.00E+00
      +/- 0.0 %  +/- 0.0 %  +/- 0.0 %  +/- 0.0 %  +/-99.0 %  +/- 6.1 %  +/- 0.0 %  +/- 2.8 %  +/- 0.0 %  +/- 0.0 %  +/- 0.0 %
  65   0.00E+00   0.00E+00   0.00E+00   0.00E+00   1.26E+06   0.00E+00   9.46E+04   1.05E+08   0.00E+00   0.00E+00   0.00E+00
      +/- 0.0 %  +/- 0.0 %  +/- 0.0 %  +/- 0.0 %  +/- 9.0 %  +/- 0.0 %  +/- 1.2 %  +/- 3.1 %  +/- 0.0 %  +/- 0.0 %  +/- 0.0 %
  64   0.00E+00   0.00E+00   0.00E+00   0.00E+00   0.00E+00   5.44E+07   0.00E+00   4.96E+07   0.00E+00   0.00E+00   0.00E+00
      +/- 0.0 %  +/- 0.0 %  +/- 0.0 %  +/- 0.0 %  +/- 0.0 %  +/- 1.4 %  +/- 0.0 %  +/- 2.6 %  +/- 0.0 %  +/- 0.0 %  +/- 0.0 %
  63   0.00E+00   0.00E+00   0.00E+00   2.45E+00   1.18E+02   0.00E+00   8.05E+08   5.03E+02   0.00E+00   0.00E+00   0.00E+00
      +/- 0.0 %  +/- 0.0 %  +/- 0.0 %  +/-57.8 %  +/- 3.8 %  +/- 0.0 %  +/- 1.0 %  +/- 7.6 %  +/- 0.0 %  +/- 0.0 %  +/- 0.0 %
  62   0.00E+00   0.00E+00   0.00E+00   2.63E+05   0.00E+00   4.60E+09   2.47E+07   0.00E+00   0.00E+00   0.00E+00   0.00E+00
      +/- 0.0 %  +/- 0.0 %  +/- 0.0 %  +/-29.3 %  +/- 0.0 %  +/- 0.8 %  +/- 1.5 %  +/- 0.0 %  +/- 0.0 %  +/- 0.0 %  +/- 0.0 %
  61   0.00E+00   0.00E+00   0.00E+00   9.56E+06   0.00E+00   2.89E+08   2.85E+06   0.00E+00   0.00E+00   0.00E+00   0.00E+00
      +/- 0.0 %  +/- 0.0 %  +/- 0.0 %  +/-10.1 %  +/- 0.0 %  +/- 1.1 %  +/- 8.1 %  +/- 0.0 %  +/- 0.0 %  +/- 0.0 %  +/- 0.0 %
  60   0.00E+00   0.00E+00   2.89E-05   9.39E+02   0.00E+00   2.67E+08   8.50E+05   0.00E+00   0.00E+00   0.00E+00   0.00E+00
      +/- 0.0 %  +/- 0.0 %  +/-31.2 %  +/- 4.3 %  +/- 0.0 %  +/- 2.2 %  +/-23.8 %  +/- 0.0 %  +/- 0.0 %  +/- 0.0 %  +/- 0.0 %
  59   0.00E+00   0.00E+00   2.04E+03   0.00E+00   1.37E+00   1.98E+06   0.00E+00   0.00E+00   0.00E+00   0.00E+00   0.00E+00
      +/- 0.0 %  +/- 0.0 %  +/-19.5 %  +/- 0.0 %  +/- 1.0 %  +/- 3.1 %  +/- 0.0 %  +/- 0.0 %  +/- 0.0 %  +/- 0.0 %  +/- 0.0 %
  58   0.00E+00   0.00E+00   0.00E+00   1.83E+05   0.00E+00   0.00E+00   0.00E+00   0.00E+00   0.00E+00   0.00E+00   0.00E+00
      +/- 0.0 %  +/- 0.0 %  +/- 0.0 %  +/- 1.4 %  +/- 0.0 %  +/- 0.0 %  +/- 0.0 %  +/- 0.0 %  +/- 0.0 %  +/- 0.0 %  +/- 0.0 %
  57   0.00E+00   2.45E+05   0.00E+00   6.44E+04   6.46E+05   0.00E+00   0.00E+00   0.00E+00   0.00E+00   0.00E+00   0.00E+00
      +/- 0.0 %  +/-23.4 %  +/- 0.0 %  +/- 1.5 %  +/- 4.7 %  +/- 0.0 %  +/- 0.0 %  +/- 0.0 %  +/- 0.0 %  +/- 0.0 %  +/- 0.0 %
  56   4.83E+05   2.12E+06   0.00E+00   6.05E+04   1.14E+04   0.00E+00   0.00E+00   0.00E+00   0.00E+00   0.00E+00   0.00E+00
      +/-99.0 %  +/- 7.1 %  +/- 0.0 %  +/- 3.1 %  +/-12.5 %  +/- 0.0 %  +/- 0.0 %  +/- 0.0 %  +/- 0.0 %  +/- 0.0 %  +/- 0.0 %
  55   0.00E+00   0.00E+00   5.96E+03   4.85E+05   0.00E+00   0.00E+00   0.00E+00   0.00E+00   0.00E+00   0.00E+00   0.00E+00
      +/- 0.0 %  +/- 0.0 %  +/- 2.5 %  +/-13.3 %  +/- 0.0 %  +/- 0.0 %  +/- 0.0 %  +/- 0.0 %  +/- 0.0 %  +/- 0.0 %  +/- 0.0 %
  54   0.00E+00   6.27E+03   0.00E+00   0.00E+00   0.00E+00   0.00E+00   0.00E+00   0.00E+00   0.00E+00   0.00E+00   0.00E+00
      +/- 0.0 %  +/- 5.1 %  +/- 0.0 %  +/- 0.0 %  +/- 0.0 %  +/- 0.0 %  +/- 0.0 %  +/- 0.0 %  +/- 0.0 %  +/- 0.0 %  +/- 0.0 %
  53   0.00E+00   1.18E-03   1.08E+07   0.00E+00   0.00E+00   0.00E+00   0.00E+00   0.00E+00   0.00E+00   0.00E+00   0.00E+00
      +/- 0.0 %  +/- 5.7 %  +/- 5.9 %  +/- 0.0 %  +/- 0.0 %  +/- 0.0 %  +/- 0.0 %  +/- 0.0 %  +/- 0.0 %  +/- 0.0 %  +/- 0.0 %
  52   0.00E+00   1.43E+04   1.72E+04   0.00E+00   0.00E+00   0.00E+00   0.00E+00   0.00E+00   0.00E+00   0.00E+00   0.00E+00
      +/- 0.0 %  +/-22.6 %  +/-99.0 %  +/- 0.0 %  +/- 0.0 %  +/- 0.0 %  +/- 0.0 %  +/- 0.0 %  +/- 0.0 %  +/- 0.0 %  +/- 0.0 %
  51   9.22E+03   6.36E+05   0.00E+00   0.00E+00   0.00E+00   0.00E+00   0.00E+00   0.00E+00   0.00E+00   0.00E+00   0.00E+00
      +/- 9.8 %  +/-20.5 %  +/- 0.0 %  +/- 0.0 %  +/- 0.0 %  +/- 0.0 %  +/- 0.0 %  +/- 0.0 %  +/- 0.0 %  +/- 0.0 %  +/- 0.0 %
  49   3.75E+05   0.00E+00   0.00E+00   0.00E+00   0.00E+00   0.00E+00   0.00E+00   0.00E+00   0.00E+00   0.00E+00   0.00E+00
      +/-33.2 %  +/- 0.0 %  +/- 0.0 %  +/- 0.0 %  +/- 0.0 %  +/- 0.0 %  +/- 0.0 %  +/- 0.0 %  +/- 0.0 %  +/- 0.0 %  +/- 0.0 %

  A \ Z   13         14         15         16         17         18         19         20         21         22         23
  52   0.00E+00   0.00E+00   0.00E+00   0.00E+00   0.00E+00   0.00E+00   0.00E+00   0.00E+00   0.00E+00   0.00E+00   1.24E+05
      +/- 0.0 %  +/- 0.0 %  +/- 0.0 %  +/- 0.0 %  +/- 0.0 %  +/- 0.0 %  +/- 0.0 %  +/- 0.0 %  +/- 0.0 %  +/- 0.0 %  +/-99.0 %
  49   0.00E+00   0.00E+00   0.00E+00   0.00E+00   0.00E+00   0.00E+00   0.00E+00   0.00E+00   0.00E+00   0.00E+00   1.59E+02
      +/- 0.0 %  +/- 0.0 %  +/- 0.0 %  +/- 0.0 %  +/- 0.0 %  +/- 0.0 %  +/- 0.0 %  +/- 0.0 %  +/- 0.0 %  +/- 0.0 %  +/-17.2 %
  48   0.00E+00   0.00E+00   0.00E+00   0.00E+00   0.00E+00   0.00E+00   0.00E+00   0.00E+00   0.00E+00   0.00E+00   1.56E+03
      +/- 0.0 %  +/- 0.0 %  +/- 0.0 %  +/- 0.0 %  +/- 0.0 %  +/- 0.0 %  +/- 0.0 %  +/- 0.0 %  +/- 0.0 %  +/- 0.0 %  +/-31.3 %
  47   0.00E+00   0.00E+00   0.00E+00   0.00E+00   0.00E+00   0.00E+00   0.00E+00   0.00E+00   0.00E+00   0.00E+00   4.59E+04
      +/- 0.0 %  +/- 0.0 %  +/- 0.0 %  +/- 0.0 %  +/- 0.0 %  +/- 0.0 %  +/- 0.0 %  +/- 0.0 %  +/- 0.0 %  +/- 0.0 %  +/-99.0 %
  46   0.00E+00   0.00E+00   0.00E+00   0.00E+00   0.00E+00   0.00E+00   0.00E+00   0.00E+00   6.54E+01   0.00E+00   0.00E+00
      +/- 0.0 %  +/- 0.0 %  +/- 0.0 %  +/- 0.0 %  +/- 0.0 %  +/- 0.0 %  +/- 0.0 %  +/- 0.0 %  +/-61.9 %  +/- 0.0 %  +/- 0.0 %
  45   0.00E+00   0.00E+00   0.00E+00   0.00E+00   0.00E+00   0.00E+00   0.00E+00   0.00E+00   0.00E+00   2.16E+04   0.00E+00
      +/- 0.0 %  +/- 0.0 %  +/- 0.0 %  +/- 0.0 %  +/- 0.0 %  +/- 0.0 %  +/- 0.0 %  +/- 0.0 %  +/- 0.0 %  +/-63.6 %  +/- 0.0 %
  44   0.00E+00   0.00E+00   0.00E+00   0.00E+00   0.00E+00   0.00E+00   0.00E+00   0.00E+00   2.65E+04   0.00E+00   0.00E+00
      +/- 0.0 %  +/- 0.0 %  +/- 0.0 %  +/- 0.0 %  +/- 0.0 %  +/- 0.0 %  +/- 0.0 %  +/- 0.0 %  +/-66.0 %  +/- 0.0 %  +/- 0.0 %
  41   0.00E+00   0.00E+00   0.00E+00   0.00E+00   0.00E+00   0.00E+00   0.00E+00   1.72E-04   0.00E+00   0.00E+00   0.00E+00
      +/- 0.0 %  +/- 0.0 %  +/- 0.0 %  +/- 0.0 %  +/- 0.0 %  +/- 0.0 %  +/- 0.0 %  +/-99.0 %  +/- 0.0 %  +/- 0.0 %  +/- 0.0 %
  37   0.00E+00   0.00E+00   0.00E+00   0.00E+00   0.00E+00   1.22E+02   0.00E+00   0.00E+00   0.00E+00   0.00E+00   0.00E+00
      +/- 0.0 %  +/- 0.0 %  +/- 0.0 %  +/- 0.0 %  +/- 0.0 %  +/-99.0 %  +/- 0.0 %  +/- 0.0 %  +/- 0.0 %  +/- 0.0 %  +/- 0.0 %
  29   2.82E+04   0.00E+00   0.00E+00   0.00E+00   0.00E+00   0.00E+00   0.00E+00   0.00E+00   0.00E+00   0.00E+00   0.00E+00
      +/-99.0 %  +/- 0.0 %  +/- 0.0 %  +/- 0.0 %  +/- 0.0 %  +/- 0.0 %  +/- 0.0 %  +/- 0.0 %  +/- 0.0 %  +/- 0.0 %  +/- 0.0 %

  A \ Z    2          3          4          5          6          7          8          9         10         11         12
  19   0.00E+00   0.00E+00   0.00E+00   0.00E+00   0.00E+00   0.00E+00   0.00E+00   0.00E+00   2.18E-05   0.00E+00   0.00E+00
      +/- 0.0 %  +/- 0.0 %  +/- 0.0 %  +/- 0.0 %  +/- 0.0 %  +/- 0.0 %  +/- 0.0 %  +/- 0.0 %  +/-99.0 %  +/- 0.0 %  +/- 0.0 %
  16   0.00E+00   0.00E+00   0.00E+00   0.00E+00   0.00E+00   2.48E-20   0.00E+00   0.00E+00   0.00E+00   0.00E+00   0.00E+00
      +/- 0.0 %  +/- 0.0 %  +/- 0.0 %  +/- 0.0 %  +/- 0.0 %  +/-99.0 %  +/- 0.0 %  +/- 0.0 %  +/- 0.0 %  +/- 0.0 %  +/- 0.0 %
  15   0.00E+00   0.00E+00   0.00E+00   0.00E+00   0.00E+00   0.00E+00   1.39E+05   0.00E+00   0.00E+00   0.00E+00   0.00E+00
      +/- 0.0 %  +/- 0.0 %  +/- 0.0 %  +/- 0.0 %  +/- 0.0 %  +/- 0.0 %  +/-53.0 %  +/- 0.0 %  +/- 0.0 %  +/- 0.0 %  +/- 0.0 %
  14   0.00E+00   0.00E+00   0.00E+00   0.00E+00   2.25E-03   0.00E+00   0.00E+00   0.00E+00   0.00E+00   0.00E+00   0.00E+00
      +/- 0.0 %  +/- 0.0 %  +/- 0.0 %  +/- 0.0 %  +/-62.1 %  +/- 0.0 %  +/- 0.0 %  +/- 0.0 %  +/- 0.0 %  +/- 0.0 %  +/- 0.0 %
  13   0.00E+00   0.00E+00   0.00E+00   0.00E+00   0.00E+00   9.37E+05   0.00E+00   0.00E+00   0.00E+00   0.00E+00   0.00E+00
      +/- 0.0 %  +/- 0.0 %  +/- 0.0 %  +/- 0.0 %  +/- 0.0 %  +/-51.5 %  +/- 0.0 %  +/- 0.0 %  +/- 0.0 %  +/- 0.0 %  +/- 0.0 %
  11   0.00E+00   0.00E+00   0.00E+00   0.00E+00   2.16E+06   0.00E+00   0.00E+00   0.00E+00   0.00E+00   0.00E+00   0.00E+00
      +/- 0.0 %  +/- 0.0 %  +/- 0.0 %  +/- 0.0 %  +/-13.7 %  +/- 0.0 %  +/- 0.0 %  +/- 0.0 %  +/- 0.0 %  +/- 0.0 %  +/- 0.0 %
  10   0.00E+00   0.00E+00   1.63E-05   0.00E+00   3.41E-04   0.00E+00   0.00E+00   0.00E+00   0.00E+00   0.00E+00   0.00E+00
      +/- 0.0 %  +/- 0.0 %  +/-35.4 %  +/- 0.0 %  +/-61.4 %  +/- 0.0 %  +/- 0.0 %  +/- 0.0 %  +/- 0.0 %  +/- 0.0 %  +/- 0.0 %
   7   0.00E+00   0.00E+00   1.89E+03   0.00E+00   0.00E+00   0.00E+00   0.00E+00   0.00E+00   0.00E+00   0.00E+00   0.00E+00
      +/- 0.0 %  +/- 0.0 %  +/-18.8 %  +/- 0.0 %  +/- 0.0 %  +/- 0.0 %  +/- 0.0 %  +/- 0.0 %  +/- 0.0 %  +/- 0.0 %  +/- 0.0 %

  A \ Z    1
   3   1.81E+03
      +/- 3.1 %


  **** Isomers (Bq/cmc)     ****
      A        Z       mth
       45      21       1    5.00E+00 +/- 63.6 %
       46      21       2    1.23E-04 +/- 99.0 %
       52      25       1    1.09E+07 +/- 18.9 %
       53      26       1    1.52E+05 +/- 71.9 %
       54      27       1    6.53E+03 +/- 99.0 %
       58      27       1    1.62E+07 +/-  1.1 %
       60      27       1    8.67E+07 +/-  5.4 %
       62      27       1    1.95E+06 +/- 31.8 %
       63      28       1    2.39E+00 +/- 57.8 %
       65      30       1    3.34E+07 +/-  3.1 %
       67      30       1    9.21E+05 +/-  2.8 %
       68      29       1    7.42E+04 +/- 99.0 %
       69      30       1    9.47E+04 +/- 13.9 %

