# Detector n:     1  
cool11    
# A/Z Isotopes:
   71   24   0.000       0.000    
   71   25   0.000       0.000    
   71   26   0.000       0.000    
   71   27   0.000       0.000    
   71   28   0.000       0.000    
   71   29   0.000       0.000    
   71   30  1.6709E+04   43.86    
   71   31   0.000       0.000    
   71   32   26.34       99.00    
   71   33   0.000       0.000    
   71   34   0.000       0.000    
   70   24   0.000       0.000    
   70   25   0.000       0.000    
   70   26   0.000       0.000    
   70   27   0.000       0.000    
   70   28   0.000       0.000    
   70   29   93.51       67.67    
   70   30   0.000       0.000    
   70   31  1.4421E+06   6.306    
   70   32   0.000       0.000    
   70   33   0.000       0.000    
   70   34   0.000       0.000    
   69   24   0.000       0.000    
   69   25   0.000       0.000    
   69   26   0.000       0.000    
   69   27   0.000       0.000    
   69   28   0.000       0.000    
   69   29  4.8533E+05   7.265    
   69   30  5.3355E+06   1.059    
   69   31   0.000       0.000    
   69   32   57.19       62.87    
   69   33   0.000       0.000    
   69   34   0.000       0.000    
   68   24   0.000       0.000    
   68   25   0.000       0.000    
   68   26   0.000       0.000    
   68   27   0.000       0.000    
   68   28  0.2240       99.00    
   68   29  2.5175E+05   28.33    
   68   30   0.000       0.000    
   68   31  2.5065E+07   1.276    
   68   32   1.281       70.95    
   68   33   0.000       0.000    
   68   34   0.000       0.000    
   67   24   0.000       0.000    
   67   25   0.000       0.000    
   67   26   0.000       0.000    
   67   27   0.000       0.000    
   67   28  5.2872E-02   70.81    
   67   29  1.7411E+05   2.073    
   67   30   0.000       0.000    
   67   31  7.4097E+05  0.8050    
   67   32   5916.       67.20    
   67   33   0.000       0.000    
   67   34   0.000       0.000    
   66   24   0.000       0.000    
   66   25   0.000       0.000    
   66   26   0.000       0.000    
   66   27   0.000       0.000    
   66   28   1840.       14.28    
   66   29  9.4885E+07   1.369    
   66   30   0.000       0.000    
   66   31  6.7472E+06  0.6386    
   66   32   0.000       0.000    
   66   33   0.000       0.000    
   66   34   0.000       0.000    
   65   24   0.000       0.000    
   65   25   0.000       0.000    
   65   26   0.000       0.000    
   65   27   0.000       0.000    
   65   28  8.2743E+05   2.163    
   65   29   0.000       0.000    
   65   30  6.0134E+04  0.4230    
   65   31  7.2292E+07   1.145    
   65   32  0.4911       99.00    
   65   33   0.000       0.000    
   65   34   0.000       0.000    
   64   24   0.000       0.000    
   64   25   0.000       0.000    
   64   26   0.000       0.000    
   64   27   0.000       0.000    
   64   28   0.000       0.000    
   64   29  3.7793E+07  0.2170    
   64   30   0.000       0.000    
   64   31  5.6662E+07  0.5705    
   64   32   0.000       0.000    
   64   33   0.000       0.000    
   64   34   0.000       0.000    
   63   24   0.000       0.000    
   63   25   0.000       0.000    
   63   26   0.000       0.000    
   63   27   52.75       6.012    
   63   28   86.84      0.6792    
   63   29   0.000       0.000    
   63   30  5.1993E+08  0.2427    
   63   31   6981.       1.715    
   63   32   0.000       0.000    
   63   33   0.000       0.000    
   63   34   0.000       0.000    
   62   24   0.000       0.000    
   62   25   0.000       0.000    
   62   26   225.8       99.00    
   62   27  5.6575E+05   4.182    
   62   28   0.000       0.000    
   62   29  3.4966E+09  0.1119    
   62   30  1.5386E+07  0.5135    
   62   31   0.000       0.000    
   62   32   0.000       0.000    
   62   33   0.000       0.000    
   62   34   0.000       0.000    
   61   24   0.000       0.000    
   61   25   0.000       0.000    
   61   26  2.2514E+04   96.61    
   61   27  6.1567E+06   2.032    
   61   28   0.000       0.000    
   61   29  1.7996E+08  0.1995    
   61   30  6.2245E+06  0.7743    
   61   31   0.000       0.000    
   61   32   0.000       0.000    
   61   33   0.000       0.000    
   61   34   0.000       0.000    
   60   24   0.000       0.000    
   60   25   0.000       0.000    
   60   26  1.4283E-05   10.76    
   60   27   586.3      0.8669    
   60   28   0.000       0.000    
   60   29  1.7346E+08  0.4271    
   60   30  1.5744E+06   5.250    
   60   31   0.000       0.000    
   60   32   0.000       0.000    
   60   33   0.000       0.000    
   60   34   0.000       0.000    
   59   24   0.000       0.000    
   59   25   0.000       0.000    
   59   26   1533.       7.360    
   59   27   0.000       0.000    
   59   28  0.8431      5.2299E-02
   59   29  3.8311E+06   1.761    
   59   30   0.000       0.000    
   59   31   0.000       0.000    
   59   32   0.000       0.000    
   59   33   0.000       0.000    
   59   34   0.000       0.000    
   58   24   0.000       0.000    
   58   25   424.5       24.76    
   58   26   0.000       0.000    
   58   27  1.1134E+05  0.2687    
   58   28   0.000       0.000    
   58   29  7.5169E-36   9.146    
   58   30   0.000       0.000    
   58   31   0.000       0.000    
   58   32   0.000       0.000    
   58   33   0.000       0.000    
   58   34   0.000       0.000    
   57   24   0.000       0.000    
   57   25  4.8984E+05   4.549    
   57   26   0.000       0.000    
   57   27  3.9763E+04  0.1687    
   57   28  3.5870E+05   1.166    
   57   29   0.000       0.000    
   57   30   0.000       0.000    
   57   31   0.000       0.000    
   57   32   0.000       0.000    
   57   33   0.000       0.000    
   57   34   0.000       0.000    
   56   24  2.8777E+04   73.84    
   56   25  1.6167E+06   2.672    
   56   26   0.000       0.000    
   56   27  3.6671E+04  0.5954    
   56   28   7359.       7.587    
   56   29   0.000       0.000    
   56   30   0.000       0.000    
   56   31   0.000       0.000    
   56   32   0.000       0.000    
   56   33   0.000       0.000    
   56   34   0.000       0.000    
   55   24  1.2688E+05   39.38    
   55   25   0.000       0.000    
   55   26   3715.      0.5058    
   55   27  2.7899E+05   2.577    
   55   28   0.000       0.000    
   55   29   0.000       0.000    
   55   30   0.000       0.000    
   55   31   0.000       0.000    
   55   32   0.000       0.000    
   55   33   0.000       0.000    
   55   34   0.000       0.000    
   54   24   0.000       0.000    
   54   25   3803.      0.6878    
   54   26   0.000       0.000    
   54   27   0.000       0.000    
   54   28   0.000       0.000    
   54   29   0.000       0.000    
   54   30   0.000       0.000    
   54   31   0.000       0.000    
   54   32   0.000       0.000    
   54   33   0.000       0.000    
   54   34   0.000       0.000    
   53   24   0.000       0.000    
   53   25  7.1702E-04  0.4241    
   53   26  8.6904E+06   1.024    
   53   27   0.000       0.000    
   53   28   0.000       0.000    
   53   29   0.000       0.000    
   53   30   0.000       0.000    
   53   31   0.000       0.000    
   53   32   0.000       0.000    
   53   33   0.000       0.000    
   53   34   0.000       0.000    
   52   24   0.000       0.000    
   52   25  1.5413E+04   3.520    
   52   26  1.4886E+04   19.83    
   52   27   0.000       0.000    
   52   28   0.000       0.000    
   52   29   0.000       0.000    
   52   30   0.000       0.000    
   52   31   0.000       0.000    
   52   32   0.000       0.000    
   52   33   0.000       0.000    
   52   34   0.000       0.000    
   51   24   6499.       3.478    
   51   25  5.3103E+05   6.607    
   51   26   0.000       0.000    
   51   27   0.000       0.000    
   51   28   0.000       0.000    
   51   29   0.000       0.000    
   51   30   0.000       0.000    
   51   31   0.000       0.000    
   51   32   0.000       0.000    
   51   33   0.000       0.000    
   51   34   0.000       0.000    
   50   24   0.000       0.000    
   50   25   0.000       0.000    
   50   26   0.000       0.000    
   50   27   0.000       0.000    
   50   28   0.000       0.000    
   50   29   0.000       0.000    
   50   30   0.000       0.000    
   50   31   0.000       0.000    
   50   32   0.000       0.000    
   50   33   0.000       0.000    
   50   34   0.000       0.000    
   49   24  3.1236E+05   15.71    
   49   25   0.000       0.000    
   49   26   0.000       0.000    
   49   27   0.000       0.000    
   49   28   0.000       0.000    
   49   29   0.000       0.000    
   49   30   0.000       0.000    
   49   31   0.000       0.000    
   49   32   0.000       0.000    
   49   33   0.000       0.000    
   49   34   0.000       0.000    
   48   24   1224.       46.45    
   48   25   0.000       0.000    
   48   26   0.000       0.000    
   48   27   0.000       0.000    
   48   28   0.000       0.000    
   48   29   0.000       0.000    
   48   30   0.000       0.000    
   48   31   0.000       0.000    
   48   32   0.000       0.000    
   48   33   0.000       0.000    
   48   34   0.000       0.000    
   53   13   0.000       0.000    
   53   14   0.000       0.000    
   53   15   0.000       0.000    
   53   16   0.000       0.000    
   53   17   0.000       0.000    
   53   18   0.000       0.000    
   53   19   0.000       0.000    
   53   20   0.000       0.000    
   53   21   0.000       0.000    
   53   22   0.000       0.000    
   53   23  1.0569E+04   35.88    
   52   13   0.000       0.000    
   52   14   0.000       0.000    
   52   15   0.000       0.000    
   52   16   0.000       0.000    
   52   17   0.000       0.000    
   52   18   0.000       0.000    
   52   19   0.000       0.000    
   52   20   0.000       0.000    
   52   21   0.000       0.000    
   52   22   4106.       99.00    
   52   23  5.2739E+05   11.39    
   51   13   0.000       0.000    
   51   14   0.000       0.000    
   51   15   0.000       0.000    
   51   16   0.000       0.000    
   51   17   0.000       0.000    
   51   18   0.000       0.000    
   51   19   0.000       0.000    
   51   20   0.000       0.000    
   51   21   0.000       0.000    
   51   22   4087.       99.00    
   51   23   0.000       0.000    
   50   13   0.000       0.000    
   50   14   0.000       0.000    
   50   15   0.000       0.000    
   50   16   0.000       0.000    
   50   17   0.000       0.000    
   50   18   0.000       0.000    
   50   19   0.000       0.000    
   50   20   0.000       0.000    
   50   21   0.000       0.000    
   50   22   0.000       0.000    
   50   23   0.000       0.000    
   49   13   0.000       0.000    
   49   14   0.000       0.000    
   49   15   0.000       0.000    
   49   16   0.000       0.000    
   49   17   0.000       0.000    
   49   18   0.000       0.000    
   49   19   0.000       0.000    
   49   20   0.000       0.000    
   49   21   4051.       99.00    
   49   22   0.000       0.000    
   49   23   168.2       8.081    
   48   13   0.000       0.000    
   48   14   0.000       0.000    
   48   15   0.000       0.000    
   48   16   0.000       0.000    
   48   17   0.000       0.000    
   48   18   0.000       0.000    
   48   19   0.000       0.000    
   48   20   0.000       0.000    
   48   21   288.8       61.26    
   48   22   0.000       0.000    
   48   23   1354.       10.71    
   47   13   0.000       0.000    
   47   14   0.000       0.000    
   47   15   0.000       0.000    
   47   16   0.000       0.000    
   47   17   0.000       0.000    
   47   18   0.000       0.000    
   47   19   0.000       0.000    
   47   20   0.000       0.000    
   47   21   302.4       37.92    
   47   22   0.000       0.000    
   47   23  4.8348E+04   45.96    
   46   13   0.000       0.000    
   46   14   0.000       0.000    
   46   15   0.000       0.000    
   46   16   0.000       0.000    
   46   17   0.000       0.000    
   46   18   0.000       0.000    
   46   19   0.000       0.000    
   46   20   0.000       0.000    
   46   21   30.82       27.48    
   46   22   0.000       0.000    
   46   23   0.000       0.000    
   45   13   0.000       0.000    
   45   14   0.000       0.000    
   45   15   0.000       0.000    
   45   16   0.000       0.000    
   45   17   0.000       0.000    
   45   18   0.000       0.000    
   45   19   0.000       0.000    
   45   20   3.705       79.29    
   45   21   0.000       0.000    
   45   22  1.5647E+04   41.83    
   45   23   0.000       0.000    
   44   13   0.000       0.000    
   44   14   0.000       0.000    
   44   15   0.000       0.000    
   44   16   0.000       0.000    
   44   17   0.000       0.000    
   44   18   0.000       0.000    
   44   19   0.000       0.000    
   44   20   0.000       0.000    
   44   21   6745.       20.02    
   44   22  2.4082E-02   66.88    
   44   23   0.000       0.000    
   43   13   0.000       0.000    
   43   14   0.000       0.000    
   43   15   0.000       0.000    
   43   16   0.000       0.000    
   43   17   0.000       0.000    
   43   18   0.000       0.000    
   43   19   7.578       99.00    
   43   20   0.000       0.000    
   43   21   628.1       57.39    
   43   22   0.000       0.000    
   43   23   0.000       0.000    
   42   13   0.000       0.000    
   42   14   0.000       0.000    
   42   15   0.000       0.000    
   42   16   0.000       0.000    
   42   17   0.000       0.000    
   42   18   0.000       0.000    
   42   19   681.5       75.65    
   42   20   0.000       0.000    
   42   21   0.000       0.000    
   42   22   0.000       0.000    
   42   23   0.000       0.000    
   41   13   0.000       0.000    
   41   14   0.000       0.000    
   41   15   0.000       0.000    
   41   16   0.000       0.000    
   41   17   0.000       0.000    
   41   18  7.0374E+05   2.596    
   41   19   0.000       0.000    
   41   20  2.1240E-05   55.37    
   41   21   0.000       0.000    
   41   22   0.000       0.000    
   41   23   0.000       0.000    
   40   13   0.000       0.000    
   40   14   0.000       0.000    
   40   15   0.000       0.000    
   40   16   0.000       0.000    
   40   17  1.8058E+04   12.60    
   40   18   0.000       0.000    
   40   19  3.7051E-09   18.28    
   40   20   0.000       0.000    
   40   21   0.000       0.000    
   40   22   0.000       0.000    
   40   23   0.000       0.000    
   39   13   0.000       0.000    
   39   14   0.000       0.000    
   39   15   0.000       0.000    
   39   16   0.000       0.000    
   39   17  2.0503E+05   10.80    
   39   18  0.6294       2.663    
   39   19   0.000       0.000    
   39   20   0.000       0.000    
   39   21   0.000       0.000    
   39   22   0.000       0.000    
   39   23   0.000       0.000    
   38   13   0.000       0.000    
   38   14   0.000       0.000    
   38   15   0.000       0.000    
   38   16   0.000       0.000    
   38   17  2.0938E+05   11.38    
   38   18   0.000       0.000    
   38   19  1.2682E+04   99.00    
   38   20   0.000       0.000    
   38   21   0.000       0.000    
   38   22   0.000       0.000    
   38   23   0.000       0.000    
   37   13   0.000       0.000    
   37   14   0.000       0.000    
   37   15   0.000       0.000    
   37   16  1.3929E+05   14.32    
   37   17   0.000       0.000    
   37   18   500.5       12.68    
   37   19   0.000       0.000    
   37   20   0.000       0.000    
   37   21   0.000       0.000    
   37   22   0.000       0.000    
   37   23   0.000       0.000    
   36   13   0.000       0.000    
   36   14   0.000       0.000    
   36   15   0.000       0.000    
   36   16   0.000       0.000    
   36   17  1.7760E-04   6.460    
   36   18   0.000       0.000    
   36   19   0.000       0.000    
   36   20   0.000       0.000    
   36   21   0.000       0.000    
   36   22   0.000       0.000    
   36   23   0.000       0.000    
   35   13   0.000       0.000    
   35   14   0.000       0.000    
   35   15   18.84       99.00    
   35   16   97.58       11.94    
   35   17   0.000       0.000    
   35   18   0.000       0.000    
   35   19   0.000       0.000    
   35   20   0.000       0.000    
   35   21   0.000       0.000    
   35   22   0.000       0.000    
   35   23   0.000       0.000    
   34   13   0.000       0.000    
   34   14   0.000       0.000    
   34   15  6.4589E-06   23.49    
   34   16   0.000       0.000    
   34   17   3120.       38.75    
   34   18   0.000       0.000    
   34   19   0.000       0.000    
   34   20   0.000       0.000    
   34   21   0.000       0.000    
   34   22   0.000       0.000    
   34   23   0.000       0.000    
   33   13   0.000       0.000    
   33   14   0.000       0.000    
   33   15   134.4       21.79    
   33   16   0.000       0.000    
   33   17   0.000       0.000    
   33   18   0.000       0.000    
   33   19   0.000       0.000    
   33   20   0.000       0.000    
   33   21   0.000       0.000    
   33   22   0.000       0.000    
   33   23   0.000       0.000    
   32   13   0.000       0.000    
   32   14  9.0613E-03   38.10    
   32   15   407.2       9.328    
   32   16   0.000       0.000    
   32   17   0.000       0.000    
   32   18   0.000       0.000    
   32   19   0.000       0.000    
   32   20   0.000       0.000    
   32   21   0.000       0.000    
   32   22   0.000       0.000    
   32   23   0.000       0.000    
   31   13   0.000       0.000    
   31   14   4527.       15.48    
   31   15   0.000       0.000    
   31   16   0.000       0.000    
   31   17   0.000       0.000    
   31   18   0.000       0.000    
   31   19   0.000       0.000    
   31   20   0.000       0.000    
   31   21   0.000       0.000    
   31   22   0.000       0.000    
   31   23   0.000       0.000    
   30   13  5.7380E-34   99.00    
   30   14   0.000       0.000    
   30   15  3.3974E+04   20.15    
   30   16   0.000       0.000    
   30   17   0.000       0.000    
   30   18   0.000       0.000    
   30   19   0.000       0.000    
   30   20   0.000       0.000    
   30   21   0.000       0.000    
   30   22   0.000       0.000    
   30   23   0.000       0.000    
   29   13  1.9234E+04   40.22    
   29   14   0.000       0.000    
   29   15   0.000       0.000    
   29   16   0.000       0.000    
   29   17   0.000       0.000    
   29   18   0.000       0.000    
   29   19   0.000       0.000    
   29   20   0.000       0.000    
   29   21   0.000       0.000    
   29   22   0.000       0.000    
   29   23   0.000       0.000    
   28   13  2.3504E+04   47.14    
   28   14   0.000       0.000    
   28   15   0.000       0.000    
   28   16   0.000       0.000    
   28   17   0.000       0.000    
   28   18   0.000       0.000    
   28   19   0.000       0.000    
   28   20   0.000       0.000    
   28   21   0.000       0.000    
   28   22   0.000       0.000    
   28   23   0.000       0.000    
   27   13   0.000       0.000    
   27   14  3.7883E-29   99.00    
   27   15   0.000       0.000    
   27   16   0.000       0.000    
   27   17   0.000       0.000    
   27   18   0.000       0.000    
   27   19   0.000       0.000    
   27   20   0.000       0.000    
   27   21   0.000       0.000    
   27   22   0.000       0.000    
   27   23   0.000       0.000    
   27    2   0.000       0.000    
   27    3   0.000       0.000    
   27    4   0.000       0.000    
   27    5   0.000       0.000    
   27    6   0.000       0.000    
   27    7   0.000       0.000    
   27    8   0.000       0.000    
   27    9   0.000       0.000    
   27   10   0.000       0.000    
   27   11   0.000       0.000    
   27   12   3212.       99.00    
   26    2   0.000       0.000    
   26    3   0.000       0.000    
   26    4   0.000       0.000    
   26    5   0.000       0.000    
   26    6   0.000       0.000    
   26    7   0.000       0.000    
   26    8   0.000       0.000    
   26    9   0.000       0.000    
   26   10   0.000       0.000    
   26   11   0.000       0.000    
   26   12   0.000       0.000    
   25    2   0.000       0.000    
   25    3   0.000       0.000    
   25    4   0.000       0.000    
   25    5   0.000       0.000    
   25    6   0.000       0.000    
   25    7   0.000       0.000    
   25    8   0.000       0.000    
   25    9   0.000       0.000    
   25   10   0.000       0.000    
   25   11   0.000       0.000    
   25   12   0.000       0.000    
   24    2   0.000       0.000    
   24    3   0.000       0.000    
   24    4   0.000       0.000    
   24    5   0.000       0.000    
   24    6   0.000       0.000    
   24    7   0.000       0.000    
   24    8   0.000       0.000    
   24    9   0.000       0.000    
   24   10   0.000       0.000    
   24   11   1472.       30.02    
   24   12   0.000       0.000    
   23    2   0.000       0.000    
   23    3   0.000       0.000    
   23    4   0.000       0.000    
   23    5   0.000       0.000    
   23    6   0.000       0.000    
   23    7   0.000       0.000    
   23    8   0.000       0.000    
   23    9   0.000       0.000    
   23   10   13.59       66.80    
   23   11   0.000       0.000    
   23   12   0.000       0.000    
   22    2   0.000       0.000    
   22    3   0.000       0.000    
   22    4   0.000       0.000    
   22    5   0.000       0.000    
   22    6   0.000       0.000    
   22    7   0.000       0.000    
   22    8   0.000       0.000    
   22    9   0.000       0.000    
   22   10   0.000       0.000    
   22   11  0.2857       74.57    
   22   12   0.000       0.000    
   21    2   0.000       0.000    
   21    3   0.000       0.000    
   21    4   0.000       0.000    
   21    5   0.000       0.000    
   21    6   0.000       0.000    
   21    7   0.000       0.000    
   21    8   0.000       0.000    
   21    9  5.2157E-29   92.62    
   21   10   0.000       0.000    
   21   11  3.8902E-02   99.00    
   21   12   0.000       0.000    
   20    2   0.000       0.000    
   20    3   0.000       0.000    
   20    4   0.000       0.000    
   20    5   0.000       0.000    
   20    6   0.000       0.000    
   20    7   0.000       0.000    
   20    8   0.000       0.000    
   20    9  2.7652E-08   58.66    
   20   10   0.000       0.000    
   20   11   0.000       0.000    
   20   12   0.000       0.000    
   19    2   0.000       0.000    
   19    3   0.000       0.000    
   19    4   0.000       0.000    
   19    5   0.000       0.000    
   19    6   0.000       0.000    
   19    7   0.000       0.000    
   19    8  0.3666       96.32    
   19    9   0.000       0.000    
   19   10  7.8042E-04   93.73    
   19   11   0.000       0.000    
   19   12   0.000       0.000    
   18    2   0.000       0.000    
   18    3   0.000       0.000    
   18    4   0.000       0.000    
   18    5   0.000       0.000    
   18    6   0.000       0.000    
   18    7   0.000       0.000    
   18    8   0.000       0.000    
   18    9  4.2320E+05   6.458    
   18   10   0.000       0.000    
   18   11   0.000       0.000    
   18   12   0.000       0.000    
   17    2   0.000       0.000    
   17    3   0.000       0.000    
   17    4   0.000       0.000    
   17    5   0.000       0.000    
   17    6   0.000       0.000    
   17    7  2.6530E-26   12.57    
   17    8   0.000       0.000    
   17    9  1.4611E+04   24.83    
   17   10   0.000       0.000    
   17   11   0.000       0.000    
   17   12   0.000       0.000    
   16    2   0.000       0.000    
   16    3   0.000       0.000    
   16    4   0.000       0.000    
   16    5   0.000       0.000    
   16    6   0.000       0.000    
   16    7  3.5136E-11  0.7124    
   16    8   0.000       0.000    
   16    9   0.000       0.000    
   16   10   0.000       0.000    
   16   11   0.000       0.000    
   16   12   0.000       0.000    
   15    2   0.000       0.000    
   15    3   0.000       0.000    
   15    4   0.000       0.000    
   15    5   0.000       0.000    
   15    6   0.000       0.000    
   15    7   0.000       0.000    
   15    8  1.1485E+09  0.2536    
   15    9   0.000       0.000    
   15   10   0.000       0.000    
   15   11   0.000       0.000    
   15   12   0.000       0.000    
   14    2   0.000       0.000    
   14    3   0.000       0.000    
   14    4   0.000       0.000    
   14    5   0.000       0.000    
   14    6   19.07      0.2130    
   14    7   0.000       0.000    
   14    8  4.0563E+06  0.4321    
   14    9   0.000       0.000    
   14   10   0.000       0.000    
   14   11   0.000       0.000    
   14   12   0.000       0.000    
   13    2   0.000       0.000    
   13    3   0.000       0.000    
   13    4   0.000       0.000    
   13    5   0.000       0.000    
   13    6   0.000       0.000    
   13    7  2.8369E+08  0.3001    
   13    8   0.000       0.000    
   13    9   0.000       0.000    
   13   10   0.000       0.000    
   13   11   0.000       0.000    
   13   12   0.000       0.000    
   12    2   0.000       0.000    
   12    3   0.000       0.000    
   12    4   0.000       0.000    
   12    5   0.000       0.000    
   12    6   0.000       0.000    
   12    7   0.000       0.000    
   12    8   0.000       0.000    
   12    9   0.000       0.000    
   12   10   0.000       0.000    
   12   11   0.000       0.000    
   12   12   0.000       0.000    
   11    2   0.000       0.000    
   11    3   0.000       0.000    
   11    4  4.0386E-04   19.53    
   11    5   0.000       0.000    
   11    6  7.7722E+08  0.1880    
   11    7   0.000       0.000    
   11    8   0.000       0.000    
   11    9   0.000       0.000    
   11   10   0.000       0.000    
   11   11   0.000       0.000    
   11   12   0.000       0.000    
   10    2   0.000       0.000    
   10    3   0.000       0.000    
   10    4  1.6903E-03   1.379    
   10    5   0.000       0.000    
   10    6   38.94       1.024    
   10    7   0.000       0.000    
   10    8   0.000       0.000    
   10    9   0.000       0.000    
   10   10   0.000       0.000    
   10   11   0.000       0.000    
   10   12   0.000       0.000    
    9    2   0.000       0.000    
    9    3   0.000       0.000    
    9    4   0.000       0.000    
    9    5   0.000       0.000    
    9    6   0.000       0.000    
    9    7   0.000       0.000    
    9    8   0.000       0.000    
    9    9   0.000       0.000    
    9   10   0.000       0.000    
    9   11   0.000       0.000    
    9   12   0.000       0.000    
    8    2   0.000       0.000    
    8    3   0.000       0.000    
    8    4   0.000       0.000    
    8    5   0.000       0.000    
    8    6   0.000       0.000    
    8    7   0.000       0.000    
    8    8   0.000       0.000    
    8    9   0.000       0.000    
    8   10   0.000       0.000    
    8   11   0.000       0.000    
    8   12   0.000       0.000    
    7    2   0.000       0.000    
    7    3   0.000       0.000    
    7    4  9.7201E+04  0.1959    
    7    5   0.000       0.000    
    7    6   0.000       0.000    
    7    7   0.000       0.000    
    7    8   0.000       0.000    
    7    9   0.000       0.000    
    7   10   0.000       0.000    
    7   11   0.000       0.000    
    7   12   0.000       0.000    
    3    1   2726.      0.3621    
# A/Z/m Isomers:
   26   13    1  1.0901E-17   99.00    
   34   17    1   6991.       38.75    
   44   21    1  2.3986E-02   66.88    
   44   21    2   171.2       66.05    
   45   21    1   3.626       41.83    
   46   21    2  2.4084E-02   33.82    
   50   25    1   731.5       99.00    
   52   25    1  5.9827E+06   3.525    
   53   26    1  1.1265E+05   25.10    
   54   27    1  1.9953E+04   25.28    
   58   25    1   4051.       24.76    
   58   27    1  1.0753E+07  0.5034    
   60   27    1  6.2607E+07   1.468    
   62   27    1  1.8462E+06   5.061    
   63   28    1   51.51       6.012    
   65   30    1  2.2867E+07   1.145    
   67   30    1  5.8873E+05  0.7420    
   68   29    1  2.5214E+05   28.36    
   69   30    1  7.6188E+04   9.530    
   71   30    1   433.5       99.00    
