# Detector n:     1  
cool17    
# A/Z Isotopes:
   71   24   0.000       0.000    
   71   25   0.000       0.000    
   71   26   0.000       0.000    
   71   27   0.000       0.000    
   71   28   0.000       0.000    
   71   29   0.000       0.000    
   71   30  8.1362E-41   99.00    
   71   31   0.000       0.000    
   71   32   1.888       99.00    
   71   33   0.000       0.000    
   71   34   0.000       0.000    
   70   24   0.000       0.000    
   70   25   0.000       0.000    
   70   26   0.000       0.000    
   70   27   0.000       0.000    
   70   28   0.000       0.000    
   70   29   0.000       0.000    
   70   30   0.000       0.000    
   70   31   9.165       9.762    
   70   32   0.000       0.000    
   70   33   0.000       0.000    
   70   34   0.000       0.000    
   69   24   0.000       0.000    
   69   25   0.000       0.000    
   69   26   0.000       0.000    
   69   27   0.000       0.000    
   69   28   0.000       0.000    
   69   29  1.6924E-32   15.54    
   69   30  9.8491E+04   1.772    
   69   31   0.000       0.000    
   69   32   47.39       99.00    
   69   33   0.000       0.000    
   69   34   0.000       0.000    
   68   24   0.000       0.000    
   68   25   0.000       0.000    
   68   26   0.000       0.000    
   68   27   0.000       0.000    
   68   28   0.000       0.000    
   68   29  6.3238E-24   47.60    
   68   30   0.000       0.000    
   68   31  4.3838E+05  0.6198    
   68   32   0.000       0.000    
   68   33   0.000       0.000    
   68   34   0.000       0.000    
   67   24   0.000       0.000    
   67   25   0.000       0.000    
   67   26   0.000       0.000    
   67   27   0.000       0.000    
   67   28   0.000       0.000    
   67   29  1.0490E+05   2.025    
   67   30   0.000       0.000    
   67   31  4.5929E+05  0.9532    
   67   32   0.000       0.000    
   67   33   0.000       0.000    
   67   34   0.000       0.000    
   66   24   0.000       0.000    
   66   25   0.000       0.000    
   66   26   0.000       0.000    
   66   27   0.000       0.000    
   66   28   960.8       14.14    
   66   29   962.3       14.14    
   66   30   0.000       0.000    
   66   31  2.8938E+06  0.3409    
   66   32   0.000       0.000    
   66   33   0.000       0.000    
   66   34   0.000       0.000    
   65   24   0.000       0.000    
   65   25   0.000       0.000    
   65   26   0.000       0.000    
   65   27   0.000       0.000    
   65   28  9.3008E+04   5.359    
   65   29   0.000       0.000    
   65   30  4.1243E+04  0.2469    
   65   31   4.910      0.5719    
   65   32   0.000       0.000    
   65   33   0.000       0.000    
   65   34   0.000       0.000    
   64   24   0.000       0.000    
   64   25   0.000       0.000    
   64   26   0.000       0.000    
   64   27   0.000       0.000    
   64   28   0.000       0.000    
   64   29  1.8438E+07  0.1171    
   64   30   0.000       0.000    
   64   31  1.5207E-33   1.641    
   64   32   0.000       0.000    
   64   33   0.000       0.000    
   64   34   0.000       0.000    
   63   24   0.000       0.000    
   63   25   0.000       0.000    
   63   26   0.000       0.000    
   63   27   0.000       0.000    
   63   28   53.09      0.4117    
   63   29   0.000       0.000    
   63   30  5.9484E+05  0.2507    
   63   31   0.000       0.000    
   63   32   0.000       0.000    
   63   33   0.000       0.000    
   63   34   0.000       0.000    
   62   24   0.000       0.000    
   62   25   0.000       0.000    
   62   26   0.000       0.000    
   62   27  1.1892E-04   8.758    
   62   28   0.000       0.000    
   62   29  6.5996E+06  0.5209    
   62   30  6.4839E+06  0.5209    
   62   31   0.000       0.000    
   62   32   0.000       0.000    
   62   33   0.000       0.000    
   62   34   0.000       0.000    
   61   24   0.000       0.000    
   61   25   0.000       0.000    
   61   26  3.1584E-14   81.40    
   61   27  3.4084E+05   1.298    
   61   28   0.000       0.000    
   61   29  3.5193E+07  0.4914    
   61   30   0.000       0.000    
   61   31   0.000       0.000    
   61   32   0.000       0.000    
   61   33   0.000       0.000    
   61   34   0.000       0.000    
   60   24   0.000       0.000    
   60   25   0.000       0.000    
   60   26  8.8093E-06   9.415    
   60   27   537.6       1.110    
   60   28   0.000       0.000    
   60   29   3854.      0.5206    
   60   30  2.3938E-39   6.657    
   60   31   0.000       0.000    
   60   32   0.000       0.000    
   60   33   0.000       0.000    
   60   34   0.000       0.000    
   59   24   0.000       0.000    
   59   25   0.000       0.000    
   59   26   1063.       3.382    
   59   27   0.000       0.000    
   59   28  0.5623      0.4799    
   59   29   0.000       0.000    
   59   30   0.000       0.000    
   59   31   0.000       0.000    
   59   32   0.000       0.000    
   59   33   0.000       0.000    
   59   34   0.000       0.000    
   58   24   0.000       0.000    
   58   25   0.000       0.000    
   58   26   0.000       0.000    
   58   27  8.7566E+04  0.4293    
   58   28   0.000       0.000    
   58   29   0.000       0.000    
   58   30   0.000       0.000    
   58   31   0.000       0.000    
   58   32   0.000       0.000    
   58   33   0.000       0.000    
   58   34   0.000       0.000    
   57   24   0.000       0.000    
   57   25   0.000       0.000    
   57   26   0.000       0.000    
   57   27  2.6845E+04  0.4752    
   57   28  2.2031E+05   2.118    
   57   29   0.000       0.000    
   57   30   0.000       0.000    
   57   31   0.000       0.000    
   57   32   0.000       0.000    
   57   33   0.000       0.000    
   57   34   0.000       0.000    
   56   24  3.0491E-14   99.00    
   56   25  2.0429E+05   4.842    
   56   26   0.000       0.000    
   56   27  2.4882E+04  0.5804    
   56   28   5559.       1.745    
   56   29   0.000       0.000    
   56   30   0.000       0.000    
   56   31   0.000       0.000    
   56   32   0.000       0.000    
   56   33   0.000       0.000    
   56   34   0.000       0.000    
   55   24  4.9939E-26   29.04    
   55   25   0.000       0.000    
   55   26   2544.      0.5110    
   55   27  1.5448E+05   2.138    
   55   28   0.000       0.000    
   55   29   0.000       0.000    
   55   30   0.000       0.000    
   55   31   0.000       0.000    
   55   32   0.000       0.000    
   55   33   0.000       0.000    
   55   34   0.000       0.000    
   54   24   0.000       0.000    
   54   25   2583.       2.084    
   54   26   0.000       0.000    
   54   27   0.000       0.000    
   54   28   0.000       0.000    
   54   29   0.000       0.000    
   54   30   0.000       0.000    
   54   31   0.000       0.000    
   54   32   0.000       0.000    
   54   33   0.000       0.000    
   54   34   0.000       0.000    
   53   24   0.000       0.000    
   53   25  5.1025E-04   1.274    
   53   26  1.9200E-06   4.231    
   53   27   0.000       0.000    
   53   28   0.000       0.000    
   53   29   0.000       0.000    
   53   30   0.000       0.000    
   53   31   0.000       0.000    
   53   32   0.000       0.000    
   53   33   0.000       0.000    
   53   34   0.000       0.000    
   52   24   0.000       0.000    
   52   25   9846.       5.521    
   52   26   5199.       11.90    
   52   27   0.000       0.000    
   52   28   0.000       0.000    
   52   29   0.000       0.000    
   52   30   0.000       0.000    
   52   31   0.000       0.000    
   52   32   0.000       0.000    
   52   33   0.000       0.000    
   52   34   0.000       0.000    
   51   24   4647.       4.394    
   51   25   1411.       5.180    
   51   26   0.000       0.000    
   51   27   0.000       0.000    
   51   28   0.000       0.000    
   51   29   0.000       0.000    
   51   30   0.000       0.000    
   51   31   0.000       0.000    
   51   32   0.000       0.000    
   51   33   0.000       0.000    
   51   34   0.000       0.000    
   50   24   0.000       0.000    
   50   25   0.000       0.000    
   50   26   0.000       0.000    
   50   27   0.000       0.000    
   50   28   0.000       0.000    
   50   29   0.000       0.000    
   50   30   0.000       0.000    
   50   31   0.000       0.000    
   50   32   0.000       0.000    
   50   33   0.000       0.000    
   50   34   0.000       0.000    
   49   24   820.0       12.72    
   49   25   0.000       0.000    
   49   26   0.000       0.000    
   49   27   0.000       0.000    
   49   28   0.000       0.000    
   49   29   0.000       0.000    
   49   30   0.000       0.000    
   49   31   0.000       0.000    
   49   32   0.000       0.000    
   49   33   0.000       0.000    
   49   34   0.000       0.000    
   48   24   203.7       80.22    
   48   25   0.000       0.000    
   48   26   0.000       0.000    
   48   27   0.000       0.000    
   48   28   0.000       0.000    
   48   29   0.000       0.000    
   48   30   0.000       0.000    
   48   31   0.000       0.000    
   48   32   0.000       0.000    
   48   33   0.000       0.000    
   48   34   0.000       0.000    
   52   13   0.000       0.000    
   52   14   0.000       0.000    
   52   15   0.000       0.000    
   52   16   0.000       0.000    
   52   17   0.000       0.000    
   52   18   0.000       0.000    
   52   19   0.000       0.000    
   52   20   0.000       0.000    
   52   21   0.000       0.000    
   52   22   0.000       0.000    
   52   23  9.7327E-24   16.70    
   51   13   0.000       0.000    
   51   14   0.000       0.000    
   51   15   0.000       0.000    
   51   16   0.000       0.000    
   51   17   0.000       0.000    
   51   18   0.000       0.000    
   51   19   0.000       0.000    
   51   20   0.000       0.000    
   51   21   0.000       0.000    
   51   22  9.1076E-16   99.00    
   51   23   0.000       0.000    
   50   13   0.000       0.000    
   50   14   0.000       0.000    
   50   15   0.000       0.000    
   50   16   0.000       0.000    
   50   17   0.000       0.000    
   50   18   0.000       0.000    
   50   19   0.000       0.000    
   50   20   0.000       0.000    
   50   21   0.000       0.000    
   50   22   0.000       0.000    
   50   23   0.000       0.000    
   49   13   0.000       0.000    
   49   14   0.000       0.000    
   49   15   0.000       0.000    
   49   16   0.000       0.000    
   49   17   0.000       0.000    
   49   18   0.000       0.000    
   49   19   0.000       0.000    
   49   20   0.000       0.000    
   49   21   0.000       0.000    
   49   22   0.000       0.000    
   49   23   147.1       4.733    
   48   13   0.000       0.000    
   48   14   0.000       0.000    
   48   15   0.000       0.000    
   48   16   0.000       0.000    
   48   17   0.000       0.000    
   48   18   0.000       0.000    
   48   19   0.000       0.000    
   48   20   0.000       0.000    
   48   21   34.46       99.00    
   48   22   0.000       0.000    
   48   23   735.0       14.53    
   47   13   0.000       0.000    
   47   14   0.000       0.000    
   47   15   0.000       0.000    
   47   16   0.000       0.000    
   47   17   0.000       0.000    
   47   18   0.000       0.000    
   47   19   0.000       0.000    
   47   20   0.000       0.000    
   47   21   237.3       28.89    
   47   22   0.000       0.000    
   47   23   18.80       48.34    
   46   13   0.000       0.000    
   46   14   0.000       0.000    
   46   15   0.000       0.000    
   46   16   0.000       0.000    
   46   17   0.000       0.000    
   46   18   0.000       0.000    
   46   19   0.000       0.000    
   46   20   0.000       0.000    
   46   21   25.80       18.52    
   46   22   0.000       0.000    
   46   23   0.000       0.000    
   45   13   0.000       0.000    
   45   14   0.000       0.000    
   45   15   0.000       0.000    
   45   16   0.000       0.000    
   45   17   0.000       0.000    
   45   18   0.000       0.000    
   45   19   0.000       0.000    
   45   20   1.813       72.28    
   45   21   0.000       0.000    
   45   22   3702.       34.95    
   45   23   0.000       0.000    
   44   13   0.000       0.000    
   44   14   0.000       0.000    
   44   15   0.000       0.000    
   44   16   0.000       0.000    
   44   17   0.000       0.000    
   44   18   0.000       0.000    
   44   19   0.000       0.000    
   44   20   0.000       0.000    
   44   21   2626.       38.33    
   44   22  3.3279E-02   41.00    
   44   23   0.000       0.000    
   43   13   0.000       0.000    
   43   14   0.000       0.000    
   43   15   0.000       0.000    
   43   16   0.000       0.000    
   43   17   0.000       0.000    
   43   18   0.000       0.000    
   43   19   0.000       0.000    
   43   20   0.000       0.000    
   43   21   508.4       47.96    
   43   22   0.000       0.000    
   43   23   0.000       0.000    
   42   13   0.000       0.000    
   42   14   0.000       0.000    
   42   15   0.000       0.000    
   42   16   0.000       0.000    
   42   17   0.000       0.000    
   42   18   0.000       0.000    
   42   19   0.000       0.000    
   42   20   0.000       0.000    
   42   21   0.000       0.000    
   42   22   0.000       0.000    
   42   23   0.000       0.000    
   41   13   0.000       0.000    
   41   14   0.000       0.000    
   41   15   0.000       0.000    
   41   16   0.000       0.000    
   41   17   0.000       0.000    
   41   18  7.0744E+04   5.597    
   41   19   0.000       0.000    
   41   20  1.8052E-05   50.92    
   41   21   0.000       0.000    
   41   22   0.000       0.000    
   41   23   0.000       0.000    
   40   13   0.000       0.000    
   40   14   0.000       0.000    
   40   15   0.000       0.000    
   40   16   0.000       0.000    
   40   17   0.000       0.000    
   40   18   0.000       0.000    
   40   19  3.7979E-09   12.42    
   40   20   0.000       0.000    
   40   21   0.000       0.000    
   40   22   0.000       0.000    
   40   23   0.000       0.000    
   39   13   0.000       0.000    
   39   14   0.000       0.000    
   39   15   0.000       0.000    
   39   16   0.000       0.000    
   39   17   2911.       8.652    
   39   18  0.6931       3.291    
   39   19   0.000       0.000    
   39   20   0.000       0.000    
   39   21   0.000       0.000    
   39   22   0.000       0.000    
   39   23   0.000       0.000    
   38   13   0.000       0.000    
   38   14   0.000       0.000    
   38   15   0.000       0.000    
   38   16   446.4       75.10    
   38   17   913.7       44.20    
   38   18   0.000       0.000    
   38   19  9.9913E-11   64.11    
   38   20   0.000       0.000    
   38   21   0.000       0.000    
   38   22   0.000       0.000    
   38   23   0.000       0.000    
   37   13   0.000       0.000    
   37   14   0.000       0.000    
   37   15   0.000       0.000    
   37   16  7.0252E-17   29.75    
   37   17   0.000       0.000    
   37   18   430.5       9.320    
   37   19   0.000       0.000    
   37   20   0.000       0.000    
   37   21   0.000       0.000    
   37   22   0.000       0.000    
   37   23   0.000       0.000    
   36   13   0.000       0.000    
   36   14   0.000       0.000    
   36   15   0.000       0.000    
   36   16   0.000       0.000    
   36   17  1.9210E-04   5.506    
   36   18   0.000       0.000    
   36   19   0.000       0.000    
   36   20   0.000       0.000    
   36   21   0.000       0.000    
   36   22   0.000       0.000    
   36   23   0.000       0.000    
   35   13   0.000       0.000    
   35   14   0.000       0.000    
   35   15   0.000       0.000    
   35   16   89.13       10.22    
   35   17   0.000       0.000    
   35   18   0.000       0.000    
   35   19   0.000       0.000    
   35   20   0.000       0.000    
   35   21   0.000       0.000    
   35   22   0.000       0.000    
   35   23   0.000       0.000    
   34   13   0.000       0.000    
   34   14   0.000       0.000    
   34   15   0.000       0.000    
   34   16   0.000       0.000    
   34   17  0.9350       96.19    
   34   18   0.000       0.000    
   34   19   0.000       0.000    
   34   20   0.000       0.000    
   34   21   0.000       0.000    
   34   22   0.000       0.000    
   34   23   0.000       0.000    
   33   13   0.000       0.000    
   33   14   0.000       0.000    
   33   15   126.0       14.32    
   33   16   0.000       0.000    
   33   17   0.000       0.000    
   33   18   0.000       0.000    
   33   19   0.000       0.000    
   33   20   0.000       0.000    
   33   21   0.000       0.000    
   33   22   0.000       0.000    
   33   23   0.000       0.000    
   32   13   0.000       0.000    
   32   14  9.2092E-03   81.44    
   32   15   371.9       11.59    
   32   16   0.000       0.000    
   32   17   0.000       0.000    
   32   18   0.000       0.000    
   32   19   0.000       0.000    
   32   20   0.000       0.000    
   32   21   0.000       0.000    
   32   22   0.000       0.000    
   32   23   0.000       0.000    
   31   13   0.000       0.000    
   31   14   1060.       33.67    
   31   15   0.000       0.000    
   31   16   0.000       0.000    
   31   17   0.000       0.000    
   31   18   0.000       0.000    
   31   19   0.000       0.000    
   31   20   0.000       0.000    
   31   21   0.000       0.000    
   31   22   0.000       0.000    
   31   23   0.000       0.000    
   30   13   0.000       0.000    
   30   14   0.000       0.000    
   30   15  8.3764E-39   46.88    
   30   16   0.000       0.000    
   30   17   0.000       0.000    
   30   18   0.000       0.000    
   30   19   0.000       0.000    
   30   20   0.000       0.000    
   30   21   0.000       0.000    
   30   22   0.000       0.000    
   30   23   0.000       0.000    
   29   13  1.2559E-12   25.26    
   29   14   0.000       0.000    
   29   15   0.000       0.000    
   29   16   0.000       0.000    
   29   17   0.000       0.000    
   29   18   0.000       0.000    
   29   19   0.000       0.000    
   29   20   0.000       0.000    
   29   21   0.000       0.000    
   29   22   0.000       0.000    
   29   23   0.000       0.000    
   28   13   52.91       99.00    
   28   14   0.000       0.000    
   28   15   0.000       0.000    
   28   16   0.000       0.000    
   28   17   0.000       0.000    
   28   18   0.000       0.000    
   28   19   0.000       0.000    
   28   20   0.000       0.000    
   28   21   0.000       0.000    
   28   22   0.000       0.000    
   28   23   0.000       0.000    
   28    2   0.000       0.000    
   28    3   0.000       0.000    
   28    4   0.000       0.000    
   28    5   0.000       0.000    
   28    6   0.000       0.000    
   28    7   0.000       0.000    
   28    8   0.000       0.000    
   28    9   0.000       0.000    
   28   10   0.000       0.000    
   28   11   0.000       0.000    
   28   12   52.82       99.00    
   27    2   0.000       0.000    
   27    3   0.000       0.000    
   27    4   0.000       0.000    
   27    5   0.000       0.000    
   27    6   0.000       0.000    
   27    7   0.000       0.000    
   27    8   0.000       0.000    
   27    9   0.000       0.000    
   27   10   0.000       0.000    
   27   11   0.000       0.000    
   27   12  3.0767E-08   99.00    
   26    2   0.000       0.000    
   26    3   0.000       0.000    
   26    4   0.000       0.000    
   26    5   0.000       0.000    
   26    6   0.000       0.000    
   26    7   0.000       0.000    
   26    8   0.000       0.000    
   26    9   0.000       0.000    
   26   10   0.000       0.000    
   26   11   0.000       0.000    
   26   12   0.000       0.000    
   25    2   0.000       0.000    
   25    3   0.000       0.000    
   25    4   0.000       0.000    
   25    5   0.000       0.000    
   25    6   0.000       0.000    
   25    7   0.000       0.000    
   25    8   0.000       0.000    
   25    9   0.000       0.000    
   25   10   0.000       0.000    
   25   11   0.000       0.000    
   25   12   0.000       0.000    
   24    2   0.000       0.000    
   24    3   0.000       0.000    
   24    4   0.000       0.000    
   24    5   0.000       0.000    
   24    6   0.000       0.000    
   24    7   0.000       0.000    
   24    8   0.000       0.000    
   24    9   0.000       0.000    
   24   10   0.000       0.000    
   24   11   146.1       99.00    
   24   12   0.000       0.000    
   23    2   0.000       0.000    
   23    3   0.000       0.000    
   23    4   0.000       0.000    
   23    5   0.000       0.000    
   23    6   0.000       0.000    
   23    7   0.000       0.000    
   23    8   0.000       0.000    
   23    9   0.000       0.000    
   23   10   0.000       0.000    
   23   11   0.000       0.000    
   23   12   0.000       0.000    
   22    2   0.000       0.000    
   22    3   0.000       0.000    
   22    4   0.000       0.000    
   22    5   0.000       0.000    
   22    6   0.000       0.000    
   22    7   0.000       0.000    
   22    8   0.000       0.000    
   22    9   0.000       0.000    
   22   10   0.000       0.000    
   22   11  0.3544       67.35    
   22   12   0.000       0.000    
   21    2   0.000       0.000    
   21    3   0.000       0.000    
   21    4   0.000       0.000    
   21    5   0.000       0.000    
   21    6   0.000       0.000    
   21    7   0.000       0.000    
   21    8   0.000       0.000    
   21    9   0.000       0.000    
   21   10   0.000       0.000    
   21   11   0.000       0.000    
   21   12   0.000       0.000    
   20    2   0.000       0.000    
   20    3   0.000       0.000    
   20    4   0.000       0.000    
   20    5   0.000       0.000    
   20    6   0.000       0.000    
   20    7   0.000       0.000    
   20    8   0.000       0.000    
   20    9   0.000       0.000    
   20   10   0.000       0.000    
   20   11   0.000       0.000    
   20   12   0.000       0.000    
   19    2   0.000       0.000    
   19    3   0.000       0.000    
   19    4   0.000       0.000    
   19    5   0.000       0.000    
   19    6   0.000       0.000    
   19    7   0.000       0.000    
   19    8   0.000       0.000    
   19    9   0.000       0.000    
   19   10   0.000       0.000    
   19   11   0.000       0.000    
   19   12   0.000       0.000    
   18    2   0.000       0.000    
   18    3   0.000       0.000    
   18    4   0.000       0.000    
   18    5   0.000       0.000    
   18    6   0.000       0.000    
   18    7   0.000       0.000    
   18    8   0.000       0.000    
   18    9  5.3776E+04   4.481    
   18   10   0.000       0.000    
   18   11   0.000       0.000    
   18   12   0.000       0.000    
   17    2   0.000       0.000    
   17    3   0.000       0.000    
   17    4   0.000       0.000    
   17    5   0.000       0.000    
   17    6   0.000       0.000    
   17    7   0.000       0.000    
   17    8   0.000       0.000    
   17    9   0.000       0.000    
   17   10   0.000       0.000    
   17   11   0.000       0.000    
   17   12   0.000       0.000    
   16    2   0.000       0.000    
   16    3   0.000       0.000    
   16    4   0.000       0.000    
   16    5   0.000       0.000    
   16    6   0.000       0.000    
   16    7   0.000       0.000    
   16    8   0.000       0.000    
   16    9   0.000       0.000    
   16   10   0.000       0.000    
   16   11   0.000       0.000    
   16   12   0.000       0.000    
   15    2   0.000       0.000    
   15    3   0.000       0.000    
   15    4   0.000       0.000    
   15    5   0.000       0.000    
   15    6   0.000       0.000    
   15    7   0.000       0.000    
   15    8  1.3733E-43   0.000    
   15    9   0.000       0.000    
   15   10   0.000       0.000    
   15   11   0.000       0.000    
   15   12   0.000       0.000    
   14    2   0.000       0.000    
   14    3   0.000       0.000    
   14    4   0.000       0.000    
   14    5   0.000       0.000    
   14    6   15.66      0.1434    
   14    7   0.000       0.000    
   14    8   0.000       0.000    
   14    9   0.000       0.000    
   14   10   0.000       0.000    
   14   11   0.000       0.000    
   14   12   0.000       0.000    
   13    2   0.000       0.000    
   13    3   0.000       0.000    
   13    4   0.000       0.000    
   13    5   0.000       0.000    
   13    6   0.000       0.000    
   13    7  8.4764E-03  0.7832    
   13    8   0.000       0.000    
   13    9   0.000       0.000    
   13   10   0.000       0.000    
   13   11   0.000       0.000    
   13   12   0.000       0.000    
   12    2   0.000       0.000    
   12    3   0.000       0.000    
   12    4   0.000       0.000    
   12    5   0.000       0.000    
   12    6   0.000       0.000    
   12    7   0.000       0.000    
   12    8   0.000       0.000    
   12    9   0.000       0.000    
   12   10   0.000       0.000    
   12   11   0.000       0.000    
   12   12   0.000       0.000    
   11    2   0.000       0.000    
   11    3   0.000       0.000    
   11    4   0.000       0.000    
   11    5   0.000       0.000    
   11    6   6831.      0.1590    
   11    7   0.000       0.000    
   11    8   0.000       0.000    
   11    9   0.000       0.000    
   11   10   0.000       0.000    
   11   11   0.000       0.000    
   11   12   0.000       0.000    
   10    2   0.000       0.000    
   10    3   0.000       0.000    
   10    4  2.1831E-03  0.6236    
   10    5   0.000       0.000    
   10    6   0.000       0.000    
   10    7   0.000       0.000    
   10    8   0.000       0.000    
   10    9   0.000       0.000    
   10   10   0.000       0.000    
   10   11   0.000       0.000    
   10   12   0.000       0.000    
    9    2   0.000       0.000    
    9    3   0.000       0.000    
    9    4   0.000       0.000    
    9    5   0.000       0.000    
    9    6   0.000       0.000    
    9    7   0.000       0.000    
    9    8   0.000       0.000    
    9    9   0.000       0.000    
    9   10   0.000       0.000    
    9   11   0.000       0.000    
    9   12   0.000       0.000    
    8    2   0.000       0.000    
    8    3   0.000       0.000    
    8    4   0.000       0.000    
    8    5   0.000       0.000    
    8    6   0.000       0.000    
    8    7   0.000       0.000    
    8    8   0.000       0.000    
    8    9   0.000       0.000    
    8   10   0.000       0.000    
    8   11   0.000       0.000    
    8   12   0.000       0.000    
    7    2   0.000       0.000    
    7    3   0.000       0.000    
    7    4  1.3626E+05  0.1315    
    7    5   0.000       0.000    
    7    6   0.000       0.000    
    7    7   0.000       0.000    
    7    8   0.000       0.000    
    7    9   0.000       0.000    
    7   10   0.000       0.000    
    7   11   0.000       0.000    
    7   12   0.000       0.000    
    3    1   2892.      0.2808    
# A/Z/m Isomers:
   34   17    1   2.095       96.19    
   44   21    1  3.3146E-02   41.00    
   44   21    2   161.3       53.08    
   45   21    1  0.8580       34.95    
   52   25    1   5468.       11.84    
   58   27    1  4.5291E+06  0.6565    
   60   27    1  3.0322E-03   1.660    
   62   27    1  2.1142E-02   8.758    
   65   30    1   1.553      0.5719    
   67   30    1  3.6401E+05  0.7709    
   68   29    1  6.3435E-24   47.60    
   69   30    1  4.3951E+04   5.235    
