# Detector n:     1  
cool12    
# A/Z Isotopes:
  187   68   0.000       0.000    
  187   69   0.000       0.000    
  187   70   0.000       0.000    
  187   71   0.000       0.000    
  187   72   0.000       0.000    
  187   73   0.000       0.000    
  187   74  2.0846E+07   1.523    
  187   75   0.000       0.000    
  187   76   0.000       0.000    
  187   77   0.000       0.000    
  187   78   0.000       0.000    
  186   68   0.000       0.000    
  186   69   0.000       0.000    
  186   70   0.000       0.000    
  186   71   0.000       0.000    
  186   72   0.000       0.000    
  186   73  1.0553E+06   14.54    
  186   74   0.000       0.000    
  186   75  5.3783E+05   3.773    
  186   76   0.000       0.000    
  186   77   0.000       0.000    
  186   78   0.000       0.000    
  185   68   0.000       0.000    
  185   69   0.000       0.000    
  185   70   0.000       0.000    
  185   71   0.000       0.000    
  185   72   0.000       0.000    
  185   73  2.4791E+07   1.152    
  185   74  4.1236E+05  0.5320    
  185   75   0.000       0.000    
  185   76   0.000       0.000    
  185   77   0.000       0.000    
  185   78   0.000       0.000    
  184   68   0.000       0.000    
  184   69   0.000       0.000    
  184   70   0.000       0.000    
  184   71   0.000       0.000    
  184   72  2.0703E+04   42.38    
  184   73  2.1745E+06   3.000    
  184   74   0.000       0.000    
  184   75  5.1350E+05  0.9497    
  184   76   0.000       0.000    
  184   77   0.000       0.000    
  184   78   0.000       0.000    
  183   68   0.000       0.000    
  183   69   0.000       0.000    
  183   70   0.000       0.000    
  183   71   0.000       0.000    
  183   72  1.5406E+05   55.33    
  183   73  4.3634E+05   2.762    
  183   74   0.000       0.000    
  183   75  5.8971E+05  0.5540    
  183   76   0.000       0.000    
  183   77   0.000       0.000    
  183   78   0.000       0.000    
  182   68   0.000       0.000    
  182   69   0.000       0.000    
  182   70   0.000       0.000    
  182   71   0.000       0.000    
  182   72  4.0109E-06   40.08    
  182   73  1.9592E+04   2.000    
  182   74   0.000       0.000    
  182   75  6.0964E+06  0.8941    
  182   76   0.000       0.000    
  182   77   0.000       0.000    
  182   78   0.000       0.000    
  181   68   0.000       0.000    
  181   69   0.000       0.000    
  181   70   0.000       0.000    
  181   71   0.000       0.000    
  181   72   453.4       26.97    
  181   73   0.000       0.000    
  181   74  5.1876E+05  0.3840    
  181   75  9.2318E+07  0.3982    
  181   76   0.000       0.000    
  181   77   0.000       0.000    
  181   78   0.000       0.000    
  180   68   0.000       0.000    
  180   69   0.000       0.000    
  180   70   0.000       0.000    
  180   71   0.000       0.000    
  180   72   0.000       0.000    
  180   73  5.0706E+06   3.404    
  180   74   0.000       0.000    
  180   75  3.3386E+07  0.6825    
  180   76   0.000       0.000    
  180   77   0.000       0.000    
  180   78   0.000       0.000    
  179   68   0.000       0.000    
  179   69   0.000       0.000    
  179   70   0.000       0.000    
  179   71   0.000       0.000    
  179   72   0.000       0.000    
  179   73  4.2389E+04  0.2313    
  179   74  2.3657E+09  0.2765    
  179   75  2.3946E+09  0.4955    
  179   76   0.000       0.000    
  179   77   0.000       0.000    
  179   78   0.000       0.000    
  178   68   0.000       0.000    
  178   69   0.000       0.000    
  178   70   0.000       0.000    
  178   71  1.4262E+04   99.00    
  178   72   0.000       0.000    
  178   73  1.5071E+07   4.440    
  178   74  3.7044E+06  0.2040    
  178   75  1.5917E+09  0.3509    
  178   76   0.000       0.000    
  178   77   0.000       0.000    
  178   78   0.000       0.000    
  177   68   0.000       0.000    
  177   69   0.000       0.000    
  177   70   0.000       0.000    
  177   71   428.6       99.00    
  177   72   0.000       0.000    
  177   73  3.4014E+06  0.6755    
  177   74  5.5506E+08  0.4396    
  177   75  1.3929E+09  0.6693    
  177   76   0.000       0.000    
  177   77   0.000       0.000    
  177   78   0.000       0.000    
  176   68   0.000       0.000    
  176   69   0.000       0.000    
  176   70   0.000       0.000    
  176   71   0.000       0.000    
  176   72   0.000       0.000    
  176   73  1.7235E+07   1.259    
  176   74  3.4165E+08  0.4163    
  176   75  2.2908E+08  0.7415    
  176   76   0.000       0.000    
  176   77   0.000       0.000    
  176   78   0.000       0.000    
  175   68   0.000       0.000    
  175   69   0.000       0.000    
  175   70   0.000       0.000    
  175   71   0.000       0.000    
  175   72   6826.       2.090    
  175   73  2.0985E+07   1.241    
  175   74  5.1342E+08  0.7456    
  175   75  1.5412E+08   1.048    
  175   76   0.000       0.000    
  175   77   0.000       0.000    
  175   78   0.000       0.000    
  174   68   0.000       0.000    
  174   69   0.000       0.000    
  174   70   0.000       0.000    
  174   71   6.915       45.84    
  174   72   0.000       0.000    
  174   73  8.9930E+07   1.416    
  174   74  1.6295E+08   1.743    
  174   75  1.1866E+06   1.506    
  174   76   0.000       0.000    
  174   77   0.000       0.000    
  174   78   0.000       0.000    
  173   68   0.000       0.000    
  173   69   0.000       0.000    
  173   70   0.000       0.000    
  173   71   48.96       12.60    
  173   72  7.3430E+05   3.602    
  173   73  2.5814E+07   1.751    
  173   74  2.1671E+07   1.309    
  173   75  4.1768E+04   4.884    
  173   76   0.000       0.000    
  173   77   0.000       0.000    
  173   78   0.000       0.000    
  172   68   0.000       0.000    
  172   69   0.000       0.000    
  172   70   0.000       0.000    
  172   71   4127.       24.62    
  172   72   1479.       3.823    
  172   73  3.9788E+07   3.173    
  172   74  1.6626E+06   19.32    
  172   75  6.2890E-22   36.70    
  172   76   0.000       0.000    
  172   77   0.000       0.000    
  172   78   0.000       0.000    
  171   68   0.000       0.000    
  171   69   0.000       0.000    
  171   70   0.000       0.000    
  171   71   7890.       8.833    
  171   72  1.0702E+06   5.953    
  171   73  2.1371E+07   6.782    
  171   74   2561.       52.32    
  171   75   0.000       0.000    
  171   76   0.000       0.000    
  171   77   0.000       0.000    
  171   78   0.000       0.000    
  170   68   0.000       0.000    
  170   69   0.000       0.000    
  170   70   0.000       0.000    
  170   71  3.5759E+04   22.17    
  170   72  2.5460E+05   15.03    
  170   73  1.5824E+06   19.20    
  170   74   0.000       0.000    
  170   75   0.000       0.000    
  170   76   0.000       0.000    
  170   77   0.000       0.000    
  170   78   0.000       0.000    
  169   68   0.000       0.000    
  169   69   0.000       0.000    
  169   70   165.9       60.08    
  169   71  4.7915E+04   17.55    
  169   72  2.1415E+05   55.74    
  169   73  7.9637E+04   57.55    
  169   74   0.000       0.000    
  169   75   0.000       0.000    
  169   76   0.000       0.000    
  169   77   0.000       0.000    
  169   78   0.000       0.000    
  168   68   0.000       0.000    
  168   69   0.000       0.000    
  168   70   0.000       0.000    
  168   71  5.2499E+04   68.82    
  168   72   0.000       0.000    
  168   73   0.000       0.000    
  168   74   0.000       0.000    
  168   75   0.000       0.000    
  168   76   0.000       0.000    
  168   77   0.000       0.000    
  168   78   0.000       0.000    
  167   68   0.000       0.000    
  167   69   394.1       39.39    
  167   70  1.7721E+05   42.78    
  167   71  1.2213E+05   44.10    
  167   72   0.000       0.000    
  167   73   0.000       0.000    
  167   74   0.000       0.000    
  167   75   0.000       0.000    
  167   76   0.000       0.000    
  167   77   0.000       0.000    
  167   78   0.000       0.000    
  166   68   0.000       0.000    
  166   69  1.1058E+04   83.78    
  166   70   0.000       0.000    
  166   71   0.000       0.000    
  166   72   0.000       0.000    
  166   73   0.000       0.000    
  166   74   0.000       0.000    
  166   75   0.000       0.000    
  166   76   0.000       0.000    
  166   77   0.000       0.000    
  166   78   0.000       0.000    
  165   68   91.67       56.63    
  165   69   3213.       56.63    
  165   70   0.000       0.000    
  165   71   0.000       0.000    
  165   72   0.000       0.000    
  165   73   0.000       0.000    
  165   74   0.000       0.000    
  165   75   0.000       0.000    
  165   76   0.000       0.000    
  165   77   0.000       0.000    
  165   78   0.000       0.000    
  164   68   0.000       0.000    
  164   69   83.34       99.00    
  164   70   0.000       0.000    
  164   71   0.000       0.000    
  164   72   0.000       0.000    
  164   73   0.000       0.000    
  164   74   0.000       0.000    
  164   75   0.000       0.000    
  164   76   0.000       0.000    
  164   77   0.000       0.000    
  164   78   0.000       0.000    
  163   68   0.000       0.000    
  163   69   0.000       0.000    
  163   70   0.000       0.000    
  163   71   0.000       0.000    
  163   72   0.000       0.000    
  163   73   0.000       0.000    
  163   74   0.000       0.000    
  163   75   0.000       0.000    
  163   76   0.000       0.000    
  163   77   0.000       0.000    
  163   78   0.000       0.000    
  162   68   0.000       0.000    
  162   69  5.4948E+04   99.00    
  162   70   0.000       0.000    
  162   71   0.000       0.000    
  162   72   0.000       0.000    
  162   73   0.000       0.000    
  162   74   0.000       0.000    
  162   75   0.000       0.000    
  162   76   0.000       0.000    
  162   77   0.000       0.000    
  162   78   0.000       0.000    
  155   57   0.000       0.000    
  155   58   0.000       0.000    
  155   59   0.000       0.000    
  155   60   0.000       0.000    
  155   61   0.000       0.000    
  155   62   0.000       0.000    
  155   63   0.000       0.000    
  155   64   0.000       0.000    
  155   65   384.9       99.00    
  155   66   0.000       0.000    
  155   67   0.000       0.000    
  154   57   0.000       0.000    
  154   58   0.000       0.000    
  154   59   0.000       0.000    
  154   60   0.000       0.000    
  154   61   0.000       0.000    
  154   62   0.000       0.000    
  154   63   0.000       0.000    
  154   64   0.000       0.000    
  154   65   0.000       0.000    
  154   66   0.000       0.000    
  154   67   0.000       0.000    
  153   57   0.000       0.000    
  153   58   0.000       0.000    
  153   59   0.000       0.000    
  153   60   0.000       0.000    
  153   61   0.000       0.000    
  153   62   0.000       0.000    
  153   63   0.000       0.000    
  153   64   0.000       0.000    
  153   65   0.000       0.000    
  153   66   0.000       0.000    
  153   67   0.000       0.000    
  152   57   0.000       0.000    
  152   58   0.000       0.000    
  152   59   0.000       0.000    
  152   60   0.000       0.000    
  152   61   0.000       0.000    
  152   62   0.000       0.000    
  152   63   0.000       0.000    
  152   64   0.000       0.000    
  152   65   0.000       0.000    
  152   66   0.000       0.000    
  152   67   0.000       0.000    
  151   57   0.000       0.000    
  151   58   0.000       0.000    
  151   59   0.000       0.000    
  151   60   0.000       0.000    
  151   61   0.000       0.000    
  151   62   0.000       0.000    
  151   63   0.000       0.000    
  151   64   0.000       0.000    
  151   65   0.000       0.000    
  151   66   0.000       0.000    
  151   67   0.000       0.000    
  150   57   0.000       0.000    
  150   58   0.000       0.000    
  150   59   0.000       0.000    
  150   60   0.000       0.000    
  150   61   0.000       0.000    
  150   62   0.000       0.000    
  150   63   0.000       0.000    
  150   64   0.000       0.000    
  150   65   0.000       0.000    
  150   66   0.000       0.000    
  150   67   0.000       0.000    
  149   57   0.000       0.000    
  149   58   0.000       0.000    
  149   59   0.000       0.000    
  149   60   0.000       0.000    
  149   61   0.000       0.000    
  149   62   0.000       0.000    
  149   63   0.000       0.000    
  149   64   0.000       0.000    
  149   65   0.000       0.000    
  149   66   0.000       0.000    
  149   67   0.000       0.000    
  148   57   0.000       0.000    
  148   58   0.000       0.000    
  148   59   0.000       0.000    
  148   60   0.000       0.000    
  148   61   0.000       0.000    
  148   62   0.000       0.000    
  148   63   0.000       0.000    
  148   64   0.000       0.000    
  148   65   0.000       0.000    
  148   66   0.000       0.000    
  148   67   0.000       0.000    
  147   57   0.000       0.000    
  147   58   0.000       0.000    
  147   59   0.000       0.000    
  147   60   0.000       0.000    
  147   61   0.000       0.000    
  147   62   0.000       0.000    
  147   63   0.000       0.000    
  147   64   0.000       0.000    
  147   65   0.000       0.000    
  147   66   0.000       0.000    
  147   67   0.000       0.000    
  146   57   0.000       0.000    
  146   58   0.000       0.000    
  146   59   0.000       0.000    
  146   60   0.000       0.000    
  146   61   0.000       0.000    
  146   62   0.000       0.000    
  146   63   0.000       0.000    
  146   64   0.000       0.000    
  146   65   0.000       0.000    
  146   66   0.000       0.000    
  146   67   0.000       0.000    
  145   57   0.000       0.000    
  145   58   0.000       0.000    
  145   59   0.000       0.000    
  145   60   0.000       0.000    
  145   61   0.000       0.000    
  145   62   0.000       0.000    
  145   63   0.000       0.000    
  145   64   0.000       0.000    
  145   65   0.000       0.000    
  145   66   0.000       0.000    
  145   67   0.000       0.000    
  144   57   0.000       0.000    
  144   58   0.000       0.000    
  144   59   0.000       0.000    
  144   60   0.000       0.000    
  144   61   0.000       0.000    
  144   62   0.000       0.000    
  144   63   0.000       0.000    
  144   64   0.000       0.000    
  144   65   0.000       0.000    
  144   66   0.000       0.000    
  144   67   0.000       0.000    
  143   57   0.000       0.000    
  143   58   0.000       0.000    
  143   59   0.000       0.000    
  143   60   0.000       0.000    
  143   61   0.000       0.000    
  143   62   0.000       0.000    
  143   63   0.000       0.000    
  143   64   0.000       0.000    
  143   65   0.000       0.000    
  143   66   0.000       0.000    
  143   67   0.000       0.000    
  142   57   0.000       0.000    
  142   58   0.000       0.000    
  142   59   0.000       0.000    
  142   60   0.000       0.000    
  142   61   0.000       0.000    
  142   62   0.000       0.000    
  142   63   0.000       0.000    
  142   64   0.000       0.000    
  142   65   0.000       0.000    
  142   66   0.000       0.000    
  142   67   0.000       0.000    
  141   57   0.000       0.000    
  141   58   0.000       0.000    
  141   59   0.000       0.000    
  141   60   0.000       0.000    
  141   61   0.000       0.000    
  141   62   0.000       0.000    
  141   63   0.000       0.000    
  141   64   0.000       0.000    
  141   65   0.000       0.000    
  141   66   0.000       0.000    
  141   67   0.000       0.000    
  140   57   761.7       99.00    
  140   58   0.000       0.000    
  140   59   0.000       0.000    
  140   60   0.000       0.000    
  140   61   0.000       0.000    
  140   62   0.000       0.000    
  140   63   0.000       0.000    
  140   64   0.000       0.000    
  140   65   0.000       0.000    
  140   66   0.000       0.000    
  140   67   0.000       0.000    
  126   46   0.000       0.000    
  126   47   0.000       0.000    
  126   48   0.000       0.000    
  126   49   0.000       0.000    
  126   50   0.000       0.000    
  126   51   0.000       0.000    
  126   52   0.000       0.000    
  126   53   42.78       99.00    
  126   54   0.000       0.000    
  126   55   0.000       0.000    
  126   56   0.000       0.000    
  125   46   0.000       0.000    
  125   47   0.000       0.000    
  125   48   0.000       0.000    
  125   49   0.000       0.000    
  125   50   0.000       0.000    
  125   51   0.000       0.000    
  125   52   0.000       0.000    
  125   53   0.000       0.000    
  125   54   0.000       0.000    
  125   55   0.000       0.000    
  125   56   0.000       0.000    
  124   46   0.000       0.000    
  124   47   0.000       0.000    
  124   48   0.000       0.000    
  124   49   0.000       0.000    
  124   50   0.000       0.000    
  124   51   0.000       0.000    
  124   52   0.000       0.000    
  124   53   0.000       0.000    
  124   54   0.000       0.000    
  124   55   0.000       0.000    
  124   56   0.000       0.000    
  123   46   0.000       0.000    
  123   47   0.000       0.000    
  123   48   0.000       0.000    
  123   49   0.000       0.000    
  123   50   0.000       0.000    
  123   51   0.000       0.000    
  123   52   0.000       0.000    
  123   53   0.000       0.000    
  123   54   0.000       0.000    
  123   55   0.000       0.000    
  123   56   0.000       0.000    
  122   46   0.000       0.000    
  122   47   0.000       0.000    
  122   48   0.000       0.000    
  122   49   0.000       0.000    
  122   50   0.000       0.000    
  122   51   0.000       0.000    
  122   52   0.000       0.000    
  122   53   0.000       0.000    
  122   54   0.000       0.000    
  122   55   0.000       0.000    
  122   56   0.000       0.000    
  121   46   0.000       0.000    
  121   47   0.000       0.000    
  121   48   0.000       0.000    
  121   49   0.000       0.000    
  121   50   0.000       0.000    
  121   51   0.000       0.000    
  121   52   0.000       0.000    
  121   53   0.000       0.000    
  121   54   0.000       0.000    
  121   55   0.000       0.000    
  121   56   0.000       0.000    
  120   46   0.000       0.000    
  120   47   0.000       0.000    
  120   48   0.000       0.000    
  120   49   0.000       0.000    
  120   50   0.000       0.000    
  120   51   0.000       0.000    
  120   52   0.000       0.000    
  120   53   0.000       0.000    
  120   54   0.000       0.000    
  120   55   0.000       0.000    
  120   56   0.000       0.000    
  119   46   0.000       0.000    
  119   47   0.000       0.000    
  119   48   0.000       0.000    
  119   49   1795.       99.00    
  119   50   0.000       0.000    
  119   51   0.000       0.000    
  119   52   0.000       0.000    
  119   53   0.000       0.000    
  119   54   0.000       0.000    
  119   55   0.000       0.000    
  119   56   0.000       0.000    
  118   46   0.000       0.000    
  118   47   0.000       0.000    
  118   48   0.000       0.000    
  118   49   0.000       0.000    
  118   50   0.000       0.000    
  118   51   0.000       0.000    
  118   52   0.000       0.000    
  118   53   0.000       0.000    
  118   54   0.000       0.000    
  118   55   0.000       0.000    
  118   56   0.000       0.000    
  117   46   0.000       0.000    
  117   47   0.000       0.000    
  117   48   0.000       0.000    
  117   49   0.000       0.000    
  117   50   0.000       0.000    
  117   51   0.000       0.000    
  117   52   0.000       0.000    
  117   53   0.000       0.000    
  117   54   0.000       0.000    
  117   55   0.000       0.000    
  117   56   0.000       0.000    
  116   46   0.000       0.000    
  116   47   0.000       0.000    
  116   48   0.000       0.000    
  116   49   0.000       0.000    
  116   50   0.000       0.000    
  116   51   0.000       0.000    
  116   52   0.000       0.000    
  116   53   0.000       0.000    
  116   54   0.000       0.000    
  116   55   0.000       0.000    
  116   56   0.000       0.000    
  115   46   0.000       0.000    
  115   47   0.000       0.000    
  115   48   0.000       0.000    
  115   49   0.000       0.000    
  115   50   0.000       0.000    
  115   51   0.000       0.000    
  115   52   0.000       0.000    
  115   53   0.000       0.000    
  115   54   0.000       0.000    
  115   55   0.000       0.000    
  115   56   0.000       0.000    
  114   46   0.000       0.000    
  114   47   0.000       0.000    
  114   48   0.000       0.000    
  114   49  0.2989       99.00    
  114   50   0.000       0.000    
  114   51   0.000       0.000    
  114   52   0.000       0.000    
  114   53   0.000       0.000    
  114   54   0.000       0.000    
  114   55   0.000       0.000    
  114   56   0.000       0.000    
  113   46   0.000       0.000    
  113   47   335.3       99.00    
  113   48   0.000       0.000    
  113   49   0.000       0.000    
  113   50   0.000       0.000    
  113   51   0.000       0.000    
  113   52   0.000       0.000    
  113   53   0.000       0.000    
  113   54   0.000       0.000    
  113   55   0.000       0.000    
  113   56   0.000       0.000    
  112   46   1624.       99.00    
  112   47  1.0427E+04   99.00    
  112   48   0.000       0.000    
  112   49   0.000       0.000    
  112   50   0.000       0.000    
  112   51   0.000       0.000    
  112   52   0.000       0.000    
  112   53   0.000       0.000    
  112   54   0.000       0.000    
  112   55   0.000       0.000    
  112   56   0.000       0.000    
  111   46  7.6579E+04   99.00    
  111   47   525.2       53.80    
  111   48   0.000       0.000    
  111   49   0.000       0.000    
  111   50   0.000       0.000    
  111   51   0.000       0.000    
  111   52   0.000       0.000    
  111   53   0.000       0.000    
  111   54   0.000       0.000    
  111   55   0.000       0.000    
  111   56   0.000       0.000    
  110   46   0.000       0.000    
  110   47  2.0143E-12   99.00    
  110   48   0.000       0.000    
  110   49   0.000       0.000    
  110   50   0.000       0.000    
  110   51   0.000       0.000    
  110   52   0.000       0.000    
  110   53   0.000       0.000    
  110   54   0.000       0.000    
  110   55   0.000       0.000    
  110   56   0.000       0.000    
  109   46   9043.       50.71    
  109   47   0.000       0.000    
  109   48   0.000       0.000    
  109   49   0.000       0.000    
  109   50   0.000       0.000    
  109   51   0.000       0.000    
  109   52   0.000       0.000    
  109   53   0.000       0.000    
  109   54   0.000       0.000    
  109   55   0.000       0.000    
  109   56   0.000       0.000    
  108   46   0.000       0.000    
  108   47   0.000       0.000    
  108   48   0.000       0.000    
  108   49   0.000       0.000    
  108   50   0.000       0.000    
  108   51   0.000       0.000    
  108   52   0.000       0.000    
  108   53   0.000       0.000    
  108   54   0.000       0.000    
  108   55   0.000       0.000    
  108   56   0.000       0.000    
  107   46  1.4186E-07   99.00    
  107   47   0.000       0.000    
  107   48   0.000       0.000    
  107   49   0.000       0.000    
  107   50   0.000       0.000    
  107   51   0.000       0.000    
  107   52   0.000       0.000    
  107   53   0.000       0.000    
  107   54   0.000       0.000    
  107   55   0.000       0.000    
  107   56   0.000       0.000    
  111   35   0.000       0.000    
  111   36   0.000       0.000    
  111   37   0.000       0.000    
  111   38   0.000       0.000    
  111   39   0.000       0.000    
  111   40   0.000       0.000    
  111   41   0.000       0.000    
  111   42   0.000       0.000    
  111   43   0.000       0.000    
  111   44   0.000       0.000    
  111   45  5.3597E-33   99.00    
  110   35   0.000       0.000    
  110   36   0.000       0.000    
  110   37   0.000       0.000    
  110   38   0.000       0.000    
  110   39   0.000       0.000    
  110   40   0.000       0.000    
  110   41   0.000       0.000    
  110   42   0.000       0.000    
  110   43   0.000       0.000    
  110   44   0.000       0.000    
  110   45   0.000       0.000    
  109   35   0.000       0.000    
  109   36   0.000       0.000    
  109   37   0.000       0.000    
  109   38   0.000       0.000    
  109   39   0.000       0.000    
  109   40   0.000       0.000    
  109   41   0.000       0.000    
  109   42   0.000       0.000    
  109   43   0.000       0.000    
  109   44   0.000       0.000    
  109   45  0.9057       99.00    
  108   35   0.000       0.000    
  108   36   0.000       0.000    
  108   37   0.000       0.000    
  108   38   0.000       0.000    
  108   39   0.000       0.000    
  108   40   0.000       0.000    
  108   41   0.000       0.000    
  108   42   0.000       0.000    
  108   43   0.000       0.000    
  108   44   3325.       73.74    
  108   45   3543.       73.74    
  107   35   0.000       0.000    
  107   36   0.000       0.000    
  107   37   0.000       0.000    
  107   38   0.000       0.000    
  107   39   0.000       0.000    
  107   40   0.000       0.000    
  107   41   0.000       0.000    
  107   42   0.000       0.000    
  107   43   0.000       0.000    
  107   44   0.000       0.000    
  107   45  1.7463E+04   99.00    
  106   35   0.000       0.000    
  106   36   0.000       0.000    
  106   37   0.000       0.000    
  106   38   0.000       0.000    
  106   39   0.000       0.000    
  106   40   0.000       0.000    
  106   41   0.000       0.000    
  106   42   0.000       0.000    
  106   43   0.000       0.000    
  106   44   1.155       99.00    
  106   45   1.155       99.00    
  105   35   0.000       0.000    
  105   36   0.000       0.000    
  105   37   0.000       0.000    
  105   38   0.000       0.000    
  105   39   0.000       0.000    
  105   40   0.000       0.000    
  105   41   0.000       0.000    
  105   42  5.6140E-07   99.00    
  105   43  2.2448E+04   79.17    
  105   44  1.0228E+04   43.09    
  105   45   2065.       64.57    
  104   35   0.000       0.000    
  104   36   0.000       0.000    
  104   37   0.000       0.000    
  104   38   0.000       0.000    
  104   39   0.000       0.000    
  104   40   0.000       0.000    
  104   41   0.000       0.000    
  104   42   0.000       0.000    
  104   43   0.000       0.000    
  104   44   0.000       0.000    
  104   45   0.000       0.000    
  103   35   0.000       0.000    
  103   36   0.000       0.000    
  103   37   0.000       0.000    
  103   38   0.000       0.000    
  103   39   0.000       0.000    
  103   40   0.000       0.000    
  103   41   0.000       0.000    
  103   42   0.000       0.000    
  103   43   0.000       0.000    
  103   44   25.82       99.00    
  103   45   0.000       0.000    
  102   35   0.000       0.000    
  102   36   0.000       0.000    
  102   37   0.000       0.000    
  102   38   0.000       0.000    
  102   39   0.000       0.000    
  102   40   0.000       0.000    
  102   41   0.000       0.000    
  102   42   7553.       99.00    
  102   43   7612.       99.00    
  102   44   0.000       0.000    
  102   45   0.000       0.000    
  101   35   0.000       0.000    
  101   36   0.000       0.000    
  101   37   0.000       0.000    
  101   38   0.000       0.000    
  101   39   0.000       0.000    
  101   40   0.000       0.000    
  101   41   0.000       0.000    
  101   42  1.5792E+04   58.42    
  101   43  6.3921E+04   56.03    
  101   44   0.000       0.000    
  101   45   0.000       0.000    
  100   35   0.000       0.000    
  100   36   0.000       0.000    
  100   37   0.000       0.000    
  100   38   0.000       0.000    
  100   39   0.000       0.000    
  100   40   0.000       0.000    
  100   41   0.000       0.000    
  100   42   0.000       0.000    
  100   43  1.8170E-22   99.00    
  100   44   0.000       0.000    
  100   45   0.000       0.000    
   99   35   0.000       0.000    
   99   36   0.000       0.000    
   99   37   0.000       0.000    
   99   38   0.000       0.000    
   99   39   0.000       0.000    
   99   40   0.000       0.000    
   99   41  1.0844E-22   72.47    
   99   42   3800.       28.88    
   99   43  6.6537E-06   98.85    
   99   44   0.000       0.000    
   99   45   0.000       0.000    
   98   35   0.000       0.000    
   98   36   0.000       0.000    
   98   37   0.000       0.000    
   98   38   0.000       0.000    
   98   39   0.000       0.000    
   98   40   0.000       0.000    
   98   41   0.000       0.000    
   98   42   0.000       0.000    
   98   43   0.000       0.000    
   98   44   0.000       0.000    
   98   45   0.000       0.000    
   97   35   0.000       0.000    
   97   36   0.000       0.000    
   97   37   0.000       0.000    
   97   38   0.000       0.000    
   97   39   0.000       0.000    
   97   40   6614.       65.78    
   97   41  4.2293E+04   44.48    
   97   42   0.000       0.000    
   97   43   0.000       0.000    
   97   44   0.000       0.000    
   97   45   0.000       0.000    
   96   35   0.000       0.000    
   96   36   0.000       0.000    
   96   37   0.000       0.000    
   96   38   0.000       0.000    
   96   39   0.000       0.000    
   96   40   0.000       0.000    
   96   41   3552.       37.58    
   96   42   0.000       0.000    
   96   43   0.000       0.000    
   96   44   0.000       0.000    
   96   45   0.000       0.000    
   95   35   0.000       0.000    
   95   36   0.000       0.000    
   95   37   0.000       0.000    
   95   38  7.5251E-13   99.00    
   95   39  6.9823E+04   69.92    
   95   40   50.04       43.75    
   95   41   95.06       78.84    
   95   42   0.000       0.000    
   95   43   0.000       0.000    
   95   44   0.000       0.000    
   95   45   0.000       0.000    
   94   35   0.000       0.000    
   94   36   0.000       0.000    
   94   37   0.000       0.000    
   94   38   0.000       0.000    
   94   39  2.7777E+04   94.59    
   94   40   0.000       0.000    
   94   41  5.6983E-04   54.60    
   94   42   0.000       0.000    
   94   43   0.000       0.000    
   94   44   0.000       0.000    
   94   45   0.000       0.000    
   93   35   0.000       0.000    
   93   36   0.000       0.000    
   93   37   0.000       0.000    
   93   38  1.6811E+04   62.05    
   93   39  1.0272E+04   31.27    
   93   40  2.0886E-06   87.92    
   93   41   0.000       0.000    
   93   42   0.000       0.000    
   93   43   0.000       0.000    
   93   44   0.000       0.000    
   93   45   0.000       0.000    
   92   35   0.000       0.000    
   92   36   0.000       0.000    
   92   37   0.000       0.000    
   92   38   7978.       99.00    
   92   39  7.1861E+04   38.90    
   92   40   0.000       0.000    
   92   41   0.000       0.000    
   92   42   0.000       0.000    
   92   43   0.000       0.000    
   92   44   0.000       0.000    
   92   45   0.000       0.000    
   91   35   0.000       0.000    
   91   36   0.000       0.000    
   91   37  9.4166E-03   99.00    
   91   38  1.4208E+04   30.97    
   91   39   16.58       55.94    
   91   40   0.000       0.000    
   91   41   0.000       0.000    
   91   42   0.000       0.000    
   91   43   0.000       0.000    
   91   44   0.000       0.000    
   91   45   0.000       0.000    
   90   35   0.000       0.000    
   90   36  1.0561E-08   99.00    
   90   37   865.8       44.33    
   90   38  0.9053       36.76    
   90   39   2955.       49.69    
   90   40   0.000       0.000    
   90   41   0.000       0.000    
   90   42   0.000       0.000    
   90   43   0.000       0.000    
   90   44   0.000       0.000    
   90   45   0.000       0.000    
   89   35   0.000       0.000    
   89   36   0.000       0.000    
   89   37  3.5808E+04   55.09    
   89   38   160.7       30.05    
   89   39   0.000       0.000    
   89   40   0.000       0.000    
   89   41   0.000       0.000    
   89   42   0.000       0.000    
   89   43   0.000       0.000    
   89   44   0.000       0.000    
   89   45   0.000       0.000    
   88   35   0.000       0.000    
   88   36   5540.       99.00    
   88   37  3.0769E+05   42.62    
   88   38   0.000       0.000    
   88   39   0.000       0.000    
   88   40   0.000       0.000    
   88   41   0.000       0.000    
   88   42   0.000       0.000    
   88   43   0.000       0.000    
   88   44   0.000       0.000    
   88   45   0.000       0.000    
   87   35   0.000       0.000    
   87   36  5.6689E+04   62.27    
   87   37   0.000       0.000    
   87   38   0.000       0.000    
   87   39   0.000       0.000    
   87   40   0.000       0.000    
   87   41   0.000       0.000    
   87   42   0.000       0.000    
   87   43   0.000       0.000    
   87   44   0.000       0.000    
   87   45   0.000       0.000    
   86   35  6.9276E-04   99.00    
   86   36   0.000       0.000    
   86   37   127.6       64.94    
   86   38   0.000       0.000    
   86   39   0.000       0.000    
   86   40   0.000       0.000    
   86   41   0.000       0.000    
   86   42   0.000       0.000    
   86   43   0.000       0.000    
   86   44   0.000       0.000    
   86   45   0.000       0.000    
   85   35   430.9       99.00    
   85   36  8.8568E-02   88.76    
   85   37   0.000       0.000    
   85   38   11.99       99.00    
   85   39   0.000       0.000    
   85   40   0.000       0.000    
   85   41   0.000       0.000    
   85   42   0.000       0.000    
   85   43   0.000       0.000    
   85   44   0.000       0.000    
   85   45   0.000       0.000    
   84   35  1.6261E+05   62.50    
   84   36   0.000       0.000    
   84   37   16.42       99.00    
   84   38   0.000       0.000    
   84   39   0.000       0.000    
   84   40   0.000       0.000    
   84   41   0.000       0.000    
   84   42   0.000       0.000    
   84   43   0.000       0.000    
   84   44   0.000       0.000    
   84   45   0.000       0.000    
   83   35  4.3608E+04   36.75    
   83   36   0.000       0.000    
   83   37   0.000       0.000    
   83   38   0.000       0.000    
   83   39   0.000       0.000    
   83   40   0.000       0.000    
   83   41   0.000       0.000    
   83   42   0.000       0.000    
   83   43   0.000       0.000    
   83   44   0.000       0.000    
   83   45   0.000       0.000    
   82   35   7074.       26.17    
   82   36   0.000       0.000    
   82   37   0.000       0.000    
   82   38   0.000       0.000    
   82   39   0.000       0.000    
   82   40   0.000       0.000    
   82   41   0.000       0.000    
   82   42   0.000       0.000    
   82   43   0.000       0.000    
   82   44   0.000       0.000    
   82   45   0.000       0.000    
   81   35   0.000       0.000    
   81   36  2.6159E-05   72.68    
   81   37   0.000       0.000    
   81   38   0.000       0.000    
   81   39   0.000       0.000    
   81   40   0.000       0.000    
   81   41   0.000       0.000    
   81   42   0.000       0.000    
   81   43   0.000       0.000    
   81   44   0.000       0.000    
   81   45   0.000       0.000    
   80   35  2.0287E+04   99.00    
   80   36   0.000       0.000    
   80   37   0.000       0.000    
   80   38   0.000       0.000    
   80   39   0.000       0.000    
   80   40   0.000       0.000    
   80   41   0.000       0.000    
   80   42   0.000       0.000    
   80   43   0.000       0.000    
   80   44   0.000       0.000    
   80   45   0.000       0.000    
   84   24   0.000       0.000    
   84   25   0.000       0.000    
   84   26   0.000       0.000    
   84   27   0.000       0.000    
   84   28   0.000       0.000    
   84   29   0.000       0.000    
   84   30   0.000       0.000    
   84   31   0.000       0.000    
   84   32   0.000       0.000    
   84   33   0.000       0.000    
   84   34   882.7       99.00    
   83   24   0.000       0.000    
   83   25   0.000       0.000    
   83   26   0.000       0.000    
   83   27   0.000       0.000    
   83   28   0.000       0.000    
   83   29   0.000       0.000    
   83   30   0.000       0.000    
   83   31   0.000       0.000    
   83   32   0.000       0.000    
   83   33   0.000       0.000    
   83   34  1.2636E+04   99.00    
   82   24   0.000       0.000    
   82   25   0.000       0.000    
   82   26   0.000       0.000    
   82   27   0.000       0.000    
   82   28   0.000       0.000    
   82   29   0.000       0.000    
   82   30   0.000       0.000    
   82   31   0.000       0.000    
   82   32   0.000       0.000    
   82   33   0.000       0.000    
   82   34   0.000       0.000    
   81   24   0.000       0.000    
   81   25   0.000       0.000    
   81   26   0.000       0.000    
   81   27   0.000       0.000    
   81   28   0.000       0.000    
   81   29   0.000       0.000    
   81   30   0.000       0.000    
   81   31   0.000       0.000    
   81   32   0.000       0.000    
   81   33  2.3245E-07   63.27    
   81   34  1.5707E+05   46.65    
   80   24   0.000       0.000    
   80   25   0.000       0.000    
   80   26   0.000       0.000    
   80   27   0.000       0.000    
   80   28   0.000       0.000    
   80   29   0.000       0.000    
   80   30   0.000       0.000    
   80   31   0.000       0.000    
   80   32   0.000       0.000    
   80   33  1.3124E-22   72.61    
   80   34   0.000       0.000    
   79   24   0.000       0.000    
   79   25   0.000       0.000    
   79   26   0.000       0.000    
   79   27   0.000       0.000    
   79   28   0.000       0.000    
   79   29   0.000       0.000    
   79   30   0.000       0.000    
   79   31   0.000       0.000    
   79   32   0.000       0.000    
   79   33  7.5327E+04   59.21    
   79   34  2.1936E-05   59.21    
   78   24   0.000       0.000    
   78   25   0.000       0.000    
   78   26   0.000       0.000    
   78   27   0.000       0.000    
   78   28   0.000       0.000    
   78   29   0.000       0.000    
   78   30   0.000       0.000    
   78   31   0.000       0.000    
   78   32  3.2189E+04   99.00    
   78   33  4.8419E+04   65.07    
   78   34   0.000       0.000    
   77   24   0.000       0.000    
   77   25   0.000       0.000    
   77   26   0.000       0.000    
   77   27   0.000       0.000    
   77   28   0.000       0.000    
   77   29   0.000       0.000    
   77   30   0.000       0.000    
   77   31   0.000       0.000    
   77   32   602.1       99.00    
   77   33   5769.       38.17    
   77   34   0.000       0.000    
   76   24   0.000       0.000    
   76   25   0.000       0.000    
   76   26   0.000       0.000    
   76   27   0.000       0.000    
   76   28   0.000       0.000    
   76   29   0.000       0.000    
   76   30   0.000       0.000    
   76   31   0.000       0.000    
   76   32   0.000       0.000    
   76   33   1973.       43.20    
   76   34   0.000       0.000    
   75   24   0.000       0.000    
   75   25   0.000       0.000    
   75   26   0.000       0.000    
   75   27   0.000       0.000    
   75   28   0.000       0.000    
   75   29   0.000       0.000    
   75   30   0.000       0.000    
   75   31   363.1       79.48    
   75   32  3.4389E+04   79.48    
   75   33   0.000       0.000    
   75   34   0.000       0.000    
   74   24   0.000       0.000    
   74   25   0.000       0.000    
   74   26   0.000       0.000    
   74   27   0.000       0.000    
   74   28   0.000       0.000    
   74   29   0.000       0.000    
   74   30   36.14       82.08    
   74   31  1.1261E+05   40.07    
   74   32   0.000       0.000    
   74   33   0.000       0.000    
   74   34   0.000       0.000    
   73   24   0.000       0.000    
   73   25   0.000       0.000    
   73   26   0.000       0.000    
   73   27   0.000       0.000    
   73   28   0.000       0.000    
   73   29   0.000       0.000    
   73   30   0.000       0.000    
   73   31   0.000       0.000    
   73   32   0.000       0.000    
   73   33   0.000       0.000    
   73   34   0.000       0.000    
   72   24   0.000       0.000    
   72   25   0.000       0.000    
   72   26   0.000       0.000    
   72   27   0.000       0.000    
   72   28   0.000       0.000    
   72   29   0.000       0.000    
   72   30   530.4       62.53    
   72   31   721.5       99.00    
   72   32   0.000       0.000    
   72   33   0.000       0.000    
   72   34   0.000       0.000    
   71   24   0.000       0.000    
   71   25   0.000       0.000    
   71   26   0.000       0.000    
   71   27   0.000       0.000    
   71   28   0.000       0.000    
   71   29   0.000       0.000    
   71   30   1.320       99.00    
   71   31   0.000       0.000    
   71   32   0.000       0.000    
   71   33   0.000       0.000    
   71   34   0.000       0.000    
   70   24   0.000       0.000    
   70   25   0.000       0.000    
   70   26   0.000       0.000    
   70   27   0.000       0.000    
   70   28   0.000       0.000    
   70   29  1.7283E-05   99.00    
   70   30   0.000       0.000    
   70   31   8635.       99.00    
   70   32   0.000       0.000    
   70   33   0.000       0.000    
   70   34   0.000       0.000    
   69   24   0.000       0.000    
   69   25   0.000       0.000    
   69   26   0.000       0.000    
   69   27   0.000       0.000    
   69   28   0.000       0.000    
   69   29   0.000       0.000    
   69   30  2.9158E+04   62.45    
   69   31   0.000       0.000    
   69   32   0.000       0.000    
   69   33   0.000       0.000    
   69   34   0.000       0.000    
   68   24   0.000       0.000    
   68   25   0.000       0.000    
   68   26   0.000       0.000    
   68   27   0.000       0.000    
   68   28  1.7610E-09   99.00    
   68   29  2.0063E-07   97.87    
   68   30   0.000       0.000    
   68   31   0.000       0.000    
   68   32   0.000       0.000    
   68   33   0.000       0.000    
   68   34   0.000       0.000    
   67   24   0.000       0.000    
   67   25   0.000       0.000    
   67   26   0.000       0.000    
   67   27   0.000       0.000    
   67   28  2.8130E-16   99.00    
   67   29   1352.       86.11    
   67   30   0.000       0.000    
   67   31   0.000       0.000    
   67   32   0.000       0.000    
   67   33   0.000       0.000    
   67   34   0.000       0.000    
   66   24   0.000       0.000    
   66   25   0.000       0.000    
   66   26   0.000       0.000    
   66   27   0.000       0.000    
   66   28   640.3       61.33    
   66   29  1.3154E+04   94.13    
   66   30   0.000       0.000    
   66   31   0.000       0.000    
   66   32   0.000       0.000    
   66   33   0.000       0.000    
   66   34   0.000       0.000    
   65   24   0.000       0.000    
   65   25   0.000       0.000    
   65   26   0.000       0.000    
   65   27   0.000       0.000    
   65   28  3.3508E+04   53.13    
   65   29   0.000       0.000    
   65   30   0.000       0.000    
   65   31   0.000       0.000    
   65   32   0.000       0.000    
   65   33   0.000       0.000    
   65   34   0.000       0.000    
   64   24   0.000       0.000    
   64   25   0.000       0.000    
   64   26   0.000       0.000    
   64   27   0.000       0.000    
   64   28   0.000       0.000    
   64   29   0.000       0.000    
   64   30   0.000       0.000    
   64   31   0.000       0.000    
   64   32   0.000       0.000    
   64   33   0.000       0.000    
   64   34   0.000       0.000    
   63   24   0.000       0.000    
   63   25   0.000       0.000    
   63   26   0.000       0.000    
   63   27   0.000       0.000    
   63   28   0.000       0.000    
   63   29   0.000       0.000    
   63   30   0.000       0.000    
   63   31   0.000       0.000    
   63   32   0.000       0.000    
   63   33   0.000       0.000    
   63   34   0.000       0.000    
   62   24   0.000       0.000    
   62   25   0.000       0.000    
   62   26  0.1391       99.00    
   62   27   21.03       99.00    
   62   28   0.000       0.000    
   62   29   0.000       0.000    
   62   30   0.000       0.000    
   62   31   0.000       0.000    
   62   32   0.000       0.000    
   62   33   0.000       0.000    
   62   34   0.000       0.000    
   61   24   0.000       0.000    
   61   25   0.000       0.000    
   61   26  1.7146E+04   43.09    
   61   27  1.7013E+04   43.08    
   61   28   0.000       0.000    
   61   29   0.000       0.000    
   61   30   0.000       0.000    
   61   31   0.000       0.000    
   61   32   0.000       0.000    
   61   33   0.000       0.000    
   61   34   0.000       0.000    
   60   24   0.000       0.000    
   60   25   0.000       0.000    
   60   26   0.000       0.000    
   60   27   0.000       0.000    
   60   28   0.000       0.000    
   60   29   0.000       0.000    
   60   30   0.000       0.000    
   60   31   0.000       0.000    
   60   32   0.000       0.000    
   60   33   0.000       0.000    
   60   34   0.000       0.000    
   59   24   0.000       0.000    
   59   25   0.000       0.000    
   59   26   4.247       99.00    
   59   27   0.000       0.000    
   59   28   0.000       0.000    
   59   29   0.000       0.000    
   59   30   0.000       0.000    
   59   31   0.000       0.000    
   59   32   0.000       0.000    
   59   33   0.000       0.000    
   59   34   0.000       0.000    
   53   13   0.000       0.000    
   53   14   0.000       0.000    
   53   15   0.000       0.000    
   53   16   0.000       0.000    
   53   17   0.000       0.000    
   53   18   0.000       0.000    
   53   19   0.000       0.000    
   53   20   0.000       0.000    
   53   21   0.000       0.000    
   53   22  2.9713E-08   99.00    
   53   23   8.919       99.00    
   19    2   0.000       0.000    
   19    3   0.000       0.000    
   19    4   0.000       0.000    
   19    5   0.000       0.000    
   19    6   0.000       0.000    
   19    7   0.000       0.000    
   19    8  1.0912E-10   99.00    
   19    9   0.000       0.000    
   19   10   0.000       0.000    
   19   11   0.000       0.000    
   19   12   0.000       0.000    
   18    2   0.000       0.000    
   18    3   0.000       0.000    
   18    4   0.000       0.000    
   18    5   0.000       0.000    
   18    6   0.000       0.000    
   18    7   0.000       0.000    
   18    8   0.000       0.000    
   18    9  9.2817E+05   10.12    
   18   10   0.000       0.000    
   18   11   0.000       0.000    
   18   12   0.000       0.000    
   17    2   0.000       0.000    
   17    3   0.000       0.000    
   17    4   0.000       0.000    
   17    5   0.000       0.000    
   17    6   0.000       0.000    
   17    7   0.000       0.000    
   17    8   0.000       0.000    
   17    9  0.5756       24.32    
   17   10   0.000       0.000    
   17   11   0.000       0.000    
   17   12   0.000       0.000    
   16    2   0.000       0.000    
   16    3   0.000       0.000    
   16    4   0.000       0.000    
   16    5   0.000       0.000    
   16    6   0.000       0.000    
   16    7   0.000       0.000    
   16    8   0.000       0.000    
   16    9   0.000       0.000    
   16   10   0.000       0.000    
   16   11   0.000       0.000    
   16   12   0.000       0.000    
   15    2   0.000       0.000    
   15    3   0.000       0.000    
   15    4   0.000       0.000    
   15    5   0.000       0.000    
   15    6   0.000       0.000    
   15    7   0.000       0.000    
   15    8  1.1670E+07  0.5324    
   15    9   0.000       0.000    
   15   10   0.000       0.000    
   15   11   0.000       0.000    
   15   12   0.000       0.000    
   14    2   0.000       0.000    
   14    3   0.000       0.000    
   14    4   0.000       0.000    
   14    5   0.000       0.000    
   14    6   2.738       1.176    
   14    7   0.000       0.000    
   14    8   730.3       2.519    
   14    9   0.000       0.000    
   14   10   0.000       0.000    
   14   11   0.000       0.000    
   14   12   0.000       0.000    
   13    2   0.000       0.000    
   13    3   0.000       0.000    
   13    4   0.000       0.000    
   13    5   0.000       0.000    
   13    6   0.000       0.000    
   13    7  1.5725E+08   1.124    
   13    8   0.000       0.000    
   13    9   0.000       0.000    
   13   10   0.000       0.000    
   13   11   0.000       0.000    
   13   12   0.000       0.000    
   12    2   0.000       0.000    
   12    3   0.000       0.000    
   12    4   0.000       0.000    
   12    5   0.000       0.000    
   12    6   0.000       0.000    
   12    7   0.000       0.000    
   12    8   0.000       0.000    
   12    9   0.000       0.000    
   12   10   0.000       0.000    
   12   11   0.000       0.000    
   12   12   0.000       0.000    
   11    2   0.000       0.000    
   11    3   0.000       0.000    
   11    4  6.3284E-25   32.97    
   11    5   0.000       0.000    
   11    6  9.4488E+08  0.8576    
   11    7   0.000       0.000    
   11    8   0.000       0.000    
   11    9   0.000       0.000    
   11   10   0.000       0.000    
   11   11   0.000       0.000    
   11   12   0.000       0.000    
   10    2   0.000       0.000    
   10    3   0.000       0.000    
   10    4  2.6871E-03   3.188    
   10    5   0.000       0.000    
   10    6  1.0670E-13   2.711    
   10    7   0.000       0.000    
   10    8   0.000       0.000    
   10    9   0.000       0.000    
   10   10   0.000       0.000    
   10   11   0.000       0.000    
   10   12   0.000       0.000    
    9    2   0.000       0.000    
    9    3   0.000       0.000    
    9    4   0.000       0.000    
    9    5   0.000       0.000    
    9    6   0.000       0.000    
    9    7   0.000       0.000    
    9    8   0.000       0.000    
    9    9   0.000       0.000    
    9   10   0.000       0.000    
    9   11   0.000       0.000    
    9   12   0.000       0.000    
    8    2   0.000       0.000    
    8    3   0.000       0.000    
    8    4   0.000       0.000    
    8    5   0.000       0.000    
    8    6   0.000       0.000    
    8    7   0.000       0.000    
    8    8   0.000       0.000    
    8    9   0.000       0.000    
    8   10   0.000       0.000    
    8   11   0.000       0.000    
    8   12   0.000       0.000    
    7    2   0.000       0.000    
    7    3   0.000       0.000    
    7    4  1.9226E+05   1.891    
    7    5   0.000       0.000    
    7    6   0.000       0.000    
    7    7   0.000       0.000    
    7    8   0.000       0.000    
    7    9   0.000       0.000    
    7   10   0.000       0.000    
    7   11   0.000       0.000    
    7   12   0.000       0.000    
    3    1   5644.      0.6724    
# A/Z/m Isomers:
   67   30    1   405.2       86.11    
   70   29    1  5.2448E-09   99.00    
   71   30    1   2614.       99.00    
   72   31    1   16.69       62.53    
   75   33    1  1.3019E-02   79.48    
   77   33    1   199.0       99.00    
   77   34    1   17.89       38.17    
   79   34    1  1.1943E+05   59.21    
   81   34    1   2035.       63.27    
   81   35    1   1.026       63.27    
   82   35    1  7.6842E+04   48.57    
   83   34    1  0.2296       99.00    
   83   36    1  1.5261E+04   53.11    
   85   36    1  2.1624E+04   61.78    
   85   37    1   11.51       99.00    
   86   37    1  2.5630E-02   99.00    
   87   38    1  1.1745E+04   48.66    
   89   39    1  1.5476E-02   30.04    
   90   37    1   5412.       73.19    
   90   39    1  1.9750E+04   81.14    
   90   40    1  0.3555       81.14    
   91   39    1  6.2273E+04   59.91    
   92   41    1   205.2       99.00    
   93   39    1   5612.       62.05    
   94   41    1  5.3959E+04   64.43    
   95   39    1  3.9263E-15   99.00    
   95   41    1   276.3       75.64    
   97   41    1   6285.       65.78    
   99   42    1  1.0737E-22   72.47    
   99   43    1   161.1       28.87    
  101   43    1   3656.       58.42    
  103   45    1   6.970       99.00    
  105   45    1   2924.       43.01    
  106   45    1   8686.       99.00    
  107   47    1  8.0193E-05   99.00    
  109   47    1   9046.       50.71    
  111   47    1  7.9750E+04   99.00    
  113   48    1  1.6081E-05   99.00    
  116   49    1  1.0770E+04   99.00    
  119   49    1  1.5010E+04   99.00    
  119   50    1  0.6955       99.00    
  140   58    1  0.1127       99.00    
  167   68    1   387.0       39.40    
  167   69    1  1.2739E+05   42.78    
  167   71    1  6.9006E-02   99.00    
  168   71    1  3.4918E+05   35.89    
  169   70    1   4542.       17.47    
  169   71    1  2.3399E+04   51.01    
  170   71    1   253.3       15.03    
  171   70    1   7380.       8.833    
  171   71    1   9.754       44.12    
  171   72    1  1.7589E-07   11.11    
  172   71    1  2.6656E+04   40.49    
  172   71    2   166.4       3.823    
  173   71    1  7.3353E+05   3.602    
  174   70    1  0.1170       51.97    
  174   71    1   18.87       51.97    
  175   71    1   15.72       2.090    
  175   72    1  1.2426E+06   1.241    
  176   71    1   4613.       99.00    
  177   73    1  4.1204E+08  0.4396    
  178   72    1  1.5079E+07   4.440    
  178   73    1  1.7672E+07   3.724    
  179   72    1  2.9185E-16   18.43    
  179   73    1  2.3355E+09  0.2765    
  179   74    1  9.0115E+08  0.4828    
  180   72    1   7653.       66.53    
  181   73    1  3.8358E+05  0.3839    
  181   73    2   419.6       26.97    
  181   74    1  7.5275E+07  0.3982    
  182   72    1  1.3001E+04   83.37    
  182   73    1  1.4426E+06   20.07    
  182   73    2  1.4418E+06   20.08    
  182   75    1  6.2731E+07  0.5044    
  183   74    1  2.6881E+04   2.763    
  184   74    1  2.1098E+06   2.997    
  184   75    1  1.5851E+04   1.477    
  185   74    1  6.5547E+04   2.368    
  186   75    1  6.1637E-04   17.94    
