# Detector n:     1  
no_cool   
# A_min-A_max    1  221
  221   0.000       0.000    
  220   0.000       0.000    
  219   0.000       0.000    
  218   0.000       0.000    
  217   0.000       0.000    
  216   0.000       0.000    
  215   0.000       0.000    
  214   0.000       0.000    
  213   0.000       0.000    
  212   0.000       0.000    
  211   0.000       0.000    
  210   0.000       0.000    
  209   0.000       0.000    
  208  2.4000E-04   23.20    
  207  5.4000E-04   20.16    
  206  7.8000E-04   10.84    
  205  5.7000E-04   17.46    
  204  6.4000E-04   14.70    
  203  6.6000E-04   12.77    
  202  4.3000E-04   17.86    
  201  4.0000E-04   10.46    
  200  1.9000E-04   32.66    
  199  1.1000E-04   9.091    
  198  2.0000E-05   99.00    
  197   0.000       0.000    
  196   0.000       0.000    
  195  2.0000E-05   61.24    
  194   0.000       0.000    
  193   0.000       0.000    
  192   0.000       0.000    
  191   0.000       0.000    
  190   0.000       0.000    
  189   0.000       0.000    
  188   0.000       0.000    
  187   0.000       0.000    
  186   0.000       0.000    
  185   0.000       0.000    
  184   0.000       0.000    
  183   0.000       0.000    
  182   0.000       0.000    
  181   0.000       0.000    
  180   0.000       0.000    
  179   0.000       0.000    
  178   0.000       0.000    
  177   0.000       0.000    
  176   0.000       0.000    
  175   0.000       0.000    
  174   0.000       0.000    
  173   0.000       0.000    
  172   0.000       0.000    
  171   0.000       0.000    
  170   0.000       0.000    
  169   0.000       0.000    
  168   0.000       0.000    
  167   0.000       0.000    
  166   0.000       0.000    
  165   0.000       0.000    
  164   0.000       0.000    
  163   0.000       0.000    
  162   0.000       0.000    
  161   0.000       0.000    
  160   0.000       0.000    
  159   0.000       0.000    
  158   0.000       0.000    
  157   0.000       0.000    
  156   0.000       0.000    
  155   0.000       0.000    
  154   0.000       0.000    
  153   0.000       0.000    
  152   0.000       0.000    
  151   0.000       0.000    
  150   0.000       0.000    
  149   0.000       0.000    
  148   0.000       0.000    
  147   0.000       0.000    
  146   0.000       0.000    
  145   0.000       0.000    
  144   0.000       0.000    
  143   0.000       0.000    
  142   0.000       0.000    
  141   0.000       0.000    
  140   0.000       0.000    
  139   0.000       0.000    
  138   0.000       0.000    
  137   0.000       0.000    
  136   0.000       0.000    
  135   0.000       0.000    
  134   0.000       0.000    
  133   0.000       0.000    
  132   0.000       0.000    
  131   0.000       0.000    
  130   0.000       0.000    
  129   0.000       0.000    
  128   0.000       0.000    
  127   0.000       0.000    
  126   0.000       0.000    
  125   0.000       0.000    
  124   0.000       0.000    
  123   0.000       0.000    
  122   0.000       0.000    
  121   0.000       0.000    
  120   0.000       0.000    
  119   0.000       0.000    
  118   0.000       0.000    
  117   0.000       0.000    
  116  1.0000E-05   99.00    
  115   0.000       0.000    
  114  2.0000E-05   61.24    
  113   0.000       0.000    
  112   0.000       0.000    
  111  1.0000E-05   99.00    
  110   0.000       0.000    
  109   0.000       0.000    
  108   0.000       0.000    
  107   0.000       0.000    
  106   0.000       0.000    
  105   0.000       0.000    
  104   0.000       0.000    
  103   0.000       0.000    
  102  1.0000E-05   99.00    
  101   0.000       0.000    
  100   0.000       0.000    
   99   0.000       0.000    
   98   0.000       0.000    
   97   0.000       0.000    
   96   0.000       0.000    
   95  1.0000E-05   99.00    
   94   0.000       0.000    
   93   0.000       0.000    
   92   0.000       0.000    
   91   0.000       0.000    
   90  1.0000E-05   99.00    
   89   0.000       0.000    
   88   0.000       0.000    
   87  1.0000E-05   99.00    
   86  1.0000E-05   99.00    
   85   0.000       0.000    
   84   0.000       0.000    
   83   0.000       0.000    
   82  1.0000E-05   99.00    
   81   0.000       0.000    
   80   0.000       0.000    
   79   0.000       0.000    
   78   0.000       0.000    
   77   0.000       0.000    
   76   0.000       0.000    
   75   0.000       0.000    
   74   0.000       0.000    
   73   0.000       0.000    
   72   0.000       0.000    
   71   0.000       0.000    
   70  9.0000E-05   50.92    
   69  1.2000E-04   33.85    
   68  1.8400E-03   8.738    
   67  1.8100E-03   8.883    
   66  4.5800E-03   5.321    
   65  6.9900E-03   2.387    
   64  1.1230E-02   5.003    
   63  1.7220E-02   4.152    
   62  1.1660E-02   3.456    
   61  7.7300E-03   2.779    
   60  7.6600E-03   2.446    
   59  5.1200E-03   4.700    
   58  3.2800E-03   3.814    
   57  2.4800E-03   6.489    
   56  1.4300E-03   8.678    
   55  6.4000E-04   11.43    
   54  3.6000E-04   17.24    
   53  2.2000E-04   21.08    
   52  1.4000E-04   26.24    
   51  2.0000E-05   61.24    
   50  2.0000E-05   61.24    
   49   0.000       0.000    
   48   0.000       0.000    
   47   0.000       0.000    
   46   0.000       0.000    
   45   0.000       0.000    
   44   0.000       0.000    
   43   0.000       0.000    
   42   0.000       0.000    
   41   0.000       0.000    
   40  1.6000E-04   30.30    
   39   0.000       0.000    
   38   0.000       0.000    
   37   0.000       0.000    
   36   0.000       0.000    
   35   0.000       0.000    
   34   0.000       0.000    
   33   0.000       0.000    
   32   0.000       0.000    
   31   0.000       0.000    
   30   0.000       0.000    
   29   0.000       0.000    
   28   0.000       0.000    
   27   0.000       0.000    
   26   0.000       0.000    
   25   0.000       0.000    
   24   0.000       0.000    
   23   0.000       0.000    
   22   0.000       0.000    
   21   0.000       0.000    
   20   0.000       0.000    
   19   0.000       0.000    
   18  2.0000E-05   61.24    
   17  4.0000E-05   25.00    
   16  8.0100E-03   2.305    
   15  9.0700E-03   4.450    
   14  1.0130E-02   4.210    
   13  3.0500E-03   9.215    
   12  9.0100E-03   4.842    
   11  5.5100E-03   2.267    
   10  1.3000E-03   7.195    
    9  2.9000E-04   6.451    
    8  8.0000E-05   31.87    
    7  8.5000E-04   6.169    
    6  1.7100E-03   3.629    
    5   0.000       0.000    
    4  4.9580E-02   1.277    
    3  3.5100E-03   7.623    
    2  3.4250E-02   2.391    
    1   4.694       1.729    
 # Z_min-Z_max           1          86
   86   0.000       0.000    
   85   0.000       0.000    
   84   0.000       0.000    
   83  2.2400E-03   7.450    
   82  2.2400E-03   6.674    
   81  1.2000E-04   33.85    
   80   0.000       0.000    
   79   0.000       0.000    
   78   0.000       0.000    
   77   0.000       0.000    
   76   0.000       0.000    
   75   0.000       0.000    
   74   0.000       0.000    
   73   0.000       0.000    
   72   0.000       0.000    
   71   0.000       0.000    
   70   0.000       0.000    
   69   0.000       0.000    
   68   0.000       0.000    
   67   0.000       0.000    
   66   0.000       0.000    
   65   0.000       0.000    
   64   0.000       0.000    
   63   0.000       0.000    
   62   0.000       0.000    
   61   0.000       0.000    
   60   0.000       0.000    
   59   0.000       0.000    
   58   0.000       0.000    
   57   0.000       0.000    
   56   0.000       0.000    
   55   0.000       0.000    
   54   0.000       0.000    
   53   0.000       0.000    
   52   0.000       0.000    
   51   0.000       0.000    
   50   0.000       0.000    
   49   0.000       0.000    
   48   0.000       0.000    
   47  3.0000E-05   66.67    
   46   0.000       0.000    
   45  1.0000E-05   99.00    
   44   0.000       0.000    
   43  1.0000E-05   99.00    
   42   0.000       0.000    
   41   0.000       0.000    
   40  1.0000E-05   99.00    
   39   0.000       0.000    
   38  1.0000E-05   99.00    
   37   0.000       0.000    
   36  3.0000E-05   66.67    
   35   0.000       0.000    
   34   0.000       0.000    
   33   0.000       0.000    
   32   0.000       0.000    
   31  1.7600E-03   3.525    
   30  2.0700E-02   2.553    
   29  3.4300E-02   2.475    
   28  1.9260E-02   2.781    
   27  5.7000E-03   3.670    
   26  2.2300E-03   4.628    
   25  5.3000E-04   12.15    
   24  1.4000E-04   26.24    
   23  2.0000E-05   61.24    
   22   0.000       0.000    
   21   0.000       0.000    
   20   0.000       0.000    
   19   0.000       0.000    
   18  1.6000E-04   30.30    
   17   0.000       0.000    
   16   0.000       0.000    
   15   0.000       0.000    
   14   0.000       0.000    
   13   0.000       0.000    
   12   0.000       0.000    
   11   0.000       0.000    
   10   0.000       0.000    
    9   0.000       0.000    
    8  1.3390E-02   2.602    
    7  7.9400E-03   3.609    
    6  1.9950E-02   3.672    
    5  4.7700E-03   1.834    
    4  8.8000E-04   6.865    
    3  2.1300E-03   6.103    
    2  5.1410E-02   1.372    
    1   4.730       1.714    
# A/Z Isotopes:
  208   76   0.000       0.000    
  208   77   0.000       0.000    
  208   78   0.000       0.000    
  208   79   0.000       0.000    
  208   80   0.000       0.000    
  208   81   0.000       0.000    
  208   82  2.1000E-04   20.48    
  208   83  3.0000E-05   66.67    
  208   84   0.000       0.000    
  208   85   0.000       0.000    
  208   86   0.000       0.000    
  207   76   0.000       0.000    
  207   77   0.000       0.000    
  207   78   0.000       0.000    
  207   79   0.000       0.000    
  207   80   0.000       0.000    
  207   81  1.0000E-05   99.00    
  207   82  2.8000E-04   14.51    
  207   83  1.3000E-04   51.02    
  207   84   0.000       0.000    
  207   85   0.000       0.000    
  207   86   0.000       0.000    
  206   76   0.000       0.000    
  206   77   0.000       0.000    
  206   78   0.000       0.000    
  206   79   0.000       0.000    
  206   80   0.000       0.000    
  206   81   0.000       0.000    
  206   82  5.5000E-04   15.21    
  206   83  5.0000E-05   54.77    
  206   84   0.000       0.000    
  206   85   0.000       0.000    
  206   86   0.000       0.000    
  205   76   0.000       0.000    
  205   77   0.000       0.000    
  205   78   0.000       0.000    
  205   79   0.000       0.000    
  205   80   0.000       0.000    
  205   81  4.0000E-05   61.24    
  205   82  9.0000E-05   36.85    
  205   83  2.8000E-04   19.23    
  205   84   0.000       0.000    
  205   85   0.000       0.000    
  205   86   0.000       0.000    
  204   76   0.000       0.000    
  204   77   0.000       0.000    
  204   78   0.000       0.000    
  204   79   0.000       0.000    
  204   80   0.000       0.000    
  204   81  1.0000E-05   99.00    
  204   82  2.6000E-04   23.86    
  204   83  3.5000E-04   11.95    
  204   84   0.000       0.000    
  204   85   0.000       0.000    
  204   86   0.000       0.000    
  203   76   0.000       0.000    
  203   77   0.000       0.000    
  203   78   0.000       0.000    
  203   79   0.000       0.000    
  203   80   0.000       0.000    
  203   81  1.0000E-05   99.00    
  203   82  2.1000E-04   23.08    
  203   83  4.4000E-04   8.351    
  203   84   0.000       0.000    
  203   85   0.000       0.000    
  203   86   0.000       0.000    
  202   76   0.000       0.000    
  202   77   0.000       0.000    
  202   78   0.000       0.000    
  202   79   0.000       0.000    
  202   80   0.000       0.000    
  202   81  1.0000E-05   99.00    
  202   82  1.5000E-04   14.91    
  202   83  1.4000E-04   17.50    
  202   84   0.000       0.000    
  202   85   0.000       0.000    
  202   86   0.000       0.000    
  201   76   0.000       0.000    
  201   77   0.000       0.000    
  201   78   0.000       0.000    
  201   79   0.000       0.000    
  201   80   0.000       0.000    
  201   81   0.000       0.000    
  201   82  1.3000E-04   31.25    
  201   83  1.2000E-04   10.21    
  201   84   0.000       0.000    
  201   85   0.000       0.000    
  201   86   0.000       0.000    
  200   76   0.000       0.000    
  200   77   0.000       0.000    
  200   78   0.000       0.000    
  200   79   0.000       0.000    
  200   80   0.000       0.000    
  200   81  1.0000E-05   99.00    
  200   82  3.0000E-05   66.67    
  200   83  1.0000E-05   99.00    
  200   84   0.000       0.000    
  200   85   0.000       0.000    
  200   86   0.000       0.000    
  199   76   0.000       0.000    
  199   77   0.000       0.000    
  199   78   0.000       0.000    
  199   79   0.000       0.000    
  199   80   0.000       0.000    
  199   81   0.000       0.000    
  199   82  1.0000E-05   99.00    
  199   83  6.0000E-05   31.18    
  199   84   0.000       0.000    
  199   85   0.000       0.000    
  199   86   0.000       0.000    
  198   76   0.000       0.000    
  198   77   0.000       0.000    
  198   78   0.000       0.000    
  198   79   0.000       0.000    
  198   80   0.000       0.000    
  198   81   0.000       0.000    
  198   82   0.000       0.000    
  198   83  1.0000E-05   99.00    
  198   84   0.000       0.000    
  198   85   0.000       0.000    
  198   86   0.000       0.000    
  197   76   0.000       0.000    
  197   77   0.000       0.000    
  197   78   0.000       0.000    
  197   79   0.000       0.000    
  197   80   0.000       0.000    
  197   81   0.000       0.000    
  197   82   0.000       0.000    
  197   83   0.000       0.000    
  197   84   0.000       0.000    
  197   85   0.000       0.000    
  197   86   0.000       0.000    
  196   76   0.000       0.000    
  196   77   0.000       0.000    
  196   78   0.000       0.000    
  196   79   0.000       0.000    
  196   80   0.000       0.000    
  196   81   0.000       0.000    
  196   82   0.000       0.000    
  196   83   0.000       0.000    
  196   84   0.000       0.000    
  196   85   0.000       0.000    
  196   86   0.000       0.000    
  195   76   0.000       0.000    
  195   77   0.000       0.000    
  195   78   0.000       0.000    
  195   79   0.000       0.000    
  195   80   0.000       0.000    
  195   81  1.0000E-05   99.00    
  195   82   0.000       0.000    
  195   83   0.000       0.000    
  195   84   0.000       0.000    
  195   85   0.000       0.000    
  195   86   0.000       0.000    
  116   43   0.000       0.000    
  116   44   0.000       0.000    
  116   45   0.000       0.000    
  116   46   0.000       0.000    
  116   47  1.0000E-05   99.00    
  116   48   0.000       0.000    
  116   49   0.000       0.000    
  116   50   0.000       0.000    
  116   51   0.000       0.000    
  116   52   0.000       0.000    
  116   53   0.000       0.000    
  115   43   0.000       0.000    
  115   44   0.000       0.000    
  115   45   0.000       0.000    
  115   46   0.000       0.000    
  115   47   0.000       0.000    
  115   48   0.000       0.000    
  115   49   0.000       0.000    
  115   50   0.000       0.000    
  115   51   0.000       0.000    
  115   52   0.000       0.000    
  115   53   0.000       0.000    
  114   43   0.000       0.000    
  114   44   0.000       0.000    
  114   45   0.000       0.000    
  114   46   0.000       0.000    
  114   47  2.0000E-05   61.24    
  114   48   0.000       0.000    
  114   49   0.000       0.000    
  114   50   0.000       0.000    
  114   51   0.000       0.000    
  114   52   0.000       0.000    
  114   53   0.000       0.000    
  113   43   0.000       0.000    
  113   44   0.000       0.000    
  113   45   0.000       0.000    
  113   46   0.000       0.000    
  113   47   0.000       0.000    
  113   48   0.000       0.000    
  113   49   0.000       0.000    
  113   50   0.000       0.000    
  113   51   0.000       0.000    
  113   52   0.000       0.000    
  113   53   0.000       0.000    
  112   43   0.000       0.000    
  112   44   0.000       0.000    
  112   45   0.000       0.000    
  112   46   0.000       0.000    
  112   47   0.000       0.000    
  112   48   0.000       0.000    
  112   49   0.000       0.000    
  112   50   0.000       0.000    
  112   51   0.000       0.000    
  112   52   0.000       0.000    
  112   53   0.000       0.000    
  111   43   0.000       0.000    
  111   44   0.000       0.000    
  111   45  1.0000E-05   99.00    
  111   46   0.000       0.000    
  111   47   0.000       0.000    
  111   48   0.000       0.000    
  111   49   0.000       0.000    
  111   50   0.000       0.000    
  111   51   0.000       0.000    
  111   52   0.000       0.000    
  111   53   0.000       0.000    
  110   43   0.000       0.000    
  110   44   0.000       0.000    
  110   45   0.000       0.000    
  110   46   0.000       0.000    
  110   47   0.000       0.000    
  110   48   0.000       0.000    
  110   49   0.000       0.000    
  110   50   0.000       0.000    
  110   51   0.000       0.000    
  110   52   0.000       0.000    
  110   53   0.000       0.000    
  109   43   0.000       0.000    
  109   44   0.000       0.000    
  109   45   0.000       0.000    
  109   46   0.000       0.000    
  109   47   0.000       0.000    
  109   48   0.000       0.000    
  109   49   0.000       0.000    
  109   50   0.000       0.000    
  109   51   0.000       0.000    
  109   52   0.000       0.000    
  109   53   0.000       0.000    
  108   43   0.000       0.000    
  108   44   0.000       0.000    
  108   45   0.000       0.000    
  108   46   0.000       0.000    
  108   47   0.000       0.000    
  108   48   0.000       0.000    
  108   49   0.000       0.000    
  108   50   0.000       0.000    
  108   51   0.000       0.000    
  108   52   0.000       0.000    
  108   53   0.000       0.000    
  107   43   0.000       0.000    
  107   44   0.000       0.000    
  107   45   0.000       0.000    
  107   46   0.000       0.000    
  107   47   0.000       0.000    
  107   48   0.000       0.000    
  107   49   0.000       0.000    
  107   50   0.000       0.000    
  107   51   0.000       0.000    
  107   52   0.000       0.000    
  107   53   0.000       0.000    
  106   43   0.000       0.000    
  106   44   0.000       0.000    
  106   45   0.000       0.000    
  106   46   0.000       0.000    
  106   47   0.000       0.000    
  106   48   0.000       0.000    
  106   49   0.000       0.000    
  106   50   0.000       0.000    
  106   51   0.000       0.000    
  106   52   0.000       0.000    
  106   53   0.000       0.000    
  105   43   0.000       0.000    
  105   44   0.000       0.000    
  105   45   0.000       0.000    
  105   46   0.000       0.000    
  105   47   0.000       0.000    
  105   48   0.000       0.000    
  105   49   0.000       0.000    
  105   50   0.000       0.000    
  105   51   0.000       0.000    
  105   52   0.000       0.000    
  105   53   0.000       0.000    
  104   43   0.000       0.000    
  104   44   0.000       0.000    
  104   45   0.000       0.000    
  104   46   0.000       0.000    
  104   47   0.000       0.000    
  104   48   0.000       0.000    
  104   49   0.000       0.000    
  104   50   0.000       0.000    
  104   51   0.000       0.000    
  104   52   0.000       0.000    
  104   53   0.000       0.000    
  103   43   0.000       0.000    
  103   44   0.000       0.000    
  103   45   0.000       0.000    
  103   46   0.000       0.000    
  103   47   0.000       0.000    
  103   48   0.000       0.000    
  103   49   0.000       0.000    
  103   50   0.000       0.000    
  103   51   0.000       0.000    
  103   52   0.000       0.000    
  103   53   0.000       0.000    
  102   43  1.0000E-05   99.00    
  102   44   0.000       0.000    
  102   45   0.000       0.000    
  102   46   0.000       0.000    
  102   47   0.000       0.000    
  102   48   0.000       0.000    
  102   49   0.000       0.000    
  102   50   0.000       0.000    
  102   51   0.000       0.000    
  102   52   0.000       0.000    
  102   53   0.000       0.000    
   95   32   0.000       0.000    
   95   33   0.000       0.000    
   95   34   0.000       0.000    
   95   35   0.000       0.000    
   95   36   0.000       0.000    
   95   37   0.000       0.000    
   95   38   0.000       0.000    
   95   39   0.000       0.000    
   95   40  1.0000E-05   99.00    
   95   41   0.000       0.000    
   95   42   0.000       0.000    
   94   32   0.000       0.000    
   94   33   0.000       0.000    
   94   34   0.000       0.000    
   94   35   0.000       0.000    
   94   36   0.000       0.000    
   94   37   0.000       0.000    
   94   38   0.000       0.000    
   94   39   0.000       0.000    
   94   40   0.000       0.000    
   94   41   0.000       0.000    
   94   42   0.000       0.000    
   93   32   0.000       0.000    
   93   33   0.000       0.000    
   93   34   0.000       0.000    
   93   35   0.000       0.000    
   93   36   0.000       0.000    
   93   37   0.000       0.000    
   93   38   0.000       0.000    
   93   39   0.000       0.000    
   93   40   0.000       0.000    
   93   41   0.000       0.000    
   93   42   0.000       0.000    
   92   32   0.000       0.000    
   92   33   0.000       0.000    
   92   34   0.000       0.000    
   92   35   0.000       0.000    
   92   36   0.000       0.000    
   92   37   0.000       0.000    
   92   38   0.000       0.000    
   92   39   0.000       0.000    
   92   40   0.000       0.000    
   92   41   0.000       0.000    
   92   42   0.000       0.000    
   91   32   0.000       0.000    
   91   33   0.000       0.000    
   91   34   0.000       0.000    
   91   35   0.000       0.000    
   91   36   0.000       0.000    
   91   37   0.000       0.000    
   91   38   0.000       0.000    
   91   39   0.000       0.000    
   91   40   0.000       0.000    
   91   41   0.000       0.000    
   91   42   0.000       0.000    
   90   32   0.000       0.000    
   90   33   0.000       0.000    
   90   34   0.000       0.000    
   90   35   0.000       0.000    
   90   36   0.000       0.000    
   90   37   0.000       0.000    
   90   38  1.0000E-05   99.00    
   90   39   0.000       0.000    
   90   40   0.000       0.000    
   90   41   0.000       0.000    
   90   42   0.000       0.000    
   89   32   0.000       0.000    
   89   33   0.000       0.000    
   89   34   0.000       0.000    
   89   35   0.000       0.000    
   89   36   0.000       0.000    
   89   37   0.000       0.000    
   89   38   0.000       0.000    
   89   39   0.000       0.000    
   89   40   0.000       0.000    
   89   41   0.000       0.000    
   89   42   0.000       0.000    
   88   32   0.000       0.000    
   88   33   0.000       0.000    
   88   34   0.000       0.000    
   88   35   0.000       0.000    
   88   36   0.000       0.000    
   88   37   0.000       0.000    
   88   38   0.000       0.000    
   88   39   0.000       0.000    
   88   40   0.000       0.000    
   88   41   0.000       0.000    
   88   42   0.000       0.000    
   87   32   0.000       0.000    
   87   33   0.000       0.000    
   87   34   0.000       0.000    
   87   35   0.000       0.000    
   87   36  1.0000E-05   99.00    
   87   37   0.000       0.000    
   87   38   0.000       0.000    
   87   39   0.000       0.000    
   87   40   0.000       0.000    
   87   41   0.000       0.000    
   87   42   0.000       0.000    
   86   32   0.000       0.000    
   86   33   0.000       0.000    
   86   34   0.000       0.000    
   86   35   0.000       0.000    
   86   36  1.0000E-05   99.00    
   86   37   0.000       0.000    
   86   38   0.000       0.000    
   86   39   0.000       0.000    
   86   40   0.000       0.000    
   86   41   0.000       0.000    
   86   42   0.000       0.000    
   85   32   0.000       0.000    
   85   33   0.000       0.000    
   85   34   0.000       0.000    
   85   35   0.000       0.000    
   85   36   0.000       0.000    
   85   37   0.000       0.000    
   85   38   0.000       0.000    
   85   39   0.000       0.000    
   85   40   0.000       0.000    
   85   41   0.000       0.000    
   85   42   0.000       0.000    
   84   32   0.000       0.000    
   84   33   0.000       0.000    
   84   34   0.000       0.000    
   84   35   0.000       0.000    
   84   36   0.000       0.000    
   84   37   0.000       0.000    
   84   38   0.000       0.000    
   84   39   0.000       0.000    
   84   40   0.000       0.000    
   84   41   0.000       0.000    
   84   42   0.000       0.000    
   83   32   0.000       0.000    
   83   33   0.000       0.000    
   83   34   0.000       0.000    
   83   35   0.000       0.000    
   83   36   0.000       0.000    
   83   37   0.000       0.000    
   83   38   0.000       0.000    
   83   39   0.000       0.000    
   83   40   0.000       0.000    
   83   41   0.000       0.000    
   83   42   0.000       0.000    
   82   32   0.000       0.000    
   82   33   0.000       0.000    
   82   34   0.000       0.000    
   82   35   0.000       0.000    
   82   36  1.0000E-05   99.00    
   82   37   0.000       0.000    
   82   38   0.000       0.000    
   82   39   0.000       0.000    
   82   40   0.000       0.000    
   82   41   0.000       0.000    
   82   42   0.000       0.000    
   70   21   0.000       0.000    
   70   22   0.000       0.000    
   70   23   0.000       0.000    
   70   24   0.000       0.000    
   70   25   0.000       0.000    
   70   26   0.000       0.000    
   70   27   0.000       0.000    
   70   28   0.000       0.000    
   70   29   0.000       0.000    
   70   30  8.0000E-05   57.96    
   70   31  1.0000E-05   99.00    
   69   21   0.000       0.000    
   69   22   0.000       0.000    
   69   23   0.000       0.000    
   69   24   0.000       0.000    
   69   25   0.000       0.000    
   69   26   0.000       0.000    
   69   27   0.000       0.000    
   69   28   0.000       0.000    
   69   29  1.0000E-05   99.00    
   69   30  9.0000E-05   36.85    
   69   31   0.000       0.000    
   68   21   0.000       0.000    
   68   22   0.000       0.000    
   68   23   0.000       0.000    
   68   24   0.000       0.000    
   68   25   0.000       0.000    
   68   26   0.000       0.000    
   68   27   0.000       0.000    
   68   28   0.000       0.000    
   68   29   0.000       0.000    
   68   30  1.5900E-03   11.87    
   68   31  2.5000E-04   18.97    
   67   21   0.000       0.000    
   67   22   0.000       0.000    
   67   23   0.000       0.000    
   67   24   0.000       0.000    
   67   25   0.000       0.000    
   67   26   0.000       0.000    
   67   27   0.000       0.000    
   67   28   0.000       0.000    
   67   29  6.0000E-05   40.82    
   67   30  1.1200E-03   9.322    
   67   31  4.5000E-04   15.71    
   66   21   0.000       0.000    
   66   22   0.000       0.000    
   66   23   0.000       0.000    
   66   24   0.000       0.000    
   66   25   0.000       0.000    
   66   26   0.000       0.000    
   66   27   0.000       0.000    
   66   28   0.000       0.000    
   66   29  2.9000E-04   17.58    
   66   30  3.8200E-03   4.820    
   66   31  4.7000E-04   13.71    
   65   21   0.000       0.000    
   65   22   0.000       0.000    
   65   23   0.000       0.000    
   65   24   0.000       0.000    
   65   25   0.000       0.000    
   65   26   0.000       0.000    
   65   27   0.000       0.000    
   65   28  1.0000E-05   99.00    
   65   29  4.2600E-03   4.366    
   65   30  1.7700E-03   5.100    
   65   31  2.3000E-04   18.95    
   64   21   0.000       0.000    
   64   22   0.000       0.000    
   64   23   0.000       0.000    
   64   24   0.000       0.000    
   64   25   0.000       0.000    
   64   26   0.000       0.000    
   64   27   0.000       0.000    
   64   28  2.3000E-04   16.27    
   64   29  3.2500E-03   6.653    
   64   30  7.4800E-03   5.449    
   64   31  9.0000E-05   11.11    
   63   21   0.000       0.000    
   63   22   0.000       0.000    
   63   23   0.000       0.000    
   63   24   0.000       0.000    
   63   25   0.000       0.000    
   63   26   0.000       0.000    
   63   27  1.0000E-05   99.00    
   63   28  3.6000E-04   22.14    
   63   29  1.3970E-02   3.366    
   63   30  2.6800E-03   8.145    
   63   31  8.0000E-05   25.00    
   62   21   0.000       0.000    
   62   22   0.000       0.000    
   62   23   0.000       0.000    
   62   24   0.000       0.000    
   62   25   0.000       0.000    
   62   26   0.000       0.000    
   62   27   0.000       0.000    
   62   28  2.9200E-03   5.458    
   62   29  7.7000E-03   3.592    
   62   30  1.0400E-03   3.533    
   62   31   0.000       0.000    
   61   21   0.000       0.000    
   61   22   0.000       0.000    
   61   23   0.000       0.000    
   61   24   0.000       0.000    
   61   25   0.000       0.000    
   61   26   0.000       0.000    
   61   27  1.0000E-05   99.00    
   61   28  3.5800E-03   5.769    
   61   29  4.0300E-03   3.651    
   61   30  2.0000E-05   61.24    
   61   31   0.000       0.000    
   60   21   0.000       0.000    
   60   22   0.000       0.000    
   60   23   0.000       0.000    
   60   24   0.000       0.000    
   60   25   0.000       0.000    
   60   26  1.0000E-05   99.00    
   60   27  8.0000E-05   15.31    
   60   28  6.8200E-03   2.670    
   60   29  6.3000E-04   9.255    
   60   30   0.000       0.000    
   60   31   0.000       0.000    
   59   21   0.000       0.000    
   59   22   0.000       0.000    
   59   23   0.000       0.000    
   59   24   0.000       0.000    
   59   25   0.000       0.000    
   59   26  1.0000E-05   99.00    
   59   27  1.3700E-03   4.097    
   59   28  3.6400E-03   7.603    
   59   29  1.0000E-04   27.39    
   59   30   0.000       0.000    
   59   31   0.000       0.000    
   58   21   0.000       0.000    
   58   22   0.000       0.000    
   58   23   0.000       0.000    
   58   24   0.000       0.000    
   58   25   0.000       0.000    
   58   26  2.1000E-04   17.50    
   58   27  7.6000E-04   12.20    
   58   28  1.4900E-03   5.946    
   58   29   0.000       0.000    
   58   30   0.000       0.000    
   58   31   0.000       0.000    
   57   21   0.000       0.000    
   57   22   0.000       0.000    
   57   23   0.000       0.000    
   57   24   0.000       0.000    
   57   25  1.0000E-05   99.00    
   57   26  4.3000E-04   11.97    
   57   27  1.9500E-03   6.487    
   57   28  9.0000E-05   47.79    
   57   29   0.000       0.000    
   57   30   0.000       0.000    
   57   31   0.000       0.000    
   56   21   0.000       0.000    
   56   22   0.000       0.000    
   56   23   0.000       0.000    
   56   24   0.000       0.000    
   56   25  2.0000E-05   61.24    
   56   26  8.5000E-04   10.36    
   56   27  5.6000E-04   16.56    
   56   28   0.000       0.000    
   56   29   0.000       0.000    
   56   30   0.000       0.000    
   56   31   0.000       0.000    
   55   21   0.000       0.000    
   55   22   0.000       0.000    
   55   23   0.000       0.000    
   55   24   0.000       0.000    
   55   25  1.1000E-04   46.35    
   55   26  5.1000E-04   7.843    
   55   27  2.0000E-05   61.24    
   55   28   0.000       0.000    
   55   29   0.000       0.000    
   55   30   0.000       0.000    
   55   31   0.000       0.000    
   54   21   0.000       0.000    
   54   22   0.000       0.000    
   54   23   0.000       0.000    
   54   24   0.000       0.000    
   54   25  1.8000E-04   11.11    
   54   26  1.8000E-04   34.69    
   54   27   0.000       0.000    
   54   28   0.000       0.000    
   54   29   0.000       0.000    
   54   30   0.000       0.000    
   54   31   0.000       0.000    
   53   21   0.000       0.000    
   53   22   0.000       0.000    
   53   23   0.000       0.000    
   53   24  1.0000E-05   99.00    
   53   25  1.8000E-04   24.22    
   53   26  3.0000E-05   66.67    
   53   27   0.000       0.000    
   53   28   0.000       0.000    
   53   29   0.000       0.000    
   53   30   0.000       0.000    
   53   31   0.000       0.000    
   52   21   0.000       0.000    
   52   22   0.000       0.000    
   52   23   0.000       0.000    
   52   24  1.1000E-04   26.50    
   52   25  1.0000E-05   99.00    
   52   26   0.000       0.000    
   52   27   0.000       0.000    
   52   28   0.000       0.000    
   52   29   0.000       0.000    
   52   30   0.000       0.000    
   52   31   0.000       0.000    
   51   21   0.000       0.000    
   51   22   0.000       0.000    
   51   23   0.000       0.000    
   51   24  2.0000E-05   61.24    
   51   25   0.000       0.000    
   51   26   0.000       0.000    
   51   27   0.000       0.000    
   51   28   0.000       0.000    
   51   29   0.000       0.000    
   51   30   0.000       0.000    
   51   31   0.000       0.000    
   50   21   0.000       0.000    
   50   22   0.000       0.000    
   50   23  2.0000E-05   61.24    
   50   24   0.000       0.000    
   50   25   0.000       0.000    
   50   26   0.000       0.000    
   50   27   0.000       0.000    
   50   28   0.000       0.000    
   50   29   0.000       0.000    
   50   30   0.000       0.000    
   50   31   0.000       0.000    
   40   10   0.000       0.000    
   40   11   0.000       0.000    
   40   12   0.000       0.000    
   40   13   0.000       0.000    
   40   14   0.000       0.000    
   40   15   0.000       0.000    
   40   16   0.000       0.000    
   40   17   0.000       0.000    
   40   18  1.6000E-04   30.30    
   40   19   0.000       0.000    
   40   20   0.000       0.000    
   18    1   0.000       0.000    
   18    2   0.000       0.000    
   18    3   0.000       0.000    
   18    4   0.000       0.000    
   18    5   0.000       0.000    
   18    6   0.000       0.000    
   18    7   0.000       0.000    
   18    8  2.0000E-05   61.24    
   18    9   0.000       0.000    
   17    1   0.000       0.000    
   17    2   0.000       0.000    
   17    3   0.000       0.000    
   17    4   0.000       0.000    
   17    5   0.000       0.000    
   17    6   0.000       0.000    
   17    7   0.000       0.000    
   17    8  4.0000E-05   25.00    
   17    9   0.000       0.000    
   16    1   0.000       0.000    
   16    2   0.000       0.000    
   16    3   0.000       0.000    
   16    4   0.000       0.000    
   16    5   0.000       0.000    
   16    6   0.000       0.000    
   16    7  9.0000E-05   20.79    
   16    8  7.9200E-03   2.192    
   16    9   0.000       0.000    
   15    1   0.000       0.000    
   15    2   0.000       0.000    
   15    3   0.000       0.000    
   15    4   0.000       0.000    
   15    5   0.000       0.000    
   15    6  1.0000E-05   99.00    
   15    7  3.8100E-03   8.885    
   15    8  5.2500E-03   5.242    
   15    9   0.000       0.000    
   14    1   0.000       0.000    
   14    2   0.000       0.000    
   14    3   0.000       0.000    
   14    4   0.000       0.000    
   14    5   0.000       0.000    
   14    6  6.3600E-03   5.421    
   14    7  3.6200E-03   4.467    
   14    8  1.5000E-04   21.08    
   14    9   0.000       0.000    
   13    1   0.000       0.000    
   13    2   0.000       0.000    
   13    3   0.000       0.000    
   13    4   0.000       0.000    
   13    5   0.000       0.000    
   13    6  2.6500E-03   8.667    
   13    7  3.9000E-04   14.84    
   13    8  1.0000E-05   99.00    
   13    9   0.000       0.000    
   12    1   0.000       0.000    
   12    2   0.000       0.000    
   12    3   0.000       0.000    
   12    4   0.000       0.000    
   12    5  4.0000E-05   46.77    
   12    6  8.9400E-03   4.790    
   12    7  3.0000E-05   66.67    
   12    8   0.000       0.000    
   12    9   0.000       0.000    
   11    1   0.000       0.000    
   11    2   0.000       0.000    
   11    3   0.000       0.000    
   11    4   0.000       0.000    
   11    5  3.6500E-03   2.970    
   11    6  1.8600E-03   3.646    
   11    7   0.000       0.000    
   11    8   0.000       0.000    
   11    9   0.000       0.000    
   10    1   0.000       0.000    
   10    2   0.000       0.000    
   10    3   0.000       0.000    
   10    4  1.3000E-04   31.25    
   10    5  1.0400E-03   7.195    
   10    6  1.3000E-04   37.68    
   10    7   0.000       0.000    
   10    8   0.000       0.000    
   10    9   0.000       0.000    
    9    1   0.000       0.000    
    9    2   0.000       0.000    
    9    3   0.000       0.000    
    9    4  2.9000E-04   6.451    
    9    5   0.000       0.000    
    9    6   0.000       0.000    
    9    7   0.000       0.000    
    9    8   0.000       0.000    
    9    9   0.000       0.000    
    8    1   0.000       0.000    
    8    2   0.000       0.000    
    8    3  4.0000E-05   46.77    
    8    4   0.000       0.000    
    8    5  4.0000E-05   25.00    
    8    6   0.000       0.000    
    8    7   0.000       0.000    
    8    8   0.000       0.000    
    8    9   0.000       0.000    
    7    1   0.000       0.000    
    7    2   0.000       0.000    
    7    3  3.9000E-04   11.75    
    7    4  4.6000E-04   7.210    
    7    5   0.000       0.000    
    7    6   0.000       0.000    
    7    7   0.000       0.000    
    7    8   0.000       0.000    
    7    9   0.000       0.000    
    6    1   0.000       0.000    
    6    2  1.0000E-05   99.00    
    6    3  1.7000E-03   4.054    
    6    4   0.000       0.000    
    6    5   0.000       0.000    
    6    6   0.000       0.000    
    6    7   0.000       0.000    
    6    8   0.000       0.000    
    6    9   0.000       0.000    
    5    1   0.000       0.000    
    5    2   0.000       0.000    
    5    3   0.000       0.000    
    5    4   0.000       0.000    
    5    5   0.000       0.000    
    5    6   0.000       0.000    
    5    7   0.000       0.000    
    5    8   0.000       0.000    
    5    9   0.000       0.000    
    4    1   0.000       0.000    
    4    2  4.9580E-02   1.277    
    4    3   0.000       0.000    
    4    4   0.000       0.000    
    4    5   0.000       0.000    
    4    6   0.000       0.000    
    4    7   0.000       0.000    
    4    8   0.000       0.000    
    4    9   0.000       0.000    
    3    1  1.6900E-03   8.493    
    3    2  1.8200E-03   14.86    
    3    3   0.000       0.000    
    3    4   0.000       0.000    
    3    5   0.000       0.000    
    3    6   0.000       0.000    
    3    7   0.000       0.000    
    3    8   0.000       0.000    
    3    9   0.000       0.000    
    2    1  3.4250E-02   2.391    
    2    2   0.000       0.000    
    2    3   0.000       0.000    
    2    4   0.000       0.000    
    2    5   0.000       0.000    
    2    6   0.000       0.000    
    2    7   0.000       0.000    
    2    8   0.000       0.000    
    2    9   0.000       0.000    
    1    1   4.694       1.729    
    1    2   0.000       0.000    
    1    3   0.000       0.000    
    1    4   0.000       0.000    
    1    5   0.000       0.000    
    1    6   0.000       0.000    
    1    7   0.000       0.000    
    1    8   0.000       0.000    
    1    9   0.000       0.000    
# A/Z/m Isomers:
   52   25    1  2.0000E-05   61.24    
   58   27    1  3.3000E-04   12.31    
   58   27    2  4.9000E-04   18.37    
   60   27    1  1.2000E-04   10.21    
   61   30    1  1.0000E-05   99.00    
   61   30    2  4.0000E-05   25.00    
   61   30    3  4.0000E-05   72.89    
   63   28    1  1.2000E-04   21.25    
   64   31    1  1.8000E-04   22.57    
   65   30    1  7.2000E-04   6.054    
   67   30    1  1.8000E-04   22.57    
   69   30    1  2.0000E-05   61.24    
  195   81    1  1.0000E-05   99.00    
  198   83    2  1.0000E-05   99.00    
  199   81    1  1.0000E-05   99.00    
  199   82    1  1.0000E-05   99.00    
  199   83    1  2.0000E-05   61.24    
  200   83    1  1.3000E-04   44.85    
  200   83    2  1.0000E-05   99.00    
  201   83    1  1.5000E-04   23.57    
  202   83    1  1.3000E-04   33.53    
  204   82    1  2.0000E-05   61.24    
  205   82    1  1.0000E-04   27.39    
  205   82    2  6.0000E-05   99.00    
  206   82    1  1.0000E-05   99.00    
  206   83    1  1.6000E-04   18.22    
  206   83    2  1.0000E-05   99.00    
  207   82    1  1.2000E-04   10.21    
